03-Jun-2020 09:03:52.832 INFO [main] org.apache.catalina.startup.VersionLoggerListener.log Server version name:   Apache Tomcat/9.0.34
03-Jun-2020 09:03:52.848 INFO [main] org.apache.catalina.startup.VersionLoggerListener.log Server built:          Apr 3 2020 12:02:52 UTC
03-Jun-2020 09:03:52.848 INFO [main] org.apache.catalina.startup.VersionLoggerListener.log Server version number: 9.0.34.0
03-Jun-2020 09:03:52.848 INFO [main] org.apache.catalina.startup.VersionLoggerListener.log OS Name:               Windows 10
03-Jun-2020 09:03:52.848 INFO [main] org.apache.catalina.startup.VersionLoggerListener.log OS Version:            10.0
03-Jun-2020 09:03:52.848 INFO [main] org.apache.catalina.startup.VersionLoggerListener.log Architecture:          amd64
03-Jun-2020 09:03:52.848 INFO [main] org.apache.catalina.startup.VersionLoggerListener.log Java Home:             C:\Program Files\Java\jdk-11.0.2
03-Jun-2020 09:03:52.848 INFO [main] org.apache.catalina.startup.VersionLoggerListener.log JVM Version:           11.0.2+9-LTS
03-Jun-2020 09:03:52.848 INFO [main] org.apache.catalina.startup.VersionLoggerListener.log JVM Vendor:            Oracle Corporation
03-Jun-2020 09:03:52.848 INFO [main] org.apache.catalina.startup.VersionLoggerListener.log CATALINA_BASE:         C:\Users\Declan\Documents\GitHub\SENG2050-Assignment-3\apache-tomcat-9.0.34\apache-tomcat-9.0.34
03-Jun-2020 09:03:52.848 INFO [main] org.apache.catalina.startup.VersionLoggerListener.log CATALINA_HOME:         C:\Users\Declan\Documents\GitHub\SENG2050-Assignment-3\apache-tomcat-9.0.34\apache-tomcat-9.0.34
03-Jun-2020 09:03:52.848 INFO [main] org.apache.catalina.startup.VersionLoggerListener.log Command line argument: --add-opens=java.base/java.lang=ALL-UNNAMED
03-Jun-2020 09:03:52.848 INFO [main] org.apache.catalina.startup.VersionLoggerListener.log Command line argument: --add-opens=java.base/java.io=ALL-UNNAMED
03-Jun-2020 09:03:52.848 INFO [main] org.apache.catalina.startup.VersionLoggerListener.log Command line argument: --add-opens=java.rmi/sun.rmi.transport=ALL-UNNAMED
03-Jun-2020 09:03:52.848 INFO [main] org.apache.catalina.startup.VersionLoggerListener.log Command line argument: -Djava.util.logging.config.file=C:\Users\Declan\Documents\GitHub\SENG2050-Assignment-3\apache-tomcat-9.0.34\apache-tomcat-9.0.34\conf\logging.properties
03-Jun-2020 09:03:52.863 INFO [main] org.apache.catalina.startup.VersionLoggerListener.log Command line argument: -Djava.util.logging.manager=org.apache.juli.ClassLoaderLogManager
03-Jun-2020 09:03:52.863 INFO [main] org.apache.catalina.startup.VersionLoggerListener.log Command line argument: -Djdk.tls.ephemeralDHKeySize=2048
03-Jun-2020 09:03:52.863 INFO [main] org.apache.catalina.startup.VersionLoggerListener.log Command line argument: -Djava.protocol.handler.pkgs=org.apache.catalina.webresources
03-Jun-2020 09:03:52.863 INFO [main] org.apache.catalina.startup.VersionLoggerListener.log Command line argument: -Dignore.endorsed.dirs=
03-Jun-2020 09:03:52.863 INFO [main] org.apache.catalina.startup.VersionLoggerListener.log Command line argument: -Dcatalina.base=C:\Users\Declan\Documents\GitHub\SENG2050-Assignment-3\apache-tomcat-9.0.34\apache-tomcat-9.0.34
03-Jun-2020 09:03:52.863 INFO [main] org.apache.catalina.startup.VersionLoggerListener.log Command line argument: -Dcatalina.home=C:\Users\Declan\Documents\GitHub\SENG2050-Assignment-3\apache-tomcat-9.0.34\apache-tomcat-9.0.34
03-Jun-2020 09:03:52.863 INFO [main] org.apache.catalina.startup.VersionLoggerListener.log Command line argument: -Djava.io.tmpdir=C:\Users\Declan\Documents\GitHub\SENG2050-Assignment-3\apache-tomcat-9.0.34\apache-tomcat-9.0.34\temp
03-Jun-2020 09:03:52.863 INFO [main] org.apache.catalina.core.AprLifecycleListener.lifecycleEvent The APR based Apache Tomcat Native library which allows optimal performance in production environments was not found on the java.library.path: [C:\Program Files\Java\jdk-11.0.2\bin;C:\WINDOWS\Sun\Java\bin;C:\WINDOWS\system32;C:\WINDOWS;C:\cygwin64\bin;C:\WINDOWS;C:\WINDOWS\System32\Wbem;C:\WINDOWS\System32\WindowsPowerShell\v1.0\;C:\WINDOWS\System32\OpenSSH\;C:\Program Files\Java\jdk-11.0.2\bin;;C:\WINDOWS\system32;C:\Program Files (x86)\Microsoft SQL Server\140\Tools\Binn\;C:\Program Files\Microsoft SQL Server\140\Tools\Binn\;C:\Program Files (x86)\Microsoft SQL Server\140\DTS\Binn\;C:\Program Files\Microsoft SQL Server\140\DTS\Binn\;C:\Program Files\Microsoft SQL Server\Client SDK\ODBC\130\Tools\Binn\;C:\Program Files (x86)\Microsoft SQL Server\150\DTS\Binn\;C:\Program Files\MySQL\MySQL Shell 8.0\bin\;C:\Users\Declan\AppData\Local\Microsoft\WindowsApps;C:\Users\Declan\AppData\Local\GitHubDesktop\bin;.]
03-Jun-2020 09:03:53.148 INFO [main] org.apache.coyote.AbstractProtocol.init Initializing ProtocolHandler ["http-nio-8080"]
03-Jun-2020 09:03:53.388 INFO [main] org.apache.catalina.startup.Catalina.load Server initialization in [752] milliseconds
03-Jun-2020 09:03:53.466 INFO [main] org.apache.catalina.core.StandardService.startInternal Starting service [Catalina]
03-Jun-2020 09:03:53.466 INFO [main] org.apache.catalina.core.StandardEngine.startInternal Starting Servlet engine: [Apache Tomcat/9.0.34]
03-Jun-2020 09:03:53.488 INFO [main] org.apache.catalina.startup.HostConfig.deployDirectory Deploying web application directory [C:\Users\Declan\Documents\GitHub\SENG2050-Assignment-3\apache-tomcat-9.0.34\apache-tomcat-9.0.34\webapps\Assignment3]
03-Jun-2020 09:03:54.723 WARNING [main] org.apache.tomcat.dbcp.dbcp2.BasicDataSourceFactory.getObjectInstance Name = MyConnection Property maxActive is not used in DBCP2, use maxTotal instead. maxTotal default value is 8. You have set value of "10" for "maxActive" property, which is being ignored.
03-Jun-2020 09:03:54.870 INFO [main] org.apache.jasper.servlet.TldScanner.scanJars At least one JAR was scanned for TLDs yet contained no TLDs. Enable debug logging for this logger for a complete list of JARs that were scanned but no TLDs were found in them. Skipping unneeded JARs during scanning can improve startup time and JSP compilation time.
03-Jun-2020 09:03:55.093 WARNING [main] org.apache.catalina.util.SessionIdGeneratorBase.createSecureRandom Creation of SecureRandom instance for session ID generation using [SHA1PRNG] took [170] milliseconds.
03-Jun-2020 09:03:55.155 INFO [main] org.apache.catalina.startup.HostConfig.deployDirectory Deployment of web application directory [C:\Users\Declan\Documents\GitHub\SENG2050-Assignment-3\apache-tomcat-9.0.34\apache-tomcat-9.0.34\webapps\Assignment3] has finished in [1,667] ms
03-Jun-2020 09:03:55.155 INFO [main] org.apache.catalina.startup.HostConfig.deployDirectory Deploying web application directory [C:\Users\Declan\Documents\GitHub\SENG2050-Assignment-3\apache-tomcat-9.0.34\apache-tomcat-9.0.34\webapps\docs]
03-Jun-2020 09:03:55.208 INFO [main] org.apache.catalina.startup.HostConfig.deployDirectory Deployment of web application directory [C:\Users\Declan\Documents\GitHub\SENG2050-Assignment-3\apache-tomcat-9.0.34\apache-tomcat-9.0.34\webapps\docs] has finished in [53] ms
03-Jun-2020 09:03:55.208 INFO [main] org.apache.catalina.startup.HostConfig.deployDirectory Deploying web application directory [C:\Users\Declan\Documents\GitHub\SENG2050-Assignment-3\apache-tomcat-9.0.34\apache-tomcat-9.0.34\webapps\examples]
03-Jun-2020 09:03:55.710 INFO [main] org.apache.catalina.startup.HostConfig.deployDirectory Deployment of web application directory [C:\Users\Declan\Documents\GitHub\SENG2050-Assignment-3\apache-tomcat-9.0.34\apache-tomcat-9.0.34\webapps\examples] has finished in [502] ms
03-Jun-2020 09:03:55.710 INFO [main] org.apache.catalina.startup.HostConfig.deployDirectory Deploying web application directory [C:\Users\Declan\Documents\GitHub\SENG2050-Assignment-3\apache-tomcat-9.0.34\apache-tomcat-9.0.34\webapps\host-manager]
03-Jun-2020 09:03:55.788 INFO [main] org.apache.catalina.startup.HostConfig.deployDirectory Deployment of web application directory [C:\Users\Declan\Documents\GitHub\SENG2050-Assignment-3\apache-tomcat-9.0.34\apache-tomcat-9.0.34\webapps\host-manager] has finished in [78] ms
03-Jun-2020 09:03:55.788 INFO [main] org.apache.catalina.startup.HostConfig.deployDirectory Deploying web application directory [C:\Users\Declan\Documents\GitHub\SENG2050-Assignment-3\apache-tomcat-9.0.34\apache-tomcat-9.0.34\webapps\manager]
03-Jun-2020 09:03:55.847 INFO [main] org.apache.catalina.startup.HostConfig.deployDirectory Deployment of web application directory [C:\Users\Declan\Documents\GitHub\SENG2050-Assignment-3\apache-tomcat-9.0.34\apache-tomcat-9.0.34\webapps\manager] has finished in [59] ms
03-Jun-2020 09:03:55.847 INFO [main] org.apache.catalina.startup.HostConfig.deployDirectory Deploying web application directory [C:\Users\Declan\Documents\GitHub\SENG2050-Assignment-3\apache-tomcat-9.0.34\apache-tomcat-9.0.34\webapps\ROOT]
03-Jun-2020 09:03:55.910 INFO [main] org.apache.catalina.startup.HostConfig.deployDirectory Deployment of web application directory [C:\Users\Declan\Documents\GitHub\SENG2050-Assignment-3\apache-tomcat-9.0.34\apache-tomcat-9.0.34\webapps\ROOT] has finished in [63] ms
03-Jun-2020 09:03:55.926 INFO [main] org.apache.coyote.AbstractProtocol.start Starting ProtocolHandler ["http-nio-8080"]
03-Jun-2020 09:03:55.941 INFO [main] org.apache.catalina.startup.Catalina.start Server startup in [2,542] milliseconds
03-Jun-2020 09:22:52.742 INFO [Thread-3] org.apache.coyote.AbstractProtocol.pause Pausing ProtocolHandler ["http-nio-8080"]
03-Jun-2020 09:22:52.906 INFO [Thread-3] org.apache.catalina.core.StandardService.stopInternal Stopping service [Catalina]
03-Jun-2020 09:22:52.943 WARNING [Thread-3] org.apache.catalina.loader.WebappClassLoaderBase.clearReferencesJdbc The web application [Assignment3] registered the JDBC driver [com.mysql.cj.jdbc.Driver] but failed to unregister it when the web application was stopped. To prevent a memory leak, the JDBC Driver has been forcibly unregistered.
03-Jun-2020 09:22:52.943 WARNING [Thread-3] org.apache.catalina.loader.WebappClassLoaderBase.clearReferencesThreads The web application [Assignment3] appears to have started a thread named [mysql-cj-abandoned-connection-cleanup] but has failed to stop it. This is very likely to create a memory leak. Stack trace of thread:
 java.base@11.0.2/java.lang.Object.wait(Native Method)
 java.base@11.0.2/java.lang.ref.ReferenceQueue.remove(ReferenceQueue.java:155)
 com.mysql.cj.jdbc.AbandonedConnectionCleanupThread.run(AbandonedConnectionCleanupThread.java:85)
 java.base@11.0.2/java.util.concurrent.ThreadPoolExecutor.runWorker(ThreadPoolExecutor.java:1128)
 java.base@11.0.2/java.util.concurrent.ThreadPoolExecutor$Worker.run(ThreadPoolExecutor.java:628)
 java.base@11.0.2/java.lang.Thread.run(Thread.java:834)
03-Jun-2020 09:22:52.974 INFO [Thread-3] org.apache.coyote.AbstractProtocol.stop Stopping ProtocolHandler ["http-nio-8080"]
03-Jun-2020 09:22:52.974 INFO [Thread-3] org.apache.coyote.AbstractProtocol.destroy Destroying ProtocolHandler ["http-nio-8080"]
03-Jun-2020 09:22:56.052 INFO [main] org.apache.catalina.startup.VersionLoggerListener.log Server version name:   Apache Tomcat/9.0.34
03-Jun-2020 09:22:56.052 INFO [main] org.apache.catalina.startup.VersionLoggerListener.log Server built:          Apr 3 2020 12:02:52 UTC
03-Jun-2020 09:22:56.067 INFO [main] org.apache.catalina.startup.VersionLoggerListener.log Server version number: 9.0.34.0
03-Jun-2020 09:22:56.067 INFO [main] org.apache.catalina.startup.VersionLoggerListener.log OS Name:               Windows 10
03-Jun-2020 09:22:56.067 INFO [main] org.apache.catalina.startup.VersionLoggerListener.log OS Version:            10.0
03-Jun-2020 09:22:56.067 INFO [main] org.apache.catalina.startup.VersionLoggerListener.log Architecture:          amd64
03-Jun-2020 09:22:56.067 INFO [main] org.apache.catalina.startup.VersionLoggerListener.log Java Home:             C:\Program Files\Java\jdk-11.0.2
03-Jun-2020 09:22:56.067 INFO [main] org.apache.catalina.startup.VersionLoggerListener.log JVM Version:           11.0.2+9-LTS
03-Jun-2020 09:22:56.067 INFO [main] org.apache.catalina.startup.VersionLoggerListener.log JVM Vendor:            Oracle Corporation
03-Jun-2020 09:22:56.067 INFO [main] org.apache.catalina.startup.VersionLoggerListener.log CATALINA_BASE:         C:\Users\Declan\Documents\GitHub\SENG2050-Assignment-3\apache-tomcat-9.0.34\apache-tomcat-9.0.34
03-Jun-2020 09:22:56.083 INFO [main] org.apache.catalina.startup.VersionLoggerListener.log CATALINA_HOME:         C:\Users\Declan\Documents\GitHub\SENG2050-Assignment-3\apache-tomcat-9.0.34\apache-tomcat-9.0.34
03-Jun-2020 09:22:56.083 INFO [main] org.apache.catalina.startup.VersionLoggerListener.log Command line argument: --add-opens=java.base/java.lang=ALL-UNNAMED
03-Jun-2020 09:22:56.083 INFO [main] org.apache.catalina.startup.VersionLoggerListener.log Command line argument: --add-opens=java.base/java.io=ALL-UNNAMED
03-Jun-2020 09:22:56.098 INFO [main] org.apache.catalina.startup.VersionLoggerListener.log Command line argument: --add-opens=java.rmi/sun.rmi.transport=ALL-UNNAMED
03-Jun-2020 09:22:56.098 INFO [main] org.apache.catalina.startup.VersionLoggerListener.log Command line argument: -Djava.util.logging.config.file=C:\Users\Declan\Documents\GitHub\SENG2050-Assignment-3\apache-tomcat-9.0.34\apache-tomcat-9.0.34\conf\logging.properties
03-Jun-2020 09:22:56.098 INFO [main] org.apache.catalina.startup.VersionLoggerListener.log Command line argument: -Djava.util.logging.manager=org.apache.juli.ClassLoaderLogManager
03-Jun-2020 09:22:56.114 INFO [main] org.apache.catalina.startup.VersionLoggerListener.log Command line argument: -Djdk.tls.ephemeralDHKeySize=2048
03-Jun-2020 09:22:56.114 INFO [main] org.apache.catalina.startup.VersionLoggerListener.log Command line argument: -Djava.protocol.handler.pkgs=org.apache.catalina.webresources
03-Jun-2020 09:22:56.114 INFO [main] org.apache.catalina.startup.VersionLoggerListener.log Command line argument: -Dignore.endorsed.dirs=
03-Jun-2020 09:22:56.121 INFO [main] org.apache.catalina.startup.VersionLoggerListener.log Command line argument: -Dcatalina.base=C:\Users\Declan\Documents\GitHub\SENG2050-Assignment-3\apache-tomcat-9.0.34\apache-tomcat-9.0.34
03-Jun-2020 09:22:56.121 INFO [main] org.apache.catalina.startup.VersionLoggerListener.log Command line argument: -Dcatalina.home=C:\Users\Declan\Documents\GitHub\SENG2050-Assignment-3\apache-tomcat-9.0.34\apache-tomcat-9.0.34
03-Jun-2020 09:22:56.121 INFO [main] org.apache.catalina.startup.VersionLoggerListener.log Command line argument: -Djava.io.tmpdir=C:\Users\Declan\Documents\GitHub\SENG2050-Assignment-3\apache-tomcat-9.0.34\apache-tomcat-9.0.34\temp
03-Jun-2020 09:22:56.121 INFO [main] org.apache.catalina.core.AprLifecycleListener.lifecycleEvent The APR based Apache Tomcat Native library which allows optimal performance in production environments was not found on the java.library.path: [C:\Program Files\Java\jdk-11.0.2\bin;C:\WINDOWS\Sun\Java\bin;C:\WINDOWS\system32;C:\WINDOWS;C:\cygwin64\bin;C:\WINDOWS;C:\WINDOWS\System32\Wbem;C:\WINDOWS\System32\WindowsPowerShell\v1.0\;C:\WINDOWS\System32\OpenSSH\;C:\Program Files\Java\jdk-11.0.2\bin;;C:\WINDOWS\system32;C:\Program Files (x86)\Microsoft SQL Server\140\Tools\Binn\;C:\Program Files\Microsoft SQL Server\140\Tools\Binn\;C:\Program Files (x86)\Microsoft SQL Server\140\DTS\Binn\;C:\Program Files\Microsoft SQL Server\140\DTS\Binn\;C:\Program Files\Microsoft SQL Server\Client SDK\ODBC\130\Tools\Binn\;C:\Program Files (x86)\Microsoft SQL Server\150\DTS\Binn\;C:\Program Files\MySQL\MySQL Shell 8.0\bin\;C:\Users\Declan\AppData\Local\Microsoft\WindowsApps;C:\Users\Declan\AppData\Local\GitHubDesktop\bin;.]
03-Jun-2020 09:22:56.437 INFO [main] org.apache.coyote.AbstractProtocol.init Initializing ProtocolHandler ["http-nio-8080"]
03-Jun-2020 09:22:56.669 INFO [main] org.apache.catalina.startup.Catalina.load Server initialization in [811] milliseconds
03-Jun-2020 09:22:56.753 INFO [main] org.apache.catalina.core.StandardService.startInternal Starting service [Catalina]
03-Jun-2020 09:22:56.753 INFO [main] org.apache.catalina.core.StandardEngine.startInternal Starting Servlet engine: [Apache Tomcat/9.0.34]
03-Jun-2020 09:22:56.769 INFO [main] org.apache.catalina.startup.HostConfig.deployDirectory Deploying web application directory [C:\Users\Declan\Documents\GitHub\SENG2050-Assignment-3\apache-tomcat-9.0.34\apache-tomcat-9.0.34\webapps\Assignment3]
03-Jun-2020 09:22:58.402 WARNING [main] org.apache.tomcat.dbcp.dbcp2.BasicDataSourceFactory.getObjectInstance Name = MyConnection Property maxActive is not used in DBCP2, use maxTotal instead. maxTotal default value is 8. You have set value of "10" for "maxActive" property, which is being ignored.
03-Jun-2020 09:22:58.571 INFO [main] org.apache.jasper.servlet.TldScanner.scanJars At least one JAR was scanned for TLDs yet contained no TLDs. Enable debug logging for this logger for a complete list of JARs that were scanned but no TLDs were found in them. Skipping unneeded JARs during scanning can improve startup time and JSP compilation time.
03-Jun-2020 09:22:58.779 WARNING [main] org.apache.catalina.util.SessionIdGeneratorBase.createSecureRandom Creation of SecureRandom instance for session ID generation using [SHA1PRNG] took [161] milliseconds.
03-Jun-2020 09:22:58.829 INFO [main] org.apache.catalina.startup.HostConfig.deployDirectory Deployment of web application directory [C:\Users\Declan\Documents\GitHub\SENG2050-Assignment-3\apache-tomcat-9.0.34\apache-tomcat-9.0.34\webapps\Assignment3] has finished in [2,060] ms
03-Jun-2020 09:22:58.829 INFO [main] org.apache.catalina.startup.HostConfig.deployDirectory Deploying web application directory [C:\Users\Declan\Documents\GitHub\SENG2050-Assignment-3\apache-tomcat-9.0.34\apache-tomcat-9.0.34\webapps\docs]
03-Jun-2020 09:22:58.870 INFO [main] org.apache.catalina.startup.HostConfig.deployDirectory Deployment of web application directory [C:\Users\Declan\Documents\GitHub\SENG2050-Assignment-3\apache-tomcat-9.0.34\apache-tomcat-9.0.34\webapps\docs] has finished in [41] ms
03-Jun-2020 09:22:58.878 INFO [main] org.apache.catalina.startup.HostConfig.deployDirectory Deploying web application directory [C:\Users\Declan\Documents\GitHub\SENG2050-Assignment-3\apache-tomcat-9.0.34\apache-tomcat-9.0.34\webapps\examples]
03-Jun-2020 09:22:59.253 INFO [main] org.apache.catalina.startup.HostConfig.deployDirectory Deployment of web application directory [C:\Users\Declan\Documents\GitHub\SENG2050-Assignment-3\apache-tomcat-9.0.34\apache-tomcat-9.0.34\webapps\examples] has finished in [375] ms
03-Jun-2020 09:22:59.253 INFO [main] org.apache.catalina.startup.HostConfig.deployDirectory Deploying web application directory [C:\Users\Declan\Documents\GitHub\SENG2050-Assignment-3\apache-tomcat-9.0.34\apache-tomcat-9.0.34\webapps\host-manager]
03-Jun-2020 09:22:59.323 INFO [main] org.apache.catalina.startup.HostConfig.deployDirectory Deployment of web application directory [C:\Users\Declan\Documents\GitHub\SENG2050-Assignment-3\apache-tomcat-9.0.34\apache-tomcat-9.0.34\webapps\host-manager] has finished in [70] ms
03-Jun-2020 09:22:59.323 INFO [main] org.apache.catalina.startup.HostConfig.deployDirectory Deploying web application directory [C:\Users\Declan\Documents\GitHub\SENG2050-Assignment-3\apache-tomcat-9.0.34\apache-tomcat-9.0.34\webapps\manager]
03-Jun-2020 09:22:59.382 INFO [main] org.apache.catalina.startup.HostConfig.deployDirectory Deployment of web application directory [C:\Users\Declan\Documents\GitHub\SENG2050-Assignment-3\apache-tomcat-9.0.34\apache-tomcat-9.0.34\webapps\manager] has finished in [51] ms
03-Jun-2020 09:22:59.382 INFO [main] org.apache.catalina.startup.HostConfig.deployDirectory Deploying web application directory [C:\Users\Declan\Documents\GitHub\SENG2050-Assignment-3\apache-tomcat-9.0.34\apache-tomcat-9.0.34\webapps\ROOT]
03-Jun-2020 09:22:59.432 INFO [main] org.apache.catalina.startup.HostConfig.deployDirectory Deployment of web application directory [C:\Users\Declan\Documents\GitHub\SENG2050-Assignment-3\apache-tomcat-9.0.34\apache-tomcat-9.0.34\webapps\ROOT] has finished in [50] ms
03-Jun-2020 09:22:59.444 INFO [main] org.apache.coyote.AbstractProtocol.start Starting ProtocolHandler ["http-nio-8080"]
03-Jun-2020 09:22:59.462 INFO [main] org.apache.catalina.startup.Catalina.start Server startup in [2,782] milliseconds
03-Jun-2020 09:32:30.939 INFO [Thread-3] org.apache.coyote.AbstractProtocol.pause Pausing ProtocolHandler ["http-nio-8080"]
03-Jun-2020 09:32:31.101 INFO [Thread-3] org.apache.catalina.core.StandardService.stopInternal Stopping service [Catalina]
03-Jun-2020 09:32:31.140 WARNING [Thread-3] org.apache.catalina.loader.WebappClassLoaderBase.clearReferencesJdbc The web application [Assignment3] registered the JDBC driver [com.mysql.cj.jdbc.Driver] but failed to unregister it when the web application was stopped. To prevent a memory leak, the JDBC Driver has been forcibly unregistered.
03-Jun-2020 09:32:31.140 WARNING [Thread-3] org.apache.catalina.loader.WebappClassLoaderBase.clearReferencesThreads The web application [Assignment3] appears to have started a thread named [mysql-cj-abandoned-connection-cleanup] but has failed to stop it. This is very likely to create a memory leak. Stack trace of thread:
 java.base@11.0.2/java.lang.Object.wait(Native Method)
 java.base@11.0.2/java.lang.ref.ReferenceQueue.remove(ReferenceQueue.java:155)
 com.mysql.cj.jdbc.AbandonedConnectionCleanupThread.run(AbandonedConnectionCleanupThread.java:85)
 java.base@11.0.2/java.util.concurrent.ThreadPoolExecutor.runWorker(ThreadPoolExecutor.java:1128)
 java.base@11.0.2/java.util.concurrent.ThreadPoolExecutor$Worker.run(ThreadPoolExecutor.java:628)
 java.base@11.0.2/java.lang.Thread.run(Thread.java:834)
03-Jun-2020 09:32:31.155 INFO [Thread-3] org.apache.coyote.AbstractProtocol.stop Stopping ProtocolHandler ["http-nio-8080"]
03-Jun-2020 09:32:31.155 INFO [Thread-3] org.apache.coyote.AbstractProtocol.destroy Destroying ProtocolHandler ["http-nio-8080"]
03-Jun-2020 09:32:40.229 INFO [main] org.apache.catalina.startup.VersionLoggerListener.log Server version name:   Apache Tomcat/9.0.34
03-Jun-2020 09:32:40.229 INFO [main] org.apache.catalina.startup.VersionLoggerListener.log Server built:          Apr 3 2020 12:02:52 UTC
03-Jun-2020 09:32:40.245 INFO [main] org.apache.catalina.startup.VersionLoggerListener.log Server version number: 9.0.34.0
03-Jun-2020 09:32:40.245 INFO [main] org.apache.catalina.startup.VersionLoggerListener.log OS Name:               Windows 10
03-Jun-2020 09:32:40.245 INFO [main] org.apache.catalina.startup.VersionLoggerListener.log OS Version:            10.0
03-Jun-2020 09:32:40.245 INFO [main] org.apache.catalina.startup.VersionLoggerListener.log Architecture:          amd64
03-Jun-2020 09:32:40.245 INFO [main] org.apache.catalina.startup.VersionLoggerListener.log Java Home:             C:\Program Files\Java\jdk-11.0.2
03-Jun-2020 09:32:40.245 INFO [main] org.apache.catalina.startup.VersionLoggerListener.log JVM Version:           11.0.2+9-LTS
03-Jun-2020 09:32:40.245 INFO [main] org.apache.catalina.startup.VersionLoggerListener.log JVM Vendor:            Oracle Corporation
03-Jun-2020 09:32:40.245 INFO [main] org.apache.catalina.startup.VersionLoggerListener.log CATALINA_BASE:         C:\Users\Declan\Documents\GitHub\SENG2050-Assignment-3\apache-tomcat-9.0.34\apache-tomcat-9.0.34
03-Jun-2020 09:32:40.245 INFO [main] org.apache.catalina.startup.VersionLoggerListener.log CATALINA_HOME:         C:\Users\Declan\Documents\GitHub\SENG2050-Assignment-3\apache-tomcat-9.0.34\apache-tomcat-9.0.34
03-Jun-2020 09:32:40.260 INFO [main] org.apache.catalina.startup.VersionLoggerListener.log Command line argument: --add-opens=java.base/java.lang=ALL-UNNAMED
03-Jun-2020 09:32:40.260 INFO [main] org.apache.catalina.startup.VersionLoggerListener.log Command line argument: --add-opens=java.base/java.io=ALL-UNNAMED
03-Jun-2020 09:32:40.267 INFO [main] org.apache.catalina.startup.VersionLoggerListener.log Command line argument: --add-opens=java.rmi/sun.rmi.transport=ALL-UNNAMED
03-Jun-2020 09:32:40.267 INFO [main] org.apache.catalina.startup.VersionLoggerListener.log Command line argument: -Djava.util.logging.config.file=C:\Users\Declan\Documents\GitHub\SENG2050-Assignment-3\apache-tomcat-9.0.34\apache-tomcat-9.0.34\conf\logging.properties
03-Jun-2020 09:32:40.267 INFO [main] org.apache.catalina.startup.VersionLoggerListener.log Command line argument: -Djava.util.logging.manager=org.apache.juli.ClassLoaderLogManager
03-Jun-2020 09:32:40.267 INFO [main] org.apache.catalina.startup.VersionLoggerListener.log Command line argument: -Djdk.tls.ephemeralDHKeySize=2048
03-Jun-2020 09:32:40.267 INFO [main] org.apache.catalina.startup.VersionLoggerListener.log Command line argument: -Djava.protocol.handler.pkgs=org.apache.catalina.webresources
03-Jun-2020 09:32:40.267 INFO [main] org.apache.catalina.startup.VersionLoggerListener.log Command line argument: -Dignore.endorsed.dirs=
03-Jun-2020 09:32:40.267 INFO [main] org.apache.catalina.startup.VersionLoggerListener.log Command line argument: -Dcatalina.base=C:\Users\Declan\Documents\GitHub\SENG2050-Assignment-3\apache-tomcat-9.0.34\apache-tomcat-9.0.34
03-Jun-2020 09:32:40.267 INFO [main] org.apache.catalina.startup.VersionLoggerListener.log Command line argument: -Dcatalina.home=C:\Users\Declan\Documents\GitHub\SENG2050-Assignment-3\apache-tomcat-9.0.34\apache-tomcat-9.0.34
03-Jun-2020 09:32:40.267 INFO [main] org.apache.catalina.startup.VersionLoggerListener.log Command line argument: -Djava.io.tmpdir=C:\Users\Declan\Documents\GitHub\SENG2050-Assignment-3\apache-tomcat-9.0.34\apache-tomcat-9.0.34\temp
03-Jun-2020 09:32:40.267 INFO [main] org.apache.catalina.core.AprLifecycleListener.lifecycleEvent The APR based Apache Tomcat Native library which allows optimal performance in production environments was not found on the java.library.path: [C:\Program Files\Java\jdk-11.0.2\bin;C:\WINDOWS\Sun\Java\bin;C:\WINDOWS\system32;C:\WINDOWS;C:\cygwin64\bin;C:\WINDOWS;C:\WINDOWS\System32\Wbem;C:\WINDOWS\System32\WindowsPowerShell\v1.0\;C:\WINDOWS\System32\OpenSSH\;C:\Program Files\Java\jdk-11.0.2\bin;;C:\WINDOWS\system32;C:\Program Files (x86)\Microsoft SQL Server\140\Tools\Binn\;C:\Program Files\Microsoft SQL Server\140\Tools\Binn\;C:\Program Files (x86)\Microsoft SQL Server\140\DTS\Binn\;C:\Program Files\Microsoft SQL Server\140\DTS\Binn\;C:\Program Files\Microsoft SQL Server\Client SDK\ODBC\130\Tools\Binn\;C:\Program Files (x86)\Microsoft SQL Server\150\DTS\Binn\;C:\Program Files\MySQL\MySQL Shell 8.0\bin\;C:\Users\Declan\AppData\Local\Microsoft\WindowsApps;C:\Users\Declan\AppData\Local\GitHubDesktop\bin;.]
03-Jun-2020 09:32:40.699 INFO [main] org.apache.coyote.AbstractProtocol.init Initializing ProtocolHandler ["http-nio-8080"]
03-Jun-2020 09:32:40.949 INFO [main] org.apache.catalina.startup.Catalina.load Server initialization in [904] milliseconds
03-Jun-2020 09:32:41.053 INFO [main] org.apache.catalina.core.StandardService.startInternal Starting service [Catalina]
03-Jun-2020 09:32:41.056 INFO [main] org.apache.catalina.core.StandardEngine.startInternal Starting Servlet engine: [Apache Tomcat/9.0.34]
03-Jun-2020 09:32:41.092 INFO [main] org.apache.catalina.startup.HostConfig.deployDirectory Deploying web application directory [C:\Users\Declan\Documents\GitHub\SENG2050-Assignment-3\apache-tomcat-9.0.34\apache-tomcat-9.0.34\webapps\Assignment3]
03-Jun-2020 09:32:42.862 WARNING [main] org.apache.tomcat.dbcp.dbcp2.BasicDataSourceFactory.getObjectInstance Name = MyConnection Property maxActive is not used in DBCP2, use maxTotal instead. maxTotal default value is 8. You have set value of "10" for "maxActive" property, which is being ignored.
03-Jun-2020 09:32:43.107 INFO [main] org.apache.jasper.servlet.TldScanner.scanJars At least one JAR was scanned for TLDs yet contained no TLDs. Enable debug logging for this logger for a complete list of JARs that were scanned but no TLDs were found in them. Skipping unneeded JARs during scanning can improve startup time and JSP compilation time.
03-Jun-2020 09:32:43.558 WARNING [main] org.apache.catalina.util.SessionIdGeneratorBase.createSecureRandom Creation of SecureRandom instance for session ID generation using [SHA1PRNG] took [287] milliseconds.
03-Jun-2020 09:32:43.675 INFO [main] org.apache.catalina.startup.HostConfig.deployDirectory Deployment of web application directory [C:\Users\Declan\Documents\GitHub\SENG2050-Assignment-3\apache-tomcat-9.0.34\apache-tomcat-9.0.34\webapps\Assignment3] has finished in [2,583] ms
03-Jun-2020 09:32:43.677 INFO [main] org.apache.catalina.startup.HostConfig.deployDirectory Deploying web application directory [C:\Users\Declan\Documents\GitHub\SENG2050-Assignment-3\apache-tomcat-9.0.34\apache-tomcat-9.0.34\webapps\docs]
03-Jun-2020 09:32:43.843 INFO [main] org.apache.catalina.startup.HostConfig.deployDirectory Deployment of web application directory [C:\Users\Declan\Documents\GitHub\SENG2050-Assignment-3\apache-tomcat-9.0.34\apache-tomcat-9.0.34\webapps\docs] has finished in [166] ms
03-Jun-2020 09:32:43.844 INFO [main] org.apache.catalina.startup.HostConfig.deployDirectory Deploying web application directory [C:\Users\Declan\Documents\GitHub\SENG2050-Assignment-3\apache-tomcat-9.0.34\apache-tomcat-9.0.34\webapps\examples]
03-Jun-2020 09:32:44.290 INFO [main] org.apache.catalina.startup.HostConfig.deployDirectory Deployment of web application directory [C:\Users\Declan\Documents\GitHub\SENG2050-Assignment-3\apache-tomcat-9.0.34\apache-tomcat-9.0.34\webapps\examples] has finished in [446] ms
03-Jun-2020 09:32:44.290 INFO [main] org.apache.catalina.startup.HostConfig.deployDirectory Deploying web application directory [C:\Users\Declan\Documents\GitHub\SENG2050-Assignment-3\apache-tomcat-9.0.34\apache-tomcat-9.0.34\webapps\host-manager]
03-Jun-2020 09:32:44.353 INFO [main] org.apache.catalina.startup.HostConfig.deployDirectory Deployment of web application directory [C:\Users\Declan\Documents\GitHub\SENG2050-Assignment-3\apache-tomcat-9.0.34\apache-tomcat-9.0.34\webapps\host-manager] has finished in [63] ms
03-Jun-2020 09:32:44.353 INFO [main] org.apache.catalina.startup.HostConfig.deployDirectory Deploying web application directory [C:\Users\Declan\Documents\GitHub\SENG2050-Assignment-3\apache-tomcat-9.0.34\apache-tomcat-9.0.34\webapps\manager]
03-Jun-2020 09:32:44.413 INFO [main] org.apache.catalina.startup.HostConfig.deployDirectory Deployment of web application directory [C:\Users\Declan\Documents\GitHub\SENG2050-Assignment-3\apache-tomcat-9.0.34\apache-tomcat-9.0.34\webapps\manager] has finished in [60] ms
03-Jun-2020 09:32:44.413 INFO [main] org.apache.catalina.startup.HostConfig.deployDirectory Deploying web application directory [C:\Users\Declan\Documents\GitHub\SENG2050-Assignment-3\apache-tomcat-9.0.34\apache-tomcat-9.0.34\webapps\ROOT]
03-Jun-2020 09:32:44.474 INFO [main] org.apache.catalina.startup.HostConfig.deployDirectory Deployment of web application directory [C:\Users\Declan\Documents\GitHub\SENG2050-Assignment-3\apache-tomcat-9.0.34\apache-tomcat-9.0.34\webapps\ROOT] has finished in [61] ms
03-Jun-2020 09:32:44.484 INFO [main] org.apache.coyote.AbstractProtocol.start Starting ProtocolHandler ["http-nio-8080"]
03-Jun-2020 09:32:44.504 INFO [main] org.apache.catalina.startup.Catalina.start Server startup in [3,550] milliseconds
03-Jun-2020 10:03:47.359 INFO [main] org.apache.catalina.startup.VersionLoggerListener.log Server version name:   Apache Tomcat/9.0.34
03-Jun-2020 10:03:47.359 INFO [main] org.apache.catalina.startup.VersionLoggerListener.log Server built:          Apr 3 2020 12:02:52 UTC
03-Jun-2020 10:03:47.359 INFO [main] org.apache.catalina.startup.VersionLoggerListener.log Server version number: 9.0.34.0
03-Jun-2020 10:03:47.374 INFO [main] org.apache.catalina.startup.VersionLoggerListener.log OS Name:               Windows 10
03-Jun-2020 10:03:47.374 INFO [main] org.apache.catalina.startup.VersionLoggerListener.log OS Version:            10.0
03-Jun-2020 10:03:47.374 INFO [main] org.apache.catalina.startup.VersionLoggerListener.log Architecture:          amd64
03-Jun-2020 10:03:47.374 INFO [main] org.apache.catalina.startup.VersionLoggerListener.log Java Home:             C:\Program Files\Java\jdk-11.0.2
03-Jun-2020 10:03:47.374 INFO [main] org.apache.catalina.startup.VersionLoggerListener.log JVM Version:           11.0.2+9-LTS
03-Jun-2020 10:03:47.374 INFO [main] org.apache.catalina.startup.VersionLoggerListener.log JVM Vendor:            Oracle Corporation
03-Jun-2020 10:03:47.374 INFO [main] org.apache.catalina.startup.VersionLoggerListener.log CATALINA_BASE:         C:\Users\Declan\Documents\GitHub\SENG2050-Assignment-3\apache-tomcat-9.0.34\apache-tomcat-9.0.34
03-Jun-2020 10:03:47.374 INFO [main] org.apache.catalina.startup.VersionLoggerListener.log CATALINA_HOME:         C:\Users\Declan\Documents\GitHub\SENG2050-Assignment-3\apache-tomcat-9.0.34\apache-tomcat-9.0.34
03-Jun-2020 10:03:47.374 INFO [main] org.apache.catalina.startup.VersionLoggerListener.log Command line argument: --add-opens=java.base/java.lang=ALL-UNNAMED
03-Jun-2020 10:03:47.374 INFO [main] org.apache.catalina.startup.VersionLoggerListener.log Command line argument: --add-opens=java.base/java.io=ALL-UNNAMED
03-Jun-2020 10:03:47.374 INFO [main] org.apache.catalina.startup.VersionLoggerListener.log Command line argument: --add-opens=java.rmi/sun.rmi.transport=ALL-UNNAMED
03-Jun-2020 10:03:47.390 INFO [main] org.apache.catalina.startup.VersionLoggerListener.log Command line argument: -Djava.util.logging.config.file=C:\Users\Declan\Documents\GitHub\SENG2050-Assignment-3\apache-tomcat-9.0.34\apache-tomcat-9.0.34\conf\logging.properties
03-Jun-2020 10:03:47.390 INFO [main] org.apache.catalina.startup.VersionLoggerListener.log Command line argument: -Djava.util.logging.manager=org.apache.juli.ClassLoaderLogManager
03-Jun-2020 10:03:47.406 INFO [main] org.apache.catalina.startup.VersionLoggerListener.log Command line argument: -Djdk.tls.ephemeralDHKeySize=2048
03-Jun-2020 10:03:47.406 INFO [main] org.apache.catalina.startup.VersionLoggerListener.log Command line argument: -Djava.protocol.handler.pkgs=org.apache.catalina.webresources
03-Jun-2020 10:03:47.412 INFO [main] org.apache.catalina.startup.VersionLoggerListener.log Command line argument: -Dignore.endorsed.dirs=
03-Jun-2020 10:03:47.412 INFO [main] org.apache.catalina.startup.VersionLoggerListener.log Command line argument: -Dcatalina.base=C:\Users\Declan\Documents\GitHub\SENG2050-Assignment-3\apache-tomcat-9.0.34\apache-tomcat-9.0.34
03-Jun-2020 10:03:47.412 INFO [main] org.apache.catalina.startup.VersionLoggerListener.log Command line argument: -Dcatalina.home=C:\Users\Declan\Documents\GitHub\SENG2050-Assignment-3\apache-tomcat-9.0.34\apache-tomcat-9.0.34
03-Jun-2020 10:03:47.412 INFO [main] org.apache.catalina.startup.VersionLoggerListener.log Command line argument: -Djava.io.tmpdir=C:\Users\Declan\Documents\GitHub\SENG2050-Assignment-3\apache-tomcat-9.0.34\apache-tomcat-9.0.34\temp
03-Jun-2020 10:03:47.412 INFO [main] org.apache.catalina.core.AprLifecycleListener.lifecycleEvent The APR based Apache Tomcat Native library which allows optimal performance in production environments was not found on the java.library.path: [C:\Program Files\Java\jdk-11.0.2\bin;C:\WINDOWS\Sun\Java\bin;C:\WINDOWS\system32;C:\WINDOWS;C:\cygwin64\bin;C:\WINDOWS;C:\WINDOWS\System32\Wbem;C:\WINDOWS\System32\WindowsPowerShell\v1.0\;C:\WINDOWS\System32\OpenSSH\;C:\Program Files\Java\jdk-11.0.2\bin;;C:\WINDOWS\system32;C:\Program Files (x86)\Microsoft SQL Server\140\Tools\Binn\;C:\Program Files\Microsoft SQL Server\140\Tools\Binn\;C:\Program Files (x86)\Microsoft SQL Server\140\DTS\Binn\;C:\Program Files\Microsoft SQL Server\140\DTS\Binn\;C:\Program Files\Microsoft SQL Server\Client SDK\ODBC\130\Tools\Binn\;C:\Program Files (x86)\Microsoft SQL Server\150\DTS\Binn\;C:\Program Files\MySQL\MySQL Shell 8.0\bin\;C:\Users\Declan\AppData\Local\Microsoft\WindowsApps;C:\Users\Declan\AppData\Local\GitHubDesktop\bin;.]
03-Jun-2020 10:03:47.760 INFO [main] org.apache.coyote.AbstractProtocol.init Initializing ProtocolHandler ["http-nio-8080"]
03-Jun-2020 10:03:48.004 INFO [main] org.apache.catalina.startup.Catalina.load Server initialization in [836] milliseconds
03-Jun-2020 10:03:48.065 INFO [main] org.apache.catalina.core.StandardService.startInternal Starting service [Catalina]
03-Jun-2020 10:03:48.065 INFO [main] org.apache.catalina.core.StandardEngine.startInternal Starting Servlet engine: [Apache Tomcat/9.0.34]
03-Jun-2020 10:03:48.080 INFO [main] org.apache.catalina.startup.HostConfig.deployDirectory Deploying web application directory [C:\Users\Declan\Documents\GitHub\SENG2050-Assignment-3\apache-tomcat-9.0.34\apache-tomcat-9.0.34\webapps\Assignment3]
03-Jun-2020 10:03:49.200 WARNING [main] org.apache.tomcat.dbcp.dbcp2.BasicDataSourceFactory.getObjectInstance Name = MyConnection Property maxActive is not used in DBCP2, use maxTotal instead. maxTotal default value is 8. You have set value of "10" for "maxActive" property, which is being ignored.
03-Jun-2020 10:03:49.326 INFO [main] org.apache.jasper.servlet.TldScanner.scanJars At least one JAR was scanned for TLDs yet contained no TLDs. Enable debug logging for this logger for a complete list of JARs that were scanned but no TLDs were found in them. Skipping unneeded JARs during scanning can improve startup time and JSP compilation time.
03-Jun-2020 10:03:49.533 WARNING [main] org.apache.catalina.util.SessionIdGeneratorBase.createSecureRandom Creation of SecureRandom instance for session ID generation using [SHA1PRNG] took [160] milliseconds.
03-Jun-2020 10:03:49.564 INFO [main] org.apache.catalina.startup.HostConfig.deployDirectory Deployment of web application directory [C:\Users\Declan\Documents\GitHub\SENG2050-Assignment-3\apache-tomcat-9.0.34\apache-tomcat-9.0.34\webapps\Assignment3] has finished in [1,484] ms
03-Jun-2020 10:03:49.564 INFO [main] org.apache.catalina.startup.HostConfig.deployDirectory Deploying web application directory [C:\Users\Declan\Documents\GitHub\SENG2050-Assignment-3\apache-tomcat-9.0.34\apache-tomcat-9.0.34\webapps\docs]
03-Jun-2020 10:03:49.604 INFO [main] org.apache.catalina.startup.HostConfig.deployDirectory Deployment of web application directory [C:\Users\Declan\Documents\GitHub\SENG2050-Assignment-3\apache-tomcat-9.0.34\apache-tomcat-9.0.34\webapps\docs] has finished in [40] ms
03-Jun-2020 10:03:49.604 INFO [main] org.apache.catalina.startup.HostConfig.deployDirectory Deploying web application directory [C:\Users\Declan\Documents\GitHub\SENG2050-Assignment-3\apache-tomcat-9.0.34\apache-tomcat-9.0.34\webapps\examples]
03-Jun-2020 10:03:49.975 INFO [main] org.apache.catalina.startup.HostConfig.deployDirectory Deployment of web application directory [C:\Users\Declan\Documents\GitHub\SENG2050-Assignment-3\apache-tomcat-9.0.34\apache-tomcat-9.0.34\webapps\examples] has finished in [371] ms
03-Jun-2020 10:03:49.975 INFO [main] org.apache.catalina.startup.HostConfig.deployDirectory Deploying web application directory [C:\Users\Declan\Documents\GitHub\SENG2050-Assignment-3\apache-tomcat-9.0.34\apache-tomcat-9.0.34\webapps\host-manager]
03-Jun-2020 10:03:50.048 INFO [main] org.apache.catalina.startup.HostConfig.deployDirectory Deployment of web application directory [C:\Users\Declan\Documents\GitHub\SENG2050-Assignment-3\apache-tomcat-9.0.34\apache-tomcat-9.0.34\webapps\host-manager] has finished in [73] ms
03-Jun-2020 10:03:50.048 INFO [main] org.apache.catalina.startup.HostConfig.deployDirectory Deploying web application directory [C:\Users\Declan\Documents\GitHub\SENG2050-Assignment-3\apache-tomcat-9.0.34\apache-tomcat-9.0.34\webapps\manager]
03-Jun-2020 10:03:50.109 INFO [main] org.apache.catalina.startup.HostConfig.deployDirectory Deployment of web application directory [C:\Users\Declan\Documents\GitHub\SENG2050-Assignment-3\apache-tomcat-9.0.34\apache-tomcat-9.0.34\webapps\manager] has finished in [61] ms
03-Jun-2020 10:03:50.109 INFO [main] org.apache.catalina.startup.HostConfig.deployDirectory Deploying web application directory [C:\Users\Declan\Documents\GitHub\SENG2050-Assignment-3\apache-tomcat-9.0.34\apache-tomcat-9.0.34\webapps\ROOT]
03-Jun-2020 10:03:50.170 INFO [main] org.apache.catalina.startup.HostConfig.deployDirectory Deployment of web application directory [C:\Users\Declan\Documents\GitHub\SENG2050-Assignment-3\apache-tomcat-9.0.34\apache-tomcat-9.0.34\webapps\ROOT] has finished in [61] ms
03-Jun-2020 10:03:50.190 INFO [main] org.apache.coyote.AbstractProtocol.start Starting ProtocolHandler ["http-nio-8080"]
03-Jun-2020 10:03:50.220 INFO [main] org.apache.catalina.startup.Catalina.start Server startup in [2,215] milliseconds
03-Jun-2020 10:05:54.680 INFO [Thread-3] org.apache.coyote.AbstractProtocol.pause Pausing ProtocolHandler ["http-nio-8080"]
03-Jun-2020 10:05:54.844 INFO [Thread-3] org.apache.catalina.core.StandardService.stopInternal Stopping service [Catalina]
03-Jun-2020 10:05:54.910 WARNING [Thread-3] org.apache.catalina.loader.WebappClassLoaderBase.clearReferencesJdbc The web application [Assignment3] registered the JDBC driver [com.mysql.cj.jdbc.Driver] but failed to unregister it when the web application was stopped. To prevent a memory leak, the JDBC Driver has been forcibly unregistered.
03-Jun-2020 10:05:54.910 WARNING [Thread-3] org.apache.catalina.loader.WebappClassLoaderBase.clearReferencesThreads The web application [Assignment3] appears to have started a thread named [mysql-cj-abandoned-connection-cleanup] but has failed to stop it. This is very likely to create a memory leak. Stack trace of thread:
 java.base@11.0.2/java.lang.Object.wait(Native Method)
 java.base@11.0.2/java.lang.ref.ReferenceQueue.remove(ReferenceQueue.java:155)
 com.mysql.cj.jdbc.AbandonedConnectionCleanupThread.run(AbandonedConnectionCleanupThread.java:85)
 java.base@11.0.2/java.util.concurrent.ThreadPoolExecutor.runWorker(ThreadPoolExecutor.java:1128)
 java.base@11.0.2/java.util.concurrent.ThreadPoolExecutor$Worker.run(ThreadPoolExecutor.java:628)
 java.base@11.0.2/java.lang.Thread.run(Thread.java:834)
03-Jun-2020 10:05:54.925 INFO [Thread-3] org.apache.coyote.AbstractProtocol.stop Stopping ProtocolHandler ["http-nio-8080"]
03-Jun-2020 10:05:54.941 INFO [Thread-3] org.apache.coyote.AbstractProtocol.destroy Destroying ProtocolHandler ["http-nio-8080"]
03-Jun-2020 10:06:03.218 INFO [main] org.apache.catalina.startup.VersionLoggerListener.log Server version name:   Apache Tomcat/9.0.34
03-Jun-2020 10:06:03.218 INFO [main] org.apache.catalina.startup.VersionLoggerListener.log Server built:          Apr 3 2020 12:02:52 UTC
03-Jun-2020 10:06:03.234 INFO [main] org.apache.catalina.startup.VersionLoggerListener.log Server version number: 9.0.34.0
03-Jun-2020 10:06:03.234 INFO [main] org.apache.catalina.startup.VersionLoggerListener.log OS Name:               Windows 10
03-Jun-2020 10:06:03.234 INFO [main] org.apache.catalina.startup.VersionLoggerListener.log OS Version:            10.0
03-Jun-2020 10:06:03.234 INFO [main] org.apache.catalina.startup.VersionLoggerListener.log Architecture:          amd64
03-Jun-2020 10:06:03.234 INFO [main] org.apache.catalina.startup.VersionLoggerListener.log Java Home:             C:\Program Files\Java\jdk-11.0.2
03-Jun-2020 10:06:03.234 INFO [main] org.apache.catalina.startup.VersionLoggerListener.log JVM Version:           11.0.2+9-LTS
03-Jun-2020 10:06:03.234 INFO [main] org.apache.catalina.startup.VersionLoggerListener.log JVM Vendor:            Oracle Corporation
03-Jun-2020 10:06:03.234 INFO [main] org.apache.catalina.startup.VersionLoggerListener.log CATALINA_BASE:         C:\Users\Declan\Documents\GitHub\SENG2050-Assignment-3\apache-tomcat-9.0.34\apache-tomcat-9.0.34
03-Jun-2020 10:06:03.249 INFO [main] org.apache.catalina.startup.VersionLoggerListener.log CATALINA_HOME:         C:\Users\Declan\Documents\GitHub\SENG2050-Assignment-3\apache-tomcat-9.0.34\apache-tomcat-9.0.34
03-Jun-2020 10:06:03.265 INFO [main] org.apache.catalina.startup.VersionLoggerListener.log Command line argument: --add-opens=java.base/java.lang=ALL-UNNAMED
03-Jun-2020 10:06:03.265 INFO [main] org.apache.catalina.startup.VersionLoggerListener.log Command line argument: --add-opens=java.base/java.io=ALL-UNNAMED
03-Jun-2020 10:06:03.265 INFO [main] org.apache.catalina.startup.VersionLoggerListener.log Command line argument: --add-opens=java.rmi/sun.rmi.transport=ALL-UNNAMED
03-Jun-2020 10:06:03.265 INFO [main] org.apache.catalina.startup.VersionLoggerListener.log Command line argument: -Djava.util.logging.config.file=C:\Users\Declan\Documents\GitHub\SENG2050-Assignment-3\apache-tomcat-9.0.34\apache-tomcat-9.0.34\conf\logging.properties
03-Jun-2020 10:06:03.265 INFO [main] org.apache.catalina.startup.VersionLoggerListener.log Command line argument: -Djava.util.logging.manager=org.apache.juli.ClassLoaderLogManager
03-Jun-2020 10:06:03.281 INFO [main] org.apache.catalina.startup.VersionLoggerListener.log Command line argument: -Djdk.tls.ephemeralDHKeySize=2048
03-Jun-2020 10:06:03.287 INFO [main] org.apache.catalina.startup.VersionLoggerListener.log Command line argument: -Djava.protocol.handler.pkgs=org.apache.catalina.webresources
03-Jun-2020 10:06:03.287 INFO [main] org.apache.catalina.startup.VersionLoggerListener.log Command line argument: -Dignore.endorsed.dirs=
03-Jun-2020 10:06:03.287 INFO [main] org.apache.catalina.startup.VersionLoggerListener.log Command line argument: -Dcatalina.base=C:\Users\Declan\Documents\GitHub\SENG2050-Assignment-3\apache-tomcat-9.0.34\apache-tomcat-9.0.34
03-Jun-2020 10:06:03.287 INFO [main] org.apache.catalina.startup.VersionLoggerListener.log Command line argument: -Dcatalina.home=C:\Users\Declan\Documents\GitHub\SENG2050-Assignment-3\apache-tomcat-9.0.34\apache-tomcat-9.0.34
03-Jun-2020 10:06:03.287 INFO [main] org.apache.catalina.startup.VersionLoggerListener.log Command line argument: -Djava.io.tmpdir=C:\Users\Declan\Documents\GitHub\SENG2050-Assignment-3\apache-tomcat-9.0.34\apache-tomcat-9.0.34\temp
03-Jun-2020 10:06:03.287 INFO [main] org.apache.catalina.core.AprLifecycleListener.lifecycleEvent The APR based Apache Tomcat Native library which allows optimal performance in production environments was not found on the java.library.path: [C:\Program Files\Java\jdk-11.0.2\bin;C:\WINDOWS\Sun\Java\bin;C:\WINDOWS\system32;C:\WINDOWS;C:\cygwin64\bin;C:\WINDOWS;C:\WINDOWS\System32\Wbem;C:\WINDOWS\System32\WindowsPowerShell\v1.0\;C:\WINDOWS\System32\OpenSSH\;C:\Program Files\Java\jdk-11.0.2\bin;;C:\WINDOWS\system32;C:\Program Files (x86)\Microsoft SQL Server\140\Tools\Binn\;C:\Program Files\Microsoft SQL Server\140\Tools\Binn\;C:\Program Files (x86)\Microsoft SQL Server\140\DTS\Binn\;C:\Program Files\Microsoft SQL Server\140\DTS\Binn\;C:\Program Files\Microsoft SQL Server\Client SDK\ODBC\130\Tools\Binn\;C:\Program Files (x86)\Microsoft SQL Server\150\DTS\Binn\;C:\Program Files\MySQL\MySQL Shell 8.0\bin\;C:\Users\Declan\AppData\Local\Microsoft\WindowsApps;C:\Users\Declan\AppData\Local\GitHubDesktop\bin;.]
03-Jun-2020 10:06:03.666 INFO [main] org.apache.coyote.AbstractProtocol.init Initializing ProtocolHandler ["http-nio-8080"]
03-Jun-2020 10:06:03.889 INFO [main] org.apache.catalina.startup.Catalina.load Server initialization in [868] milliseconds
03-Jun-2020 10:06:03.946 INFO [main] org.apache.catalina.core.StandardService.startInternal Starting service [Catalina]
03-Jun-2020 10:06:03.946 INFO [main] org.apache.catalina.core.StandardEngine.startInternal Starting Servlet engine: [Apache Tomcat/9.0.34]
03-Jun-2020 10:06:03.962 INFO [main] org.apache.catalina.startup.HostConfig.deployDirectory Deploying web application directory [C:\Users\Declan\Documents\GitHub\SENG2050-Assignment-3\apache-tomcat-9.0.34\apache-tomcat-9.0.34\webapps\Assignment3]
03-Jun-2020 10:06:05.299 WARNING [main] org.apache.tomcat.dbcp.dbcp2.BasicDataSourceFactory.getObjectInstance Name = MyConnection Property maxActive is not used in DBCP2, use maxTotal instead. maxTotal default value is 8. You have set value of "10" for "maxActive" property, which is being ignored.
03-Jun-2020 10:06:05.469 INFO [main] org.apache.jasper.servlet.TldScanner.scanJars At least one JAR was scanned for TLDs yet contained no TLDs. Enable debug logging for this logger for a complete list of JARs that were scanned but no TLDs were found in them. Skipping unneeded JARs during scanning can improve startup time and JSP compilation time.
03-Jun-2020 10:06:05.681 WARNING [main] org.apache.catalina.util.SessionIdGeneratorBase.createSecureRandom Creation of SecureRandom instance for session ID generation using [SHA1PRNG] took [165] milliseconds.
03-Jun-2020 10:06:05.731 INFO [main] org.apache.catalina.startup.HostConfig.deployDirectory Deployment of web application directory [C:\Users\Declan\Documents\GitHub\SENG2050-Assignment-3\apache-tomcat-9.0.34\apache-tomcat-9.0.34\webapps\Assignment3] has finished in [1,769] ms
03-Jun-2020 10:06:05.731 INFO [main] org.apache.catalina.startup.HostConfig.deployDirectory Deploying web application directory [C:\Users\Declan\Documents\GitHub\SENG2050-Assignment-3\apache-tomcat-9.0.34\apache-tomcat-9.0.34\webapps\docs]
03-Jun-2020 10:06:05.800 INFO [main] org.apache.catalina.startup.HostConfig.deployDirectory Deployment of web application directory [C:\Users\Declan\Documents\GitHub\SENG2050-Assignment-3\apache-tomcat-9.0.34\apache-tomcat-9.0.34\webapps\docs] has finished in [69] ms
03-Jun-2020 10:06:05.800 INFO [main] org.apache.catalina.startup.HostConfig.deployDirectory Deploying web application directory [C:\Users\Declan\Documents\GitHub\SENG2050-Assignment-3\apache-tomcat-9.0.34\apache-tomcat-9.0.34\webapps\examples]
03-Jun-2020 10:06:06.398 INFO [main] org.apache.catalina.startup.HostConfig.deployDirectory Deployment of web application directory [C:\Users\Declan\Documents\GitHub\SENG2050-Assignment-3\apache-tomcat-9.0.34\apache-tomcat-9.0.34\webapps\examples] has finished in [598] ms
03-Jun-2020 10:06:06.398 INFO [main] org.apache.catalina.startup.HostConfig.deployDirectory Deploying web application directory [C:\Users\Declan\Documents\GitHub\SENG2050-Assignment-3\apache-tomcat-9.0.34\apache-tomcat-9.0.34\webapps\host-manager]
03-Jun-2020 10:06:06.541 INFO [main] org.apache.catalina.startup.HostConfig.deployDirectory Deployment of web application directory [C:\Users\Declan\Documents\GitHub\SENG2050-Assignment-3\apache-tomcat-9.0.34\apache-tomcat-9.0.34\webapps\host-manager] has finished in [143] ms
03-Jun-2020 10:06:06.541 INFO [main] org.apache.catalina.startup.HostConfig.deployDirectory Deploying web application directory [C:\Users\Declan\Documents\GitHub\SENG2050-Assignment-3\apache-tomcat-9.0.34\apache-tomcat-9.0.34\webapps\manager]
03-Jun-2020 10:06:06.673 INFO [main] org.apache.catalina.startup.HostConfig.deployDirectory Deployment of web application directory [C:\Users\Declan\Documents\GitHub\SENG2050-Assignment-3\apache-tomcat-9.0.34\apache-tomcat-9.0.34\webapps\manager] has finished in [132] ms
03-Jun-2020 10:06:06.673 INFO [main] org.apache.catalina.startup.HostConfig.deployDirectory Deploying web application directory [C:\Users\Declan\Documents\GitHub\SENG2050-Assignment-3\apache-tomcat-9.0.34\apache-tomcat-9.0.34\webapps\ROOT]
03-Jun-2020 10:06:06.795 INFO [main] org.apache.catalina.startup.HostConfig.deployDirectory Deployment of web application directory [C:\Users\Declan\Documents\GitHub\SENG2050-Assignment-3\apache-tomcat-9.0.34\apache-tomcat-9.0.34\webapps\ROOT] has finished in [122] ms
03-Jun-2020 10:06:06.815 INFO [main] org.apache.coyote.AbstractProtocol.start Starting ProtocolHandler ["http-nio-8080"]
03-Jun-2020 10:06:06.864 INFO [main] org.apache.catalina.startup.Catalina.start Server startup in [2,966] milliseconds
03-Jun-2020 10:07:19.647 INFO [Thread-3] org.apache.coyote.AbstractProtocol.pause Pausing ProtocolHandler ["http-nio-8080"]
03-Jun-2020 10:07:19.811 INFO [Thread-3] org.apache.catalina.core.StandardService.stopInternal Stopping service [Catalina]
03-Jun-2020 10:07:19.863 WARNING [Thread-3] org.apache.catalina.loader.WebappClassLoaderBase.clearReferencesJdbc The web application [Assignment3] registered the JDBC driver [com.mysql.cj.jdbc.Driver] but failed to unregister it when the web application was stopped. To prevent a memory leak, the JDBC Driver has been forcibly unregistered.
03-Jun-2020 10:07:19.863 WARNING [Thread-3] org.apache.catalina.loader.WebappClassLoaderBase.clearReferencesThreads The web application [Assignment3] appears to have started a thread named [mysql-cj-abandoned-connection-cleanup] but has failed to stop it. This is very likely to create a memory leak. Stack trace of thread:
 java.base@11.0.2/java.lang.Object.wait(Native Method)
 java.base@11.0.2/java.lang.ref.ReferenceQueue.remove(ReferenceQueue.java:155)
 com.mysql.cj.jdbc.AbandonedConnectionCleanupThread.run(AbandonedConnectionCleanupThread.java:85)
 java.base@11.0.2/java.util.concurrent.ThreadPoolExecutor.runWorker(ThreadPoolExecutor.java:1128)
 java.base@11.0.2/java.util.concurrent.ThreadPoolExecutor$Worker.run(ThreadPoolExecutor.java:628)
 java.base@11.0.2/java.lang.Thread.run(Thread.java:834)
03-Jun-2020 10:07:19.879 INFO [Thread-3] org.apache.coyote.AbstractProtocol.stop Stopping ProtocolHandler ["http-nio-8080"]
03-Jun-2020 10:07:19.894 INFO [Thread-3] org.apache.coyote.AbstractProtocol.destroy Destroying ProtocolHandler ["http-nio-8080"]
03-Jun-2020 10:07:28.049 INFO [main] org.apache.catalina.startup.VersionLoggerListener.log Server version name:   Apache Tomcat/9.0.34
03-Jun-2020 10:07:28.049 INFO [main] org.apache.catalina.startup.VersionLoggerListener.log Server built:          Apr 3 2020 12:02:52 UTC
03-Jun-2020 10:07:28.049 INFO [main] org.apache.catalina.startup.VersionLoggerListener.log Server version number: 9.0.34.0
03-Jun-2020 10:07:28.065 INFO [main] org.apache.catalina.startup.VersionLoggerListener.log OS Name:               Windows 10
03-Jun-2020 10:07:28.065 INFO [main] org.apache.catalina.startup.VersionLoggerListener.log OS Version:            10.0
03-Jun-2020 10:07:28.065 INFO [main] org.apache.catalina.startup.VersionLoggerListener.log Architecture:          amd64
03-Jun-2020 10:07:28.065 INFO [main] org.apache.catalina.startup.VersionLoggerListener.log Java Home:             C:\Program Files\Java\jdk-11.0.2
03-Jun-2020 10:07:28.065 INFO [main] org.apache.catalina.startup.VersionLoggerListener.log JVM Version:           11.0.2+9-LTS
03-Jun-2020 10:07:28.065 INFO [main] org.apache.catalina.startup.VersionLoggerListener.log JVM Vendor:            Oracle Corporation
03-Jun-2020 10:07:28.065 INFO [main] org.apache.catalina.startup.VersionLoggerListener.log CATALINA_BASE:         C:\Users\Declan\Documents\GitHub\SENG2050-Assignment-3\apache-tomcat-9.0.34\apache-tomcat-9.0.34
03-Jun-2020 10:07:28.065 INFO [main] org.apache.catalina.startup.VersionLoggerListener.log CATALINA_HOME:         C:\Users\Declan\Documents\GitHub\SENG2050-Assignment-3\apache-tomcat-9.0.34\apache-tomcat-9.0.34
03-Jun-2020 10:07:28.080 INFO [main] org.apache.catalina.startup.VersionLoggerListener.log Command line argument: --add-opens=java.base/java.lang=ALL-UNNAMED
03-Jun-2020 10:07:28.080 INFO [main] org.apache.catalina.startup.VersionLoggerListener.log Command line argument: --add-opens=java.base/java.io=ALL-UNNAMED
03-Jun-2020 10:07:28.080 INFO [main] org.apache.catalina.startup.VersionLoggerListener.log Command line argument: --add-opens=java.rmi/sun.rmi.transport=ALL-UNNAMED
03-Jun-2020 10:07:28.080 INFO [main] org.apache.catalina.startup.VersionLoggerListener.log Command line argument: -Djava.util.logging.config.file=C:\Users\Declan\Documents\GitHub\SENG2050-Assignment-3\apache-tomcat-9.0.34\apache-tomcat-9.0.34\conf\logging.properties
03-Jun-2020 10:07:28.080 INFO [main] org.apache.catalina.startup.VersionLoggerListener.log Command line argument: -Djava.util.logging.manager=org.apache.juli.ClassLoaderLogManager
03-Jun-2020 10:07:28.080 INFO [main] org.apache.catalina.startup.VersionLoggerListener.log Command line argument: -Djdk.tls.ephemeralDHKeySize=2048
03-Jun-2020 10:07:28.080 INFO [main] org.apache.catalina.startup.VersionLoggerListener.log Command line argument: -Djava.protocol.handler.pkgs=org.apache.catalina.webresources
03-Jun-2020 10:07:28.096 INFO [main] org.apache.catalina.startup.VersionLoggerListener.log Command line argument: -Dignore.endorsed.dirs=
03-Jun-2020 10:07:28.096 INFO [main] org.apache.catalina.startup.VersionLoggerListener.log Command line argument: -Dcatalina.base=C:\Users\Declan\Documents\GitHub\SENG2050-Assignment-3\apache-tomcat-9.0.34\apache-tomcat-9.0.34
03-Jun-2020 10:07:28.111 INFO [main] org.apache.catalina.startup.VersionLoggerListener.log Command line argument: -Dcatalina.home=C:\Users\Declan\Documents\GitHub\SENG2050-Assignment-3\apache-tomcat-9.0.34\apache-tomcat-9.0.34
03-Jun-2020 10:07:28.111 INFO [main] org.apache.catalina.startup.VersionLoggerListener.log Command line argument: -Djava.io.tmpdir=C:\Users\Declan\Documents\GitHub\SENG2050-Assignment-3\apache-tomcat-9.0.34\apache-tomcat-9.0.34\temp
03-Jun-2020 10:07:28.111 INFO [main] org.apache.catalina.core.AprLifecycleListener.lifecycleEvent The APR based Apache Tomcat Native library which allows optimal performance in production environments was not found on the java.library.path: [C:\Program Files\Java\jdk-11.0.2\bin;C:\WINDOWS\Sun\Java\bin;C:\WINDOWS\system32;C:\WINDOWS;C:\cygwin64\bin;C:\WINDOWS;C:\WINDOWS\System32\Wbem;C:\WINDOWS\System32\WindowsPowerShell\v1.0\;C:\WINDOWS\System32\OpenSSH\;C:\Program Files\Java\jdk-11.0.2\bin;;C:\WINDOWS\system32;C:\Program Files (x86)\Microsoft SQL Server\140\Tools\Binn\;C:\Program Files\Microsoft SQL Server\140\Tools\Binn\;C:\Program Files (x86)\Microsoft SQL Server\140\DTS\Binn\;C:\Program Files\Microsoft SQL Server\140\DTS\Binn\;C:\Program Files\Microsoft SQL Server\Client SDK\ODBC\130\Tools\Binn\;C:\Program Files (x86)\Microsoft SQL Server\150\DTS\Binn\;C:\Program Files\MySQL\MySQL Shell 8.0\bin\;C:\Users\Declan\AppData\Local\Microsoft\WindowsApps;C:\Users\Declan\AppData\Local\GitHubDesktop\bin;.]
03-Jun-2020 10:07:28.510 INFO [main] org.apache.coyote.AbstractProtocol.init Initializing ProtocolHandler ["http-nio-8080"]
03-Jun-2020 10:07:28.905 INFO [main] org.apache.catalina.startup.Catalina.load Server initialization in [1,069] milliseconds
03-Jun-2020 10:07:29.020 INFO [main] org.apache.catalina.core.StandardService.startInternal Starting service [Catalina]
03-Jun-2020 10:07:29.021 INFO [main] org.apache.catalina.core.StandardEngine.startInternal Starting Servlet engine: [Apache Tomcat/9.0.34]
03-Jun-2020 10:07:29.046 INFO [main] org.apache.catalina.startup.HostConfig.deployDirectory Deploying web application directory [C:\Users\Declan\Documents\GitHub\SENG2050-Assignment-3\apache-tomcat-9.0.34\apache-tomcat-9.0.34\webapps\Assignment3]
03-Jun-2020 10:07:30.939 WARNING [main] org.apache.tomcat.dbcp.dbcp2.BasicDataSourceFactory.getObjectInstance Name = MyConnection Property maxActive is not used in DBCP2, use maxTotal instead. maxTotal default value is 8. You have set value of "10" for "maxActive" property, which is being ignored.
03-Jun-2020 10:07:31.071 INFO [main] org.apache.jasper.servlet.TldScanner.scanJars At least one JAR was scanned for TLDs yet contained no TLDs. Enable debug logging for this logger for a complete list of JARs that were scanned but no TLDs were found in them. Skipping unneeded JARs during scanning can improve startup time and JSP compilation time.
03-Jun-2020 10:07:31.287 WARNING [main] org.apache.catalina.util.SessionIdGeneratorBase.createSecureRandom Creation of SecureRandom instance for session ID generation using [SHA1PRNG] took [169] milliseconds.
03-Jun-2020 10:07:31.356 INFO [main] org.apache.catalina.startup.HostConfig.deployDirectory Deployment of web application directory [C:\Users\Declan\Documents\GitHub\SENG2050-Assignment-3\apache-tomcat-9.0.34\apache-tomcat-9.0.34\webapps\Assignment3] has finished in [2,311] ms
03-Jun-2020 10:07:31.356 INFO [main] org.apache.catalina.startup.HostConfig.deployDirectory Deploying web application directory [C:\Users\Declan\Documents\GitHub\SENG2050-Assignment-3\apache-tomcat-9.0.34\apache-tomcat-9.0.34\webapps\docs]
03-Jun-2020 10:07:31.403 INFO [main] org.apache.catalina.startup.HostConfig.deployDirectory Deployment of web application directory [C:\Users\Declan\Documents\GitHub\SENG2050-Assignment-3\apache-tomcat-9.0.34\apache-tomcat-9.0.34\webapps\docs] has finished in [47] ms
03-Jun-2020 10:07:31.403 INFO [main] org.apache.catalina.startup.HostConfig.deployDirectory Deploying web application directory [C:\Users\Declan\Documents\GitHub\SENG2050-Assignment-3\apache-tomcat-9.0.34\apache-tomcat-9.0.34\webapps\examples]
03-Jun-2020 10:07:31.803 INFO [main] org.apache.catalina.startup.HostConfig.deployDirectory Deployment of web application directory [C:\Users\Declan\Documents\GitHub\SENG2050-Assignment-3\apache-tomcat-9.0.34\apache-tomcat-9.0.34\webapps\examples] has finished in [400] ms
03-Jun-2020 10:07:31.805 INFO [main] org.apache.catalina.startup.HostConfig.deployDirectory Deploying web application directory [C:\Users\Declan\Documents\GitHub\SENG2050-Assignment-3\apache-tomcat-9.0.34\apache-tomcat-9.0.34\webapps\host-manager]
03-Jun-2020 10:07:31.876 INFO [main] org.apache.catalina.startup.HostConfig.deployDirectory Deployment of web application directory [C:\Users\Declan\Documents\GitHub\SENG2050-Assignment-3\apache-tomcat-9.0.34\apache-tomcat-9.0.34\webapps\host-manager] has finished in [71] ms
03-Jun-2020 10:07:31.876 INFO [main] org.apache.catalina.startup.HostConfig.deployDirectory Deploying web application directory [C:\Users\Declan\Documents\GitHub\SENG2050-Assignment-3\apache-tomcat-9.0.34\apache-tomcat-9.0.34\webapps\manager]
03-Jun-2020 10:07:31.957 INFO [main] org.apache.catalina.startup.HostConfig.deployDirectory Deployment of web application directory [C:\Users\Declan\Documents\GitHub\SENG2050-Assignment-3\apache-tomcat-9.0.34\apache-tomcat-9.0.34\webapps\manager] has finished in [81] ms
03-Jun-2020 10:07:31.957 INFO [main] org.apache.catalina.startup.HostConfig.deployDirectory Deploying web application directory [C:\Users\Declan\Documents\GitHub\SENG2050-Assignment-3\apache-tomcat-9.0.34\apache-tomcat-9.0.34\webapps\ROOT]
03-Jun-2020 10:07:32.017 INFO [main] org.apache.catalina.startup.HostConfig.deployDirectory Deployment of web application directory [C:\Users\Declan\Documents\GitHub\SENG2050-Assignment-3\apache-tomcat-9.0.34\apache-tomcat-9.0.34\webapps\ROOT] has finished in [60] ms
03-Jun-2020 10:07:32.027 INFO [main] org.apache.coyote.AbstractProtocol.start Starting ProtocolHandler ["http-nio-8080"]
03-Jun-2020 10:07:32.056 INFO [main] org.apache.catalina.startup.Catalina.start Server startup in [3,141] milliseconds
03-Jun-2020 10:20:50.085 INFO [Thread-3] org.apache.coyote.AbstractProtocol.pause Pausing ProtocolHandler ["http-nio-8080"]
03-Jun-2020 10:20:50.321 INFO [Thread-3] org.apache.catalina.core.StandardService.stopInternal Stopping service [Catalina]
03-Jun-2020 10:20:50.379 WARNING [Thread-3] org.apache.catalina.loader.WebappClassLoaderBase.clearReferencesJdbc The web application [Assignment3] registered the JDBC driver [com.mysql.cj.jdbc.Driver] but failed to unregister it when the web application was stopped. To prevent a memory leak, the JDBC Driver has been forcibly unregistered.
03-Jun-2020 10:20:50.380 WARNING [Thread-3] org.apache.catalina.loader.WebappClassLoaderBase.clearReferencesThreads The web application [Assignment3] appears to have started a thread named [mysql-cj-abandoned-connection-cleanup] but has failed to stop it. This is very likely to create a memory leak. Stack trace of thread:
 java.base@11.0.2/java.lang.Object.wait(Native Method)
 java.base@11.0.2/java.lang.ref.ReferenceQueue.remove(ReferenceQueue.java:155)
 com.mysql.cj.jdbc.AbandonedConnectionCleanupThread.run(AbandonedConnectionCleanupThread.java:85)
 java.base@11.0.2/java.util.concurrent.ThreadPoolExecutor.runWorker(ThreadPoolExecutor.java:1128)
 java.base@11.0.2/java.util.concurrent.ThreadPoolExecutor$Worker.run(ThreadPoolExecutor.java:628)
 java.base@11.0.2/java.lang.Thread.run(Thread.java:834)
03-Jun-2020 10:20:50.407 INFO [Thread-3] org.apache.coyote.AbstractProtocol.stop Stopping ProtocolHandler ["http-nio-8080"]
03-Jun-2020 10:20:50.417 INFO [Thread-3] org.apache.coyote.AbstractProtocol.destroy Destroying ProtocolHandler ["http-nio-8080"]
03-Jun-2020 10:21:30.753 INFO [main] org.apache.catalina.startup.VersionLoggerListener.log Server version name:   Apache Tomcat/9.0.34
03-Jun-2020 10:21:30.758 INFO [main] org.apache.catalina.startup.VersionLoggerListener.log Server built:          Apr 3 2020 12:02:52 UTC
03-Jun-2020 10:21:30.758 INFO [main] org.apache.catalina.startup.VersionLoggerListener.log Server version number: 9.0.34.0
03-Jun-2020 10:21:30.758 INFO [main] org.apache.catalina.startup.VersionLoggerListener.log OS Name:               Windows 10
03-Jun-2020 10:21:30.758 INFO [main] org.apache.catalina.startup.VersionLoggerListener.log OS Version:            10.0
03-Jun-2020 10:21:30.759 INFO [main] org.apache.catalina.startup.VersionLoggerListener.log Architecture:          amd64
03-Jun-2020 10:21:30.759 INFO [main] org.apache.catalina.startup.VersionLoggerListener.log Java Home:             C:\Program Files\Java\jdk-11.0.2
03-Jun-2020 10:21:30.759 INFO [main] org.apache.catalina.startup.VersionLoggerListener.log JVM Version:           11.0.2+9-LTS
03-Jun-2020 10:21:30.759 INFO [main] org.apache.catalina.startup.VersionLoggerListener.log JVM Vendor:            Oracle Corporation
03-Jun-2020 10:21:30.760 INFO [main] org.apache.catalina.startup.VersionLoggerListener.log CATALINA_BASE:         C:\Users\Declan\Documents\GitHub\SENG2050-Assignment-3\apache-tomcat-9.0.34\apache-tomcat-9.0.34
03-Jun-2020 10:21:30.762 INFO [main] org.apache.catalina.startup.VersionLoggerListener.log CATALINA_HOME:         C:\Users\Declan\Documents\GitHub\SENG2050-Assignment-3\apache-tomcat-9.0.34\apache-tomcat-9.0.34
03-Jun-2020 10:21:30.783 INFO [main] org.apache.catalina.startup.VersionLoggerListener.log Command line argument: --add-opens=java.base/java.lang=ALL-UNNAMED
03-Jun-2020 10:21:30.783 INFO [main] org.apache.catalina.startup.VersionLoggerListener.log Command line argument: --add-opens=java.base/java.io=ALL-UNNAMED
03-Jun-2020 10:21:30.796 INFO [main] org.apache.catalina.startup.VersionLoggerListener.log Command line argument: --add-opens=java.rmi/sun.rmi.transport=ALL-UNNAMED
03-Jun-2020 10:21:30.800 INFO [main] org.apache.catalina.startup.VersionLoggerListener.log Command line argument: -Djava.util.logging.config.file=C:\Users\Declan\Documents\GitHub\SENG2050-Assignment-3\apache-tomcat-9.0.34\apache-tomcat-9.0.34\conf\logging.properties
03-Jun-2020 10:21:30.811 INFO [main] org.apache.catalina.startup.VersionLoggerListener.log Command line argument: -Djava.util.logging.manager=org.apache.juli.ClassLoaderLogManager
03-Jun-2020 10:21:30.814 INFO [main] org.apache.catalina.startup.VersionLoggerListener.log Command line argument: -Djdk.tls.ephemeralDHKeySize=2048
03-Jun-2020 10:21:30.815 INFO [main] org.apache.catalina.startup.VersionLoggerListener.log Command line argument: -Djava.protocol.handler.pkgs=org.apache.catalina.webresources
03-Jun-2020 10:21:30.827 INFO [main] org.apache.catalina.startup.VersionLoggerListener.log Command line argument: -Dignore.endorsed.dirs=
03-Jun-2020 10:21:30.830 INFO [main] org.apache.catalina.startup.VersionLoggerListener.log Command line argument: -Dcatalina.base=C:\Users\Declan\Documents\GitHub\SENG2050-Assignment-3\apache-tomcat-9.0.34\apache-tomcat-9.0.34
03-Jun-2020 10:21:30.830 INFO [main] org.apache.catalina.startup.VersionLoggerListener.log Command line argument: -Dcatalina.home=C:\Users\Declan\Documents\GitHub\SENG2050-Assignment-3\apache-tomcat-9.0.34\apache-tomcat-9.0.34
03-Jun-2020 10:21:30.842 INFO [main] org.apache.catalina.startup.VersionLoggerListener.log Command line argument: -Djava.io.tmpdir=C:\Users\Declan\Documents\GitHub\SENG2050-Assignment-3\apache-tomcat-9.0.34\apache-tomcat-9.0.34\temp
03-Jun-2020 10:21:30.853 INFO [main] org.apache.catalina.core.AprLifecycleListener.lifecycleEvent The APR based Apache Tomcat Native library which allows optimal performance in production environments was not found on the java.library.path: [C:\Program Files\Java\jdk-11.0.2\bin;C:\WINDOWS\Sun\Java\bin;C:\WINDOWS\system32;C:\WINDOWS;C:\cygwin64\bin;C:\WINDOWS;C:\WINDOWS\System32\Wbem;C:\WINDOWS\System32\WindowsPowerShell\v1.0\;C:\WINDOWS\System32\OpenSSH\;C:\Program Files\Java\jdk-11.0.2\bin;;C:\WINDOWS\system32;C:\Program Files (x86)\Microsoft SQL Server\140\Tools\Binn\;C:\Program Files\Microsoft SQL Server\140\Tools\Binn\;C:\Program Files (x86)\Microsoft SQL Server\140\DTS\Binn\;C:\Program Files\Microsoft SQL Server\140\DTS\Binn\;C:\Program Files\Microsoft SQL Server\Client SDK\ODBC\130\Tools\Binn\;C:\Program Files (x86)\Microsoft SQL Server\150\DTS\Binn\;C:\Program Files\MySQL\MySQL Shell 8.0\bin\;C:\Users\Declan\AppData\Local\Microsoft\WindowsApps;C:\Users\Declan\AppData\Local\GitHubDesktop\bin;.]
03-Jun-2020 10:21:31.230 INFO [main] org.apache.coyote.AbstractProtocol.init Initializing ProtocolHandler ["http-nio-8080"]
03-Jun-2020 10:21:31.509 INFO [main] org.apache.catalina.startup.Catalina.load Server initialization in [987] milliseconds
03-Jun-2020 10:21:31.591 INFO [main] org.apache.catalina.core.StandardService.startInternal Starting service [Catalina]
03-Jun-2020 10:21:31.591 INFO [main] org.apache.catalina.core.StandardEngine.startInternal Starting Servlet engine: [Apache Tomcat/9.0.34]
03-Jun-2020 10:21:31.614 INFO [main] org.apache.catalina.startup.HostConfig.deployDirectory Deploying web application directory [C:\Users\Declan\Documents\GitHub\SENG2050-Assignment-3\apache-tomcat-9.0.34\apache-tomcat-9.0.34\webapps\Assignment3]
03-Jun-2020 10:21:32.889 WARNING [main] org.apache.tomcat.dbcp.dbcp2.BasicDataSourceFactory.getObjectInstance Name = MyConnection Property maxActive is not used in DBCP2, use maxTotal instead. maxTotal default value is 8. You have set value of "10" for "maxActive" property, which is being ignored.
03-Jun-2020 10:21:33.070 INFO [main] org.apache.jasper.servlet.TldScanner.scanJars At least one JAR was scanned for TLDs yet contained no TLDs. Enable debug logging for this logger for a complete list of JARs that were scanned but no TLDs were found in them. Skipping unneeded JARs during scanning can improve startup time and JSP compilation time.
03-Jun-2020 10:21:33.290 WARNING [main] org.apache.catalina.util.SessionIdGeneratorBase.createSecureRandom Creation of SecureRandom instance for session ID generation using [SHA1PRNG] took [166] milliseconds.
03-Jun-2020 10:21:33.341 INFO [main] org.apache.catalina.startup.HostConfig.deployDirectory Deployment of web application directory [C:\Users\Declan\Documents\GitHub\SENG2050-Assignment-3\apache-tomcat-9.0.34\apache-tomcat-9.0.34\webapps\Assignment3] has finished in [1,726] ms
03-Jun-2020 10:21:33.341 INFO [main] org.apache.catalina.startup.HostConfig.deployDirectory Deploying web application directory [C:\Users\Declan\Documents\GitHub\SENG2050-Assignment-3\apache-tomcat-9.0.34\apache-tomcat-9.0.34\webapps\docs]
03-Jun-2020 10:21:33.391 INFO [main] org.apache.catalina.startup.HostConfig.deployDirectory Deployment of web application directory [C:\Users\Declan\Documents\GitHub\SENG2050-Assignment-3\apache-tomcat-9.0.34\apache-tomcat-9.0.34\webapps\docs] has finished in [50] ms
03-Jun-2020 10:21:33.391 INFO [main] org.apache.catalina.startup.HostConfig.deployDirectory Deploying web application directory [C:\Users\Declan\Documents\GitHub\SENG2050-Assignment-3\apache-tomcat-9.0.34\apache-tomcat-9.0.34\webapps\examples]
03-Jun-2020 10:21:34.051 INFO [main] org.apache.catalina.startup.HostConfig.deployDirectory Deployment of web application directory [C:\Users\Declan\Documents\GitHub\SENG2050-Assignment-3\apache-tomcat-9.0.34\apache-tomcat-9.0.34\webapps\examples] has finished in [659] ms
03-Jun-2020 10:21:34.053 INFO [main] org.apache.catalina.startup.HostConfig.deployDirectory Deploying web application directory [C:\Users\Declan\Documents\GitHub\SENG2050-Assignment-3\apache-tomcat-9.0.34\apache-tomcat-9.0.34\webapps\host-manager]
03-Jun-2020 10:21:34.211 INFO [main] org.apache.catalina.startup.HostConfig.deployDirectory Deployment of web application directory [C:\Users\Declan\Documents\GitHub\SENG2050-Assignment-3\apache-tomcat-9.0.34\apache-tomcat-9.0.34\webapps\host-manager] has finished in [159] ms
03-Jun-2020 10:21:34.213 INFO [main] org.apache.catalina.startup.HostConfig.deployDirectory Deploying web application directory [C:\Users\Declan\Documents\GitHub\SENG2050-Assignment-3\apache-tomcat-9.0.34\apache-tomcat-9.0.34\webapps\manager]
03-Jun-2020 10:21:34.370 INFO [main] org.apache.catalina.startup.HostConfig.deployDirectory Deployment of web application directory [C:\Users\Declan\Documents\GitHub\SENG2050-Assignment-3\apache-tomcat-9.0.34\apache-tomcat-9.0.34\webapps\manager] has finished in [155] ms
03-Jun-2020 10:21:34.372 INFO [main] org.apache.catalina.startup.HostConfig.deployDirectory Deploying web application directory [C:\Users\Declan\Documents\GitHub\SENG2050-Assignment-3\apache-tomcat-9.0.34\apache-tomcat-9.0.34\webapps\ROOT]
03-Jun-2020 10:21:34.507 INFO [main] org.apache.catalina.startup.HostConfig.deployDirectory Deployment of web application directory [C:\Users\Declan\Documents\GitHub\SENG2050-Assignment-3\apache-tomcat-9.0.34\apache-tomcat-9.0.34\webapps\ROOT] has finished in [135] ms
03-Jun-2020 10:21:34.528 INFO [main] org.apache.coyote.AbstractProtocol.start Starting ProtocolHandler ["http-nio-8080"]
03-Jun-2020 10:21:34.574 INFO [main] org.apache.catalina.startup.Catalina.start Server startup in [3,061] milliseconds
03-Jun-2020 11:45:42.507 INFO [Thread-3] org.apache.coyote.AbstractProtocol.pause Pausing ProtocolHandler ["http-nio-8080"]
03-Jun-2020 11:45:42.663 INFO [Thread-3] org.apache.catalina.core.StandardService.stopInternal Stopping service [Catalina]
03-Jun-2020 11:45:42.694 WARNING [Thread-3] org.apache.catalina.loader.WebappClassLoaderBase.clearReferencesJdbc The web application [Assignment3] registered the JDBC driver [com.mysql.cj.jdbc.Driver] but failed to unregister it when the web application was stopped. To prevent a memory leak, the JDBC Driver has been forcibly unregistered.
03-Jun-2020 11:45:42.694 WARNING [Thread-3] org.apache.catalina.loader.WebappClassLoaderBase.clearReferencesThreads The web application [Assignment3] appears to have started a thread named [mysql-cj-abandoned-connection-cleanup] but has failed to stop it. This is very likely to create a memory leak. Stack trace of thread:
 java.base@11.0.2/java.lang.Object.wait(Native Method)
 java.base@11.0.2/java.lang.ref.ReferenceQueue.remove(ReferenceQueue.java:155)
 com.mysql.cj.jdbc.AbandonedConnectionCleanupThread.run(AbandonedConnectionCleanupThread.java:85)
 java.base@11.0.2/java.util.concurrent.ThreadPoolExecutor.runWorker(ThreadPoolExecutor.java:1128)
 java.base@11.0.2/java.util.concurrent.ThreadPoolExecutor$Worker.run(ThreadPoolExecutor.java:628)
 java.base@11.0.2/java.lang.Thread.run(Thread.java:834)
03-Jun-2020 11:45:42.710 INFO [Thread-3] org.apache.coyote.AbstractProtocol.stop Stopping ProtocolHandler ["http-nio-8080"]
03-Jun-2020 11:45:42.710 INFO [Thread-3] org.apache.coyote.AbstractProtocol.destroy Destroying ProtocolHandler ["http-nio-8080"]
03-Jun-2020 11:45:50.615 INFO [main] org.apache.catalina.startup.VersionLoggerListener.log Server version name:   Apache Tomcat/9.0.34
03-Jun-2020 11:45:50.630 INFO [main] org.apache.catalina.startup.VersionLoggerListener.log Server built:          Apr 3 2020 12:02:52 UTC
03-Jun-2020 11:45:50.630 INFO [main] org.apache.catalina.startup.VersionLoggerListener.log Server version number: 9.0.34.0
03-Jun-2020 11:45:50.630 INFO [main] org.apache.catalina.startup.VersionLoggerListener.log OS Name:               Windows 10
03-Jun-2020 11:45:50.630 INFO [main] org.apache.catalina.startup.VersionLoggerListener.log OS Version:            10.0
03-Jun-2020 11:45:50.630 INFO [main] org.apache.catalina.startup.VersionLoggerListener.log Architecture:          amd64
03-Jun-2020 11:45:50.630 INFO [main] org.apache.catalina.startup.VersionLoggerListener.log Java Home:             C:\Program Files\Java\jdk-11.0.2
03-Jun-2020 11:45:50.630 INFO [main] org.apache.catalina.startup.VersionLoggerListener.log JVM Version:           11.0.2+9-LTS
03-Jun-2020 11:45:50.630 INFO [main] org.apache.catalina.startup.VersionLoggerListener.log JVM Vendor:            Oracle Corporation
03-Jun-2020 11:45:50.630 INFO [main] org.apache.catalina.startup.VersionLoggerListener.log CATALINA_BASE:         C:\Users\Declan\Documents\GitHub\SENG2050-Assignment-3\apache-tomcat-9.0.34\apache-tomcat-9.0.34
03-Jun-2020 11:45:50.630 INFO [main] org.apache.catalina.startup.VersionLoggerListener.log CATALINA_HOME:         C:\Users\Declan\Documents\GitHub\SENG2050-Assignment-3\apache-tomcat-9.0.34\apache-tomcat-9.0.34
03-Jun-2020 11:45:50.630 INFO [main] org.apache.catalina.startup.VersionLoggerListener.log Command line argument: --add-opens=java.base/java.lang=ALL-UNNAMED
03-Jun-2020 11:45:50.630 INFO [main] org.apache.catalina.startup.VersionLoggerListener.log Command line argument: --add-opens=java.base/java.io=ALL-UNNAMED
03-Jun-2020 11:45:50.646 INFO [main] org.apache.catalina.startup.VersionLoggerListener.log Command line argument: --add-opens=java.rmi/sun.rmi.transport=ALL-UNNAMED
03-Jun-2020 11:45:50.646 INFO [main] org.apache.catalina.startup.VersionLoggerListener.log Command line argument: -Djava.util.logging.config.file=C:\Users\Declan\Documents\GitHub\SENG2050-Assignment-3\apache-tomcat-9.0.34\apache-tomcat-9.0.34\conf\logging.properties
03-Jun-2020 11:45:50.646 INFO [main] org.apache.catalina.startup.VersionLoggerListener.log Command line argument: -Djava.util.logging.manager=org.apache.juli.ClassLoaderLogManager
03-Jun-2020 11:45:50.646 INFO [main] org.apache.catalina.startup.VersionLoggerListener.log Command line argument: -Djdk.tls.ephemeralDHKeySize=2048
03-Jun-2020 11:45:50.646 INFO [main] org.apache.catalina.startup.VersionLoggerListener.log Command line argument: -Djava.protocol.handler.pkgs=org.apache.catalina.webresources
03-Jun-2020 11:45:50.646 INFO [main] org.apache.catalina.startup.VersionLoggerListener.log Command line argument: -Dignore.endorsed.dirs=
03-Jun-2020 11:45:50.646 INFO [main] org.apache.catalina.startup.VersionLoggerListener.log Command line argument: -Dcatalina.base=C:\Users\Declan\Documents\GitHub\SENG2050-Assignment-3\apache-tomcat-9.0.34\apache-tomcat-9.0.34
03-Jun-2020 11:45:50.646 INFO [main] org.apache.catalina.startup.VersionLoggerListener.log Command line argument: -Dcatalina.home=C:\Users\Declan\Documents\GitHub\SENG2050-Assignment-3\apache-tomcat-9.0.34\apache-tomcat-9.0.34
03-Jun-2020 11:45:50.646 INFO [main] org.apache.catalina.startup.VersionLoggerListener.log Command line argument: -Djava.io.tmpdir=C:\Users\Declan\Documents\GitHub\SENG2050-Assignment-3\apache-tomcat-9.0.34\apache-tomcat-9.0.34\temp
03-Jun-2020 11:45:50.646 INFO [main] org.apache.catalina.core.AprLifecycleListener.lifecycleEvent The APR based Apache Tomcat Native library which allows optimal performance in production environments was not found on the java.library.path: [C:\Program Files\Java\jdk-11.0.2\bin;C:\WINDOWS\Sun\Java\bin;C:\WINDOWS\system32;C:\WINDOWS;C:\cygwin64\bin;C:\WINDOWS;C:\WINDOWS\System32\Wbem;C:\WINDOWS\System32\WindowsPowerShell\v1.0\;C:\WINDOWS\System32\OpenSSH\;C:\Program Files\Java\jdk-11.0.2\bin;;C:\WINDOWS\system32;C:\Program Files (x86)\Microsoft SQL Server\140\Tools\Binn\;C:\Program Files\Microsoft SQL Server\140\Tools\Binn\;C:\Program Files (x86)\Microsoft SQL Server\140\DTS\Binn\;C:\Program Files\Microsoft SQL Server\140\DTS\Binn\;C:\Program Files\Microsoft SQL Server\Client SDK\ODBC\130\Tools\Binn\;C:\Program Files (x86)\Microsoft SQL Server\150\DTS\Binn\;C:\Program Files\MySQL\MySQL Shell 8.0\bin\;C:\Users\Declan\AppData\Local\Microsoft\WindowsApps;C:\Users\Declan\AppData\Local\GitHubDesktop\bin;.]
03-Jun-2020 11:45:50.900 INFO [main] org.apache.coyote.AbstractProtocol.init Initializing ProtocolHandler ["http-nio-8080"]
03-Jun-2020 11:45:51.147 INFO [main] org.apache.catalina.startup.Catalina.load Server initialization in [721] milliseconds
03-Jun-2020 11:45:51.216 INFO [main] org.apache.catalina.core.StandardService.startInternal Starting service [Catalina]
03-Jun-2020 11:45:51.216 INFO [main] org.apache.catalina.core.StandardEngine.startInternal Starting Servlet engine: [Apache Tomcat/9.0.34]
03-Jun-2020 11:45:51.232 INFO [main] org.apache.catalina.startup.HostConfig.deployDirectory Deploying web application directory [C:\Users\Declan\Documents\GitHub\SENG2050-Assignment-3\apache-tomcat-9.0.34\apache-tomcat-9.0.34\webapps\Assignment3]
03-Jun-2020 11:45:52.350 WARNING [main] org.apache.tomcat.dbcp.dbcp2.BasicDataSourceFactory.getObjectInstance Name = MyConnection Property maxActive is not used in DBCP2, use maxTotal instead. maxTotal default value is 8. You have set value of "10" for "maxActive" property, which is being ignored.
03-Jun-2020 11:45:52.451 INFO [main] org.apache.jasper.servlet.TldScanner.scanJars At least one JAR was scanned for TLDs yet contained no TLDs. Enable debug logging for this logger for a complete list of JARs that were scanned but no TLDs were found in them. Skipping unneeded JARs during scanning can improve startup time and JSP compilation time.
03-Jun-2020 11:45:52.651 WARNING [main] org.apache.catalina.util.SessionIdGeneratorBase.createSecureRandom Creation of SecureRandom instance for session ID generation using [SHA1PRNG] took [147] milliseconds.
03-Jun-2020 11:45:52.705 INFO [main] org.apache.catalina.startup.HostConfig.deployDirectory Deployment of web application directory [C:\Users\Declan\Documents\GitHub\SENG2050-Assignment-3\apache-tomcat-9.0.34\apache-tomcat-9.0.34\webapps\Assignment3] has finished in [1,473] ms
03-Jun-2020 11:45:52.705 INFO [main] org.apache.catalina.startup.HostConfig.deployDirectory Deploying web application directory [C:\Users\Declan\Documents\GitHub\SENG2050-Assignment-3\apache-tomcat-9.0.34\apache-tomcat-9.0.34\webapps\docs]
03-Jun-2020 11:45:52.736 INFO [main] org.apache.catalina.startup.HostConfig.deployDirectory Deployment of web application directory [C:\Users\Declan\Documents\GitHub\SENG2050-Assignment-3\apache-tomcat-9.0.34\apache-tomcat-9.0.34\webapps\docs] has finished in [31] ms
03-Jun-2020 11:45:52.736 INFO [main] org.apache.catalina.startup.HostConfig.deployDirectory Deploying web application directory [C:\Users\Declan\Documents\GitHub\SENG2050-Assignment-3\apache-tomcat-9.0.34\apache-tomcat-9.0.34\webapps\examples]
03-Jun-2020 11:45:53.113 INFO [main] org.apache.catalina.startup.HostConfig.deployDirectory Deployment of web application directory [C:\Users\Declan\Documents\GitHub\SENG2050-Assignment-3\apache-tomcat-9.0.34\apache-tomcat-9.0.34\webapps\examples] has finished in [377] ms
03-Jun-2020 11:45:53.113 INFO [main] org.apache.catalina.startup.HostConfig.deployDirectory Deploying web application directory [C:\Users\Declan\Documents\GitHub\SENG2050-Assignment-3\apache-tomcat-9.0.34\apache-tomcat-9.0.34\webapps\host-manager]
03-Jun-2020 11:45:53.174 INFO [main] org.apache.catalina.startup.HostConfig.deployDirectory Deployment of web application directory [C:\Users\Declan\Documents\GitHub\SENG2050-Assignment-3\apache-tomcat-9.0.34\apache-tomcat-9.0.34\webapps\host-manager] has finished in [61] ms
03-Jun-2020 11:45:53.174 INFO [main] org.apache.catalina.startup.HostConfig.deployDirectory Deploying web application directory [C:\Users\Declan\Documents\GitHub\SENG2050-Assignment-3\apache-tomcat-9.0.34\apache-tomcat-9.0.34\webapps\manager]
03-Jun-2020 11:45:53.214 INFO [main] org.apache.catalina.startup.HostConfig.deployDirectory Deployment of web application directory [C:\Users\Declan\Documents\GitHub\SENG2050-Assignment-3\apache-tomcat-9.0.34\apache-tomcat-9.0.34\webapps\manager] has finished in [40] ms
03-Jun-2020 11:45:53.214 INFO [main] org.apache.catalina.startup.HostConfig.deployDirectory Deploying web application directory [C:\Users\Declan\Documents\GitHub\SENG2050-Assignment-3\apache-tomcat-9.0.34\apache-tomcat-9.0.34\webapps\ROOT]
03-Jun-2020 11:45:53.252 INFO [main] org.apache.catalina.startup.HostConfig.deployDirectory Deployment of web application directory [C:\Users\Declan\Documents\GitHub\SENG2050-Assignment-3\apache-tomcat-9.0.34\apache-tomcat-9.0.34\webapps\ROOT] has finished in [38] ms
03-Jun-2020 11:45:53.254 INFO [main] org.apache.coyote.AbstractProtocol.start Starting ProtocolHandler ["http-nio-8080"]
03-Jun-2020 11:45:53.264 INFO [main] org.apache.catalina.startup.Catalina.start Server startup in [2,111] milliseconds
03-Jun-2020 11:47:18.893 INFO [Thread-3] org.apache.coyote.AbstractProtocol.pause Pausing ProtocolHandler ["http-nio-8080"]
03-Jun-2020 11:47:19.047 INFO [Thread-3] org.apache.catalina.core.StandardService.stopInternal Stopping service [Catalina]
03-Jun-2020 11:47:19.076 WARNING [Thread-3] org.apache.catalina.loader.WebappClassLoaderBase.clearReferencesJdbc The web application [Assignment3] registered the JDBC driver [com.mysql.cj.jdbc.Driver] but failed to unregister it when the web application was stopped. To prevent a memory leak, the JDBC Driver has been forcibly unregistered.
03-Jun-2020 11:47:19.076 WARNING [Thread-3] org.apache.catalina.loader.WebappClassLoaderBase.clearReferencesThreads The web application [Assignment3] appears to have started a thread named [mysql-cj-abandoned-connection-cleanup] but has failed to stop it. This is very likely to create a memory leak. Stack trace of thread:
 java.base@11.0.2/java.lang.Object.wait(Native Method)
 java.base@11.0.2/java.lang.ref.ReferenceQueue.remove(ReferenceQueue.java:155)
 com.mysql.cj.jdbc.AbandonedConnectionCleanupThread.run(AbandonedConnectionCleanupThread.java:85)
 java.base@11.0.2/java.util.concurrent.ThreadPoolExecutor.runWorker(ThreadPoolExecutor.java:1128)
 java.base@11.0.2/java.util.concurrent.ThreadPoolExecutor$Worker.run(ThreadPoolExecutor.java:628)
 java.base@11.0.2/java.lang.Thread.run(Thread.java:834)
03-Jun-2020 11:47:19.092 INFO [Thread-3] org.apache.coyote.AbstractProtocol.stop Stopping ProtocolHandler ["http-nio-8080"]
03-Jun-2020 11:47:19.092 INFO [Thread-3] org.apache.coyote.AbstractProtocol.destroy Destroying ProtocolHandler ["http-nio-8080"]
