18-Apr-2020 07:45:32.930 INFO [main] org.apache.catalina.startup.VersionLoggerListener.log Server version name:   Apache Tomcat/9.0.34
18-Apr-2020 07:45:32.933 INFO [main] org.apache.catalina.startup.VersionLoggerListener.log Server built:          Apr 3 2020 12:02:52 UTC
18-Apr-2020 07:45:32.933 INFO [main] org.apache.catalina.startup.VersionLoggerListener.log Server version number: 9.0.34.0
18-Apr-2020 07:45:32.933 INFO [main] org.apache.catalina.startup.VersionLoggerListener.log OS Name:               Windows 10
18-Apr-2020 07:45:32.933 INFO [main] org.apache.catalina.startup.VersionLoggerListener.log OS Version:            10.0
18-Apr-2020 07:45:32.933 INFO [main] org.apache.catalina.startup.VersionLoggerListener.log Architecture:          amd64
18-Apr-2020 07:45:32.934 INFO [main] org.apache.catalina.startup.VersionLoggerListener.log Java Home:             C:\Program Files\Java\jdk-11.0.6
18-Apr-2020 07:45:32.934 INFO [main] org.apache.catalina.startup.VersionLoggerListener.log JVM Version:           11.0.6+8-LTS
18-Apr-2020 07:45:32.934 INFO [main] org.apache.catalina.startup.VersionLoggerListener.log JVM Vendor:            Oracle Corporation
18-Apr-2020 07:45:32.934 INFO [main] org.apache.catalina.startup.VersionLoggerListener.log CATALINA_BASE:         C:\Users\seanc\Documents\Git Hub\SENG2250-Web-Engineering\apache-tomcat-9.0.34\apache-tomcat-9.0.34
18-Apr-2020 07:45:32.934 INFO [main] org.apache.catalina.startup.VersionLoggerListener.log CATALINA_HOME:         C:\Users\seanc\Documents\Git Hub\SENG2250-Web-Engineering\apache-tomcat-9.0.34\apache-tomcat-9.0.34
18-Apr-2020 07:45:32.942 INFO [main] org.apache.catalina.startup.VersionLoggerListener.log Command line argument: --add-opens=java.base/java.lang=ALL-UNNAMED
18-Apr-2020 07:45:32.942 INFO [main] org.apache.catalina.startup.VersionLoggerListener.log Command line argument: --add-opens=java.base/java.io=ALL-UNNAMED
18-Apr-2020 07:45:32.942 INFO [main] org.apache.catalina.startup.VersionLoggerListener.log Command line argument: --add-opens=java.rmi/sun.rmi.transport=ALL-UNNAMED
18-Apr-2020 07:45:32.943 INFO [main] org.apache.catalina.startup.VersionLoggerListener.log Command line argument: -Djava.util.logging.config.file=C:\Users\seanc\Documents\Git Hub\SENG2250-Web-Engineering\apache-tomcat-9.0.34\apache-tomcat-9.0.34\conf\logging.properties
18-Apr-2020 07:45:32.943 INFO [main] org.apache.catalina.startup.VersionLoggerListener.log Command line argument: -Djava.util.logging.manager=org.apache.juli.ClassLoaderLogManager
18-Apr-2020 07:45:32.943 INFO [main] org.apache.catalina.startup.VersionLoggerListener.log Command line argument: -Djdk.tls.ephemeralDHKeySize=2048
18-Apr-2020 07:45:32.943 INFO [main] org.apache.catalina.startup.VersionLoggerListener.log Command line argument: -Djava.protocol.handler.pkgs=org.apache.catalina.webresources
18-Apr-2020 07:45:32.944 INFO [main] org.apache.catalina.startup.VersionLoggerListener.log Command line argument: -Dignore.endorsed.dirs=
18-Apr-2020 07:45:32.944 INFO [main] org.apache.catalina.startup.VersionLoggerListener.log Command line argument: -Dcatalina.base=C:\Users\seanc\Documents\Git Hub\SENG2250-Web-Engineering\apache-tomcat-9.0.34\apache-tomcat-9.0.34
18-Apr-2020 07:45:32.944 INFO [main] org.apache.catalina.startup.VersionLoggerListener.log Command line argument: -Dcatalina.home=C:\Users\seanc\Documents\Git Hub\SENG2250-Web-Engineering\apache-tomcat-9.0.34\apache-tomcat-9.0.34
18-Apr-2020 07:45:32.944 INFO [main] org.apache.catalina.startup.VersionLoggerListener.log Command line argument: -Djava.io.tmpdir=C:\Users\seanc\Documents\Git Hub\SENG2250-Web-Engineering\apache-tomcat-9.0.34\apache-tomcat-9.0.34\temp
18-Apr-2020 07:45:32.945 INFO [main] org.apache.catalina.core.AprLifecycleListener.lifecycleEvent The APR based Apache Tomcat Native library which allows optimal performance in production environments was not found on the java.library.path: [C:\Program Files\Java\jdk-11.0.6\bin;C:\Windows\Sun\Java\bin;C:\Windows\system32;C:\Windows;C:\Program Files (x86)\Razer Chroma SDK\bin;C:\Program Files\Razer Chroma SDK\bin;C:\Program Files (x86)\Razer\ChromaBroadcast\bin;C:\Program Files\Razer\ChromaBroadcast\bin;C:\Program Files (x86)\Common Files\Intel\Shared Libraries\redist\intel64\compiler;C:\Program Files (x86)\Common Files\Oracle\Java\javapath;C:\Windows\system32;C:\Windows;C:\Windows\System32\Wbem;C:\Windows\System32\WindowsPowerShell\v1.0\;C:\Windows\System32\OpenSSH\;C:\Program Files\NVIDIA Corporation\NVIDIA NvDLISR;C:\Program Files (x86)\NVIDIA Corporation\PhysX\Common;C:\Program Files\Microsoft SQL Server\Client SDK\ODBC\110\Tools\Binn\;C:\Program Files (x86)\Microsoft SQL Server\120\Tools\Binn\;C:\Program Files\Microsoft SQL Server\120\Tools\Binn\;C:\Program Files\Microsoft SQL Server\120\DTS\Binn\;C:\Program Files\WorldPainter;C:\Program Files\Git\cmd;C:\Windows\system32\config\systemprofile\AppData\Local\Microsoft\WindowsApps;C:\Users\seanc\AppData\Local\Programs\Python\Python37-32\Scripts\;C:\Users\seanc\AppData\Local\Programs\Python\Python37-32\;C:\RailsInstaller\Git\cmd;C:\RailsInstaller\Ruby2.3.3\bin;C:\Ruby26-x64\bin;C:\Users\seanc\AppData\Local\Microsoft\WindowsApps;C:\Users\seanc\AppData\Local\Programs\Microsoft VS Code\bin;C:\Users\seanc\AppData\Local\GitHubDesktop\bin;C:\Program Files\dotnet\;C:\Program Files\Microsoft SQL Server\130\Tools\Binn\;C:\Program Files\Microsoft SQL Server\Client SDK\ODBC\170\Tools\Binn\;C:\Program Files\Java\jdk-13.0.2\bin;C:\Program Files (x86)\Microsoft SQL Server\150\DTS\Binn\;C:\Program Files\MySQL\MySQL Shell 8.0\bin\;C:\Users\seanc\AppData\Local\Programs\Python\Python37-32\Scripts\;C:\Users\seanc\AppData\Local\Programs\Python\Python37-32\;C:\RailsInstaller\Git\cmd;C:\RailsInstaller\Ruby2.3.3\bin;C:\Ruby26-x64\bin;C:\Users\seanc\AppData\Local\Microsoft\WindowsApps;C:\Users\seanc\AppData\Local\Programs\Microsoft VS Code\bin;C:\Users\seanc\AppData\Local\GitHubDesktop\bin;C:\Program Files\Java\jdk-11.0.6\bin;;.]
18-Apr-2020 07:45:33.126 INFO [main] org.apache.coyote.AbstractProtocol.init Initializing ProtocolHandler ["http-nio-8080"]
18-Apr-2020 07:45:33.200 INFO [main] org.apache.catalina.startup.Catalina.load Server initialization in [401] milliseconds
18-Apr-2020 07:45:33.233 INFO [main] org.apache.catalina.core.StandardService.startInternal Starting service [Catalina]
18-Apr-2020 07:45:33.233 INFO [main] org.apache.catalina.core.StandardEngine.startInternal Starting Servlet engine: [Apache Tomcat/9.0.34]
18-Apr-2020 07:45:33.239 INFO [main] org.apache.catalina.startup.HostConfig.deployDirectory Deploying web application directory [C:\Users\seanc\Documents\Git Hub\SENG2250-Web-Engineering\apache-tomcat-9.0.34\apache-tomcat-9.0.34\webapps\c3269995_assignment2]
18-Apr-2020 07:45:33.753 WARNING [main] org.apache.tomcat.dbcp.dbcp2.BasicDataSourceFactory.getObjectInstance Name = MyConnection Property maxActive is not used in DBCP2, use maxTotal instead. maxTotal default value is 8. You have set value of "10" for "maxActive" property, which is being ignored.
18-Apr-2020 07:45:33.822 INFO [main] org.apache.jasper.servlet.TldScanner.scanJars At least one JAR was scanned for TLDs yet contained no TLDs. Enable debug logging for this logger for a complete list of JARs that were scanned but no TLDs were found in them. Skipping unneeded JARs during scanning can improve startup time and JSP compilation time.
18-Apr-2020 07:45:33.914 INFO [main] org.apache.catalina.startup.HostConfig.deployDirectory Deployment of web application directory [C:\Users\seanc\Documents\Git Hub\SENG2250-Web-Engineering\apache-tomcat-9.0.34\apache-tomcat-9.0.34\webapps\c3269995_assignment2] has finished in [675] ms
18-Apr-2020 07:45:33.915 INFO [main] org.apache.catalina.startup.HostConfig.deployDirectory Deploying web application directory [C:\Users\seanc\Documents\Git Hub\SENG2250-Web-Engineering\apache-tomcat-9.0.34\apache-tomcat-9.0.34\webapps\docs]
18-Apr-2020 07:45:33.958 INFO [main] org.apache.catalina.startup.HostConfig.deployDirectory Deployment of web application directory [C:\Users\seanc\Documents\Git Hub\SENG2250-Web-Engineering\apache-tomcat-9.0.34\apache-tomcat-9.0.34\webapps\docs] has finished in [43] ms
18-Apr-2020 07:45:33.959 INFO [main] org.apache.catalina.startup.HostConfig.deployDirectory Deploying web application directory [C:\Users\seanc\Documents\Git Hub\SENG2250-Web-Engineering\apache-tomcat-9.0.34\apache-tomcat-9.0.34\webapps\examples]
18-Apr-2020 07:45:34.183 INFO [main] org.apache.catalina.startup.HostConfig.deployDirectory Deployment of web application directory [C:\Users\seanc\Documents\Git Hub\SENG2250-Web-Engineering\apache-tomcat-9.0.34\apache-tomcat-9.0.34\webapps\examples] has finished in [224] ms
18-Apr-2020 07:45:34.183 INFO [main] org.apache.catalina.startup.HostConfig.deployDirectory Deploying web application directory [C:\Users\seanc\Documents\Git Hub\SENG2250-Web-Engineering\apache-tomcat-9.0.34\apache-tomcat-9.0.34\webapps\host-manager]
18-Apr-2020 07:45:34.211 INFO [main] org.apache.catalina.startup.HostConfig.deployDirectory Deployment of web application directory [C:\Users\seanc\Documents\Git Hub\SENG2250-Web-Engineering\apache-tomcat-9.0.34\apache-tomcat-9.0.34\webapps\host-manager] has finished in [28] ms
18-Apr-2020 07:45:34.212 INFO [main] org.apache.catalina.startup.HostConfig.deployDirectory Deploying web application directory [C:\Users\seanc\Documents\Git Hub\SENG2250-Web-Engineering\apache-tomcat-9.0.34\apache-tomcat-9.0.34\webapps\manager]
18-Apr-2020 07:45:34.235 INFO [main] org.apache.catalina.startup.HostConfig.deployDirectory Deployment of web application directory [C:\Users\seanc\Documents\Git Hub\SENG2250-Web-Engineering\apache-tomcat-9.0.34\apache-tomcat-9.0.34\webapps\manager] has finished in [23] ms
18-Apr-2020 07:45:34.236 INFO [main] org.apache.catalina.startup.HostConfig.deployDirectory Deploying web application directory [C:\Users\seanc\Documents\Git Hub\SENG2250-Web-Engineering\apache-tomcat-9.0.34\apache-tomcat-9.0.34\webapps\ROOT]
18-Apr-2020 07:45:34.255 INFO [main] org.apache.catalina.startup.HostConfig.deployDirectory Deployment of web application directory [C:\Users\seanc\Documents\Git Hub\SENG2250-Web-Engineering\apache-tomcat-9.0.34\apache-tomcat-9.0.34\webapps\ROOT] has finished in [19] ms
18-Apr-2020 07:45:34.259 INFO [main] org.apache.coyote.AbstractProtocol.start Starting ProtocolHandler ["http-nio-8080"]
18-Apr-2020 07:45:34.266 INFO [main] org.apache.catalina.startup.Catalina.start Server startup in [1,065] milliseconds
18-Apr-2020 07:49:29.208 INFO [Thread-3] org.apache.coyote.AbstractProtocol.pause Pausing ProtocolHandler ["http-nio-8080"]
18-Apr-2020 07:49:29.252 INFO [Thread-3] org.apache.catalina.core.StandardService.stopInternal Stopping service [Catalina]
18-Apr-2020 07:49:29.283 WARNING [Thread-3] org.apache.catalina.loader.WebappClassLoaderBase.clearReferencesJdbc The web application [c3269995_assignment2] registered the JDBC driver [com.mysql.cj.jdbc.Driver] but failed to unregister it when the web application was stopped. To prevent a memory leak, the JDBC Driver has been forcibly unregistered.
18-Apr-2020 07:49:29.284 WARNING [Thread-3] org.apache.catalina.loader.WebappClassLoaderBase.clearReferencesThreads The web application [c3269995_assignment2] appears to have started a thread named [mysql-cj-abandoned-connection-cleanup] but has failed to stop it. This is very likely to create a memory leak. Stack trace of thread:
 java.base@11.0.6/java.lang.Object.wait(Native Method)
 java.base@11.0.6/java.lang.ref.ReferenceQueue.remove(ReferenceQueue.java:155)
 com.mysql.cj.jdbc.AbandonedConnectionCleanupThread.run(AbandonedConnectionCleanupThread.java:85)
 java.base@11.0.6/java.util.concurrent.ThreadPoolExecutor.runWorker(ThreadPoolExecutor.java:1128)
 java.base@11.0.6/java.util.concurrent.ThreadPoolExecutor$Worker.run(ThreadPoolExecutor.java:628)
 java.base@11.0.6/java.lang.Thread.run(Thread.java:834)
18-Apr-2020 07:49:29.292 INFO [Thread-3] org.apache.coyote.AbstractProtocol.stop Stopping ProtocolHandler ["http-nio-8080"]
18-Apr-2020 07:49:29.294 INFO [Thread-3] org.apache.coyote.AbstractProtocol.destroy Destroying ProtocolHandler ["http-nio-8080"]
18-Apr-2020 07:50:03.590 INFO [main] org.apache.catalina.startup.VersionLoggerListener.log Server version name:   Apache Tomcat/9.0.34
18-Apr-2020 07:50:03.593 INFO [main] org.apache.catalina.startup.VersionLoggerListener.log Server built:          Apr 3 2020 12:02:52 UTC
18-Apr-2020 07:50:03.593 INFO [main] org.apache.catalina.startup.VersionLoggerListener.log Server version number: 9.0.34.0
18-Apr-2020 07:50:03.593 INFO [main] org.apache.catalina.startup.VersionLoggerListener.log OS Name:               Windows 10
18-Apr-2020 07:50:03.593 INFO [main] org.apache.catalina.startup.VersionLoggerListener.log OS Version:            10.0
18-Apr-2020 07:50:03.594 INFO [main] org.apache.catalina.startup.VersionLoggerListener.log Architecture:          amd64
18-Apr-2020 07:50:03.594 INFO [main] org.apache.catalina.startup.VersionLoggerListener.log Java Home:             C:\Program Files\Java\jdk-11.0.6
18-Apr-2020 07:50:03.594 INFO [main] org.apache.catalina.startup.VersionLoggerListener.log JVM Version:           11.0.6+8-LTS
18-Apr-2020 07:50:03.594 INFO [main] org.apache.catalina.startup.VersionLoggerListener.log JVM Vendor:            Oracle Corporation
18-Apr-2020 07:50:03.594 INFO [main] org.apache.catalina.startup.VersionLoggerListener.log CATALINA_BASE:         C:\Users\seanc\Documents\Git Hub\SENG2250-Web-Engineering\apache-tomcat-9.0.34\apache-tomcat-9.0.34
18-Apr-2020 07:50:03.595 INFO [main] org.apache.catalina.startup.VersionLoggerListener.log CATALINA_HOME:         C:\Users\seanc\Documents\Git Hub\SENG2250-Web-Engineering\apache-tomcat-9.0.34\apache-tomcat-9.0.34
18-Apr-2020 07:50:03.602 INFO [main] org.apache.catalina.startup.VersionLoggerListener.log Command line argument: --add-opens=java.base/java.lang=ALL-UNNAMED
18-Apr-2020 07:50:03.603 INFO [main] org.apache.catalina.startup.VersionLoggerListener.log Command line argument: --add-opens=java.base/java.io=ALL-UNNAMED
18-Apr-2020 07:50:03.603 INFO [main] org.apache.catalina.startup.VersionLoggerListener.log Command line argument: --add-opens=java.rmi/sun.rmi.transport=ALL-UNNAMED
18-Apr-2020 07:50:03.603 INFO [main] org.apache.catalina.startup.VersionLoggerListener.log Command line argument: -Djava.util.logging.config.file=C:\Users\seanc\Documents\Git Hub\SENG2250-Web-Engineering\apache-tomcat-9.0.34\apache-tomcat-9.0.34\conf\logging.properties
18-Apr-2020 07:50:03.604 INFO [main] org.apache.catalina.startup.VersionLoggerListener.log Command line argument: -Djava.util.logging.manager=org.apache.juli.ClassLoaderLogManager
18-Apr-2020 07:50:03.604 INFO [main] org.apache.catalina.startup.VersionLoggerListener.log Command line argument: -Djdk.tls.ephemeralDHKeySize=2048
18-Apr-2020 07:50:03.604 INFO [main] org.apache.catalina.startup.VersionLoggerListener.log Command line argument: -Djava.protocol.handler.pkgs=org.apache.catalina.webresources
18-Apr-2020 07:50:03.604 INFO [main] org.apache.catalina.startup.VersionLoggerListener.log Command line argument: -Dignore.endorsed.dirs=
18-Apr-2020 07:50:03.604 INFO [main] org.apache.catalina.startup.VersionLoggerListener.log Command line argument: -Dcatalina.base=C:\Users\seanc\Documents\Git Hub\SENG2250-Web-Engineering\apache-tomcat-9.0.34\apache-tomcat-9.0.34
18-Apr-2020 07:50:03.605 INFO [main] org.apache.catalina.startup.VersionLoggerListener.log Command line argument: -Dcatalina.home=C:\Users\seanc\Documents\Git Hub\SENG2250-Web-Engineering\apache-tomcat-9.0.34\apache-tomcat-9.0.34
18-Apr-2020 07:50:03.605 INFO [main] org.apache.catalina.startup.VersionLoggerListener.log Command line argument: -Djava.io.tmpdir=C:\Users\seanc\Documents\Git Hub\SENG2250-Web-Engineering\apache-tomcat-9.0.34\apache-tomcat-9.0.34\temp
18-Apr-2020 07:50:03.605 INFO [main] org.apache.catalina.core.AprLifecycleListener.lifecycleEvent The APR based Apache Tomcat Native library which allows optimal performance in production environments was not found on the java.library.path: [C:\Program Files\Java\jdk-11.0.6\bin;C:\Windows\Sun\Java\bin;C:\Windows\system32;C:\Windows;C:\Program Files (x86)\Razer Chroma SDK\bin;C:\Program Files\Razer Chroma SDK\bin;C:\Program Files (x86)\Razer\ChromaBroadcast\bin;C:\Program Files\Razer\ChromaBroadcast\bin;C:\Program Files (x86)\Common Files\Intel\Shared Libraries\redist\intel64\compiler;C:\Program Files (x86)\Common Files\Oracle\Java\javapath;C:\Windows\system32;C:\Windows;C:\Windows\System32\Wbem;C:\Windows\System32\WindowsPowerShell\v1.0\;C:\Windows\System32\OpenSSH\;C:\Program Files\NVIDIA Corporation\NVIDIA NvDLISR;C:\Program Files (x86)\NVIDIA Corporation\PhysX\Common;C:\Program Files\Microsoft SQL Server\Client SDK\ODBC\110\Tools\Binn\;C:\Program Files (x86)\Microsoft SQL Server\120\Tools\Binn\;C:\Program Files\Microsoft SQL Server\120\Tools\Binn\;C:\Program Files\Microsoft SQL Server\120\DTS\Binn\;C:\Program Files\WorldPainter;C:\Program Files\Git\cmd;C:\Windows\system32\config\systemprofile\AppData\Local\Microsoft\WindowsApps;C:\Users\seanc\AppData\Local\Programs\Python\Python37-32\Scripts\;C:\Users\seanc\AppData\Local\Programs\Python\Python37-32\;C:\RailsInstaller\Git\cmd;C:\RailsInstaller\Ruby2.3.3\bin;C:\Ruby26-x64\bin;C:\Users\seanc\AppData\Local\Microsoft\WindowsApps;C:\Users\seanc\AppData\Local\Programs\Microsoft VS Code\bin;C:\Users\seanc\AppData\Local\GitHubDesktop\bin;C:\Program Files\dotnet\;C:\Program Files\Microsoft SQL Server\130\Tools\Binn\;C:\Program Files\Microsoft SQL Server\Client SDK\ODBC\170\Tools\Binn\;C:\Program Files\Java\jdk-13.0.2\bin;C:\Program Files (x86)\Microsoft SQL Server\150\DTS\Binn\;C:\Program Files\MySQL\MySQL Shell 8.0\bin\;C:\Users\seanc\AppData\Local\Programs\Python\Python37-32\Scripts\;C:\Users\seanc\AppData\Local\Programs\Python\Python37-32\;C:\RailsInstaller\Git\cmd;C:\RailsInstaller\Ruby2.3.3\bin;C:\Ruby26-x64\bin;C:\Users\seanc\AppData\Local\Microsoft\WindowsApps;C:\Users\seanc\AppData\Local\Programs\Microsoft VS Code\bin;C:\Users\seanc\AppData\Local\GitHubDesktop\bin;C:\Program Files\Java\jdk-11.0.6\bin;;.]
18-Apr-2020 07:50:03.797 INFO [main] org.apache.coyote.AbstractProtocol.init Initializing ProtocolHandler ["http-nio-8080"]
18-Apr-2020 07:50:03.878 INFO [main] org.apache.catalina.startup.Catalina.load Server initialization in [421] milliseconds
18-Apr-2020 07:50:03.919 INFO [main] org.apache.catalina.core.StandardService.startInternal Starting service [Catalina]
18-Apr-2020 07:50:03.919 INFO [main] org.apache.catalina.core.StandardEngine.startInternal Starting Servlet engine: [Apache Tomcat/9.0.34]
18-Apr-2020 07:50:03.926 INFO [main] org.apache.catalina.startup.HostConfig.deployDirectory Deploying web application directory [C:\Users\seanc\Documents\Git Hub\SENG2250-Web-Engineering\apache-tomcat-9.0.34\apache-tomcat-9.0.34\webapps\c3269995_assignment2]
18-Apr-2020 07:50:04.525 WARNING [main] org.apache.tomcat.dbcp.dbcp2.BasicDataSourceFactory.getObjectInstance Name = MyConnection Property maxActive is not used in DBCP2, use maxTotal instead. maxTotal default value is 8. You have set value of "10" for "maxActive" property, which is being ignored.
18-Apr-2020 07:50:04.590 INFO [main] org.apache.jasper.servlet.TldScanner.scanJars At least one JAR was scanned for TLDs yet contained no TLDs. Enable debug logging for this logger for a complete list of JARs that were scanned but no TLDs were found in them. Skipping unneeded JARs during scanning can improve startup time and JSP compilation time.
18-Apr-2020 07:50:04.680 INFO [main] org.apache.catalina.startup.HostConfig.deployDirectory Deployment of web application directory [C:\Users\seanc\Documents\Git Hub\SENG2250-Web-Engineering\apache-tomcat-9.0.34\apache-tomcat-9.0.34\webapps\c3269995_assignment2] has finished in [753] ms
18-Apr-2020 07:50:04.680 INFO [main] org.apache.catalina.startup.HostConfig.deployDirectory Deploying web application directory [C:\Users\seanc\Documents\Git Hub\SENG2250-Web-Engineering\apache-tomcat-9.0.34\apache-tomcat-9.0.34\webapps\docs]
18-Apr-2020 07:50:04.700 INFO [main] org.apache.catalina.startup.HostConfig.deployDirectory Deployment of web application directory [C:\Users\seanc\Documents\Git Hub\SENG2250-Web-Engineering\apache-tomcat-9.0.34\apache-tomcat-9.0.34\webapps\docs] has finished in [20] ms
18-Apr-2020 07:50:04.701 INFO [main] org.apache.catalina.startup.HostConfig.deployDirectory Deploying web application directory [C:\Users\seanc\Documents\Git Hub\SENG2250-Web-Engineering\apache-tomcat-9.0.34\apache-tomcat-9.0.34\webapps\examples]
18-Apr-2020 07:50:04.916 INFO [main] org.apache.catalina.startup.HostConfig.deployDirectory Deployment of web application directory [C:\Users\seanc\Documents\Git Hub\SENG2250-Web-Engineering\apache-tomcat-9.0.34\apache-tomcat-9.0.34\webapps\examples] has finished in [215] ms
18-Apr-2020 07:50:04.917 INFO [main] org.apache.catalina.startup.HostConfig.deployDirectory Deploying web application directory [C:\Users\seanc\Documents\Git Hub\SENG2250-Web-Engineering\apache-tomcat-9.0.34\apache-tomcat-9.0.34\webapps\host-manager]
18-Apr-2020 07:50:04.942 INFO [main] org.apache.catalina.startup.HostConfig.deployDirectory Deployment of web application directory [C:\Users\seanc\Documents\Git Hub\SENG2250-Web-Engineering\apache-tomcat-9.0.34\apache-tomcat-9.0.34\webapps\host-manager] has finished in [25] ms
18-Apr-2020 07:50:04.942 INFO [main] org.apache.catalina.startup.HostConfig.deployDirectory Deploying web application directory [C:\Users\seanc\Documents\Git Hub\SENG2250-Web-Engineering\apache-tomcat-9.0.34\apache-tomcat-9.0.34\webapps\manager]
18-Apr-2020 07:50:04.964 INFO [main] org.apache.catalina.startup.HostConfig.deployDirectory Deployment of web application directory [C:\Users\seanc\Documents\Git Hub\SENG2250-Web-Engineering\apache-tomcat-9.0.34\apache-tomcat-9.0.34\webapps\manager] has finished in [22] ms
18-Apr-2020 07:50:04.965 INFO [main] org.apache.catalina.startup.HostConfig.deployDirectory Deploying web application directory [C:\Users\seanc\Documents\Git Hub\SENG2250-Web-Engineering\apache-tomcat-9.0.34\apache-tomcat-9.0.34\webapps\ROOT]
18-Apr-2020 07:50:04.987 INFO [main] org.apache.catalina.startup.HostConfig.deployDirectory Deployment of web application directory [C:\Users\seanc\Documents\Git Hub\SENG2250-Web-Engineering\apache-tomcat-9.0.34\apache-tomcat-9.0.34\webapps\ROOT] has finished in [22] ms
18-Apr-2020 07:50:04.990 INFO [main] org.apache.coyote.AbstractProtocol.start Starting ProtocolHandler ["http-nio-8080"]
18-Apr-2020 07:50:04.998 INFO [main] org.apache.catalina.startup.Catalina.start Server startup in [1,119] milliseconds
18-Apr-2020 07:52:12.543 INFO [Thread-3] org.apache.coyote.AbstractProtocol.pause Pausing ProtocolHandler ["http-nio-8080"]
18-Apr-2020 07:52:12.584 INFO [Thread-3] org.apache.catalina.core.StandardService.stopInternal Stopping service [Catalina]
18-Apr-2020 07:52:12.612 WARNING [Thread-3] org.apache.catalina.loader.WebappClassLoaderBase.clearReferencesJdbc The web application [c3269995_assignment2] registered the JDBC driver [com.mysql.cj.jdbc.Driver] but failed to unregister it when the web application was stopped. To prevent a memory leak, the JDBC Driver has been forcibly unregistered.
18-Apr-2020 07:52:12.613 WARNING [Thread-3] org.apache.catalina.loader.WebappClassLoaderBase.clearReferencesThreads The web application [c3269995_assignment2] appears to have started a thread named [mysql-cj-abandoned-connection-cleanup] but has failed to stop it. This is very likely to create a memory leak. Stack trace of thread:
 java.base@11.0.6/java.lang.Object.wait(Native Method)
 java.base@11.0.6/java.lang.ref.ReferenceQueue.remove(ReferenceQueue.java:155)
 com.mysql.cj.jdbc.AbandonedConnectionCleanupThread.run(AbandonedConnectionCleanupThread.java:85)
 java.base@11.0.6/java.util.concurrent.ThreadPoolExecutor.runWorker(ThreadPoolExecutor.java:1128)
 java.base@11.0.6/java.util.concurrent.ThreadPoolExecutor$Worker.run(ThreadPoolExecutor.java:628)
 java.base@11.0.6/java.lang.Thread.run(Thread.java:834)
18-Apr-2020 07:52:12.620 INFO [Thread-3] org.apache.coyote.AbstractProtocol.stop Stopping ProtocolHandler ["http-nio-8080"]
18-Apr-2020 07:52:12.623 INFO [Thread-3] org.apache.coyote.AbstractProtocol.destroy Destroying ProtocolHandler ["http-nio-8080"]
18-Apr-2020 09:22:12.067 INFO [main] org.apache.catalina.startup.VersionLoggerListener.log Server version name:   Apache Tomcat/9.0.34
18-Apr-2020 09:22:12.069 INFO [main] org.apache.catalina.startup.VersionLoggerListener.log Server built:          Apr 3 2020 12:02:52 UTC
18-Apr-2020 09:22:12.070 INFO [main] org.apache.catalina.startup.VersionLoggerListener.log Server version number: 9.0.34.0
18-Apr-2020 09:22:12.070 INFO [main] org.apache.catalina.startup.VersionLoggerListener.log OS Name:               Windows 10
18-Apr-2020 09:22:12.070 INFO [main] org.apache.catalina.startup.VersionLoggerListener.log OS Version:            10.0
18-Apr-2020 09:22:12.070 INFO [main] org.apache.catalina.startup.VersionLoggerListener.log Architecture:          amd64
18-Apr-2020 09:22:12.070 INFO [main] org.apache.catalina.startup.VersionLoggerListener.log Java Home:             C:\Program Files\Java\jdk-11.0.6
18-Apr-2020 09:22:12.071 INFO [main] org.apache.catalina.startup.VersionLoggerListener.log JVM Version:           11.0.6+8-LTS
18-Apr-2020 09:22:12.071 INFO [main] org.apache.catalina.startup.VersionLoggerListener.log JVM Vendor:            Oracle Corporation
18-Apr-2020 09:22:12.071 INFO [main] org.apache.catalina.startup.VersionLoggerListener.log CATALINA_BASE:         C:\Users\seanc\Documents\Git Hub\SENG2250-Web-Engineering\apache-tomcat-9.0.34\apache-tomcat-9.0.34
18-Apr-2020 09:22:12.071 INFO [main] org.apache.catalina.startup.VersionLoggerListener.log CATALINA_HOME:         C:\Users\seanc\Documents\Git Hub\SENG2250-Web-Engineering\apache-tomcat-9.0.34\apache-tomcat-9.0.34
18-Apr-2020 09:22:12.079 INFO [main] org.apache.catalina.startup.VersionLoggerListener.log Command line argument: --add-opens=java.base/java.lang=ALL-UNNAMED
18-Apr-2020 09:22:12.079 INFO [main] org.apache.catalina.startup.VersionLoggerListener.log Command line argument: --add-opens=java.base/java.io=ALL-UNNAMED
18-Apr-2020 09:22:12.079 INFO [main] org.apache.catalina.startup.VersionLoggerListener.log Command line argument: --add-opens=java.rmi/sun.rmi.transport=ALL-UNNAMED
18-Apr-2020 09:22:12.080 INFO [main] org.apache.catalina.startup.VersionLoggerListener.log Command line argument: -Djava.util.logging.config.file=C:\Users\seanc\Documents\Git Hub\SENG2250-Web-Engineering\apache-tomcat-9.0.34\apache-tomcat-9.0.34\conf\logging.properties
18-Apr-2020 09:22:12.080 INFO [main] org.apache.catalina.startup.VersionLoggerListener.log Command line argument: -Djava.util.logging.manager=org.apache.juli.ClassLoaderLogManager
18-Apr-2020 09:22:12.080 INFO [main] org.apache.catalina.startup.VersionLoggerListener.log Command line argument: -Djdk.tls.ephemeralDHKeySize=2048
18-Apr-2020 09:22:12.080 INFO [main] org.apache.catalina.startup.VersionLoggerListener.log Command line argument: -Djava.protocol.handler.pkgs=org.apache.catalina.webresources
18-Apr-2020 09:22:12.080 INFO [main] org.apache.catalina.startup.VersionLoggerListener.log Command line argument: -Dignore.endorsed.dirs=
18-Apr-2020 09:22:12.081 INFO [main] org.apache.catalina.startup.VersionLoggerListener.log Command line argument: -Dcatalina.base=C:\Users\seanc\Documents\Git Hub\SENG2250-Web-Engineering\apache-tomcat-9.0.34\apache-tomcat-9.0.34
18-Apr-2020 09:22:12.081 INFO [main] org.apache.catalina.startup.VersionLoggerListener.log Command line argument: -Dcatalina.home=C:\Users\seanc\Documents\Git Hub\SENG2250-Web-Engineering\apache-tomcat-9.0.34\apache-tomcat-9.0.34
18-Apr-2020 09:22:12.081 INFO [main] org.apache.catalina.startup.VersionLoggerListener.log Command line argument: -Djava.io.tmpdir=C:\Users\seanc\Documents\Git Hub\SENG2250-Web-Engineering\apache-tomcat-9.0.34\apache-tomcat-9.0.34\temp
18-Apr-2020 09:22:12.081 INFO [main] org.apache.catalina.core.AprLifecycleListener.lifecycleEvent The APR based Apache Tomcat Native library which allows optimal performance in production environments was not found on the java.library.path: [C:\Program Files\Java\jdk-11.0.6\bin;C:\Windows\Sun\Java\bin;C:\Windows\system32;C:\Windows;C:\Program Files (x86)\Razer Chroma SDK\bin;C:\Program Files\Razer Chroma SDK\bin;C:\Program Files (x86)\Razer\ChromaBroadcast\bin;C:\Program Files\Razer\ChromaBroadcast\bin;C:\Program Files (x86)\Common Files\Intel\Shared Libraries\redist\intel64\compiler;C:\Program Files (x86)\Common Files\Oracle\Java\javapath;C:\Windows\system32;C:\Windows;C:\Windows\System32\Wbem;C:\Windows\System32\WindowsPowerShell\v1.0\;C:\Windows\System32\OpenSSH\;C:\Program Files\NVIDIA Corporation\NVIDIA NvDLISR;C:\Program Files (x86)\NVIDIA Corporation\PhysX\Common;C:\Program Files\Microsoft SQL Server\Client SDK\ODBC\110\Tools\Binn\;C:\Program Files (x86)\Microsoft SQL Server\120\Tools\Binn\;C:\Program Files\Microsoft SQL Server\120\Tools\Binn\;C:\Program Files\Microsoft SQL Server\120\DTS\Binn\;C:\Program Files\WorldPainter;C:\Program Files\Git\cmd;C:\Windows\system32\config\systemprofile\AppData\Local\Microsoft\WindowsApps;C:\Users\seanc\AppData\Local\Programs\Python\Python37-32\Scripts\;C:\Users\seanc\AppData\Local\Programs\Python\Python37-32\;C:\RailsInstaller\Git\cmd;C:\RailsInstaller\Ruby2.3.3\bin;C:\Ruby26-x64\bin;C:\Users\seanc\AppData\Local\Microsoft\WindowsApps;C:\Users\seanc\AppData\Local\Programs\Microsoft VS Code\bin;C:\Users\seanc\AppData\Local\GitHubDesktop\bin;C:\Program Files\dotnet\;C:\Program Files\Microsoft SQL Server\130\Tools\Binn\;C:\Program Files\Microsoft SQL Server\Client SDK\ODBC\170\Tools\Binn\;C:\Program Files\Java\jdk-13.0.2\bin;C:\Program Files (x86)\Microsoft SQL Server\150\DTS\Binn\;C:\Program Files\MySQL\MySQL Shell 8.0\bin\;C:\Users\seanc\AppData\Local\Programs\Python\Python37-32\Scripts\;C:\Users\seanc\AppData\Local\Programs\Python\Python37-32\;C:\RailsInstaller\Git\cmd;C:\RailsInstaller\Ruby2.3.3\bin;C:\Ruby26-x64\bin;C:\Users\seanc\AppData\Local\Microsoft\WindowsApps;C:\Users\seanc\AppData\Local\Programs\Microsoft VS Code\bin;C:\Users\seanc\AppData\Local\GitHubDesktop\bin;C:\Program Files\Java\jdk-11.0.6\bin;;.]
18-Apr-2020 09:22:12.269 INFO [main] org.apache.coyote.AbstractProtocol.init Initializing ProtocolHandler ["http-nio-8080"]
18-Apr-2020 09:22:12.352 INFO [main] org.apache.catalina.startup.Catalina.load Server initialization in [424] milliseconds
18-Apr-2020 09:22:12.396 INFO [main] org.apache.catalina.core.StandardService.startInternal Starting service [Catalina]
18-Apr-2020 09:22:12.397 INFO [main] org.apache.catalina.core.StandardEngine.startInternal Starting Servlet engine: [Apache Tomcat/9.0.34]
18-Apr-2020 09:22:12.404 INFO [main] org.apache.catalina.startup.HostConfig.deployDirectory Deploying web application directory [C:\Users\seanc\Documents\Git Hub\SENG2250-Web-Engineering\apache-tomcat-9.0.34\apache-tomcat-9.0.34\webapps\c3269995_assignment2]
18-Apr-2020 09:22:13.052 WARNING [main] org.apache.tomcat.dbcp.dbcp2.BasicDataSourceFactory.getObjectInstance Name = MyConnection Property maxActive is not used in DBCP2, use maxTotal instead. maxTotal default value is 8. You have set value of "10" for "maxActive" property, which is being ignored.
18-Apr-2020 09:22:13.117 INFO [main] org.apache.jasper.servlet.TldScanner.scanJars At least one JAR was scanned for TLDs yet contained no TLDs. Enable debug logging for this logger for a complete list of JARs that were scanned but no TLDs were found in them. Skipping unneeded JARs during scanning can improve startup time and JSP compilation time.
18-Apr-2020 09:22:13.205 INFO [main] org.apache.catalina.startup.HostConfig.deployDirectory Deployment of web application directory [C:\Users\seanc\Documents\Git Hub\SENG2250-Web-Engineering\apache-tomcat-9.0.34\apache-tomcat-9.0.34\webapps\c3269995_assignment2] has finished in [801] ms
18-Apr-2020 09:22:13.206 INFO [main] org.apache.catalina.startup.HostConfig.deployDirectory Deploying web application directory [C:\Users\seanc\Documents\Git Hub\SENG2250-Web-Engineering\apache-tomcat-9.0.34\apache-tomcat-9.0.34\webapps\docs]
18-Apr-2020 09:22:13.225 INFO [main] org.apache.catalina.startup.HostConfig.deployDirectory Deployment of web application directory [C:\Users\seanc\Documents\Git Hub\SENG2250-Web-Engineering\apache-tomcat-9.0.34\apache-tomcat-9.0.34\webapps\docs] has finished in [19] ms
18-Apr-2020 09:22:13.226 INFO [main] org.apache.catalina.startup.HostConfig.deployDirectory Deploying web application directory [C:\Users\seanc\Documents\Git Hub\SENG2250-Web-Engineering\apache-tomcat-9.0.34\apache-tomcat-9.0.34\webapps\examples]
18-Apr-2020 09:22:13.420 INFO [main] org.apache.catalina.startup.HostConfig.deployDirectory Deployment of web application directory [C:\Users\seanc\Documents\Git Hub\SENG2250-Web-Engineering\apache-tomcat-9.0.34\apache-tomcat-9.0.34\webapps\examples] has finished in [194] ms
18-Apr-2020 09:22:13.420 INFO [main] org.apache.catalina.startup.HostConfig.deployDirectory Deploying web application directory [C:\Users\seanc\Documents\Git Hub\SENG2250-Web-Engineering\apache-tomcat-9.0.34\apache-tomcat-9.0.34\webapps\host-manager]
18-Apr-2020 09:22:13.446 INFO [main] org.apache.catalina.startup.HostConfig.deployDirectory Deployment of web application directory [C:\Users\seanc\Documents\Git Hub\SENG2250-Web-Engineering\apache-tomcat-9.0.34\apache-tomcat-9.0.34\webapps\host-manager] has finished in [25] ms
18-Apr-2020 09:22:13.446 INFO [main] org.apache.catalina.startup.HostConfig.deployDirectory Deploying web application directory [C:\Users\seanc\Documents\Git Hub\SENG2250-Web-Engineering\apache-tomcat-9.0.34\apache-tomcat-9.0.34\webapps\manager]
18-Apr-2020 09:22:13.469 INFO [main] org.apache.catalina.startup.HostConfig.deployDirectory Deployment of web application directory [C:\Users\seanc\Documents\Git Hub\SENG2250-Web-Engineering\apache-tomcat-9.0.34\apache-tomcat-9.0.34\webapps\manager] has finished in [23] ms
18-Apr-2020 09:22:13.470 INFO [main] org.apache.catalina.startup.HostConfig.deployDirectory Deploying web application directory [C:\Users\seanc\Documents\Git Hub\SENG2250-Web-Engineering\apache-tomcat-9.0.34\apache-tomcat-9.0.34\webapps\ROOT]
18-Apr-2020 09:22:13.491 INFO [main] org.apache.catalina.startup.HostConfig.deployDirectory Deployment of web application directory [C:\Users\seanc\Documents\Git Hub\SENG2250-Web-Engineering\apache-tomcat-9.0.34\apache-tomcat-9.0.34\webapps\ROOT] has finished in [21] ms
18-Apr-2020 09:22:13.494 INFO [main] org.apache.coyote.AbstractProtocol.start Starting ProtocolHandler ["http-nio-8080"]
18-Apr-2020 09:22:13.501 INFO [main] org.apache.catalina.startup.Catalina.start Server startup in [1,147] milliseconds
18-Apr-2020 09:26:00.126 INFO [Thread-3] org.apache.coyote.AbstractProtocol.pause Pausing ProtocolHandler ["http-nio-8080"]
18-Apr-2020 09:26:00.170 INFO [Thread-3] org.apache.catalina.core.StandardService.stopInternal Stopping service [Catalina]
18-Apr-2020 09:26:00.195 WARNING [Thread-3] org.apache.catalina.loader.WebappClassLoaderBase.clearReferencesJdbc The web application [c3269995_assignment2] registered the JDBC driver [com.mysql.cj.jdbc.Driver] but failed to unregister it when the web application was stopped. To prevent a memory leak, the JDBC Driver has been forcibly unregistered.
18-Apr-2020 09:26:00.196 WARNING [Thread-3] org.apache.catalina.loader.WebappClassLoaderBase.clearReferencesThreads The web application [c3269995_assignment2] appears to have started a thread named [mysql-cj-abandoned-connection-cleanup] but has failed to stop it. This is very likely to create a memory leak. Stack trace of thread:
 java.base@11.0.6/java.lang.Object.wait(Native Method)
 java.base@11.0.6/java.lang.ref.ReferenceQueue.remove(ReferenceQueue.java:155)
 com.mysql.cj.jdbc.AbandonedConnectionCleanupThread.run(AbandonedConnectionCleanupThread.java:85)
 java.base@11.0.6/java.util.concurrent.ThreadPoolExecutor.runWorker(ThreadPoolExecutor.java:1128)
 java.base@11.0.6/java.util.concurrent.ThreadPoolExecutor$Worker.run(ThreadPoolExecutor.java:628)
 java.base@11.0.6/java.lang.Thread.run(Thread.java:834)
18-Apr-2020 09:26:00.202 INFO [Thread-3] org.apache.coyote.AbstractProtocol.stop Stopping ProtocolHandler ["http-nio-8080"]
18-Apr-2020 09:26:00.204 INFO [Thread-3] org.apache.coyote.AbstractProtocol.destroy Destroying ProtocolHandler ["http-nio-8080"]
18-Apr-2020 09:33:00.020 INFO [main] org.apache.catalina.startup.VersionLoggerListener.log Server version name:   Apache Tomcat/9.0.34
18-Apr-2020 09:33:00.024 INFO [main] org.apache.catalina.startup.VersionLoggerListener.log Server built:          Apr 3 2020 12:02:52 UTC
18-Apr-2020 09:33:00.026 INFO [main] org.apache.catalina.startup.VersionLoggerListener.log Server version number: 9.0.34.0
18-Apr-2020 09:33:00.028 INFO [main] org.apache.catalina.startup.VersionLoggerListener.log OS Name:               Windows 10
18-Apr-2020 09:33:00.029 INFO [main] org.apache.catalina.startup.VersionLoggerListener.log OS Version:            10.0
18-Apr-2020 09:33:00.029 INFO [main] org.apache.catalina.startup.VersionLoggerListener.log Architecture:          amd64
18-Apr-2020 09:33:00.029 INFO [main] org.apache.catalina.startup.VersionLoggerListener.log Java Home:             C:\Program Files\Java\jdk-11.0.6
18-Apr-2020 09:33:00.030 INFO [main] org.apache.catalina.startup.VersionLoggerListener.log JVM Version:           11.0.6+8-LTS
18-Apr-2020 09:33:00.030 INFO [main] org.apache.catalina.startup.VersionLoggerListener.log JVM Vendor:            Oracle Corporation
18-Apr-2020 09:33:00.030 INFO [main] org.apache.catalina.startup.VersionLoggerListener.log CATALINA_BASE:         C:\Users\seanc\Documents\Git Hub\SENG2250-Web-Engineering\apache-tomcat-9.0.34\apache-tomcat-9.0.34
18-Apr-2020 09:33:00.031 INFO [main] org.apache.catalina.startup.VersionLoggerListener.log CATALINA_HOME:         C:\Users\seanc\Documents\Git Hub\SENG2250-Web-Engineering\apache-tomcat-9.0.34\apache-tomcat-9.0.34
18-Apr-2020 09:33:00.036 INFO [main] org.apache.catalina.startup.VersionLoggerListener.log Command line argument: --add-opens=java.base/java.lang=ALL-UNNAMED
18-Apr-2020 09:33:00.036 INFO [main] org.apache.catalina.startup.VersionLoggerListener.log Command line argument: --add-opens=java.base/java.io=ALL-UNNAMED
18-Apr-2020 09:33:00.036 INFO [main] org.apache.catalina.startup.VersionLoggerListener.log Command line argument: --add-opens=java.rmi/sun.rmi.transport=ALL-UNNAMED
18-Apr-2020 09:33:00.037 INFO [main] org.apache.catalina.startup.VersionLoggerListener.log Command line argument: -Djava.util.logging.config.file=C:\Users\seanc\Documents\Git Hub\SENG2250-Web-Engineering\apache-tomcat-9.0.34\apache-tomcat-9.0.34\conf\logging.properties
18-Apr-2020 09:33:00.037 INFO [main] org.apache.catalina.startup.VersionLoggerListener.log Command line argument: -Djava.util.logging.manager=org.apache.juli.ClassLoaderLogManager
18-Apr-2020 09:33:00.038 INFO [main] org.apache.catalina.startup.VersionLoggerListener.log Command line argument: -Djdk.tls.ephemeralDHKeySize=2048
18-Apr-2020 09:33:00.038 INFO [main] org.apache.catalina.startup.VersionLoggerListener.log Command line argument: -Djava.protocol.handler.pkgs=org.apache.catalina.webresources
18-Apr-2020 09:33:00.038 INFO [main] org.apache.catalina.startup.VersionLoggerListener.log Command line argument: -Dignore.endorsed.dirs=
18-Apr-2020 09:33:00.038 INFO [main] org.apache.catalina.startup.VersionLoggerListener.log Command line argument: -Dcatalina.base=C:\Users\seanc\Documents\Git Hub\SENG2250-Web-Engineering\apache-tomcat-9.0.34\apache-tomcat-9.0.34
18-Apr-2020 09:33:00.039 INFO [main] org.apache.catalina.startup.VersionLoggerListener.log Command line argument: -Dcatalina.home=C:\Users\seanc\Documents\Git Hub\SENG2250-Web-Engineering\apache-tomcat-9.0.34\apache-tomcat-9.0.34
18-Apr-2020 09:33:00.039 INFO [main] org.apache.catalina.startup.VersionLoggerListener.log Command line argument: -Djava.io.tmpdir=C:\Users\seanc\Documents\Git Hub\SENG2250-Web-Engineering\apache-tomcat-9.0.34\apache-tomcat-9.0.34\temp
18-Apr-2020 09:33:00.040 INFO [main] org.apache.catalina.core.AprLifecycleListener.lifecycleEvent The APR based Apache Tomcat Native library which allows optimal performance in production environments was not found on the java.library.path: [C:\Program Files\Java\jdk-11.0.6\bin;C:\Windows\Sun\Java\bin;C:\Windows\system32;C:\Windows;C:\Program Files (x86)\Razer Chroma SDK\bin;C:\Program Files\Razer Chroma SDK\bin;C:\Program Files (x86)\Razer\ChromaBroadcast\bin;C:\Program Files\Razer\ChromaBroadcast\bin;C:\Program Files (x86)\Common Files\Intel\Shared Libraries\redist\intel64\compiler;C:\Program Files (x86)\Common Files\Oracle\Java\javapath;C:\Windows\system32;C:\Windows;C:\Windows\System32\Wbem;C:\Windows\System32\WindowsPowerShell\v1.0\;C:\Windows\System32\OpenSSH\;C:\Program Files\NVIDIA Corporation\NVIDIA NvDLISR;C:\Program Files (x86)\NVIDIA Corporation\PhysX\Common;C:\Program Files\Microsoft SQL Server\Client SDK\ODBC\110\Tools\Binn\;C:\Program Files (x86)\Microsoft SQL Server\120\Tools\Binn\;C:\Program Files\Microsoft SQL Server\120\Tools\Binn\;C:\Program Files\Microsoft SQL Server\120\DTS\Binn\;C:\Program Files\WorldPainter;C:\Program Files\Git\cmd;C:\Windows\system32\config\systemprofile\AppData\Local\Microsoft\WindowsApps;C:\Users\seanc\AppData\Local\Programs\Python\Python37-32\Scripts\;C:\Users\seanc\AppData\Local\Programs\Python\Python37-32\;C:\RailsInstaller\Git\cmd;C:\RailsInstaller\Ruby2.3.3\bin;C:\Ruby26-x64\bin;C:\Users\seanc\AppData\Local\Microsoft\WindowsApps;C:\Users\seanc\AppData\Local\Programs\Microsoft VS Code\bin;C:\Users\seanc\AppData\Local\GitHubDesktop\bin;C:\Program Files\dotnet\;C:\Program Files\Microsoft SQL Server\130\Tools\Binn\;C:\Program Files\Microsoft SQL Server\Client SDK\ODBC\170\Tools\Binn\;C:\Program Files\Java\jdk-13.0.2\bin;C:\Program Files (x86)\Microsoft SQL Server\150\DTS\Binn\;C:\Program Files\MySQL\MySQL Shell 8.0\bin\;C:\Users\seanc\AppData\Local\Programs\Python\Python37-32\Scripts\;C:\Users\seanc\AppData\Local\Programs\Python\Python37-32\;C:\RailsInstaller\Git\cmd;C:\RailsInstaller\Ruby2.3.3\bin;C:\Ruby26-x64\bin;C:\Users\seanc\AppData\Local\Microsoft\WindowsApps;C:\Users\seanc\AppData\Local\Programs\Microsoft VS Code\bin;C:\Users\seanc\AppData\Local\GitHubDesktop\bin;C:\Program Files\Java\jdk-11.0.6\bin;;.]
18-Apr-2020 09:33:00.227 INFO [main] org.apache.coyote.AbstractProtocol.init Initializing ProtocolHandler ["http-nio-8080"]
18-Apr-2020 09:33:00.303 INFO [main] org.apache.catalina.startup.Catalina.load Server initialization in [433] milliseconds
18-Apr-2020 09:33:00.341 INFO [main] org.apache.catalina.core.StandardService.startInternal Starting service [Catalina]
18-Apr-2020 09:33:00.341 INFO [main] org.apache.catalina.core.StandardEngine.startInternal Starting Servlet engine: [Apache Tomcat/9.0.34]
18-Apr-2020 09:33:00.347 INFO [main] org.apache.catalina.startup.HostConfig.deployDirectory Deploying web application directory [C:\Users\seanc\Documents\Git Hub\SENG2250-Web-Engineering\apache-tomcat-9.0.34\apache-tomcat-9.0.34\webapps\c3269995_assignment2]
18-Apr-2020 09:33:00.842 WARNING [main] org.apache.tomcat.dbcp.dbcp2.BasicDataSourceFactory.getObjectInstance Name = MyConnection Property maxActive is not used in DBCP2, use maxTotal instead. maxTotal default value is 8. You have set value of "10" for "maxActive" property, which is being ignored.
18-Apr-2020 09:33:00.902 INFO [main] org.apache.jasper.servlet.TldScanner.scanJars At least one JAR was scanned for TLDs yet contained no TLDs. Enable debug logging for this logger for a complete list of JARs that were scanned but no TLDs were found in them. Skipping unneeded JARs during scanning can improve startup time and JSP compilation time.
18-Apr-2020 09:33:00.990 INFO [main] org.apache.catalina.startup.HostConfig.deployDirectory Deployment of web application directory [C:\Users\seanc\Documents\Git Hub\SENG2250-Web-Engineering\apache-tomcat-9.0.34\apache-tomcat-9.0.34\webapps\c3269995_assignment2] has finished in [643] ms
18-Apr-2020 09:33:00.990 INFO [main] org.apache.catalina.startup.HostConfig.deployDirectory Deploying web application directory [C:\Users\seanc\Documents\Git Hub\SENG2250-Web-Engineering\apache-tomcat-9.0.34\apache-tomcat-9.0.34\webapps\docs]
18-Apr-2020 09:33:01.008 INFO [main] org.apache.catalina.startup.HostConfig.deployDirectory Deployment of web application directory [C:\Users\seanc\Documents\Git Hub\SENG2250-Web-Engineering\apache-tomcat-9.0.34\apache-tomcat-9.0.34\webapps\docs] has finished in [18] ms
18-Apr-2020 09:33:01.009 INFO [main] org.apache.catalina.startup.HostConfig.deployDirectory Deploying web application directory [C:\Users\seanc\Documents\Git Hub\SENG2250-Web-Engineering\apache-tomcat-9.0.34\apache-tomcat-9.0.34\webapps\examples]
18-Apr-2020 09:33:01.216 INFO [main] org.apache.catalina.startup.HostConfig.deployDirectory Deployment of web application directory [C:\Users\seanc\Documents\Git Hub\SENG2250-Web-Engineering\apache-tomcat-9.0.34\apache-tomcat-9.0.34\webapps\examples] has finished in [207] ms
18-Apr-2020 09:33:01.217 INFO [main] org.apache.catalina.startup.HostConfig.deployDirectory Deploying web application directory [C:\Users\seanc\Documents\Git Hub\SENG2250-Web-Engineering\apache-tomcat-9.0.34\apache-tomcat-9.0.34\webapps\host-manager]
18-Apr-2020 09:33:01.243 INFO [main] org.apache.catalina.startup.HostConfig.deployDirectory Deployment of web application directory [C:\Users\seanc\Documents\Git Hub\SENG2250-Web-Engineering\apache-tomcat-9.0.34\apache-tomcat-9.0.34\webapps\host-manager] has finished in [26] ms
18-Apr-2020 09:33:01.244 INFO [main] org.apache.catalina.startup.HostConfig.deployDirectory Deploying web application directory [C:\Users\seanc\Documents\Git Hub\SENG2250-Web-Engineering\apache-tomcat-9.0.34\apache-tomcat-9.0.34\webapps\manager]
18-Apr-2020 09:33:01.265 INFO [main] org.apache.catalina.startup.HostConfig.deployDirectory Deployment of web application directory [C:\Users\seanc\Documents\Git Hub\SENG2250-Web-Engineering\apache-tomcat-9.0.34\apache-tomcat-9.0.34\webapps\manager] has finished in [22] ms
18-Apr-2020 09:33:01.269 INFO [main] org.apache.catalina.startup.HostConfig.deployDirectory Deploying web application directory [C:\Users\seanc\Documents\Git Hub\SENG2250-Web-Engineering\apache-tomcat-9.0.34\apache-tomcat-9.0.34\webapps\ROOT]
18-Apr-2020 09:33:01.288 INFO [main] org.apache.catalina.startup.HostConfig.deployDirectory Deployment of web application directory [C:\Users\seanc\Documents\Git Hub\SENG2250-Web-Engineering\apache-tomcat-9.0.34\apache-tomcat-9.0.34\webapps\ROOT] has finished in [18] ms
18-Apr-2020 09:33:01.291 INFO [main] org.apache.coyote.AbstractProtocol.start Starting ProtocolHandler ["http-nio-8080"]
18-Apr-2020 09:33:01.298 INFO [main] org.apache.catalina.startup.Catalina.start Server startup in [994] milliseconds
18-Apr-2020 09:45:54.185 INFO [Thread-3] org.apache.coyote.AbstractProtocol.pause Pausing ProtocolHandler ["http-nio-8080"]
18-Apr-2020 09:45:54.226 INFO [Thread-3] org.apache.catalina.core.StandardService.stopInternal Stopping service [Catalina]
18-Apr-2020 09:45:54.258 WARNING [Thread-3] org.apache.catalina.loader.WebappClassLoaderBase.clearReferencesJdbc The web application [c3269995_assignment2] registered the JDBC driver [com.mysql.cj.jdbc.Driver] but failed to unregister it when the web application was stopped. To prevent a memory leak, the JDBC Driver has been forcibly unregistered.
18-Apr-2020 09:45:54.258 WARNING [Thread-3] org.apache.catalina.loader.WebappClassLoaderBase.clearReferencesThreads The web application [c3269995_assignment2] appears to have started a thread named [mysql-cj-abandoned-connection-cleanup] but has failed to stop it. This is very likely to create a memory leak. Stack trace of thread:
 java.base@11.0.6/java.lang.Object.wait(Native Method)
 java.base@11.0.6/java.lang.ref.ReferenceQueue.remove(ReferenceQueue.java:155)
 com.mysql.cj.jdbc.AbandonedConnectionCleanupThread.run(AbandonedConnectionCleanupThread.java:85)
 java.base@11.0.6/java.util.concurrent.ThreadPoolExecutor.runWorker(ThreadPoolExecutor.java:1128)
 java.base@11.0.6/java.util.concurrent.ThreadPoolExecutor$Worker.run(ThreadPoolExecutor.java:628)
 java.base@11.0.6/java.lang.Thread.run(Thread.java:834)
18-Apr-2020 09:45:54.267 INFO [Thread-3] org.apache.coyote.AbstractProtocol.stop Stopping ProtocolHandler ["http-nio-8080"]
18-Apr-2020 09:45:54.269 INFO [Thread-3] org.apache.coyote.AbstractProtocol.destroy Destroying ProtocolHandler ["http-nio-8080"]
18-Apr-2020 10:18:49.704 INFO [main] org.apache.catalina.startup.VersionLoggerListener.log Server version name:   Apache Tomcat/9.0.34
18-Apr-2020 10:18:49.707 INFO [main] org.apache.catalina.startup.VersionLoggerListener.log Server built:          Apr 3 2020 12:02:52 UTC
18-Apr-2020 10:18:49.707 INFO [main] org.apache.catalina.startup.VersionLoggerListener.log Server version number: 9.0.34.0
18-Apr-2020 10:18:49.708 INFO [main] org.apache.catalina.startup.VersionLoggerListener.log OS Name:               Windows 10
18-Apr-2020 10:18:49.708 INFO [main] org.apache.catalina.startup.VersionLoggerListener.log OS Version:            10.0
18-Apr-2020 10:18:49.708 INFO [main] org.apache.catalina.startup.VersionLoggerListener.log Architecture:          amd64
18-Apr-2020 10:18:49.708 INFO [main] org.apache.catalina.startup.VersionLoggerListener.log Java Home:             C:\Program Files\Java\jdk-11.0.6
18-Apr-2020 10:18:49.709 INFO [main] org.apache.catalina.startup.VersionLoggerListener.log JVM Version:           11.0.6+8-LTS
18-Apr-2020 10:18:49.709 INFO [main] org.apache.catalina.startup.VersionLoggerListener.log JVM Vendor:            Oracle Corporation
18-Apr-2020 10:18:49.709 INFO [main] org.apache.catalina.startup.VersionLoggerListener.log CATALINA_BASE:         C:\Users\seanc\Documents\Git Hub\SENG2250-Web-Engineering\apache-tomcat-9.0.34\apache-tomcat-9.0.34
18-Apr-2020 10:18:49.709 INFO [main] org.apache.catalina.startup.VersionLoggerListener.log CATALINA_HOME:         C:\Users\seanc\Documents\Git Hub\SENG2250-Web-Engineering\apache-tomcat-9.0.34\apache-tomcat-9.0.34
18-Apr-2020 10:18:49.716 INFO [main] org.apache.catalina.startup.VersionLoggerListener.log Command line argument: --add-opens=java.base/java.lang=ALL-UNNAMED
18-Apr-2020 10:18:49.717 INFO [main] org.apache.catalina.startup.VersionLoggerListener.log Command line argument: --add-opens=java.base/java.io=ALL-UNNAMED
18-Apr-2020 10:18:49.717 INFO [main] org.apache.catalina.startup.VersionLoggerListener.log Command line argument: --add-opens=java.rmi/sun.rmi.transport=ALL-UNNAMED
18-Apr-2020 10:18:49.717 INFO [main] org.apache.catalina.startup.VersionLoggerListener.log Command line argument: -Djava.util.logging.config.file=C:\Users\seanc\Documents\Git Hub\SENG2250-Web-Engineering\apache-tomcat-9.0.34\apache-tomcat-9.0.34\conf\logging.properties
18-Apr-2020 10:18:49.717 INFO [main] org.apache.catalina.startup.VersionLoggerListener.log Command line argument: -Djava.util.logging.manager=org.apache.juli.ClassLoaderLogManager
18-Apr-2020 10:18:49.717 INFO [main] org.apache.catalina.startup.VersionLoggerListener.log Command line argument: -Djdk.tls.ephemeralDHKeySize=2048
18-Apr-2020 10:18:49.718 INFO [main] org.apache.catalina.startup.VersionLoggerListener.log Command line argument: -Djava.protocol.handler.pkgs=org.apache.catalina.webresources
18-Apr-2020 10:18:49.718 INFO [main] org.apache.catalina.startup.VersionLoggerListener.log Command line argument: -Dignore.endorsed.dirs=
18-Apr-2020 10:18:49.718 INFO [main] org.apache.catalina.startup.VersionLoggerListener.log Command line argument: -Dcatalina.base=C:\Users\seanc\Documents\Git Hub\SENG2250-Web-Engineering\apache-tomcat-9.0.34\apache-tomcat-9.0.34
18-Apr-2020 10:18:49.718 INFO [main] org.apache.catalina.startup.VersionLoggerListener.log Command line argument: -Dcatalina.home=C:\Users\seanc\Documents\Git Hub\SENG2250-Web-Engineering\apache-tomcat-9.0.34\apache-tomcat-9.0.34
18-Apr-2020 10:18:49.719 INFO [main] org.apache.catalina.startup.VersionLoggerListener.log Command line argument: -Djava.io.tmpdir=C:\Users\seanc\Documents\Git Hub\SENG2250-Web-Engineering\apache-tomcat-9.0.34\apache-tomcat-9.0.34\temp
18-Apr-2020 10:18:49.719 INFO [main] org.apache.catalina.core.AprLifecycleListener.lifecycleEvent The APR based Apache Tomcat Native library which allows optimal performance in production environments was not found on the java.library.path: [C:\Program Files\Java\jdk-11.0.6\bin;C:\Windows\Sun\Java\bin;C:\Windows\system32;C:\Windows;C:\Program Files (x86)\Razer Chroma SDK\bin;C:\Program Files\Razer Chroma SDK\bin;C:\Program Files (x86)\Razer\ChromaBroadcast\bin;C:\Program Files\Razer\ChromaBroadcast\bin;C:\Program Files (x86)\Common Files\Intel\Shared Libraries\redist\intel64\compiler;C:\Program Files (x86)\Common Files\Oracle\Java\javapath;C:\Windows\system32;C:\Windows;C:\Windows\System32\Wbem;C:\Windows\System32\WindowsPowerShell\v1.0\;C:\Windows\System32\OpenSSH\;C:\Program Files\NVIDIA Corporation\NVIDIA NvDLISR;C:\Program Files (x86)\NVIDIA Corporation\PhysX\Common;C:\Program Files\Microsoft SQL Server\Client SDK\ODBC\110\Tools\Binn\;C:\Program Files (x86)\Microsoft SQL Server\120\Tools\Binn\;C:\Program Files\Microsoft SQL Server\120\Tools\Binn\;C:\Program Files\Microsoft SQL Server\120\DTS\Binn\;C:\Program Files\WorldPainter;C:\Program Files\Git\cmd;C:\Windows\system32\config\systemprofile\AppData\Local\Microsoft\WindowsApps;C:\Users\seanc\AppData\Local\Programs\Python\Python37-32\Scripts\;C:\Users\seanc\AppData\Local\Programs\Python\Python37-32\;C:\RailsInstaller\Git\cmd;C:\RailsInstaller\Ruby2.3.3\bin;C:\Ruby26-x64\bin;C:\Users\seanc\AppData\Local\Microsoft\WindowsApps;C:\Users\seanc\AppData\Local\Programs\Microsoft VS Code\bin;C:\Users\seanc\AppData\Local\GitHubDesktop\bin;C:\Program Files\dotnet\;C:\Program Files\Microsoft SQL Server\130\Tools\Binn\;C:\Program Files\Microsoft SQL Server\Client SDK\ODBC\170\Tools\Binn\;C:\Program Files\Java\jdk-13.0.2\bin;C:\Program Files (x86)\Microsoft SQL Server\150\DTS\Binn\;C:\Program Files\MySQL\MySQL Shell 8.0\bin\;C:\Users\seanc\AppData\Local\Programs\Python\Python37-32\Scripts\;C:\Users\seanc\AppData\Local\Programs\Python\Python37-32\;C:\RailsInstaller\Git\cmd;C:\RailsInstaller\Ruby2.3.3\bin;C:\Ruby26-x64\bin;C:\Users\seanc\AppData\Local\Microsoft\WindowsApps;C:\Users\seanc\AppData\Local\Programs\Microsoft VS Code\bin;C:\Users\seanc\AppData\Local\GitHubDesktop\bin;C:\Program Files\Java\jdk-11.0.6\bin;;.]
18-Apr-2020 10:18:49.906 INFO [main] org.apache.coyote.AbstractProtocol.init Initializing ProtocolHandler ["http-nio-8080"]
18-Apr-2020 10:18:49.982 INFO [main] org.apache.catalina.startup.Catalina.load Server initialization in [416] milliseconds
18-Apr-2020 10:18:50.018 INFO [main] org.apache.catalina.core.StandardService.startInternal Starting service [Catalina]
18-Apr-2020 10:18:50.018 INFO [main] org.apache.catalina.core.StandardEngine.startInternal Starting Servlet engine: [Apache Tomcat/9.0.34]
18-Apr-2020 10:18:50.026 INFO [main] org.apache.catalina.startup.HostConfig.deployDirectory Deploying web application directory [C:\Users\seanc\Documents\Git Hub\SENG2250-Web-Engineering\apache-tomcat-9.0.34\apache-tomcat-9.0.34\webapps\c3269995_assignment2]
18-Apr-2020 10:18:50.530 WARNING [main] org.apache.tomcat.dbcp.dbcp2.BasicDataSourceFactory.getObjectInstance Name = MyConnection Property maxActive is not used in DBCP2, use maxTotal instead. maxTotal default value is 8. You have set value of "10" for "maxActive" property, which is being ignored.
18-Apr-2020 10:18:50.593 INFO [main] org.apache.jasper.servlet.TldScanner.scanJars At least one JAR was scanned for TLDs yet contained no TLDs. Enable debug logging for this logger for a complete list of JARs that were scanned but no TLDs were found in them. Skipping unneeded JARs during scanning can improve startup time and JSP compilation time.
18-Apr-2020 10:18:50.682 INFO [main] org.apache.catalina.startup.HostConfig.deployDirectory Deployment of web application directory [C:\Users\seanc\Documents\Git Hub\SENG2250-Web-Engineering\apache-tomcat-9.0.34\apache-tomcat-9.0.34\webapps\c3269995_assignment2] has finished in [656] ms
18-Apr-2020 10:18:50.683 INFO [main] org.apache.catalina.startup.HostConfig.deployDirectory Deploying web application directory [C:\Users\seanc\Documents\Git Hub\SENG2250-Web-Engineering\apache-tomcat-9.0.34\apache-tomcat-9.0.34\webapps\docs]
18-Apr-2020 10:18:50.702 INFO [main] org.apache.catalina.startup.HostConfig.deployDirectory Deployment of web application directory [C:\Users\seanc\Documents\Git Hub\SENG2250-Web-Engineering\apache-tomcat-9.0.34\apache-tomcat-9.0.34\webapps\docs] has finished in [18] ms
18-Apr-2020 10:18:50.702 INFO [main] org.apache.catalina.startup.HostConfig.deployDirectory Deploying web application directory [C:\Users\seanc\Documents\Git Hub\SENG2250-Web-Engineering\apache-tomcat-9.0.34\apache-tomcat-9.0.34\webapps\examples]
18-Apr-2020 10:18:50.910 INFO [main] org.apache.catalina.startup.HostConfig.deployDirectory Deployment of web application directory [C:\Users\seanc\Documents\Git Hub\SENG2250-Web-Engineering\apache-tomcat-9.0.34\apache-tomcat-9.0.34\webapps\examples] has finished in [208] ms
18-Apr-2020 10:18:50.911 INFO [main] org.apache.catalina.startup.HostConfig.deployDirectory Deploying web application directory [C:\Users\seanc\Documents\Git Hub\SENG2250-Web-Engineering\apache-tomcat-9.0.34\apache-tomcat-9.0.34\webapps\host-manager]
18-Apr-2020 10:18:50.935 INFO [main] org.apache.catalina.startup.HostConfig.deployDirectory Deployment of web application directory [C:\Users\seanc\Documents\Git Hub\SENG2250-Web-Engineering\apache-tomcat-9.0.34\apache-tomcat-9.0.34\webapps\host-manager] has finished in [24] ms
18-Apr-2020 10:18:50.935 INFO [main] org.apache.catalina.startup.HostConfig.deployDirectory Deploying web application directory [C:\Users\seanc\Documents\Git Hub\SENG2250-Web-Engineering\apache-tomcat-9.0.34\apache-tomcat-9.0.34\webapps\manager]
18-Apr-2020 10:18:50.957 INFO [main] org.apache.catalina.startup.HostConfig.deployDirectory Deployment of web application directory [C:\Users\seanc\Documents\Git Hub\SENG2250-Web-Engineering\apache-tomcat-9.0.34\apache-tomcat-9.0.34\webapps\manager] has finished in [22] ms
18-Apr-2020 10:18:50.958 INFO [main] org.apache.catalina.startup.HostConfig.deployDirectory Deploying web application directory [C:\Users\seanc\Documents\Git Hub\SENG2250-Web-Engineering\apache-tomcat-9.0.34\apache-tomcat-9.0.34\webapps\ROOT]
18-Apr-2020 10:18:50.977 INFO [main] org.apache.catalina.startup.HostConfig.deployDirectory Deployment of web application directory [C:\Users\seanc\Documents\Git Hub\SENG2250-Web-Engineering\apache-tomcat-9.0.34\apache-tomcat-9.0.34\webapps\ROOT] has finished in [19] ms
18-Apr-2020 10:18:50.981 INFO [main] org.apache.coyote.AbstractProtocol.start Starting ProtocolHandler ["http-nio-8080"]
18-Apr-2020 10:18:50.991 INFO [main] org.apache.catalina.startup.Catalina.start Server startup in [1,008] milliseconds
18-Apr-2020 10:22:36.829 INFO [Thread-3] org.apache.coyote.AbstractProtocol.pause Pausing ProtocolHandler ["http-nio-8080"]
18-Apr-2020 10:22:36.870 INFO [Thread-3] org.apache.catalina.core.StandardService.stopInternal Stopping service [Catalina]
18-Apr-2020 10:22:36.900 WARNING [Thread-3] org.apache.catalina.loader.WebappClassLoaderBase.clearReferencesJdbc The web application [c3269995_assignment2] registered the JDBC driver [com.mysql.cj.jdbc.Driver] but failed to unregister it when the web application was stopped. To prevent a memory leak, the JDBC Driver has been forcibly unregistered.
18-Apr-2020 10:22:36.901 WARNING [Thread-3] org.apache.catalina.loader.WebappClassLoaderBase.clearReferencesThreads The web application [c3269995_assignment2] appears to have started a thread named [mysql-cj-abandoned-connection-cleanup] but has failed to stop it. This is very likely to create a memory leak. Stack trace of thread:
 java.base@11.0.6/java.lang.Object.wait(Native Method)
 java.base@11.0.6/java.lang.ref.ReferenceQueue.remove(ReferenceQueue.java:155)
 com.mysql.cj.jdbc.AbandonedConnectionCleanupThread.run(AbandonedConnectionCleanupThread.java:85)
 java.base@11.0.6/java.util.concurrent.ThreadPoolExecutor.runWorker(ThreadPoolExecutor.java:1128)
 java.base@11.0.6/java.util.concurrent.ThreadPoolExecutor$Worker.run(ThreadPoolExecutor.java:628)
 java.base@11.0.6/java.lang.Thread.run(Thread.java:834)
18-Apr-2020 10:22:36.909 INFO [Thread-3] org.apache.coyote.AbstractProtocol.stop Stopping ProtocolHandler ["http-nio-8080"]
18-Apr-2020 10:22:36.910 INFO [Thread-3] org.apache.coyote.AbstractProtocol.destroy Destroying ProtocolHandler ["http-nio-8080"]
18-Apr-2020 10:22:41.373 INFO [main] org.apache.catalina.startup.VersionLoggerListener.log Server version name:   Apache Tomcat/9.0.34
18-Apr-2020 10:22:41.375 INFO [main] org.apache.catalina.startup.VersionLoggerListener.log Server built:          Apr 3 2020 12:02:52 UTC
18-Apr-2020 10:22:41.376 INFO [main] org.apache.catalina.startup.VersionLoggerListener.log Server version number: 9.0.34.0
18-Apr-2020 10:22:41.376 INFO [main] org.apache.catalina.startup.VersionLoggerListener.log OS Name:               Windows 10
18-Apr-2020 10:22:41.376 INFO [main] org.apache.catalina.startup.VersionLoggerListener.log OS Version:            10.0
18-Apr-2020 10:22:41.376 INFO [main] org.apache.catalina.startup.VersionLoggerListener.log Architecture:          amd64
18-Apr-2020 10:22:41.377 INFO [main] org.apache.catalina.startup.VersionLoggerListener.log Java Home:             C:\Program Files\Java\jdk-11.0.6
18-Apr-2020 10:22:41.377 INFO [main] org.apache.catalina.startup.VersionLoggerListener.log JVM Version:           11.0.6+8-LTS
18-Apr-2020 10:22:41.377 INFO [main] org.apache.catalina.startup.VersionLoggerListener.log JVM Vendor:            Oracle Corporation
18-Apr-2020 10:22:41.377 INFO [main] org.apache.catalina.startup.VersionLoggerListener.log CATALINA_BASE:         C:\Users\seanc\Documents\Git Hub\SENG2250-Web-Engineering\apache-tomcat-9.0.34\apache-tomcat-9.0.34
18-Apr-2020 10:22:41.377 INFO [main] org.apache.catalina.startup.VersionLoggerListener.log CATALINA_HOME:         C:\Users\seanc\Documents\Git Hub\SENG2250-Web-Engineering\apache-tomcat-9.0.34\apache-tomcat-9.0.34
18-Apr-2020 10:22:41.385 INFO [main] org.apache.catalina.startup.VersionLoggerListener.log Command line argument: --add-opens=java.base/java.lang=ALL-UNNAMED
18-Apr-2020 10:22:41.385 INFO [main] org.apache.catalina.startup.VersionLoggerListener.log Command line argument: --add-opens=java.base/java.io=ALL-UNNAMED
18-Apr-2020 10:22:41.385 INFO [main] org.apache.catalina.startup.VersionLoggerListener.log Command line argument: --add-opens=java.rmi/sun.rmi.transport=ALL-UNNAMED
18-Apr-2020 10:22:41.386 INFO [main] org.apache.catalina.startup.VersionLoggerListener.log Command line argument: -Djava.util.logging.config.file=C:\Users\seanc\Documents\Git Hub\SENG2250-Web-Engineering\apache-tomcat-9.0.34\apache-tomcat-9.0.34\conf\logging.properties
18-Apr-2020 10:22:41.386 INFO [main] org.apache.catalina.startup.VersionLoggerListener.log Command line argument: -Djava.util.logging.manager=org.apache.juli.ClassLoaderLogManager
18-Apr-2020 10:22:41.386 INFO [main] org.apache.catalina.startup.VersionLoggerListener.log Command line argument: -Djdk.tls.ephemeralDHKeySize=2048
18-Apr-2020 10:22:41.386 INFO [main] org.apache.catalina.startup.VersionLoggerListener.log Command line argument: -Djava.protocol.handler.pkgs=org.apache.catalina.webresources
18-Apr-2020 10:22:41.386 INFO [main] org.apache.catalina.startup.VersionLoggerListener.log Command line argument: -Dignore.endorsed.dirs=
18-Apr-2020 10:22:41.387 INFO [main] org.apache.catalina.startup.VersionLoggerListener.log Command line argument: -Dcatalina.base=C:\Users\seanc\Documents\Git Hub\SENG2250-Web-Engineering\apache-tomcat-9.0.34\apache-tomcat-9.0.34
18-Apr-2020 10:22:41.387 INFO [main] org.apache.catalina.startup.VersionLoggerListener.log Command line argument: -Dcatalina.home=C:\Users\seanc\Documents\Git Hub\SENG2250-Web-Engineering\apache-tomcat-9.0.34\apache-tomcat-9.0.34
18-Apr-2020 10:22:41.387 INFO [main] org.apache.catalina.startup.VersionLoggerListener.log Command line argument: -Djava.io.tmpdir=C:\Users\seanc\Documents\Git Hub\SENG2250-Web-Engineering\apache-tomcat-9.0.34\apache-tomcat-9.0.34\temp
18-Apr-2020 10:22:41.387 INFO [main] org.apache.catalina.core.AprLifecycleListener.lifecycleEvent The APR based Apache Tomcat Native library which allows optimal performance in production environments was not found on the java.library.path: [C:\Program Files\Java\jdk-11.0.6\bin;C:\Windows\Sun\Java\bin;C:\Windows\system32;C:\Windows;C:\Program Files (x86)\Razer Chroma SDK\bin;C:\Program Files\Razer Chroma SDK\bin;C:\Program Files (x86)\Razer\ChromaBroadcast\bin;C:\Program Files\Razer\ChromaBroadcast\bin;C:\Program Files (x86)\Common Files\Intel\Shared Libraries\redist\intel64\compiler;C:\Program Files (x86)\Common Files\Oracle\Java\javapath;C:\Windows\system32;C:\Windows;C:\Windows\System32\Wbem;C:\Windows\System32\WindowsPowerShell\v1.0\;C:\Windows\System32\OpenSSH\;C:\Program Files\NVIDIA Corporation\NVIDIA NvDLISR;C:\Program Files (x86)\NVIDIA Corporation\PhysX\Common;C:\Program Files\Microsoft SQL Server\Client SDK\ODBC\110\Tools\Binn\;C:\Program Files (x86)\Microsoft SQL Server\120\Tools\Binn\;C:\Program Files\Microsoft SQL Server\120\Tools\Binn\;C:\Program Files\Microsoft SQL Server\120\DTS\Binn\;C:\Program Files\WorldPainter;C:\Program Files\Git\cmd;C:\Windows\system32\config\systemprofile\AppData\Local\Microsoft\WindowsApps;C:\Users\seanc\AppData\Local\Programs\Python\Python37-32\Scripts\;C:\Users\seanc\AppData\Local\Programs\Python\Python37-32\;C:\RailsInstaller\Git\cmd;C:\RailsInstaller\Ruby2.3.3\bin;C:\Ruby26-x64\bin;C:\Users\seanc\AppData\Local\Microsoft\WindowsApps;C:\Users\seanc\AppData\Local\Programs\Microsoft VS Code\bin;C:\Users\seanc\AppData\Local\GitHubDesktop\bin;C:\Program Files\dotnet\;C:\Program Files\Microsoft SQL Server\130\Tools\Binn\;C:\Program Files\Microsoft SQL Server\Client SDK\ODBC\170\Tools\Binn\;C:\Program Files\Java\jdk-13.0.2\bin;C:\Program Files (x86)\Microsoft SQL Server\150\DTS\Binn\;C:\Program Files\MySQL\MySQL Shell 8.0\bin\;C:\Users\seanc\AppData\Local\Programs\Python\Python37-32\Scripts\;C:\Users\seanc\AppData\Local\Programs\Python\Python37-32\;C:\RailsInstaller\Git\cmd;C:\RailsInstaller\Ruby2.3.3\bin;C:\Ruby26-x64\bin;C:\Users\seanc\AppData\Local\Microsoft\WindowsApps;C:\Users\seanc\AppData\Local\Programs\Microsoft VS Code\bin;C:\Users\seanc\AppData\Local\GitHubDesktop\bin;C:\Program Files\Java\jdk-11.0.6\bin;;.]
18-Apr-2020 10:22:41.599 INFO [main] org.apache.coyote.AbstractProtocol.init Initializing ProtocolHandler ["http-nio-8080"]
18-Apr-2020 10:22:41.694 INFO [main] org.apache.catalina.startup.Catalina.load Server initialization in [459] milliseconds
18-Apr-2020 10:22:41.756 INFO [main] org.apache.catalina.core.StandardService.startInternal Starting service [Catalina]
18-Apr-2020 10:22:41.757 INFO [main] org.apache.catalina.core.StandardEngine.startInternal Starting Servlet engine: [Apache Tomcat/9.0.34]
18-Apr-2020 10:22:41.764 INFO [main] org.apache.catalina.startup.HostConfig.deployDirectory Deploying web application directory [C:\Users\seanc\Documents\Git Hub\SENG2250-Web-Engineering\apache-tomcat-9.0.34\apache-tomcat-9.0.34\webapps\c3269995_assignment2]
18-Apr-2020 10:22:42.319 WARNING [main] org.apache.tomcat.dbcp.dbcp2.BasicDataSourceFactory.getObjectInstance Name = MyConnection Property maxActive is not used in DBCP2, use maxTotal instead. maxTotal default value is 8. You have set value of "10" for "maxActive" property, which is being ignored.
18-Apr-2020 10:22:42.409 INFO [main] org.apache.jasper.servlet.TldScanner.scanJars At least one JAR was scanned for TLDs yet contained no TLDs. Enable debug logging for this logger for a complete list of JARs that were scanned but no TLDs were found in them. Skipping unneeded JARs during scanning can improve startup time and JSP compilation time.
18-Apr-2020 10:22:42.515 INFO [main] org.apache.catalina.startup.HostConfig.deployDirectory Deployment of web application directory [C:\Users\seanc\Documents\Git Hub\SENG2250-Web-Engineering\apache-tomcat-9.0.34\apache-tomcat-9.0.34\webapps\c3269995_assignment2] has finished in [751] ms
18-Apr-2020 10:22:42.517 INFO [main] org.apache.catalina.startup.HostConfig.deployDirectory Deploying web application directory [C:\Users\seanc\Documents\Git Hub\SENG2250-Web-Engineering\apache-tomcat-9.0.34\apache-tomcat-9.0.34\webapps\docs]
18-Apr-2020 10:22:42.541 INFO [main] org.apache.catalina.startup.HostConfig.deployDirectory Deployment of web application directory [C:\Users\seanc\Documents\Git Hub\SENG2250-Web-Engineering\apache-tomcat-9.0.34\apache-tomcat-9.0.34\webapps\docs] has finished in [24] ms
18-Apr-2020 10:22:42.542 INFO [main] org.apache.catalina.startup.HostConfig.deployDirectory Deploying web application directory [C:\Users\seanc\Documents\Git Hub\SENG2250-Web-Engineering\apache-tomcat-9.0.34\apache-tomcat-9.0.34\webapps\examples]
18-Apr-2020 10:22:42.763 INFO [main] org.apache.catalina.startup.HostConfig.deployDirectory Deployment of web application directory [C:\Users\seanc\Documents\Git Hub\SENG2250-Web-Engineering\apache-tomcat-9.0.34\apache-tomcat-9.0.34\webapps\examples] has finished in [221] ms
18-Apr-2020 10:22:42.763 INFO [main] org.apache.catalina.startup.HostConfig.deployDirectory Deploying web application directory [C:\Users\seanc\Documents\Git Hub\SENG2250-Web-Engineering\apache-tomcat-9.0.34\apache-tomcat-9.0.34\webapps\host-manager]
18-Apr-2020 10:22:42.790 INFO [main] org.apache.catalina.startup.HostConfig.deployDirectory Deployment of web application directory [C:\Users\seanc\Documents\Git Hub\SENG2250-Web-Engineering\apache-tomcat-9.0.34\apache-tomcat-9.0.34\webapps\host-manager] has finished in [27] ms
18-Apr-2020 10:22:42.792 INFO [main] org.apache.catalina.startup.HostConfig.deployDirectory Deploying web application directory [C:\Users\seanc\Documents\Git Hub\SENG2250-Web-Engineering\apache-tomcat-9.0.34\apache-tomcat-9.0.34\webapps\manager]
18-Apr-2020 10:22:42.817 INFO [main] org.apache.catalina.startup.HostConfig.deployDirectory Deployment of web application directory [C:\Users\seanc\Documents\Git Hub\SENG2250-Web-Engineering\apache-tomcat-9.0.34\apache-tomcat-9.0.34\webapps\manager] has finished in [24] ms
18-Apr-2020 10:22:42.818 INFO [main] org.apache.catalina.startup.HostConfig.deployDirectory Deploying web application directory [C:\Users\seanc\Documents\Git Hub\SENG2250-Web-Engineering\apache-tomcat-9.0.34\apache-tomcat-9.0.34\webapps\ROOT]
18-Apr-2020 10:22:42.840 INFO [main] org.apache.catalina.startup.HostConfig.deployDirectory Deployment of web application directory [C:\Users\seanc\Documents\Git Hub\SENG2250-Web-Engineering\apache-tomcat-9.0.34\apache-tomcat-9.0.34\webapps\ROOT] has finished in [21] ms
18-Apr-2020 10:22:42.843 INFO [main] org.apache.coyote.AbstractProtocol.start Starting ProtocolHandler ["http-nio-8080"]
18-Apr-2020 10:22:42.856 INFO [main] org.apache.catalina.startup.Catalina.start Server startup in [1,160] milliseconds
18-Apr-2020 10:24:54.965 INFO [Thread-3] org.apache.coyote.AbstractProtocol.pause Pausing ProtocolHandler ["http-nio-8080"]
18-Apr-2020 10:24:55.007 INFO [Thread-3] org.apache.catalina.core.StandardService.stopInternal Stopping service [Catalina]
18-Apr-2020 10:24:55.040 WARNING [Thread-3] org.apache.catalina.loader.WebappClassLoaderBase.clearReferencesJdbc The web application [c3269995_assignment2] registered the JDBC driver [com.mysql.cj.jdbc.Driver] but failed to unregister it when the web application was stopped. To prevent a memory leak, the JDBC Driver has been forcibly unregistered.
18-Apr-2020 10:24:55.041 WARNING [Thread-3] org.apache.catalina.loader.WebappClassLoaderBase.clearReferencesThreads The web application [c3269995_assignment2] appears to have started a thread named [mysql-cj-abandoned-connection-cleanup] but has failed to stop it. This is very likely to create a memory leak. Stack trace of thread:
 java.base@11.0.6/java.lang.Object.wait(Native Method)
 java.base@11.0.6/java.lang.ref.ReferenceQueue.remove(ReferenceQueue.java:155)
 com.mysql.cj.jdbc.AbandonedConnectionCleanupThread.run(AbandonedConnectionCleanupThread.java:85)
 java.base@11.0.6/java.util.concurrent.ThreadPoolExecutor.runWorker(ThreadPoolExecutor.java:1128)
 java.base@11.0.6/java.util.concurrent.ThreadPoolExecutor$Worker.run(ThreadPoolExecutor.java:628)
 java.base@11.0.6/java.lang.Thread.run(Thread.java:834)
18-Apr-2020 10:24:55.048 INFO [Thread-3] org.apache.coyote.AbstractProtocol.stop Stopping ProtocolHandler ["http-nio-8080"]
18-Apr-2020 10:24:55.050 INFO [Thread-3] org.apache.coyote.AbstractProtocol.destroy Destroying ProtocolHandler ["http-nio-8080"]
