29-May-2020 10:43:32.702 INFO [main] org.apache.catalina.startup.VersionLoggerListener.log Server version name:   Apache Tomcat/9.0.34
29-May-2020 10:43:32.705 INFO [main] org.apache.catalina.startup.VersionLoggerListener.log Server built:          Apr 3 2020 12:02:52 UTC
29-May-2020 10:43:32.706 INFO [main] org.apache.catalina.startup.VersionLoggerListener.log Server version number: 9.0.34.0
29-May-2020 10:43:32.706 INFO [main] org.apache.catalina.startup.VersionLoggerListener.log OS Name:               Windows 10
29-May-2020 10:43:32.706 INFO [main] org.apache.catalina.startup.VersionLoggerListener.log OS Version:            10.0
29-May-2020 10:43:32.706 INFO [main] org.apache.catalina.startup.VersionLoggerListener.log Architecture:          amd64
29-May-2020 10:43:32.707 INFO [main] org.apache.catalina.startup.VersionLoggerListener.log Java Home:             C:\Program Files\Java\jdk-11.0.6
29-May-2020 10:43:32.707 INFO [main] org.apache.catalina.startup.VersionLoggerListener.log JVM Version:           11.0.6+8-LTS
29-May-2020 10:43:32.707 INFO [main] org.apache.catalina.startup.VersionLoggerListener.log JVM Vendor:            Oracle Corporation
29-May-2020 10:43:32.707 INFO [main] org.apache.catalina.startup.VersionLoggerListener.log CATALINA_BASE:         C:\Users\Work Account\Documents\GitHub\SENG2050-Assignment-3\apache-tomcat-9.0.34\apache-tomcat-9.0.34
29-May-2020 10:43:32.707 INFO [main] org.apache.catalina.startup.VersionLoggerListener.log CATALINA_HOME:         C:\Users\Work Account\Documents\GitHub\SENG2050-Assignment-3\apache-tomcat-9.0.34\apache-tomcat-9.0.34
29-May-2020 10:43:32.723 INFO [main] org.apache.catalina.startup.VersionLoggerListener.log Command line argument: --add-opens=java.base/java.lang=ALL-UNNAMED
29-May-2020 10:43:32.724 INFO [main] org.apache.catalina.startup.VersionLoggerListener.log Command line argument: --add-opens=java.base/java.io=ALL-UNNAMED
29-May-2020 10:43:32.724 INFO [main] org.apache.catalina.startup.VersionLoggerListener.log Command line argument: --add-opens=java.rmi/sun.rmi.transport=ALL-UNNAMED
29-May-2020 10:43:32.724 INFO [main] org.apache.catalina.startup.VersionLoggerListener.log Command line argument: -Djava.util.logging.config.file=C:\Users\Work Account\Documents\GitHub\SENG2050-Assignment-3\apache-tomcat-9.0.34\apache-tomcat-9.0.34\conf\logging.properties
29-May-2020 10:43:32.725 INFO [main] org.apache.catalina.startup.VersionLoggerListener.log Command line argument: -Djava.util.logging.manager=org.apache.juli.ClassLoaderLogManager
29-May-2020 10:43:32.725 INFO [main] org.apache.catalina.startup.VersionLoggerListener.log Command line argument: -Djdk.tls.ephemeralDHKeySize=2048
29-May-2020 10:43:32.725 INFO [main] org.apache.catalina.startup.VersionLoggerListener.log Command line argument: -Djava.protocol.handler.pkgs=org.apache.catalina.webresources
29-May-2020 10:43:32.726 INFO [main] org.apache.catalina.startup.VersionLoggerListener.log Command line argument: -Dignore.endorsed.dirs=
29-May-2020 10:43:32.726 INFO [main] org.apache.catalina.startup.VersionLoggerListener.log Command line argument: -Dcatalina.base=C:\Users\Work Account\Documents\GitHub\SENG2050-Assignment-3\apache-tomcat-9.0.34\apache-tomcat-9.0.34
29-May-2020 10:43:32.726 INFO [main] org.apache.catalina.startup.VersionLoggerListener.log Command line argument: -Dcatalina.home=C:\Users\Work Account\Documents\GitHub\SENG2050-Assignment-3\apache-tomcat-9.0.34\apache-tomcat-9.0.34
29-May-2020 10:43:32.727 INFO [main] org.apache.catalina.startup.VersionLoggerListener.log Command line argument: -Djava.io.tmpdir=C:\Users\Work Account\Documents\GitHub\SENG2050-Assignment-3\apache-tomcat-9.0.34\apache-tomcat-9.0.34\temp
29-May-2020 10:43:32.727 INFO [main] org.apache.catalina.core.AprLifecycleListener.lifecycleEvent The APR based Apache Tomcat Native library which allows optimal performance in production environments was not found on the java.library.path: [C:\Program Files\Java\jdk-11.0.6\bin;C:\Windows\Sun\Java\bin;C:\Windows\system32;C:\Windows;C:\Program Files (x86)\Razer Chroma SDK\bin;C:\Program Files\Razer Chroma SDK\bin;C:\Program Files (x86)\Razer\ChromaBroadcast\bin;C:\Program Files\Razer\ChromaBroadcast\bin;C:\Program Files (x86)\Common Files\Intel\Shared Libraries\redist\intel64\compiler;C:\Program Files (x86)\Common Files\Oracle\Java\javapath;C:\Windows\system32;C:\Windows;C:\Windows\System32\Wbem;C:\Windows\System32\WindowsPowerShell\v1.0\;C:\Windows\System32\OpenSSH\;C:\Program Files\NVIDIA Corporation\NVIDIA NvDLISR;C:\Program Files (x86)\NVIDIA Corporation\PhysX\Common;C:\Program Files\Microsoft SQL Server\Client SDK\ODBC\110\Tools\Binn\;C:\Program Files\WorldPainter;C:\Program Files\Git\cmd;C:\Windows\system32\config\systemprofile\AppData\Local\Microsoft\WindowsApps;C:\Users\seanc\AppData\Local\Programs\Python\Python37-32\Scripts\;C:\Users\seanc\AppData\Local\Programs\Python\Python37-32\;C:\RailsInstaller\Git\cmd;C:\RailsInstaller\Ruby2.3.3\bin;C:\Ruby26-x64\bin;C:\Users\seanc\AppData\Local\Microsoft\WindowsApps;C:\Users\seanc\AppData\Local\Programs\Microsoft VS Code\bin;C:\Users\seanc\AppData\Local\GitHubDesktop\bin;C:\Program Files\Microsoft SQL Server\130\Tools\Binn\;C:\Program Files\Microsoft SQL Server\Client SDK\ODBC\170\Tools\Binn\;C:\Program Files\Java\jdk-13.0.2\bin;C:\Program Files (x86)\Microsoft SQL Server\150\DTS\Binn\;C:\Program Files (x86)\Microsoft SQL Server\150\Tools\Binn\;C:\Program Files\Microsoft SQL Server\150\Tools\Binn\;C:\Program Files\Microsoft SQL Server\150\DTS\Binn\;C:\Program Files\Microsoft SQL Server\Client SDK\ODBC\130\Tools\Binn\;C:\Program Files (x86)\Microsoft SQL Server\130\Tools\Binn\;C:\Program Files\Microsoft SQL Server\130\DTS\Binn\;C:\Program Files\dotnet\;C:\Program Files\Java\jdk-11.0.6\bin;C:\Users\Work Account\AppData\Local\Microsoft\WindowsApps;C:\Users\Work Account\AppData\Local\Programs\Microsoft VS Code\bin;C:\Users\seanc\AppData\Local\GitHubDesktop\bin;C:\Program Files\Java\jdk-11.0.6\bin;;.]
29-May-2020 10:43:32.943 INFO [main] org.apache.coyote.AbstractProtocol.init Initializing ProtocolHandler ["http-nio-8080"]
29-May-2020 10:43:33.071 INFO [main] org.apache.catalina.startup.Catalina.load Server initialization in [547] milliseconds
29-May-2020 10:43:33.118 INFO [main] org.apache.catalina.core.StandardService.startInternal Starting service [Catalina]
29-May-2020 10:43:33.119 INFO [main] org.apache.catalina.core.StandardEngine.startInternal Starting Servlet engine: [Apache Tomcat/9.0.34]
29-May-2020 10:43:33.127 INFO [main] org.apache.catalina.startup.HostConfig.deployDirectory Deploying web application directory [C:\Users\Work Account\Documents\GitHub\SENG2050-Assignment-3\apache-tomcat-9.0.34\apache-tomcat-9.0.34\webapps\Assignment3]
29-May-2020 10:43:33.819 WARNING [main] org.apache.tomcat.dbcp.dbcp2.BasicDataSourceFactory.getObjectInstance Name = MyConnection Property maxActive is not used in DBCP2, use maxTotal instead. maxTotal default value is 8. You have set value of "10" for "maxActive" property, which is being ignored.
29-May-2020 10:43:33.902 INFO [main] org.apache.jasper.servlet.TldScanner.scanJars At least one JAR was scanned for TLDs yet contained no TLDs. Enable debug logging for this logger for a complete list of JARs that were scanned but no TLDs were found in them. Skipping unneeded JARs during scanning can improve startup time and JSP compilation time.
29-May-2020 10:43:34.044 INFO [main] org.apache.catalina.startup.HostConfig.deployDirectory Deployment of web application directory [C:\Users\Work Account\Documents\GitHub\SENG2050-Assignment-3\apache-tomcat-9.0.34\apache-tomcat-9.0.34\webapps\Assignment3] has finished in [918] ms
29-May-2020 10:43:34.045 INFO [main] org.apache.catalina.startup.HostConfig.deployDirectory Deploying web application directory [C:\Users\Work Account\Documents\GitHub\SENG2050-Assignment-3\apache-tomcat-9.0.34\apache-tomcat-9.0.34\webapps\docs]
29-May-2020 10:43:34.067 INFO [main] org.apache.catalina.startup.HostConfig.deployDirectory Deployment of web application directory [C:\Users\Work Account\Documents\GitHub\SENG2050-Assignment-3\apache-tomcat-9.0.34\apache-tomcat-9.0.34\webapps\docs] has finished in [23] ms
29-May-2020 10:43:34.068 INFO [main] org.apache.catalina.startup.HostConfig.deployDirectory Deploying web application directory [C:\Users\Work Account\Documents\GitHub\SENG2050-Assignment-3\apache-tomcat-9.0.34\apache-tomcat-9.0.34\webapps\examples]
29-May-2020 10:43:34.334 INFO [main] org.apache.catalina.startup.HostConfig.deployDirectory Deployment of web application directory [C:\Users\Work Account\Documents\GitHub\SENG2050-Assignment-3\apache-tomcat-9.0.34\apache-tomcat-9.0.34\webapps\examples] has finished in [266] ms
29-May-2020 10:43:34.335 INFO [main] org.apache.catalina.startup.HostConfig.deployDirectory Deploying web application directory [C:\Users\Work Account\Documents\GitHub\SENG2050-Assignment-3\apache-tomcat-9.0.34\apache-tomcat-9.0.34\webapps\host-manager]
29-May-2020 10:43:34.363 INFO [main] org.apache.catalina.startup.HostConfig.deployDirectory Deployment of web application directory [C:\Users\Work Account\Documents\GitHub\SENG2050-Assignment-3\apache-tomcat-9.0.34\apache-tomcat-9.0.34\webapps\host-manager] has finished in [28] ms
29-May-2020 10:43:34.364 INFO [main] org.apache.catalina.startup.HostConfig.deployDirectory Deploying web application directory [C:\Users\Work Account\Documents\GitHub\SENG2050-Assignment-3\apache-tomcat-9.0.34\apache-tomcat-9.0.34\webapps\manager]
29-May-2020 10:43:34.388 INFO [main] org.apache.catalina.startup.HostConfig.deployDirectory Deployment of web application directory [C:\Users\Work Account\Documents\GitHub\SENG2050-Assignment-3\apache-tomcat-9.0.34\apache-tomcat-9.0.34\webapps\manager] has finished in [24] ms
29-May-2020 10:43:34.389 INFO [main] org.apache.catalina.startup.HostConfig.deployDirectory Deploying web application directory [C:\Users\Work Account\Documents\GitHub\SENG2050-Assignment-3\apache-tomcat-9.0.34\apache-tomcat-9.0.34\webapps\ROOT]
29-May-2020 10:43:34.410 INFO [main] org.apache.catalina.startup.HostConfig.deployDirectory Deployment of web application directory [C:\Users\Work Account\Documents\GitHub\SENG2050-Assignment-3\apache-tomcat-9.0.34\apache-tomcat-9.0.34\webapps\ROOT] has finished in [21] ms
29-May-2020 10:43:34.420 INFO [main] org.apache.coyote.AbstractProtocol.start Starting ProtocolHandler ["http-nio-8080"]
29-May-2020 10:43:34.445 INFO [main] org.apache.catalina.startup.Catalina.start Server startup in [1,373] milliseconds
29-May-2020 10:50:46.199 INFO [Thread-3] org.apache.coyote.AbstractProtocol.pause Pausing ProtocolHandler ["http-nio-8080"]
29-May-2020 10:50:46.272 INFO [Thread-3] org.apache.catalina.core.StandardService.stopInternal Stopping service [Catalina]
29-May-2020 10:50:46.305 WARNING [Thread-3] org.apache.catalina.loader.WebappClassLoaderBase.clearReferencesJdbc The web application [Assignment3] registered the JDBC driver [com.mysql.cj.jdbc.Driver] but failed to unregister it when the web application was stopped. To prevent a memory leak, the JDBC Driver has been forcibly unregistered.
29-May-2020 10:50:46.306 WARNING [Thread-3] org.apache.catalina.loader.WebappClassLoaderBase.clearReferencesThreads The web application [Assignment3] appears to have started a thread named [mysql-cj-abandoned-connection-cleanup] but has failed to stop it. This is very likely to create a memory leak. Stack trace of thread:
 java.base@11.0.6/java.lang.Object.wait(Native Method)
 java.base@11.0.6/java.lang.ref.ReferenceQueue.remove(ReferenceQueue.java:155)
 com.mysql.cj.jdbc.AbandonedConnectionCleanupThread.run(AbandonedConnectionCleanupThread.java:85)
 java.base@11.0.6/java.util.concurrent.ThreadPoolExecutor.runWorker(ThreadPoolExecutor.java:1128)
 java.base@11.0.6/java.util.concurrent.ThreadPoolExecutor$Worker.run(ThreadPoolExecutor.java:628)
 java.base@11.0.6/java.lang.Thread.run(Thread.java:834)
29-May-2020 10:50:46.312 INFO [Thread-3] org.apache.coyote.AbstractProtocol.stop Stopping ProtocolHandler ["http-nio-8080"]
29-May-2020 10:50:46.315 INFO [Thread-3] org.apache.coyote.AbstractProtocol.destroy Destroying ProtocolHandler ["http-nio-8080"]
29-May-2020 10:50:47.993 INFO [main] org.apache.catalina.startup.VersionLoggerListener.log Server version name:   Apache Tomcat/9.0.34
29-May-2020 10:50:47.996 INFO [main] org.apache.catalina.startup.VersionLoggerListener.log Server built:          Apr 3 2020 12:02:52 UTC
29-May-2020 10:50:47.996 INFO [main] org.apache.catalina.startup.VersionLoggerListener.log Server version number: 9.0.34.0
29-May-2020 10:50:47.996 INFO [main] org.apache.catalina.startup.VersionLoggerListener.log OS Name:               Windows 10
29-May-2020 10:50:47.996 INFO [main] org.apache.catalina.startup.VersionLoggerListener.log OS Version:            10.0
29-May-2020 10:50:47.997 INFO [main] org.apache.catalina.startup.VersionLoggerListener.log Architecture:          amd64
29-May-2020 10:50:47.997 INFO [main] org.apache.catalina.startup.VersionLoggerListener.log Java Home:             C:\Program Files\Java\jdk-11.0.6
29-May-2020 10:50:47.997 INFO [main] org.apache.catalina.startup.VersionLoggerListener.log JVM Version:           11.0.6+8-LTS
29-May-2020 10:50:47.997 INFO [main] org.apache.catalina.startup.VersionLoggerListener.log JVM Vendor:            Oracle Corporation
29-May-2020 10:50:47.997 INFO [main] org.apache.catalina.startup.VersionLoggerListener.log CATALINA_BASE:         C:\Users\Work Account\Documents\GitHub\SENG2050-Assignment-3\apache-tomcat-9.0.34\apache-tomcat-9.0.34
29-May-2020 10:50:47.998 INFO [main] org.apache.catalina.startup.VersionLoggerListener.log CATALINA_HOME:         C:\Users\Work Account\Documents\GitHub\SENG2050-Assignment-3\apache-tomcat-9.0.34\apache-tomcat-9.0.34
29-May-2020 10:50:48.006 INFO [main] org.apache.catalina.startup.VersionLoggerListener.log Command line argument: --add-opens=java.base/java.lang=ALL-UNNAMED
29-May-2020 10:50:48.007 INFO [main] org.apache.catalina.startup.VersionLoggerListener.log Command line argument: --add-opens=java.base/java.io=ALL-UNNAMED
29-May-2020 10:50:48.007 INFO [main] org.apache.catalina.startup.VersionLoggerListener.log Command line argument: --add-opens=java.rmi/sun.rmi.transport=ALL-UNNAMED
29-May-2020 10:50:48.007 INFO [main] org.apache.catalina.startup.VersionLoggerListener.log Command line argument: -Djava.util.logging.config.file=C:\Users\Work Account\Documents\GitHub\SENG2050-Assignment-3\apache-tomcat-9.0.34\apache-tomcat-9.0.34\conf\logging.properties
29-May-2020 10:50:48.007 INFO [main] org.apache.catalina.startup.VersionLoggerListener.log Command line argument: -Djava.util.logging.manager=org.apache.juli.ClassLoaderLogManager
29-May-2020 10:50:48.008 INFO [main] org.apache.catalina.startup.VersionLoggerListener.log Command line argument: -Djdk.tls.ephemeralDHKeySize=2048
29-May-2020 10:50:48.008 INFO [main] org.apache.catalina.startup.VersionLoggerListener.log Command line argument: -Djava.protocol.handler.pkgs=org.apache.catalina.webresources
29-May-2020 10:50:48.008 INFO [main] org.apache.catalina.startup.VersionLoggerListener.log Command line argument: -Dignore.endorsed.dirs=
29-May-2020 10:50:48.008 INFO [main] org.apache.catalina.startup.VersionLoggerListener.log Command line argument: -Dcatalina.base=C:\Users\Work Account\Documents\GitHub\SENG2050-Assignment-3\apache-tomcat-9.0.34\apache-tomcat-9.0.34
29-May-2020 10:50:48.009 INFO [main] org.apache.catalina.startup.VersionLoggerListener.log Command line argument: -Dcatalina.home=C:\Users\Work Account\Documents\GitHub\SENG2050-Assignment-3\apache-tomcat-9.0.34\apache-tomcat-9.0.34
29-May-2020 10:50:48.009 INFO [main] org.apache.catalina.startup.VersionLoggerListener.log Command line argument: -Djava.io.tmpdir=C:\Users\Work Account\Documents\GitHub\SENG2050-Assignment-3\apache-tomcat-9.0.34\apache-tomcat-9.0.34\temp
29-May-2020 10:50:48.009 INFO [main] org.apache.catalina.core.AprLifecycleListener.lifecycleEvent The APR based Apache Tomcat Native library which allows optimal performance in production environments was not found on the java.library.path: [C:\Program Files\Java\jdk-11.0.6\bin;C:\Windows\Sun\Java\bin;C:\Windows\system32;C:\Windows;C:\Program Files (x86)\Razer Chroma SDK\bin;C:\Program Files\Razer Chroma SDK\bin;C:\Program Files (x86)\Razer\ChromaBroadcast\bin;C:\Program Files\Razer\ChromaBroadcast\bin;C:\Program Files (x86)\Common Files\Intel\Shared Libraries\redist\intel64\compiler;C:\Program Files (x86)\Common Files\Oracle\Java\javapath;C:\Windows\system32;C:\Windows;C:\Windows\System32\Wbem;C:\Windows\System32\WindowsPowerShell\v1.0\;C:\Windows\System32\OpenSSH\;C:\Program Files\NVIDIA Corporation\NVIDIA NvDLISR;C:\Program Files (x86)\NVIDIA Corporation\PhysX\Common;C:\Program Files\Microsoft SQL Server\Client SDK\ODBC\110\Tools\Binn\;C:\Program Files\WorldPainter;C:\Program Files\Git\cmd;C:\Windows\system32\config\systemprofile\AppData\Local\Microsoft\WindowsApps;C:\Users\seanc\AppData\Local\Programs\Python\Python37-32\Scripts\;C:\Users\seanc\AppData\Local\Programs\Python\Python37-32\;C:\RailsInstaller\Git\cmd;C:\RailsInstaller\Ruby2.3.3\bin;C:\Ruby26-x64\bin;C:\Users\seanc\AppData\Local\Microsoft\WindowsApps;C:\Users\seanc\AppData\Local\Programs\Microsoft VS Code\bin;C:\Users\seanc\AppData\Local\GitHubDesktop\bin;C:\Program Files\Microsoft SQL Server\130\Tools\Binn\;C:\Program Files\Microsoft SQL Server\Client SDK\ODBC\170\Tools\Binn\;C:\Program Files\Java\jdk-13.0.2\bin;C:\Program Files (x86)\Microsoft SQL Server\150\DTS\Binn\;C:\Program Files (x86)\Microsoft SQL Server\150\Tools\Binn\;C:\Program Files\Microsoft SQL Server\150\Tools\Binn\;C:\Program Files\Microsoft SQL Server\150\DTS\Binn\;C:\Program Files\Microsoft SQL Server\Client SDK\ODBC\130\Tools\Binn\;C:\Program Files (x86)\Microsoft SQL Server\130\Tools\Binn\;C:\Program Files\Microsoft SQL Server\130\DTS\Binn\;C:\Program Files\dotnet\;C:\Program Files\Java\jdk-11.0.6\bin;C:\Users\Work Account\AppData\Local\Microsoft\WindowsApps;C:\Users\Work Account\AppData\Local\Programs\Microsoft VS Code\bin;C:\Users\seanc\AppData\Local\GitHubDesktop\bin;C:\Program Files\Java\jdk-11.0.6\bin;;.]
29-May-2020 10:50:48.204 INFO [main] org.apache.coyote.AbstractProtocol.init Initializing ProtocolHandler ["http-nio-8080"]
29-May-2020 10:50:48.325 INFO [main] org.apache.catalina.startup.Catalina.load Server initialization in [471] milliseconds
29-May-2020 10:50:48.375 INFO [main] org.apache.catalina.core.StandardService.startInternal Starting service [Catalina]
29-May-2020 10:50:48.375 INFO [main] org.apache.catalina.core.StandardEngine.startInternal Starting Servlet engine: [Apache Tomcat/9.0.34]
29-May-2020 10:50:48.382 INFO [main] org.apache.catalina.startup.HostConfig.deployDirectory Deploying web application directory [C:\Users\Work Account\Documents\GitHub\SENG2050-Assignment-3\apache-tomcat-9.0.34\apache-tomcat-9.0.34\webapps\Assignment3]
29-May-2020 10:50:49.137 WARNING [main] org.apache.tomcat.dbcp.dbcp2.BasicDataSourceFactory.getObjectInstance Name = MyConnection Property maxActive is not used in DBCP2, use maxTotal instead. maxTotal default value is 8. You have set value of "10" for "maxActive" property, which is being ignored.
29-May-2020 10:50:49.212 INFO [main] org.apache.jasper.servlet.TldScanner.scanJars At least one JAR was scanned for TLDs yet contained no TLDs. Enable debug logging for this logger for a complete list of JARs that were scanned but no TLDs were found in them. Skipping unneeded JARs during scanning can improve startup time and JSP compilation time.
29-May-2020 10:50:49.337 INFO [main] org.apache.catalina.startup.HostConfig.deployDirectory Deployment of web application directory [C:\Users\Work Account\Documents\GitHub\SENG2050-Assignment-3\apache-tomcat-9.0.34\apache-tomcat-9.0.34\webapps\Assignment3] has finished in [955] ms
29-May-2020 10:50:49.338 INFO [main] org.apache.catalina.startup.HostConfig.deployDirectory Deploying web application directory [C:\Users\Work Account\Documents\GitHub\SENG2050-Assignment-3\apache-tomcat-9.0.34\apache-tomcat-9.0.34\webapps\docs]
29-May-2020 10:50:49.363 INFO [main] org.apache.catalina.startup.HostConfig.deployDirectory Deployment of web application directory [C:\Users\Work Account\Documents\GitHub\SENG2050-Assignment-3\apache-tomcat-9.0.34\apache-tomcat-9.0.34\webapps\docs] has finished in [24] ms
29-May-2020 10:50:49.365 INFO [main] org.apache.catalina.startup.HostConfig.deployDirectory Deploying web application directory [C:\Users\Work Account\Documents\GitHub\SENG2050-Assignment-3\apache-tomcat-9.0.34\apache-tomcat-9.0.34\webapps\examples]
29-May-2020 10:50:49.595 INFO [main] org.apache.catalina.startup.HostConfig.deployDirectory Deployment of web application directory [C:\Users\Work Account\Documents\GitHub\SENG2050-Assignment-3\apache-tomcat-9.0.34\apache-tomcat-9.0.34\webapps\examples] has finished in [230] ms
29-May-2020 10:50:49.596 INFO [main] org.apache.catalina.startup.HostConfig.deployDirectory Deploying web application directory [C:\Users\Work Account\Documents\GitHub\SENG2050-Assignment-3\apache-tomcat-9.0.34\apache-tomcat-9.0.34\webapps\host-manager]
29-May-2020 10:50:49.625 INFO [main] org.apache.catalina.startup.HostConfig.deployDirectory Deployment of web application directory [C:\Users\Work Account\Documents\GitHub\SENG2050-Assignment-3\apache-tomcat-9.0.34\apache-tomcat-9.0.34\webapps\host-manager] has finished in [30] ms
29-May-2020 10:50:49.626 INFO [main] org.apache.catalina.startup.HostConfig.deployDirectory Deploying web application directory [C:\Users\Work Account\Documents\GitHub\SENG2050-Assignment-3\apache-tomcat-9.0.34\apache-tomcat-9.0.34\webapps\manager]
29-May-2020 10:50:49.649 INFO [main] org.apache.catalina.startup.HostConfig.deployDirectory Deployment of web application directory [C:\Users\Work Account\Documents\GitHub\SENG2050-Assignment-3\apache-tomcat-9.0.34\apache-tomcat-9.0.34\webapps\manager] has finished in [22] ms
29-May-2020 10:50:49.649 INFO [main] org.apache.catalina.startup.HostConfig.deployDirectory Deploying web application directory [C:\Users\Work Account\Documents\GitHub\SENG2050-Assignment-3\apache-tomcat-9.0.34\apache-tomcat-9.0.34\webapps\ROOT]
29-May-2020 10:50:49.666 INFO [main] org.apache.catalina.startup.HostConfig.deployDirectory Deployment of web application directory [C:\Users\Work Account\Documents\GitHub\SENG2050-Assignment-3\apache-tomcat-9.0.34\apache-tomcat-9.0.34\webapps\ROOT] has finished in [17] ms
29-May-2020 10:50:49.671 INFO [main] org.apache.coyote.AbstractProtocol.start Starting ProtocolHandler ["http-nio-8080"]
29-May-2020 10:50:49.678 INFO [main] org.apache.catalina.startup.Catalina.start Server startup in [1,350] milliseconds
29-May-2020 15:45:22.025 INFO [Thread-3] org.apache.coyote.AbstractProtocol.pause Pausing ProtocolHandler ["http-nio-8080"]
29-May-2020 15:45:22.103 INFO [Thread-3] org.apache.catalina.core.StandardService.stopInternal Stopping service [Catalina]
29-May-2020 15:45:22.186 WARNING [Thread-3] org.apache.catalina.loader.WebappClassLoaderBase.clearReferencesJdbc The web application [Assignment3] registered the JDBC driver [com.mysql.cj.jdbc.Driver] but failed to unregister it when the web application was stopped. To prevent a memory leak, the JDBC Driver has been forcibly unregistered.
29-May-2020 15:45:22.187 WARNING [Thread-3] org.apache.catalina.loader.WebappClassLoaderBase.clearReferencesThreads The web application [Assignment3] appears to have started a thread named [mysql-cj-abandoned-connection-cleanup] but has failed to stop it. This is very likely to create a memory leak. Stack trace of thread:
 java.base@11.0.6/java.lang.Object.wait(Native Method)
 java.base@11.0.6/java.lang.ref.ReferenceQueue.remove(ReferenceQueue.java:155)
 com.mysql.cj.jdbc.AbandonedConnectionCleanupThread.run(AbandonedConnectionCleanupThread.java:85)
 java.base@11.0.6/java.util.concurrent.ThreadPoolExecutor.runWorker(ThreadPoolExecutor.java:1128)
 java.base@11.0.6/java.util.concurrent.ThreadPoolExecutor$Worker.run(ThreadPoolExecutor.java:628)
 java.base@11.0.6/java.lang.Thread.run(Thread.java:834)
29-May-2020 15:45:22.195 INFO [Thread-3] org.apache.coyote.AbstractProtocol.stop Stopping ProtocolHandler ["http-nio-8080"]
29-May-2020 15:45:22.198 INFO [Thread-3] org.apache.coyote.AbstractProtocol.destroy Destroying ProtocolHandler ["http-nio-8080"]
