23-May-2020 12:18:27.734 INFO [Thread-3] org.apache.coyote.AbstractProtocol.pause Pausing ProtocolHandler ["http-nio-8080"]
23-May-2020 12:18:27.780 INFO [Thread-3] org.apache.catalina.core.StandardService.stopInternal Stopping service [Catalina]
23-May-2020 12:18:27.825 WARNING [Thread-3] org.apache.catalina.loader.WebappClassLoaderBase.clearReferencesJdbc The web application [Assignment3] registered the JDBC driver [com.mysql.cj.jdbc.Driver] but failed to unregister it when the web application was stopped. To prevent a memory leak, the JDBC Driver has been forcibly unregistered.
23-May-2020 12:18:27.826 WARNING [Thread-3] org.apache.catalina.loader.WebappClassLoaderBase.clearReferencesThreads The web application [Assignment3] appears to have started a thread named [mysql-cj-abandoned-connection-cleanup] but has failed to stop it. This is very likely to create a memory leak. Stack trace of thread:
 java.base@11.0.6/java.lang.Object.wait(Native Method)
 java.base@11.0.6/java.lang.ref.ReferenceQueue.remove(ReferenceQueue.java:155)
 com.mysql.cj.jdbc.AbandonedConnectionCleanupThread.run(AbandonedConnectionCleanupThread.java:85)
 java.base@11.0.6/java.util.concurrent.ThreadPoolExecutor.runWorker(ThreadPoolExecutor.java:1128)
 java.base@11.0.6/java.util.concurrent.ThreadPoolExecutor$Worker.run(ThreadPoolExecutor.java:628)
 java.base@11.0.6/java.lang.Thread.run(Thread.java:834)
23-May-2020 12:18:27.832 INFO [Thread-3] org.apache.coyote.AbstractProtocol.stop Stopping ProtocolHandler ["http-nio-8080"]
23-May-2020 12:18:27.835 INFO [Thread-3] org.apache.coyote.AbstractProtocol.destroy Destroying ProtocolHandler ["http-nio-8080"]
23-May-2020 12:18:54.928 INFO [main] org.apache.catalina.startup.VersionLoggerListener.log Server version name:   Apache Tomcat/9.0.34
23-May-2020 12:18:54.938 INFO [main] org.apache.catalina.startup.VersionLoggerListener.log Server built:          Apr 3 2020 12:02:52 UTC
23-May-2020 12:18:54.938 INFO [main] org.apache.catalina.startup.VersionLoggerListener.log Server version number: 9.0.34.0
23-May-2020 12:18:54.938 INFO [main] org.apache.catalina.startup.VersionLoggerListener.log OS Name:               Windows 10
23-May-2020 12:18:54.938 INFO [main] org.apache.catalina.startup.VersionLoggerListener.log OS Version:            10.0
23-May-2020 12:18:54.938 INFO [main] org.apache.catalina.startup.VersionLoggerListener.log Architecture:          amd64
23-May-2020 12:18:54.938 INFO [main] org.apache.catalina.startup.VersionLoggerListener.log Java Home:             C:\Program Files\Java\jdk-11.0.6
23-May-2020 12:18:54.938 INFO [main] org.apache.catalina.startup.VersionLoggerListener.log JVM Version:           11.0.6+8-LTS
23-May-2020 12:18:54.938 INFO [main] org.apache.catalina.startup.VersionLoggerListener.log JVM Vendor:            Oracle Corporation
23-May-2020 12:18:54.938 INFO [main] org.apache.catalina.startup.VersionLoggerListener.log CATALINA_BASE:         C:\Users\Work Account\Documents\GitHub\SENG2050-Assignment-3\apache-tomcat-9.0.34\apache-tomcat-9.0.34
23-May-2020 12:18:54.938 INFO [main] org.apache.catalina.startup.VersionLoggerListener.log CATALINA_HOME:         C:\Users\Work Account\Documents\GitHub\SENG2050-Assignment-3\apache-tomcat-9.0.34\apache-tomcat-9.0.34
23-May-2020 12:18:54.948 INFO [main] org.apache.catalina.startup.VersionLoggerListener.log Command line argument: --add-opens=java.base/java.lang=ALL-UNNAMED
23-May-2020 12:18:54.948 INFO [main] org.apache.catalina.startup.VersionLoggerListener.log Command line argument: --add-opens=java.base/java.io=ALL-UNNAMED
23-May-2020 12:18:54.948 INFO [main] org.apache.catalina.startup.VersionLoggerListener.log Command line argument: --add-opens=java.rmi/sun.rmi.transport=ALL-UNNAMED
23-May-2020 12:18:54.948 INFO [main] org.apache.catalina.startup.VersionLoggerListener.log Command line argument: -Djava.util.logging.config.file=C:\Users\Work Account\Documents\GitHub\SENG2050-Assignment-3\apache-tomcat-9.0.34\apache-tomcat-9.0.34\conf\logging.properties
23-May-2020 12:18:54.948 INFO [main] org.apache.catalina.startup.VersionLoggerListener.log Command line argument: -Djava.util.logging.manager=org.apache.juli.ClassLoaderLogManager
23-May-2020 12:18:54.948 INFO [main] org.apache.catalina.startup.VersionLoggerListener.log Command line argument: -Djdk.tls.ephemeralDHKeySize=2048
23-May-2020 12:18:54.948 INFO [main] org.apache.catalina.startup.VersionLoggerListener.log Command line argument: -Djava.protocol.handler.pkgs=org.apache.catalina.webresources
23-May-2020 12:18:54.948 INFO [main] org.apache.catalina.startup.VersionLoggerListener.log Command line argument: -Dignore.endorsed.dirs=
23-May-2020 12:18:54.948 INFO [main] org.apache.catalina.startup.VersionLoggerListener.log Command line argument: -Dcatalina.base=C:\Users\Work Account\Documents\GitHub\SENG2050-Assignment-3\apache-tomcat-9.0.34\apache-tomcat-9.0.34
23-May-2020 12:18:54.948 INFO [main] org.apache.catalina.startup.VersionLoggerListener.log Command line argument: -Dcatalina.home=C:\Users\Work Account\Documents\GitHub\SENG2050-Assignment-3\apache-tomcat-9.0.34\apache-tomcat-9.0.34
23-May-2020 12:18:54.948 INFO [main] org.apache.catalina.startup.VersionLoggerListener.log Command line argument: -Djava.io.tmpdir=C:\Users\Work Account\Documents\GitHub\SENG2050-Assignment-3\apache-tomcat-9.0.34\apache-tomcat-9.0.34\temp
23-May-2020 12:18:54.948 INFO [main] org.apache.catalina.core.AprLifecycleListener.lifecycleEvent The APR based Apache Tomcat Native library which allows optimal performance in production environments was not found on the java.library.path: [C:\Program Files\Java\jdk-11.0.6\bin;C:\Windows\Sun\Java\bin;C:\Windows\system32;C:\Windows;C:\Program Files (x86)\Razer Chroma SDK\bin;C:\Program Files\Razer Chroma SDK\bin;C:\Program Files (x86)\Razer\ChromaBroadcast\bin;C:\Program Files\Razer\ChromaBroadcast\bin;C:\Program Files (x86)\Common Files\Intel\Shared Libraries\redist\intel64\compiler;C:\Program Files (x86)\Common Files\Oracle\Java\javapath;C:\Windows\system32;C:\Windows;C:\Windows\System32\Wbem;C:\Windows\System32\WindowsPowerShell\v1.0\;C:\Windows\System32\OpenSSH\;C:\Program Files\NVIDIA Corporation\NVIDIA NvDLISR;C:\Program Files (x86)\NVIDIA Corporation\PhysX\Common;C:\Program Files\Microsoft SQL Server\Client SDK\ODBC\110\Tools\Binn\;C:\Program Files\WorldPainter;C:\Program Files\Git\cmd;C:\Windows\system32\config\systemprofile\AppData\Local\Microsoft\WindowsApps;C:\Users\seanc\AppData\Local\Programs\Python\Python37-32\Scripts\;C:\Users\seanc\AppData\Local\Programs\Python\Python37-32\;C:\RailsInstaller\Git\cmd;C:\RailsInstaller\Ruby2.3.3\bin;C:\Ruby26-x64\bin;C:\Users\seanc\AppData\Local\Microsoft\WindowsApps;C:\Users\seanc\AppData\Local\Programs\Microsoft VS Code\bin;C:\Users\seanc\AppData\Local\GitHubDesktop\bin;C:\Program Files\Microsoft SQL Server\130\Tools\Binn\;C:\Program Files\Microsoft SQL Server\Client SDK\ODBC\170\Tools\Binn\;C:\Program Files\Java\jdk-13.0.2\bin;C:\Program Files (x86)\Microsoft SQL Server\150\DTS\Binn\;C:\Program Files (x86)\Microsoft SQL Server\150\Tools\Binn\;C:\Program Files\Microsoft SQL Server\150\Tools\Binn\;C:\Program Files\Microsoft SQL Server\150\DTS\Binn\;C:\Program Files\Microsoft SQL Server\Client SDK\ODBC\130\Tools\Binn\;C:\Program Files (x86)\Microsoft SQL Server\130\Tools\Binn\;C:\Program Files\Microsoft SQL Server\130\DTS\Binn\;C:\Program Files\dotnet\;C:\Program Files\Java\jdk-11.0.6\bin;C:\Users\Work Account\AppData\Local\Microsoft\WindowsApps;C:\Users\Work Account\AppData\Local\Programs\Microsoft VS Code\bin;C:\Users\seanc\AppData\Local\GitHubDesktop\bin;C:\Program Files\Java\jdk-11.0.6\bin;;.]
23-May-2020 12:18:55.197 INFO [main] org.apache.coyote.AbstractProtocol.init Initializing ProtocolHandler ["http-nio-8080"]
23-May-2020 12:18:55.304 INFO [main] org.apache.catalina.startup.Catalina.load Server initialization in [502] milliseconds
23-May-2020 12:18:55.351 INFO [main] org.apache.catalina.core.StandardService.startInternal Starting service [Catalina]
23-May-2020 12:18:55.351 INFO [main] org.apache.catalina.core.StandardEngine.startInternal Starting Servlet engine: [Apache Tomcat/9.0.34]
23-May-2020 12:18:55.359 INFO [main] org.apache.catalina.startup.HostConfig.deployDirectory Deploying web application directory [C:\Users\Work Account\Documents\GitHub\SENG2050-Assignment-3\apache-tomcat-9.0.34\apache-tomcat-9.0.34\webapps\Assignment3]
23-May-2020 12:18:56.042 WARNING [main] org.apache.tomcat.dbcp.dbcp2.BasicDataSourceFactory.getObjectInstance Name = MyConnection Property maxActive is not used in DBCP2, use maxTotal instead. maxTotal default value is 8. You have set value of "10" for "maxActive" property, which is being ignored.
23-May-2020 12:18:56.130 INFO [main] org.apache.jasper.servlet.TldScanner.scanJars At least one JAR was scanned for TLDs yet contained no TLDs. Enable debug logging for this logger for a complete list of JARs that were scanned but no TLDs were found in them. Skipping unneeded JARs during scanning can improve startup time and JSP compilation time.
23-May-2020 12:18:56.261 INFO [main] org.apache.catalina.startup.HostConfig.deployDirectory Deployment of web application directory [C:\Users\Work Account\Documents\GitHub\SENG2050-Assignment-3\apache-tomcat-9.0.34\apache-tomcat-9.0.34\webapps\Assignment3] has finished in [903] ms
23-May-2020 12:18:56.262 INFO [main] org.apache.catalina.startup.HostConfig.deployDirectory Deploying web application directory [C:\Users\Work Account\Documents\GitHub\SENG2050-Assignment-3\apache-tomcat-9.0.34\apache-tomcat-9.0.34\webapps\docs]
23-May-2020 12:18:56.293 INFO [main] org.apache.catalina.startup.HostConfig.deployDirectory Deployment of web application directory [C:\Users\Work Account\Documents\GitHub\SENG2050-Assignment-3\apache-tomcat-9.0.34\apache-tomcat-9.0.34\webapps\docs] has finished in [30] ms
23-May-2020 12:18:56.293 INFO [main] org.apache.catalina.startup.HostConfig.deployDirectory Deploying web application directory [C:\Users\Work Account\Documents\GitHub\SENG2050-Assignment-3\apache-tomcat-9.0.34\apache-tomcat-9.0.34\webapps\examples]
23-May-2020 12:18:56.512 INFO [main] org.apache.catalina.startup.HostConfig.deployDirectory Deployment of web application directory [C:\Users\Work Account\Documents\GitHub\SENG2050-Assignment-3\apache-tomcat-9.0.34\apache-tomcat-9.0.34\webapps\examples] has finished in [218] ms
23-May-2020 12:18:56.512 INFO [main] org.apache.catalina.startup.HostConfig.deployDirectory Deploying web application directory [C:\Users\Work Account\Documents\GitHub\SENG2050-Assignment-3\apache-tomcat-9.0.34\apache-tomcat-9.0.34\webapps\host-manager]
23-May-2020 12:18:56.537 INFO [main] org.apache.catalina.startup.HostConfig.deployDirectory Deployment of web application directory [C:\Users\Work Account\Documents\GitHub\SENG2050-Assignment-3\apache-tomcat-9.0.34\apache-tomcat-9.0.34\webapps\host-manager] has finished in [25] ms
23-May-2020 12:18:56.538 INFO [main] org.apache.catalina.startup.HostConfig.deployDirectory Deploying web application directory [C:\Users\Work Account\Documents\GitHub\SENG2050-Assignment-3\apache-tomcat-9.0.34\apache-tomcat-9.0.34\webapps\manager]
23-May-2020 12:18:56.560 INFO [main] org.apache.catalina.startup.HostConfig.deployDirectory Deployment of web application directory [C:\Users\Work Account\Documents\GitHub\SENG2050-Assignment-3\apache-tomcat-9.0.34\apache-tomcat-9.0.34\webapps\manager] has finished in [22] ms
23-May-2020 12:18:56.561 INFO [main] org.apache.catalina.startup.HostConfig.deployDirectory Deploying web application directory [C:\Users\Work Account\Documents\GitHub\SENG2050-Assignment-3\apache-tomcat-9.0.34\apache-tomcat-9.0.34\webapps\ROOT]
23-May-2020 12:18:56.577 INFO [main] org.apache.catalina.startup.HostConfig.deployDirectory Deployment of web application directory [C:\Users\Work Account\Documents\GitHub\SENG2050-Assignment-3\apache-tomcat-9.0.34\apache-tomcat-9.0.34\webapps\ROOT] has finished in [17] ms
23-May-2020 12:18:56.581 INFO [main] org.apache.coyote.AbstractProtocol.start Starting ProtocolHandler ["http-nio-8080"]
23-May-2020 12:18:56.587 INFO [main] org.apache.catalina.startup.Catalina.start Server startup in [1,283] milliseconds
23-May-2020 12:19:28.640 INFO [Thread-3] org.apache.coyote.AbstractProtocol.pause Pausing ProtocolHandler ["http-nio-8080"]
23-May-2020 12:19:28.682 INFO [Thread-3] org.apache.catalina.core.StandardService.stopInternal Stopping service [Catalina]
23-May-2020 12:19:28.722 WARNING [Thread-3] org.apache.catalina.loader.WebappClassLoaderBase.clearReferencesJdbc The web application [Assignment3] registered the JDBC driver [com.mysql.cj.jdbc.Driver] but failed to unregister it when the web application was stopped. To prevent a memory leak, the JDBC Driver has been forcibly unregistered.
23-May-2020 12:19:28.726 WARNING [Thread-3] org.apache.catalina.loader.WebappClassLoaderBase.clearReferencesThreads The web application [Assignment3] appears to have started a thread named [mysql-cj-abandoned-connection-cleanup] but has failed to stop it. This is very likely to create a memory leak. Stack trace of thread:
 java.base@11.0.6/java.lang.Object.wait(Native Method)
 java.base@11.0.6/java.lang.ref.ReferenceQueue.remove(ReferenceQueue.java:155)
 com.mysql.cj.jdbc.AbandonedConnectionCleanupThread.run(AbandonedConnectionCleanupThread.java:85)
 java.base@11.0.6/java.util.concurrent.ThreadPoolExecutor.runWorker(ThreadPoolExecutor.java:1128)
 java.base@11.0.6/java.util.concurrent.ThreadPoolExecutor$Worker.run(ThreadPoolExecutor.java:628)
 java.base@11.0.6/java.lang.Thread.run(Thread.java:834)
23-May-2020 12:19:28.736 INFO [Thread-3] org.apache.coyote.AbstractProtocol.stop Stopping ProtocolHandler ["http-nio-8080"]
23-May-2020 12:19:28.742 INFO [Thread-3] org.apache.coyote.AbstractProtocol.destroy Destroying ProtocolHandler ["http-nio-8080"]
23-May-2020 12:19:31.978 INFO [main] org.apache.catalina.startup.VersionLoggerListener.log Server version name:   Apache Tomcat/9.0.34
23-May-2020 12:19:31.983 INFO [main] org.apache.catalina.startup.VersionLoggerListener.log Server built:          Apr 3 2020 12:02:52 UTC
23-May-2020 12:19:31.983 INFO [main] org.apache.catalina.startup.VersionLoggerListener.log Server version number: 9.0.34.0
23-May-2020 12:19:31.983 INFO [main] org.apache.catalina.startup.VersionLoggerListener.log OS Name:               Windows 10
23-May-2020 12:19:31.983 INFO [main] org.apache.catalina.startup.VersionLoggerListener.log OS Version:            10.0
23-May-2020 12:19:31.983 INFO [main] org.apache.catalina.startup.VersionLoggerListener.log Architecture:          amd64
23-May-2020 12:19:31.983 INFO [main] org.apache.catalina.startup.VersionLoggerListener.log Java Home:             C:\Program Files\Java\jdk-11.0.6
23-May-2020 12:19:31.983 INFO [main] org.apache.catalina.startup.VersionLoggerListener.log JVM Version:           11.0.6+8-LTS
23-May-2020 12:19:31.983 INFO [main] org.apache.catalina.startup.VersionLoggerListener.log JVM Vendor:            Oracle Corporation
23-May-2020 12:19:31.983 INFO [main] org.apache.catalina.startup.VersionLoggerListener.log CATALINA_BASE:         C:\Users\Work Account\Documents\GitHub\SENG2050-Assignment-3\apache-tomcat-9.0.34\apache-tomcat-9.0.34
23-May-2020 12:19:31.983 INFO [main] org.apache.catalina.startup.VersionLoggerListener.log CATALINA_HOME:         C:\Users\Work Account\Documents\GitHub\SENG2050-Assignment-3\apache-tomcat-9.0.34\apache-tomcat-9.0.34
23-May-2020 12:19:31.988 INFO [main] org.apache.catalina.startup.VersionLoggerListener.log Command line argument: --add-opens=java.base/java.lang=ALL-UNNAMED
23-May-2020 12:19:31.988 INFO [main] org.apache.catalina.startup.VersionLoggerListener.log Command line argument: --add-opens=java.base/java.io=ALL-UNNAMED
23-May-2020 12:19:31.988 INFO [main] org.apache.catalina.startup.VersionLoggerListener.log Command line argument: --add-opens=java.rmi/sun.rmi.transport=ALL-UNNAMED
23-May-2020 12:19:31.988 INFO [main] org.apache.catalina.startup.VersionLoggerListener.log Command line argument: -Djava.util.logging.config.file=C:\Users\Work Account\Documents\GitHub\SENG2050-Assignment-3\apache-tomcat-9.0.34\apache-tomcat-9.0.34\conf\logging.properties
23-May-2020 12:19:31.988 INFO [main] org.apache.catalina.startup.VersionLoggerListener.log Command line argument: -Djava.util.logging.manager=org.apache.juli.ClassLoaderLogManager
23-May-2020 12:19:31.988 INFO [main] org.apache.catalina.startup.VersionLoggerListener.log Command line argument: -Djdk.tls.ephemeralDHKeySize=2048
23-May-2020 12:19:31.988 INFO [main] org.apache.catalina.startup.VersionLoggerListener.log Command line argument: -Djava.protocol.handler.pkgs=org.apache.catalina.webresources
23-May-2020 12:19:31.988 INFO [main] org.apache.catalina.startup.VersionLoggerListener.log Command line argument: -Dignore.endorsed.dirs=
23-May-2020 12:19:31.988 INFO [main] org.apache.catalina.startup.VersionLoggerListener.log Command line argument: -Dcatalina.base=C:\Users\Work Account\Documents\GitHub\SENG2050-Assignment-3\apache-tomcat-9.0.34\apache-tomcat-9.0.34
23-May-2020 12:19:31.988 INFO [main] org.apache.catalina.startup.VersionLoggerListener.log Command line argument: -Dcatalina.home=C:\Users\Work Account\Documents\GitHub\SENG2050-Assignment-3\apache-tomcat-9.0.34\apache-tomcat-9.0.34
23-May-2020 12:19:31.988 INFO [main] org.apache.catalina.startup.VersionLoggerListener.log Command line argument: -Djava.io.tmpdir=C:\Users\Work Account\Documents\GitHub\SENG2050-Assignment-3\apache-tomcat-9.0.34\apache-tomcat-9.0.34\temp
23-May-2020 12:19:31.988 INFO [main] org.apache.catalina.core.AprLifecycleListener.lifecycleEvent The APR based Apache Tomcat Native library which allows optimal performance in production environments was not found on the java.library.path: [C:\Program Files\Java\jdk-11.0.6\bin;C:\Windows\Sun\Java\bin;C:\Windows\system32;C:\Windows;C:\Program Files (x86)\Razer Chroma SDK\bin;C:\Program Files\Razer Chroma SDK\bin;C:\Program Files (x86)\Razer\ChromaBroadcast\bin;C:\Program Files\Razer\ChromaBroadcast\bin;C:\Program Files (x86)\Common Files\Intel\Shared Libraries\redist\intel64\compiler;C:\Program Files (x86)\Common Files\Oracle\Java\javapath;C:\Windows\system32;C:\Windows;C:\Windows\System32\Wbem;C:\Windows\System32\WindowsPowerShell\v1.0\;C:\Windows\System32\OpenSSH\;C:\Program Files\NVIDIA Corporation\NVIDIA NvDLISR;C:\Program Files (x86)\NVIDIA Corporation\PhysX\Common;C:\Program Files\Microsoft SQL Server\Client SDK\ODBC\110\Tools\Binn\;C:\Program Files\WorldPainter;C:\Program Files\Git\cmd;C:\Windows\system32\config\systemprofile\AppData\Local\Microsoft\WindowsApps;C:\Users\seanc\AppData\Local\Programs\Python\Python37-32\Scripts\;C:\Users\seanc\AppData\Local\Programs\Python\Python37-32\;C:\RailsInstaller\Git\cmd;C:\RailsInstaller\Ruby2.3.3\bin;C:\Ruby26-x64\bin;C:\Users\seanc\AppData\Local\Microsoft\WindowsApps;C:\Users\seanc\AppData\Local\Programs\Microsoft VS Code\bin;C:\Users\seanc\AppData\Local\GitHubDesktop\bin;C:\Program Files\Microsoft SQL Server\130\Tools\Binn\;C:\Program Files\Microsoft SQL Server\Client SDK\ODBC\170\Tools\Binn\;C:\Program Files\Java\jdk-13.0.2\bin;C:\Program Files (x86)\Microsoft SQL Server\150\DTS\Binn\;C:\Program Files (x86)\Microsoft SQL Server\150\Tools\Binn\;C:\Program Files\Microsoft SQL Server\150\Tools\Binn\;C:\Program Files\Microsoft SQL Server\150\DTS\Binn\;C:\Program Files\Microsoft SQL Server\Client SDK\ODBC\130\Tools\Binn\;C:\Program Files (x86)\Microsoft SQL Server\130\Tools\Binn\;C:\Program Files\Microsoft SQL Server\130\DTS\Binn\;C:\Program Files\dotnet\;C:\Program Files\Java\jdk-11.0.6\bin;C:\Users\Work Account\AppData\Local\Microsoft\WindowsApps;C:\Users\Work Account\AppData\Local\Programs\Microsoft VS Code\bin;C:\Users\seanc\AppData\Local\GitHubDesktop\bin;C:\Program Files\Java\jdk-11.0.6\bin;;.]
23-May-2020 12:19:32.200 INFO [main] org.apache.coyote.AbstractProtocol.init Initializing ProtocolHandler ["http-nio-8080"]
23-May-2020 12:19:32.281 INFO [main] org.apache.catalina.startup.Catalina.load Server initialization in [434] milliseconds
23-May-2020 12:19:32.324 INFO [main] org.apache.catalina.core.StandardService.startInternal Starting service [Catalina]
23-May-2020 12:19:32.325 INFO [main] org.apache.catalina.core.StandardEngine.startInternal Starting Servlet engine: [Apache Tomcat/9.0.34]
23-May-2020 12:19:32.331 INFO [main] org.apache.catalina.startup.HostConfig.deployDirectory Deploying web application directory [C:\Users\Work Account\Documents\GitHub\SENG2050-Assignment-3\apache-tomcat-9.0.34\apache-tomcat-9.0.34\webapps\Assignment3]
23-May-2020 12:19:32.944 WARNING [main] org.apache.tomcat.dbcp.dbcp2.BasicDataSourceFactory.getObjectInstance Name = MyConnection Property maxActive is not used in DBCP2, use maxTotal instead. maxTotal default value is 8. You have set value of "10" for "maxActive" property, which is being ignored.
23-May-2020 12:19:33.012 INFO [main] org.apache.jasper.servlet.TldScanner.scanJars At least one JAR was scanned for TLDs yet contained no TLDs. Enable debug logging for this logger for a complete list of JARs that were scanned but no TLDs were found in them. Skipping unneeded JARs during scanning can improve startup time and JSP compilation time.
23-May-2020 12:19:33.123 INFO [main] org.apache.catalina.startup.HostConfig.deployDirectory Deployment of web application directory [C:\Users\Work Account\Documents\GitHub\SENG2050-Assignment-3\apache-tomcat-9.0.34\apache-tomcat-9.0.34\webapps\Assignment3] has finished in [792] ms
23-May-2020 12:19:33.123 INFO [main] org.apache.catalina.startup.HostConfig.deployDirectory Deploying web application directory [C:\Users\Work Account\Documents\GitHub\SENG2050-Assignment-3\apache-tomcat-9.0.34\apache-tomcat-9.0.34\webapps\docs]
23-May-2020 12:19:33.145 INFO [main] org.apache.catalina.startup.HostConfig.deployDirectory Deployment of web application directory [C:\Users\Work Account\Documents\GitHub\SENG2050-Assignment-3\apache-tomcat-9.0.34\apache-tomcat-9.0.34\webapps\docs] has finished in [21] ms
23-May-2020 12:19:33.145 INFO [main] org.apache.catalina.startup.HostConfig.deployDirectory Deploying web application directory [C:\Users\Work Account\Documents\GitHub\SENG2050-Assignment-3\apache-tomcat-9.0.34\apache-tomcat-9.0.34\webapps\examples]
23-May-2020 12:19:33.364 INFO [main] org.apache.catalina.startup.HostConfig.deployDirectory Deployment of web application directory [C:\Users\Work Account\Documents\GitHub\SENG2050-Assignment-3\apache-tomcat-9.0.34\apache-tomcat-9.0.34\webapps\examples] has finished in [219] ms
23-May-2020 12:19:33.364 INFO [main] org.apache.catalina.startup.HostConfig.deployDirectory Deploying web application directory [C:\Users\Work Account\Documents\GitHub\SENG2050-Assignment-3\apache-tomcat-9.0.34\apache-tomcat-9.0.34\webapps\host-manager]
23-May-2020 12:19:33.392 INFO [main] org.apache.catalina.startup.HostConfig.deployDirectory Deployment of web application directory [C:\Users\Work Account\Documents\GitHub\SENG2050-Assignment-3\apache-tomcat-9.0.34\apache-tomcat-9.0.34\webapps\host-manager] has finished in [27] ms
23-May-2020 12:19:33.392 INFO [main] org.apache.catalina.startup.HostConfig.deployDirectory Deploying web application directory [C:\Users\Work Account\Documents\GitHub\SENG2050-Assignment-3\apache-tomcat-9.0.34\apache-tomcat-9.0.34\webapps\manager]
23-May-2020 12:19:33.412 INFO [main] org.apache.catalina.startup.HostConfig.deployDirectory Deployment of web application directory [C:\Users\Work Account\Documents\GitHub\SENG2050-Assignment-3\apache-tomcat-9.0.34\apache-tomcat-9.0.34\webapps\manager] has finished in [20] ms
23-May-2020 12:19:33.413 INFO [main] org.apache.catalina.startup.HostConfig.deployDirectory Deploying web application directory [C:\Users\Work Account\Documents\GitHub\SENG2050-Assignment-3\apache-tomcat-9.0.34\apache-tomcat-9.0.34\webapps\ROOT]
23-May-2020 12:19:33.430 INFO [main] org.apache.catalina.startup.HostConfig.deployDirectory Deployment of web application directory [C:\Users\Work Account\Documents\GitHub\SENG2050-Assignment-3\apache-tomcat-9.0.34\apache-tomcat-9.0.34\webapps\ROOT] has finished in [17] ms
23-May-2020 12:19:33.433 INFO [main] org.apache.coyote.AbstractProtocol.start Starting ProtocolHandler ["http-nio-8080"]
23-May-2020 12:19:33.441 INFO [main] org.apache.catalina.startup.Catalina.start Server startup in [1,159] milliseconds
23-May-2020 12:21:30.729 INFO [Thread-3] org.apache.coyote.AbstractProtocol.pause Pausing ProtocolHandler ["http-nio-8080"]
23-May-2020 12:21:30.773 INFO [Thread-3] org.apache.catalina.core.StandardService.stopInternal Stopping service [Catalina]
23-May-2020 12:21:30.805 WARNING [Thread-3] org.apache.catalina.loader.WebappClassLoaderBase.clearReferencesJdbc The web application [Assignment3] registered the JDBC driver [com.mysql.cj.jdbc.Driver] but failed to unregister it when the web application was stopped. To prevent a memory leak, the JDBC Driver has been forcibly unregistered.
23-May-2020 12:21:30.806 WARNING [Thread-3] org.apache.catalina.loader.WebappClassLoaderBase.clearReferencesThreads The web application [Assignment3] appears to have started a thread named [mysql-cj-abandoned-connection-cleanup] but has failed to stop it. This is very likely to create a memory leak. Stack trace of thread:
 java.base@11.0.6/java.lang.Object.wait(Native Method)
 java.base@11.0.6/java.lang.ref.ReferenceQueue.remove(ReferenceQueue.java:155)
 com.mysql.cj.jdbc.AbandonedConnectionCleanupThread.run(AbandonedConnectionCleanupThread.java:85)
 java.base@11.0.6/java.util.concurrent.ThreadPoolExecutor.runWorker(ThreadPoolExecutor.java:1128)
 java.base@11.0.6/java.util.concurrent.ThreadPoolExecutor$Worker.run(ThreadPoolExecutor.java:628)
 java.base@11.0.6/java.lang.Thread.run(Thread.java:834)
23-May-2020 12:21:30.814 INFO [Thread-3] org.apache.coyote.AbstractProtocol.stop Stopping ProtocolHandler ["http-nio-8080"]
23-May-2020 12:21:30.817 INFO [Thread-3] org.apache.coyote.AbstractProtocol.destroy Destroying ProtocolHandler ["http-nio-8080"]
23-May-2020 12:21:48.618 INFO [main] org.apache.catalina.startup.VersionLoggerListener.log Server version name:   Apache Tomcat/9.0.34
23-May-2020 12:21:48.618 INFO [main] org.apache.catalina.startup.VersionLoggerListener.log Server built:          Apr 3 2020 12:02:52 UTC
23-May-2020 12:21:48.618 INFO [main] org.apache.catalina.startup.VersionLoggerListener.log Server version number: 9.0.34.0
23-May-2020 12:21:48.618 INFO [main] org.apache.catalina.startup.VersionLoggerListener.log OS Name:               Windows 10
23-May-2020 12:21:48.618 INFO [main] org.apache.catalina.startup.VersionLoggerListener.log OS Version:            10.0
23-May-2020 12:21:48.618 INFO [main] org.apache.catalina.startup.VersionLoggerListener.log Architecture:          amd64
23-May-2020 12:21:48.618 INFO [main] org.apache.catalina.startup.VersionLoggerListener.log Java Home:             C:\Program Files\Java\jdk-11.0.6
23-May-2020 12:21:48.618 INFO [main] org.apache.catalina.startup.VersionLoggerListener.log JVM Version:           11.0.6+8-LTS
23-May-2020 12:21:48.618 INFO [main] org.apache.catalina.startup.VersionLoggerListener.log JVM Vendor:            Oracle Corporation
23-May-2020 12:21:48.618 INFO [main] org.apache.catalina.startup.VersionLoggerListener.log CATALINA_BASE:         C:\Users\Work Account\Documents\GitHub\SENG2050-Assignment-3\apache-tomcat-9.0.34\apache-tomcat-9.0.34
23-May-2020 12:21:48.618 INFO [main] org.apache.catalina.startup.VersionLoggerListener.log CATALINA_HOME:         C:\Users\Work Account\Documents\GitHub\SENG2050-Assignment-3\apache-tomcat-9.0.34\apache-tomcat-9.0.34
23-May-2020 12:21:48.628 INFO [main] org.apache.catalina.startup.VersionLoggerListener.log Command line argument: --add-opens=java.base/java.lang=ALL-UNNAMED
23-May-2020 12:21:48.628 INFO [main] org.apache.catalina.startup.VersionLoggerListener.log Command line argument: --add-opens=java.base/java.io=ALL-UNNAMED
23-May-2020 12:21:48.628 INFO [main] org.apache.catalina.startup.VersionLoggerListener.log Command line argument: --add-opens=java.rmi/sun.rmi.transport=ALL-UNNAMED
23-May-2020 12:21:48.628 INFO [main] org.apache.catalina.startup.VersionLoggerListener.log Command line argument: -Djava.util.logging.config.file=C:\Users\Work Account\Documents\GitHub\SENG2050-Assignment-3\apache-tomcat-9.0.34\apache-tomcat-9.0.34\conf\logging.properties
23-May-2020 12:21:48.628 INFO [main] org.apache.catalina.startup.VersionLoggerListener.log Command line argument: -Djava.util.logging.manager=org.apache.juli.ClassLoaderLogManager
23-May-2020 12:21:48.628 INFO [main] org.apache.catalina.startup.VersionLoggerListener.log Command line argument: -Djdk.tls.ephemeralDHKeySize=2048
23-May-2020 12:21:48.628 INFO [main] org.apache.catalina.startup.VersionLoggerListener.log Command line argument: -Djava.protocol.handler.pkgs=org.apache.catalina.webresources
23-May-2020 12:21:48.628 INFO [main] org.apache.catalina.startup.VersionLoggerListener.log Command line argument: -Dignore.endorsed.dirs=
23-May-2020 12:21:48.628 INFO [main] org.apache.catalina.startup.VersionLoggerListener.log Command line argument: -Dcatalina.base=C:\Users\Work Account\Documents\GitHub\SENG2050-Assignment-3\apache-tomcat-9.0.34\apache-tomcat-9.0.34
23-May-2020 12:21:48.628 INFO [main] org.apache.catalina.startup.VersionLoggerListener.log Command line argument: -Dcatalina.home=C:\Users\Work Account\Documents\GitHub\SENG2050-Assignment-3\apache-tomcat-9.0.34\apache-tomcat-9.0.34
23-May-2020 12:21:48.628 INFO [main] org.apache.catalina.startup.VersionLoggerListener.log Command line argument: -Djava.io.tmpdir=C:\Users\Work Account\Documents\GitHub\SENG2050-Assignment-3\apache-tomcat-9.0.34\apache-tomcat-9.0.34\temp
23-May-2020 12:21:48.628 INFO [main] org.apache.catalina.core.AprLifecycleListener.lifecycleEvent The APR based Apache Tomcat Native library which allows optimal performance in production environments was not found on the java.library.path: [C:\Program Files\Java\jdk-11.0.6\bin;C:\Windows\Sun\Java\bin;C:\Windows\system32;C:\Windows;C:\Program Files (x86)\Razer Chroma SDK\bin;C:\Program Files\Razer Chroma SDK\bin;C:\Program Files (x86)\Razer\ChromaBroadcast\bin;C:\Program Files\Razer\ChromaBroadcast\bin;C:\Program Files (x86)\Common Files\Intel\Shared Libraries\redist\intel64\compiler;C:\Program Files (x86)\Common Files\Oracle\Java\javapath;C:\Windows\system32;C:\Windows;C:\Windows\System32\Wbem;C:\Windows\System32\WindowsPowerShell\v1.0\;C:\Windows\System32\OpenSSH\;C:\Program Files\NVIDIA Corporation\NVIDIA NvDLISR;C:\Program Files (x86)\NVIDIA Corporation\PhysX\Common;C:\Program Files\Microsoft SQL Server\Client SDK\ODBC\110\Tools\Binn\;C:\Program Files\WorldPainter;C:\Program Files\Git\cmd;C:\Windows\system32\config\systemprofile\AppData\Local\Microsoft\WindowsApps;C:\Users\seanc\AppData\Local\Programs\Python\Python37-32\Scripts\;C:\Users\seanc\AppData\Local\Programs\Python\Python37-32\;C:\RailsInstaller\Git\cmd;C:\RailsInstaller\Ruby2.3.3\bin;C:\Ruby26-x64\bin;C:\Users\seanc\AppData\Local\Microsoft\WindowsApps;C:\Users\seanc\AppData\Local\Programs\Microsoft VS Code\bin;C:\Users\seanc\AppData\Local\GitHubDesktop\bin;C:\Program Files\Microsoft SQL Server\130\Tools\Binn\;C:\Program Files\Microsoft SQL Server\Client SDK\ODBC\170\Tools\Binn\;C:\Program Files\Java\jdk-13.0.2\bin;C:\Program Files (x86)\Microsoft SQL Server\150\DTS\Binn\;C:\Program Files (x86)\Microsoft SQL Server\150\Tools\Binn\;C:\Program Files\Microsoft SQL Server\150\Tools\Binn\;C:\Program Files\Microsoft SQL Server\150\DTS\Binn\;C:\Program Files\Microsoft SQL Server\Client SDK\ODBC\130\Tools\Binn\;C:\Program Files (x86)\Microsoft SQL Server\130\Tools\Binn\;C:\Program Files\Microsoft SQL Server\130\DTS\Binn\;C:\Program Files\dotnet\;C:\Program Files\Java\jdk-11.0.6\bin;C:\Users\Work Account\AppData\Local\Microsoft\WindowsApps;C:\Users\Work Account\AppData\Local\Programs\Microsoft VS Code\bin;C:\Users\seanc\AppData\Local\GitHubDesktop\bin;C:\Program Files\Java\jdk-11.0.6\bin;;.]
23-May-2020 12:21:48.818 INFO [main] org.apache.coyote.AbstractProtocol.init Initializing ProtocolHandler ["http-nio-8080"]
23-May-2020 12:21:48.895 INFO [main] org.apache.catalina.startup.Catalina.load Server initialization in [406] milliseconds
23-May-2020 12:21:48.929 INFO [main] org.apache.catalina.core.StandardService.startInternal Starting service [Catalina]
23-May-2020 12:21:48.930 INFO [main] org.apache.catalina.core.StandardEngine.startInternal Starting Servlet engine: [Apache Tomcat/9.0.34]
23-May-2020 12:21:48.935 INFO [main] org.apache.catalina.startup.HostConfig.deployDirectory Deploying web application directory [C:\Users\Work Account\Documents\GitHub\SENG2050-Assignment-3\apache-tomcat-9.0.34\apache-tomcat-9.0.34\webapps\Assignment3]
23-May-2020 12:21:49.510 WARNING [main] org.apache.tomcat.dbcp.dbcp2.BasicDataSourceFactory.getObjectInstance Name = MyConnection Property maxActive is not used in DBCP2, use maxTotal instead. maxTotal default value is 8. You have set value of "10" for "maxActive" property, which is being ignored.
23-May-2020 12:21:49.596 INFO [main] org.apache.jasper.servlet.TldScanner.scanJars At least one JAR was scanned for TLDs yet contained no TLDs. Enable debug logging for this logger for a complete list of JARs that were scanned but no TLDs were found in them. Skipping unneeded JARs during scanning can improve startup time and JSP compilation time.
23-May-2020 12:21:49.707 INFO [main] org.apache.catalina.startup.HostConfig.deployDirectory Deployment of web application directory [C:\Users\Work Account\Documents\GitHub\SENG2050-Assignment-3\apache-tomcat-9.0.34\apache-tomcat-9.0.34\webapps\Assignment3] has finished in [772] ms
23-May-2020 12:21:49.707 INFO [main] org.apache.catalina.startup.HostConfig.deployDirectory Deploying web application directory [C:\Users\Work Account\Documents\GitHub\SENG2050-Assignment-3\apache-tomcat-9.0.34\apache-tomcat-9.0.34\webapps\docs]
23-May-2020 12:21:49.726 INFO [main] org.apache.catalina.startup.HostConfig.deployDirectory Deployment of web application directory [C:\Users\Work Account\Documents\GitHub\SENG2050-Assignment-3\apache-tomcat-9.0.34\apache-tomcat-9.0.34\webapps\docs] has finished in [18] ms
23-May-2020 12:21:49.726 INFO [main] org.apache.catalina.startup.HostConfig.deployDirectory Deploying web application directory [C:\Users\Work Account\Documents\GitHub\SENG2050-Assignment-3\apache-tomcat-9.0.34\apache-tomcat-9.0.34\webapps\examples]
23-May-2020 12:21:49.941 INFO [main] org.apache.catalina.startup.HostConfig.deployDirectory Deployment of web application directory [C:\Users\Work Account\Documents\GitHub\SENG2050-Assignment-3\apache-tomcat-9.0.34\apache-tomcat-9.0.34\webapps\examples] has finished in [214] ms
23-May-2020 12:21:49.941 INFO [main] org.apache.catalina.startup.HostConfig.deployDirectory Deploying web application directory [C:\Users\Work Account\Documents\GitHub\SENG2050-Assignment-3\apache-tomcat-9.0.34\apache-tomcat-9.0.34\webapps\host-manager]
23-May-2020 12:21:49.966 INFO [main] org.apache.catalina.startup.HostConfig.deployDirectory Deployment of web application directory [C:\Users\Work Account\Documents\GitHub\SENG2050-Assignment-3\apache-tomcat-9.0.34\apache-tomcat-9.0.34\webapps\host-manager] has finished in [25] ms
23-May-2020 12:21:49.966 INFO [main] org.apache.catalina.startup.HostConfig.deployDirectory Deploying web application directory [C:\Users\Work Account\Documents\GitHub\SENG2050-Assignment-3\apache-tomcat-9.0.34\apache-tomcat-9.0.34\webapps\manager]
23-May-2020 12:21:50.003 INFO [main] org.apache.catalina.startup.HostConfig.deployDirectory Deployment of web application directory [C:\Users\Work Account\Documents\GitHub\SENG2050-Assignment-3\apache-tomcat-9.0.34\apache-tomcat-9.0.34\webapps\manager] has finished in [37] ms
23-May-2020 12:21:50.004 INFO [main] org.apache.catalina.startup.HostConfig.deployDirectory Deploying web application directory [C:\Users\Work Account\Documents\GitHub\SENG2050-Assignment-3\apache-tomcat-9.0.34\apache-tomcat-9.0.34\webapps\ROOT]
23-May-2020 12:21:50.025 INFO [main] org.apache.catalina.startup.HostConfig.deployDirectory Deployment of web application directory [C:\Users\Work Account\Documents\GitHub\SENG2050-Assignment-3\apache-tomcat-9.0.34\apache-tomcat-9.0.34\webapps\ROOT] has finished in [22] ms
23-May-2020 12:21:50.030 INFO [main] org.apache.coyote.AbstractProtocol.start Starting ProtocolHandler ["http-nio-8080"]
23-May-2020 12:21:50.037 INFO [main] org.apache.catalina.startup.Catalina.start Server startup in [1,141] milliseconds
23-May-2020 12:23:06.788 INFO [Thread-3] org.apache.coyote.AbstractProtocol.pause Pausing ProtocolHandler ["http-nio-8080"]
23-May-2020 12:23:06.838 INFO [Thread-3] org.apache.catalina.core.StandardService.stopInternal Stopping service [Catalina]
23-May-2020 12:23:06.864 WARNING [Thread-3] org.apache.catalina.loader.WebappClassLoaderBase.clearReferencesJdbc The web application [Assignment3] registered the JDBC driver [com.mysql.cj.jdbc.Driver] but failed to unregister it when the web application was stopped. To prevent a memory leak, the JDBC Driver has been forcibly unregistered.
23-May-2020 12:23:06.865 WARNING [Thread-3] org.apache.catalina.loader.WebappClassLoaderBase.clearReferencesThreads The web application [Assignment3] appears to have started a thread named [mysql-cj-abandoned-connection-cleanup] but has failed to stop it. This is very likely to create a memory leak. Stack trace of thread:
 java.base@11.0.6/java.lang.Object.wait(Native Method)
 java.base@11.0.6/java.lang.ref.ReferenceQueue.remove(ReferenceQueue.java:155)
 com.mysql.cj.jdbc.AbandonedConnectionCleanupThread.run(AbandonedConnectionCleanupThread.java:85)
 java.base@11.0.6/java.util.concurrent.ThreadPoolExecutor.runWorker(ThreadPoolExecutor.java:1128)
 java.base@11.0.6/java.util.concurrent.ThreadPoolExecutor$Worker.run(ThreadPoolExecutor.java:628)
 java.base@11.0.6/java.lang.Thread.run(Thread.java:834)
23-May-2020 12:23:06.870 INFO [Thread-3] org.apache.coyote.AbstractProtocol.stop Stopping ProtocolHandler ["http-nio-8080"]
23-May-2020 12:23:06.872 INFO [Thread-3] org.apache.coyote.AbstractProtocol.destroy Destroying ProtocolHandler ["http-nio-8080"]
23-May-2020 12:23:10.388 INFO [main] org.apache.catalina.startup.VersionLoggerListener.log Server version name:   Apache Tomcat/9.0.34
23-May-2020 12:23:10.388 INFO [main] org.apache.catalina.startup.VersionLoggerListener.log Server built:          Apr 3 2020 12:02:52 UTC
23-May-2020 12:23:10.388 INFO [main] org.apache.catalina.startup.VersionLoggerListener.log Server version number: 9.0.34.0
23-May-2020 12:23:10.388 INFO [main] org.apache.catalina.startup.VersionLoggerListener.log OS Name:               Windows 10
23-May-2020 12:23:10.388 INFO [main] org.apache.catalina.startup.VersionLoggerListener.log OS Version:            10.0
23-May-2020 12:23:10.388 INFO [main] org.apache.catalina.startup.VersionLoggerListener.log Architecture:          amd64
23-May-2020 12:23:10.388 INFO [main] org.apache.catalina.startup.VersionLoggerListener.log Java Home:             C:\Program Files\Java\jdk-11.0.6
23-May-2020 12:23:10.388 INFO [main] org.apache.catalina.startup.VersionLoggerListener.log JVM Version:           11.0.6+8-LTS
23-May-2020 12:23:10.388 INFO [main] org.apache.catalina.startup.VersionLoggerListener.log JVM Vendor:            Oracle Corporation
23-May-2020 12:23:10.388 INFO [main] org.apache.catalina.startup.VersionLoggerListener.log CATALINA_BASE:         C:\Users\Work Account\Documents\GitHub\SENG2050-Assignment-3\apache-tomcat-9.0.34\apache-tomcat-9.0.34
23-May-2020 12:23:10.388 INFO [main] org.apache.catalina.startup.VersionLoggerListener.log CATALINA_HOME:         C:\Users\Work Account\Documents\GitHub\SENG2050-Assignment-3\apache-tomcat-9.0.34\apache-tomcat-9.0.34
23-May-2020 12:23:10.398 INFO [main] org.apache.catalina.startup.VersionLoggerListener.log Command line argument: --add-opens=java.base/java.lang=ALL-UNNAMED
23-May-2020 12:23:10.398 INFO [main] org.apache.catalina.startup.VersionLoggerListener.log Command line argument: --add-opens=java.base/java.io=ALL-UNNAMED
23-May-2020 12:23:10.398 INFO [main] org.apache.catalina.startup.VersionLoggerListener.log Command line argument: --add-opens=java.rmi/sun.rmi.transport=ALL-UNNAMED
23-May-2020 12:23:10.398 INFO [main] org.apache.catalina.startup.VersionLoggerListener.log Command line argument: -Djava.util.logging.config.file=C:\Users\Work Account\Documents\GitHub\SENG2050-Assignment-3\apache-tomcat-9.0.34\apache-tomcat-9.0.34\conf\logging.properties
23-May-2020 12:23:10.398 INFO [main] org.apache.catalina.startup.VersionLoggerListener.log Command line argument: -Djava.util.logging.manager=org.apache.juli.ClassLoaderLogManager
23-May-2020 12:23:10.398 INFO [main] org.apache.catalina.startup.VersionLoggerListener.log Command line argument: -Djdk.tls.ephemeralDHKeySize=2048
23-May-2020 12:23:10.398 INFO [main] org.apache.catalina.startup.VersionLoggerListener.log Command line argument: -Djava.protocol.handler.pkgs=org.apache.catalina.webresources
23-May-2020 12:23:10.398 INFO [main] org.apache.catalina.startup.VersionLoggerListener.log Command line argument: -Dignore.endorsed.dirs=
23-May-2020 12:23:10.398 INFO [main] org.apache.catalina.startup.VersionLoggerListener.log Command line argument: -Dcatalina.base=C:\Users\Work Account\Documents\GitHub\SENG2050-Assignment-3\apache-tomcat-9.0.34\apache-tomcat-9.0.34
23-May-2020 12:23:10.398 INFO [main] org.apache.catalina.startup.VersionLoggerListener.log Command line argument: -Dcatalina.home=C:\Users\Work Account\Documents\GitHub\SENG2050-Assignment-3\apache-tomcat-9.0.34\apache-tomcat-9.0.34
23-May-2020 12:23:10.398 INFO [main] org.apache.catalina.startup.VersionLoggerListener.log Command line argument: -Djava.io.tmpdir=C:\Users\Work Account\Documents\GitHub\SENG2050-Assignment-3\apache-tomcat-9.0.34\apache-tomcat-9.0.34\temp
23-May-2020 12:23:10.398 INFO [main] org.apache.catalina.core.AprLifecycleListener.lifecycleEvent The APR based Apache Tomcat Native library which allows optimal performance in production environments was not found on the java.library.path: [C:\Program Files\Java\jdk-11.0.6\bin;C:\Windows\Sun\Java\bin;C:\Windows\system32;C:\Windows;C:\Program Files (x86)\Razer Chroma SDK\bin;C:\Program Files\Razer Chroma SDK\bin;C:\Program Files (x86)\Razer\ChromaBroadcast\bin;C:\Program Files\Razer\ChromaBroadcast\bin;C:\Program Files (x86)\Common Files\Intel\Shared Libraries\redist\intel64\compiler;C:\Program Files (x86)\Common Files\Oracle\Java\javapath;C:\Windows\system32;C:\Windows;C:\Windows\System32\Wbem;C:\Windows\System32\WindowsPowerShell\v1.0\;C:\Windows\System32\OpenSSH\;C:\Program Files\NVIDIA Corporation\NVIDIA NvDLISR;C:\Program Files (x86)\NVIDIA Corporation\PhysX\Common;C:\Program Files\Microsoft SQL Server\Client SDK\ODBC\110\Tools\Binn\;C:\Program Files\WorldPainter;C:\Program Files\Git\cmd;C:\Windows\system32\config\systemprofile\AppData\Local\Microsoft\WindowsApps;C:\Users\seanc\AppData\Local\Programs\Python\Python37-32\Scripts\;C:\Users\seanc\AppData\Local\Programs\Python\Python37-32\;C:\RailsInstaller\Git\cmd;C:\RailsInstaller\Ruby2.3.3\bin;C:\Ruby26-x64\bin;C:\Users\seanc\AppData\Local\Microsoft\WindowsApps;C:\Users\seanc\AppData\Local\Programs\Microsoft VS Code\bin;C:\Users\seanc\AppData\Local\GitHubDesktop\bin;C:\Program Files\Microsoft SQL Server\130\Tools\Binn\;C:\Program Files\Microsoft SQL Server\Client SDK\ODBC\170\Tools\Binn\;C:\Program Files\Java\jdk-13.0.2\bin;C:\Program Files (x86)\Microsoft SQL Server\150\DTS\Binn\;C:\Program Files (x86)\Microsoft SQL Server\150\Tools\Binn\;C:\Program Files\Microsoft SQL Server\150\Tools\Binn\;C:\Program Files\Microsoft SQL Server\150\DTS\Binn\;C:\Program Files\Microsoft SQL Server\Client SDK\ODBC\130\Tools\Binn\;C:\Program Files (x86)\Microsoft SQL Server\130\Tools\Binn\;C:\Program Files\Microsoft SQL Server\130\DTS\Binn\;C:\Program Files\dotnet\;C:\Program Files\Java\jdk-11.0.6\bin;C:\Users\Work Account\AppData\Local\Microsoft\WindowsApps;C:\Users\Work Account\AppData\Local\Programs\Microsoft VS Code\bin;C:\Users\seanc\AppData\Local\GitHubDesktop\bin;C:\Program Files\Java\jdk-11.0.6\bin;;.]
23-May-2020 12:23:10.595 INFO [main] org.apache.coyote.AbstractProtocol.init Initializing ProtocolHandler ["http-nio-8080"]
23-May-2020 12:23:10.681 INFO [main] org.apache.catalina.startup.Catalina.load Server initialization in [422] milliseconds
23-May-2020 12:23:10.720 INFO [main] org.apache.catalina.core.StandardService.startInternal Starting service [Catalina]
23-May-2020 12:23:10.720 INFO [main] org.apache.catalina.core.StandardEngine.startInternal Starting Servlet engine: [Apache Tomcat/9.0.34]
23-May-2020 12:23:10.727 INFO [main] org.apache.catalina.startup.HostConfig.deployDirectory Deploying web application directory [C:\Users\Work Account\Documents\GitHub\SENG2050-Assignment-3\apache-tomcat-9.0.34\apache-tomcat-9.0.34\webapps\Assignment3]
23-May-2020 12:23:11.358 WARNING [main] org.apache.tomcat.dbcp.dbcp2.BasicDataSourceFactory.getObjectInstance Name = MyConnection Property maxActive is not used in DBCP2, use maxTotal instead. maxTotal default value is 8. You have set value of "10" for "maxActive" property, which is being ignored.
23-May-2020 12:23:11.427 INFO [main] org.apache.jasper.servlet.TldScanner.scanJars At least one JAR was scanned for TLDs yet contained no TLDs. Enable debug logging for this logger for a complete list of JARs that were scanned but no TLDs were found in them. Skipping unneeded JARs during scanning can improve startup time and JSP compilation time.
23-May-2020 12:23:11.518 INFO [main] org.apache.catalina.startup.HostConfig.deployDirectory Deployment of web application directory [C:\Users\Work Account\Documents\GitHub\SENG2050-Assignment-3\apache-tomcat-9.0.34\apache-tomcat-9.0.34\webapps\Assignment3] has finished in [791] ms
23-May-2020 12:23:11.518 INFO [main] org.apache.catalina.startup.HostConfig.deployDirectory Deploying web application directory [C:\Users\Work Account\Documents\GitHub\SENG2050-Assignment-3\apache-tomcat-9.0.34\apache-tomcat-9.0.34\webapps\docs]
23-May-2020 12:23:11.538 INFO [main] org.apache.catalina.startup.HostConfig.deployDirectory Deployment of web application directory [C:\Users\Work Account\Documents\GitHub\SENG2050-Assignment-3\apache-tomcat-9.0.34\apache-tomcat-9.0.34\webapps\docs] has finished in [20] ms
23-May-2020 12:23:11.538 INFO [main] org.apache.catalina.startup.HostConfig.deployDirectory Deploying web application directory [C:\Users\Work Account\Documents\GitHub\SENG2050-Assignment-3\apache-tomcat-9.0.34\apache-tomcat-9.0.34\webapps\examples]
23-May-2020 12:23:11.740 INFO [main] org.apache.catalina.startup.HostConfig.deployDirectory Deployment of web application directory [C:\Users\Work Account\Documents\GitHub\SENG2050-Assignment-3\apache-tomcat-9.0.34\apache-tomcat-9.0.34\webapps\examples] has finished in [202] ms
23-May-2020 12:23:11.740 INFO [main] org.apache.catalina.startup.HostConfig.deployDirectory Deploying web application directory [C:\Users\Work Account\Documents\GitHub\SENG2050-Assignment-3\apache-tomcat-9.0.34\apache-tomcat-9.0.34\webapps\host-manager]
23-May-2020 12:23:11.766 INFO [main] org.apache.catalina.startup.HostConfig.deployDirectory Deployment of web application directory [C:\Users\Work Account\Documents\GitHub\SENG2050-Assignment-3\apache-tomcat-9.0.34\apache-tomcat-9.0.34\webapps\host-manager] has finished in [26] ms
23-May-2020 12:23:11.766 INFO [main] org.apache.catalina.startup.HostConfig.deployDirectory Deploying web application directory [C:\Users\Work Account\Documents\GitHub\SENG2050-Assignment-3\apache-tomcat-9.0.34\apache-tomcat-9.0.34\webapps\manager]
23-May-2020 12:23:11.788 INFO [main] org.apache.catalina.startup.HostConfig.deployDirectory Deployment of web application directory [C:\Users\Work Account\Documents\GitHub\SENG2050-Assignment-3\apache-tomcat-9.0.34\apache-tomcat-9.0.34\webapps\manager] has finished in [21] ms
23-May-2020 12:23:11.788 INFO [main] org.apache.catalina.startup.HostConfig.deployDirectory Deploying web application directory [C:\Users\Work Account\Documents\GitHub\SENG2050-Assignment-3\apache-tomcat-9.0.34\apache-tomcat-9.0.34\webapps\ROOT]
23-May-2020 12:23:11.805 INFO [main] org.apache.catalina.startup.HostConfig.deployDirectory Deployment of web application directory [C:\Users\Work Account\Documents\GitHub\SENG2050-Assignment-3\apache-tomcat-9.0.34\apache-tomcat-9.0.34\webapps\ROOT] has finished in [17] ms
23-May-2020 12:23:11.809 INFO [main] org.apache.coyote.AbstractProtocol.start Starting ProtocolHandler ["http-nio-8080"]
23-May-2020 12:23:11.815 INFO [main] org.apache.catalina.startup.Catalina.start Server startup in [1,134] milliseconds
23-May-2020 12:28:29.697 INFO [Thread-3] org.apache.coyote.AbstractProtocol.pause Pausing ProtocolHandler ["http-nio-8080"]
23-May-2020 12:28:29.740 INFO [Thread-3] org.apache.catalina.core.StandardService.stopInternal Stopping service [Catalina]
23-May-2020 12:28:29.770 WARNING [Thread-3] org.apache.catalina.loader.WebappClassLoaderBase.clearReferencesJdbc The web application [Assignment3] registered the JDBC driver [com.mysql.cj.jdbc.Driver] but failed to unregister it when the web application was stopped. To prevent a memory leak, the JDBC Driver has been forcibly unregistered.
23-May-2020 12:28:29.771 WARNING [Thread-3] org.apache.catalina.loader.WebappClassLoaderBase.clearReferencesThreads The web application [Assignment3] appears to have started a thread named [mysql-cj-abandoned-connection-cleanup] but has failed to stop it. This is very likely to create a memory leak. Stack trace of thread:
 java.base@11.0.6/java.lang.Object.wait(Native Method)
 java.base@11.0.6/java.lang.ref.ReferenceQueue.remove(ReferenceQueue.java:155)
 com.mysql.cj.jdbc.AbandonedConnectionCleanupThread.run(AbandonedConnectionCleanupThread.java:85)
 java.base@11.0.6/java.util.concurrent.ThreadPoolExecutor.runWorker(ThreadPoolExecutor.java:1128)
 java.base@11.0.6/java.util.concurrent.ThreadPoolExecutor$Worker.run(ThreadPoolExecutor.java:628)
 java.base@11.0.6/java.lang.Thread.run(Thread.java:834)
23-May-2020 12:28:29.779 INFO [Thread-3] org.apache.coyote.AbstractProtocol.stop Stopping ProtocolHandler ["http-nio-8080"]
23-May-2020 12:28:29.782 INFO [Thread-3] org.apache.coyote.AbstractProtocol.destroy Destroying ProtocolHandler ["http-nio-8080"]
