19-May-2020 16:05:40.304 INFO [main] org.apache.catalina.startup.VersionLoggerListener.log Server version name:   Apache Tomcat/9.0.34
19-May-2020 16:05:40.306 INFO [main] org.apache.catalina.startup.VersionLoggerListener.log Server built:          Apr 3 2020 12:02:52 UTC
19-May-2020 16:05:40.307 INFO [main] org.apache.catalina.startup.VersionLoggerListener.log Server version number: 9.0.34.0
19-May-2020 16:05:40.307 INFO [main] org.apache.catalina.startup.VersionLoggerListener.log OS Name:               Windows 10
19-May-2020 16:05:40.307 INFO [main] org.apache.catalina.startup.VersionLoggerListener.log OS Version:            10.0
19-May-2020 16:05:40.307 INFO [main] org.apache.catalina.startup.VersionLoggerListener.log Architecture:          amd64
19-May-2020 16:05:40.307 INFO [main] org.apache.catalina.startup.VersionLoggerListener.log Java Home:             C:\Program Files\Java\jdk-11.0.6
19-May-2020 16:05:40.308 INFO [main] org.apache.catalina.startup.VersionLoggerListener.log JVM Version:           11.0.6+8-LTS
19-May-2020 16:05:40.308 INFO [main] org.apache.catalina.startup.VersionLoggerListener.log JVM Vendor:            Oracle Corporation
19-May-2020 16:05:40.308 INFO [main] org.apache.catalina.startup.VersionLoggerListener.log CATALINA_BASE:         C:\Users\Work Account\Documents\GitHub\SENG2050-Assignment-3\apache-tomcat-9.0.34\apache-tomcat-9.0.34
19-May-2020 16:05:40.308 INFO [main] org.apache.catalina.startup.VersionLoggerListener.log CATALINA_HOME:         C:\Users\Work Account\Documents\GitHub\SENG2050-Assignment-3\apache-tomcat-9.0.34\apache-tomcat-9.0.34
19-May-2020 16:05:40.316 INFO [main] org.apache.catalina.startup.VersionLoggerListener.log Command line argument: --add-opens=java.base/java.lang=ALL-UNNAMED
19-May-2020 16:05:40.316 INFO [main] org.apache.catalina.startup.VersionLoggerListener.log Command line argument: --add-opens=java.base/java.io=ALL-UNNAMED
19-May-2020 16:05:40.316 INFO [main] org.apache.catalina.startup.VersionLoggerListener.log Command line argument: --add-opens=java.rmi/sun.rmi.transport=ALL-UNNAMED
19-May-2020 16:05:40.316 INFO [main] org.apache.catalina.startup.VersionLoggerListener.log Command line argument: -Djava.util.logging.config.file=C:\Users\Work Account\Documents\GitHub\SENG2050-Assignment-3\apache-tomcat-9.0.34\apache-tomcat-9.0.34\conf\logging.properties
19-May-2020 16:05:40.317 INFO [main] org.apache.catalina.startup.VersionLoggerListener.log Command line argument: -Djava.util.logging.manager=org.apache.juli.ClassLoaderLogManager
19-May-2020 16:05:40.317 INFO [main] org.apache.catalina.startup.VersionLoggerListener.log Command line argument: -Djdk.tls.ephemeralDHKeySize=2048
19-May-2020 16:05:40.318 INFO [main] org.apache.catalina.startup.VersionLoggerListener.log Command line argument: -Djava.protocol.handler.pkgs=org.apache.catalina.webresources
19-May-2020 16:05:40.318 INFO [main] org.apache.catalina.startup.VersionLoggerListener.log Command line argument: -Dignore.endorsed.dirs=
19-May-2020 16:05:40.318 INFO [main] org.apache.catalina.startup.VersionLoggerListener.log Command line argument: -Dcatalina.base=C:\Users\Work Account\Documents\GitHub\SENG2050-Assignment-3\apache-tomcat-9.0.34\apache-tomcat-9.0.34
19-May-2020 16:05:40.318 INFO [main] org.apache.catalina.startup.VersionLoggerListener.log Command line argument: -Dcatalina.home=C:\Users\Work Account\Documents\GitHub\SENG2050-Assignment-3\apache-tomcat-9.0.34\apache-tomcat-9.0.34
19-May-2020 16:05:40.318 INFO [main] org.apache.catalina.startup.VersionLoggerListener.log Command line argument: -Djava.io.tmpdir=C:\Users\Work Account\Documents\GitHub\SENG2050-Assignment-3\apache-tomcat-9.0.34\apache-tomcat-9.0.34\temp
19-May-2020 16:05:40.318 INFO [main] org.apache.catalina.core.AprLifecycleListener.lifecycleEvent The APR based Apache Tomcat Native library which allows optimal performance in production environments was not found on the java.library.path: [C:\Program Files\Java\jdk-11.0.6\bin;C:\Windows\Sun\Java\bin;C:\Windows\system32;C:\Windows;C:\Program Files (x86)\Razer Chroma SDK\bin;C:\Program Files\Razer Chroma SDK\bin;C:\Program Files (x86)\Razer\ChromaBroadcast\bin;C:\Program Files\Razer\ChromaBroadcast\bin;C:\Program Files (x86)\Common Files\Intel\Shared Libraries\redist\intel64\compiler;C:\Program Files (x86)\Common Files\Oracle\Java\javapath;C:\Windows\system32;C:\Windows;C:\Windows\System32\Wbem;C:\Windows\System32\WindowsPowerShell\v1.0\;C:\Windows\System32\OpenSSH\;C:\Program Files\NVIDIA Corporation\NVIDIA NvDLISR;C:\Program Files (x86)\NVIDIA Corporation\PhysX\Common;C:\Program Files\Microsoft SQL Server\Client SDK\ODBC\110\Tools\Binn\;C:\Program Files\WorldPainter;C:\Program Files\Git\cmd;C:\Windows\system32\config\systemprofile\AppData\Local\Microsoft\WindowsApps;C:\Users\seanc\AppData\Local\Programs\Python\Python37-32\Scripts\;C:\Users\seanc\AppData\Local\Programs\Python\Python37-32\;C:\RailsInstaller\Git\cmd;C:\RailsInstaller\Ruby2.3.3\bin;C:\Ruby26-x64\bin;C:\Users\seanc\AppData\Local\Microsoft\WindowsApps;C:\Users\seanc\AppData\Local\Programs\Microsoft VS Code\bin;C:\Users\seanc\AppData\Local\GitHubDesktop\bin;C:\Program Files\Microsoft SQL Server\130\Tools\Binn\;C:\Program Files\Microsoft SQL Server\Client SDK\ODBC\170\Tools\Binn\;C:\Program Files\Java\jdk-13.0.2\bin;C:\Program Files (x86)\Microsoft SQL Server\150\DTS\Binn\;C:\Program Files (x86)\Microsoft SQL Server\150\Tools\Binn\;C:\Program Files\Microsoft SQL Server\150\Tools\Binn\;C:\Program Files\Microsoft SQL Server\150\DTS\Binn\;C:\Program Files\Microsoft SQL Server\Client SDK\ODBC\130\Tools\Binn\;C:\Program Files (x86)\Microsoft SQL Server\130\Tools\Binn\;C:\Program Files\Microsoft SQL Server\130\DTS\Binn\;C:\Program Files\dotnet\;C:\Program Files\Java\jdk-11.0.6\bin;C:\Users\Work Account\AppData\Local\Microsoft\WindowsApps;C:\Users\Work Account\AppData\Local\Programs\Microsoft VS Code\bin;C:\Users\seanc\AppData\Local\GitHubDesktop\bin;C:\Program Files\Java\jdk-11.0.6\bin;;.]
19-May-2020 16:05:40.499 INFO [main] org.apache.coyote.AbstractProtocol.init Initializing ProtocolHandler ["http-nio-8080"]
19-May-2020 16:05:40.574 INFO [main] org.apache.catalina.startup.Catalina.load Server initialization in [405] milliseconds
19-May-2020 16:05:40.606 INFO [main] org.apache.catalina.core.StandardService.startInternal Starting service [Catalina]
19-May-2020 16:05:40.607 INFO [main] org.apache.catalina.core.StandardEngine.startInternal Starting Servlet engine: [Apache Tomcat/9.0.34]
19-May-2020 16:05:40.614 INFO [main] org.apache.catalina.startup.HostConfig.deployDirectory Deploying web application directory [C:\Users\Work Account\Documents\GitHub\SENG2050-Assignment-3\apache-tomcat-9.0.34\apache-tomcat-9.0.34\webapps\Assignment3]
19-May-2020 16:05:41.184 WARNING [main] org.apache.tomcat.dbcp.dbcp2.BasicDataSourceFactory.getObjectInstance Name = MyConnection Property maxActive is not used in DBCP2, use maxTotal instead. maxTotal default value is 8. You have set value of "10" for "maxActive" property, which is being ignored.
19-May-2020 16:05:41.244 INFO [main] org.apache.jasper.servlet.TldScanner.scanJars At least one JAR was scanned for TLDs yet contained no TLDs. Enable debug logging for this logger for a complete list of JARs that were scanned but no TLDs were found in them. Skipping unneeded JARs during scanning can improve startup time and JSP compilation time.
19-May-2020 16:05:41.329 INFO [main] org.apache.catalina.startup.HostConfig.deployDirectory Deployment of web application directory [C:\Users\Work Account\Documents\GitHub\SENG2050-Assignment-3\apache-tomcat-9.0.34\apache-tomcat-9.0.34\webapps\Assignment3] has finished in [715] ms
19-May-2020 16:05:41.330 INFO [main] org.apache.catalina.startup.HostConfig.deployDirectory Deploying web application directory [C:\Users\Work Account\Documents\GitHub\SENG2050-Assignment-3\apache-tomcat-9.0.34\apache-tomcat-9.0.34\webapps\docs]
19-May-2020 16:05:41.347 INFO [main] org.apache.catalina.startup.HostConfig.deployDirectory Deployment of web application directory [C:\Users\Work Account\Documents\GitHub\SENG2050-Assignment-3\apache-tomcat-9.0.34\apache-tomcat-9.0.34\webapps\docs] has finished in [17] ms
19-May-2020 16:05:41.347 INFO [main] org.apache.catalina.startup.HostConfig.deployDirectory Deploying web application directory [C:\Users\Work Account\Documents\GitHub\SENG2050-Assignment-3\apache-tomcat-9.0.34\apache-tomcat-9.0.34\webapps\examples]
19-May-2020 16:05:41.529 INFO [main] org.apache.catalina.startup.HostConfig.deployDirectory Deployment of web application directory [C:\Users\Work Account\Documents\GitHub\SENG2050-Assignment-3\apache-tomcat-9.0.34\apache-tomcat-9.0.34\webapps\examples] has finished in [182] ms
19-May-2020 16:05:41.529 INFO [main] org.apache.catalina.startup.HostConfig.deployDirectory Deploying web application directory [C:\Users\Work Account\Documents\GitHub\SENG2050-Assignment-3\apache-tomcat-9.0.34\apache-tomcat-9.0.34\webapps\host-manager]
19-May-2020 16:05:41.552 INFO [main] org.apache.catalina.startup.HostConfig.deployDirectory Deployment of web application directory [C:\Users\Work Account\Documents\GitHub\SENG2050-Assignment-3\apache-tomcat-9.0.34\apache-tomcat-9.0.34\webapps\host-manager] has finished in [22] ms
19-May-2020 16:05:41.552 INFO [main] org.apache.catalina.startup.HostConfig.deployDirectory Deploying web application directory [C:\Users\Work Account\Documents\GitHub\SENG2050-Assignment-3\apache-tomcat-9.0.34\apache-tomcat-9.0.34\webapps\manager]
19-May-2020 16:05:41.572 INFO [main] org.apache.catalina.startup.HostConfig.deployDirectory Deployment of web application directory [C:\Users\Work Account\Documents\GitHub\SENG2050-Assignment-3\apache-tomcat-9.0.34\apache-tomcat-9.0.34\webapps\manager] has finished in [20] ms
19-May-2020 16:05:41.573 INFO [main] org.apache.catalina.startup.HostConfig.deployDirectory Deploying web application directory [C:\Users\Work Account\Documents\GitHub\SENG2050-Assignment-3\apache-tomcat-9.0.34\apache-tomcat-9.0.34\webapps\ROOT]
19-May-2020 16:05:41.589 INFO [main] org.apache.catalina.startup.HostConfig.deployDirectory Deployment of web application directory [C:\Users\Work Account\Documents\GitHub\SENG2050-Assignment-3\apache-tomcat-9.0.34\apache-tomcat-9.0.34\webapps\ROOT] has finished in [16] ms
19-May-2020 16:05:41.593 INFO [main] org.apache.coyote.AbstractProtocol.start Starting ProtocolHandler ["http-nio-8080"]
19-May-2020 16:05:41.599 INFO [main] org.apache.catalina.startup.Catalina.start Server startup in [1,024] milliseconds
19-May-2020 16:30:17.183 INFO [Thread-3] org.apache.coyote.AbstractProtocol.pause Pausing ProtocolHandler ["http-nio-8080"]
19-May-2020 16:30:17.226 INFO [Thread-3] org.apache.catalina.core.StandardService.stopInternal Stopping service [Catalina]
19-May-2020 16:30:17.253 WARNING [Thread-3] org.apache.catalina.loader.WebappClassLoaderBase.clearReferencesJdbc The web application [Assignment3] registered the JDBC driver [com.mysql.cj.jdbc.Driver] but failed to unregister it when the web application was stopped. To prevent a memory leak, the JDBC Driver has been forcibly unregistered.
19-May-2020 16:30:17.254 WARNING [Thread-3] org.apache.catalina.loader.WebappClassLoaderBase.clearReferencesThreads The web application [Assignment3] appears to have started a thread named [mysql-cj-abandoned-connection-cleanup] but has failed to stop it. This is very likely to create a memory leak. Stack trace of thread:
 java.base@11.0.6/java.lang.Object.wait(Native Method)
 java.base@11.0.6/java.lang.ref.ReferenceQueue.remove(ReferenceQueue.java:155)
 com.mysql.cj.jdbc.AbandonedConnectionCleanupThread.run(AbandonedConnectionCleanupThread.java:85)
 java.base@11.0.6/java.util.concurrent.ThreadPoolExecutor.runWorker(ThreadPoolExecutor.java:1128)
 java.base@11.0.6/java.util.concurrent.ThreadPoolExecutor$Worker.run(ThreadPoolExecutor.java:628)
 java.base@11.0.6/java.lang.Thread.run(Thread.java:834)
19-May-2020 16:30:17.259 INFO [Thread-3] org.apache.coyote.AbstractProtocol.stop Stopping ProtocolHandler ["http-nio-8080"]
19-May-2020 16:30:17.261 INFO [Thread-3] org.apache.coyote.AbstractProtocol.destroy Destroying ProtocolHandler ["http-nio-8080"]
19-May-2020 16:34:41.533 INFO [main] org.apache.catalina.startup.VersionLoggerListener.log Server version name:   Apache Tomcat/9.0.34
19-May-2020 16:34:41.535 INFO [main] org.apache.catalina.startup.VersionLoggerListener.log Server built:          Apr 3 2020 12:02:52 UTC
19-May-2020 16:34:41.536 INFO [main] org.apache.catalina.startup.VersionLoggerListener.log Server version number: 9.0.34.0
19-May-2020 16:34:41.536 INFO [main] org.apache.catalina.startup.VersionLoggerListener.log OS Name:               Windows 10
19-May-2020 16:34:41.536 INFO [main] org.apache.catalina.startup.VersionLoggerListener.log OS Version:            10.0
19-May-2020 16:34:41.536 INFO [main] org.apache.catalina.startup.VersionLoggerListener.log Architecture:          amd64
19-May-2020 16:34:41.536 INFO [main] org.apache.catalina.startup.VersionLoggerListener.log Java Home:             C:\Program Files\Java\jdk-11.0.6
19-May-2020 16:34:41.536 INFO [main] org.apache.catalina.startup.VersionLoggerListener.log JVM Version:           11.0.6+8-LTS
19-May-2020 16:34:41.537 INFO [main] org.apache.catalina.startup.VersionLoggerListener.log JVM Vendor:            Oracle Corporation
19-May-2020 16:34:41.537 INFO [main] org.apache.catalina.startup.VersionLoggerListener.log CATALINA_BASE:         C:\Users\Work Account\Documents\GitHub\SENG2050-Assignment-3\apache-tomcat-9.0.34\apache-tomcat-9.0.34
19-May-2020 16:34:41.537 INFO [main] org.apache.catalina.startup.VersionLoggerListener.log CATALINA_HOME:         C:\Users\Work Account\Documents\GitHub\SENG2050-Assignment-3\apache-tomcat-9.0.34\apache-tomcat-9.0.34
19-May-2020 16:34:41.545 INFO [main] org.apache.catalina.startup.VersionLoggerListener.log Command line argument: --add-opens=java.base/java.lang=ALL-UNNAMED
19-May-2020 16:34:41.546 INFO [main] org.apache.catalina.startup.VersionLoggerListener.log Command line argument: --add-opens=java.base/java.io=ALL-UNNAMED
19-May-2020 16:34:41.546 INFO [main] org.apache.catalina.startup.VersionLoggerListener.log Command line argument: --add-opens=java.rmi/sun.rmi.transport=ALL-UNNAMED
19-May-2020 16:34:41.546 INFO [main] org.apache.catalina.startup.VersionLoggerListener.log Command line argument: -Djava.util.logging.config.file=C:\Users\Work Account\Documents\GitHub\SENG2050-Assignment-3\apache-tomcat-9.0.34\apache-tomcat-9.0.34\conf\logging.properties
19-May-2020 16:34:41.546 INFO [main] org.apache.catalina.startup.VersionLoggerListener.log Command line argument: -Djava.util.logging.manager=org.apache.juli.ClassLoaderLogManager
19-May-2020 16:34:41.546 INFO [main] org.apache.catalina.startup.VersionLoggerListener.log Command line argument: -Djdk.tls.ephemeralDHKeySize=2048
19-May-2020 16:34:41.547 INFO [main] org.apache.catalina.startup.VersionLoggerListener.log Command line argument: -Djava.protocol.handler.pkgs=org.apache.catalina.webresources
19-May-2020 16:34:41.547 INFO [main] org.apache.catalina.startup.VersionLoggerListener.log Command line argument: -Dignore.endorsed.dirs=
19-May-2020 16:34:41.547 INFO [main] org.apache.catalina.startup.VersionLoggerListener.log Command line argument: -Dcatalina.base=C:\Users\Work Account\Documents\GitHub\SENG2050-Assignment-3\apache-tomcat-9.0.34\apache-tomcat-9.0.34
19-May-2020 16:34:41.547 INFO [main] org.apache.catalina.startup.VersionLoggerListener.log Command line argument: -Dcatalina.home=C:\Users\Work Account\Documents\GitHub\SENG2050-Assignment-3\apache-tomcat-9.0.34\apache-tomcat-9.0.34
19-May-2020 16:34:41.547 INFO [main] org.apache.catalina.startup.VersionLoggerListener.log Command line argument: -Djava.io.tmpdir=C:\Users\Work Account\Documents\GitHub\SENG2050-Assignment-3\apache-tomcat-9.0.34\apache-tomcat-9.0.34\temp
19-May-2020 16:34:41.548 INFO [main] org.apache.catalina.core.AprLifecycleListener.lifecycleEvent The APR based Apache Tomcat Native library which allows optimal performance in production environments was not found on the java.library.path: [C:\Program Files\Java\jdk-11.0.6\bin;C:\Windows\Sun\Java\bin;C:\Windows\system32;C:\Windows;C:\Program Files (x86)\Razer Chroma SDK\bin;C:\Program Files\Razer Chroma SDK\bin;C:\Program Files (x86)\Razer\ChromaBroadcast\bin;C:\Program Files\Razer\ChromaBroadcast\bin;C:\Program Files (x86)\Common Files\Intel\Shared Libraries\redist\intel64\compiler;C:\Program Files (x86)\Common Files\Oracle\Java\javapath;C:\Windows\system32;C:\Windows;C:\Windows\System32\Wbem;C:\Windows\System32\WindowsPowerShell\v1.0\;C:\Windows\System32\OpenSSH\;C:\Program Files\NVIDIA Corporation\NVIDIA NvDLISR;C:\Program Files (x86)\NVIDIA Corporation\PhysX\Common;C:\Program Files\Microsoft SQL Server\Client SDK\ODBC\110\Tools\Binn\;C:\Program Files\WorldPainter;C:\Program Files\Git\cmd;C:\Windows\system32\config\systemprofile\AppData\Local\Microsoft\WindowsApps;C:\Users\seanc\AppData\Local\Programs\Python\Python37-32\Scripts\;C:\Users\seanc\AppData\Local\Programs\Python\Python37-32\;C:\RailsInstaller\Git\cmd;C:\RailsInstaller\Ruby2.3.3\bin;C:\Ruby26-x64\bin;C:\Users\seanc\AppData\Local\Microsoft\WindowsApps;C:\Users\seanc\AppData\Local\Programs\Microsoft VS Code\bin;C:\Users\seanc\AppData\Local\GitHubDesktop\bin;C:\Program Files\Microsoft SQL Server\130\Tools\Binn\;C:\Program Files\Microsoft SQL Server\Client SDK\ODBC\170\Tools\Binn\;C:\Program Files\Java\jdk-13.0.2\bin;C:\Program Files (x86)\Microsoft SQL Server\150\DTS\Binn\;C:\Program Files (x86)\Microsoft SQL Server\150\Tools\Binn\;C:\Program Files\Microsoft SQL Server\150\Tools\Binn\;C:\Program Files\Microsoft SQL Server\150\DTS\Binn\;C:\Program Files\Microsoft SQL Server\Client SDK\ODBC\130\Tools\Binn\;C:\Program Files (x86)\Microsoft SQL Server\130\Tools\Binn\;C:\Program Files\Microsoft SQL Server\130\DTS\Binn\;C:\Program Files\dotnet\;C:\Program Files\Java\jdk-11.0.6\bin;C:\Users\Work Account\AppData\Local\Microsoft\WindowsApps;C:\Users\Work Account\AppData\Local\Programs\Microsoft VS Code\bin;C:\Users\seanc\AppData\Local\GitHubDesktop\bin;C:\Program Files\Java\jdk-11.0.6\bin;;.]
19-May-2020 16:34:41.740 INFO [main] org.apache.coyote.AbstractProtocol.init Initializing ProtocolHandler ["http-nio-8080"]
19-May-2020 16:34:41.823 INFO [main] org.apache.catalina.startup.Catalina.load Server initialization in [430] milliseconds
19-May-2020 16:34:41.865 INFO [main] org.apache.catalina.core.StandardService.startInternal Starting service [Catalina]
19-May-2020 16:34:41.865 INFO [main] org.apache.catalina.core.StandardEngine.startInternal Starting Servlet engine: [Apache Tomcat/9.0.34]
19-May-2020 16:34:41.871 INFO [main] org.apache.catalina.startup.HostConfig.deployDirectory Deploying web application directory [C:\Users\Work Account\Documents\GitHub\SENG2050-Assignment-3\apache-tomcat-9.0.34\apache-tomcat-9.0.34\webapps\Assignment3]
19-May-2020 16:34:42.507 WARNING [main] org.apache.tomcat.dbcp.dbcp2.BasicDataSourceFactory.getObjectInstance Name = MyConnection Property maxActive is not used in DBCP2, use maxTotal instead. maxTotal default value is 8. You have set value of "10" for "maxActive" property, which is being ignored.
19-May-2020 16:34:42.581 INFO [main] org.apache.jasper.servlet.TldScanner.scanJars At least one JAR was scanned for TLDs yet contained no TLDs. Enable debug logging for this logger for a complete list of JARs that were scanned but no TLDs were found in them. Skipping unneeded JARs during scanning can improve startup time and JSP compilation time.
19-May-2020 16:34:42.688 INFO [main] org.apache.catalina.startup.HostConfig.deployDirectory Deployment of web application directory [C:\Users\Work Account\Documents\GitHub\SENG2050-Assignment-3\apache-tomcat-9.0.34\apache-tomcat-9.0.34\webapps\Assignment3] has finished in [817] ms
19-May-2020 16:34:42.688 INFO [main] org.apache.catalina.startup.HostConfig.deployDirectory Deploying web application directory [C:\Users\Work Account\Documents\GitHub\SENG2050-Assignment-3\apache-tomcat-9.0.34\apache-tomcat-9.0.34\webapps\docs]
19-May-2020 16:34:42.709 INFO [main] org.apache.catalina.startup.HostConfig.deployDirectory Deployment of web application directory [C:\Users\Work Account\Documents\GitHub\SENG2050-Assignment-3\apache-tomcat-9.0.34\apache-tomcat-9.0.34\webapps\docs] has finished in [21] ms
19-May-2020 16:34:42.710 INFO [main] org.apache.catalina.startup.HostConfig.deployDirectory Deploying web application directory [C:\Users\Work Account\Documents\GitHub\SENG2050-Assignment-3\apache-tomcat-9.0.34\apache-tomcat-9.0.34\webapps\examples]
19-May-2020 16:34:42.952 INFO [main] org.apache.catalina.startup.HostConfig.deployDirectory Deployment of web application directory [C:\Users\Work Account\Documents\GitHub\SENG2050-Assignment-3\apache-tomcat-9.0.34\apache-tomcat-9.0.34\webapps\examples] has finished in [242] ms
19-May-2020 16:34:42.953 INFO [main] org.apache.catalina.startup.HostConfig.deployDirectory Deploying web application directory [C:\Users\Work Account\Documents\GitHub\SENG2050-Assignment-3\apache-tomcat-9.0.34\apache-tomcat-9.0.34\webapps\host-manager]
19-May-2020 16:34:42.993 INFO [main] org.apache.catalina.startup.HostConfig.deployDirectory Deployment of web application directory [C:\Users\Work Account\Documents\GitHub\SENG2050-Assignment-3\apache-tomcat-9.0.34\apache-tomcat-9.0.34\webapps\host-manager] has finished in [40] ms
19-May-2020 16:34:43.001 INFO [main] org.apache.catalina.startup.HostConfig.deployDirectory Deploying web application directory [C:\Users\Work Account\Documents\GitHub\SENG2050-Assignment-3\apache-tomcat-9.0.34\apache-tomcat-9.0.34\webapps\manager]
19-May-2020 16:34:43.034 INFO [main] org.apache.catalina.startup.HostConfig.deployDirectory Deployment of web application directory [C:\Users\Work Account\Documents\GitHub\SENG2050-Assignment-3\apache-tomcat-9.0.34\apache-tomcat-9.0.34\webapps\manager] has finished in [33] ms
19-May-2020 16:34:43.072 INFO [main] org.apache.catalina.startup.HostConfig.deployDirectory Deploying web application directory [C:\Users\Work Account\Documents\GitHub\SENG2050-Assignment-3\apache-tomcat-9.0.34\apache-tomcat-9.0.34\webapps\ROOT]
19-May-2020 16:34:43.119 INFO [main] org.apache.catalina.startup.HostConfig.deployDirectory Deployment of web application directory [C:\Users\Work Account\Documents\GitHub\SENG2050-Assignment-3\apache-tomcat-9.0.34\apache-tomcat-9.0.34\webapps\ROOT] has finished in [48] ms
19-May-2020 16:34:43.123 INFO [main] org.apache.coyote.AbstractProtocol.start Starting ProtocolHandler ["http-nio-8080"]
19-May-2020 16:34:43.133 INFO [main] org.apache.catalina.startup.Catalina.start Server startup in [1,309] milliseconds
19-May-2020 16:39:44.015 INFO [Thread-3] org.apache.coyote.AbstractProtocol.pause Pausing ProtocolHandler ["http-nio-8080"]
19-May-2020 16:39:44.065 INFO [Thread-3] org.apache.catalina.core.StandardService.stopInternal Stopping service [Catalina]
19-May-2020 16:39:44.103 INFO [Thread-3] org.apache.coyote.AbstractProtocol.stop Stopping ProtocolHandler ["http-nio-8080"]
19-May-2020 16:39:44.106 INFO [Thread-3] org.apache.coyote.AbstractProtocol.destroy Destroying ProtocolHandler ["http-nio-8080"]
19-May-2020 16:40:32.976 INFO [main] org.apache.catalina.startup.VersionLoggerListener.log Server version name:   Apache Tomcat/9.0.34
19-May-2020 16:40:32.978 INFO [main] org.apache.catalina.startup.VersionLoggerListener.log Server built:          Apr 3 2020 12:02:52 UTC
19-May-2020 16:40:32.979 INFO [main] org.apache.catalina.startup.VersionLoggerListener.log Server version number: 9.0.34.0
19-May-2020 16:40:32.979 INFO [main] org.apache.catalina.startup.VersionLoggerListener.log OS Name:               Windows 10
19-May-2020 16:40:32.979 INFO [main] org.apache.catalina.startup.VersionLoggerListener.log OS Version:            10.0
19-May-2020 16:40:32.979 INFO [main] org.apache.catalina.startup.VersionLoggerListener.log Architecture:          amd64
19-May-2020 16:40:32.979 INFO [main] org.apache.catalina.startup.VersionLoggerListener.log Java Home:             C:\Program Files\Java\jdk-11.0.6
19-May-2020 16:40:32.979 INFO [main] org.apache.catalina.startup.VersionLoggerListener.log JVM Version:           11.0.6+8-LTS
19-May-2020 16:40:32.980 INFO [main] org.apache.catalina.startup.VersionLoggerListener.log JVM Vendor:            Oracle Corporation
19-May-2020 16:40:32.980 INFO [main] org.apache.catalina.startup.VersionLoggerListener.log CATALINA_BASE:         C:\Users\Work Account\Documents\GitHub\SENG2050-Assignment-3\apache-tomcat-9.0.34\apache-tomcat-9.0.34
19-May-2020 16:40:32.980 INFO [main] org.apache.catalina.startup.VersionLoggerListener.log CATALINA_HOME:         C:\Users\Work Account\Documents\GitHub\SENG2050-Assignment-3\apache-tomcat-9.0.34\apache-tomcat-9.0.34
19-May-2020 16:40:32.988 INFO [main] org.apache.catalina.startup.VersionLoggerListener.log Command line argument: --add-opens=java.base/java.lang=ALL-UNNAMED
19-May-2020 16:40:32.988 INFO [main] org.apache.catalina.startup.VersionLoggerListener.log Command line argument: --add-opens=java.base/java.io=ALL-UNNAMED
19-May-2020 16:40:32.989 INFO [main] org.apache.catalina.startup.VersionLoggerListener.log Command line argument: --add-opens=java.rmi/sun.rmi.transport=ALL-UNNAMED
19-May-2020 16:40:32.989 INFO [main] org.apache.catalina.startup.VersionLoggerListener.log Command line argument: -Djava.util.logging.config.file=C:\Users\Work Account\Documents\GitHub\SENG2050-Assignment-3\apache-tomcat-9.0.34\apache-tomcat-9.0.34\conf\logging.properties
19-May-2020 16:40:32.989 INFO [main] org.apache.catalina.startup.VersionLoggerListener.log Command line argument: -Djava.util.logging.manager=org.apache.juli.ClassLoaderLogManager
19-May-2020 16:40:32.989 INFO [main] org.apache.catalina.startup.VersionLoggerListener.log Command line argument: -Djdk.tls.ephemeralDHKeySize=2048
19-May-2020 16:40:32.989 INFO [main] org.apache.catalina.startup.VersionLoggerListener.log Command line argument: -Djava.protocol.handler.pkgs=org.apache.catalina.webresources
19-May-2020 16:40:32.989 INFO [main] org.apache.catalina.startup.VersionLoggerListener.log Command line argument: -Dignore.endorsed.dirs=
19-May-2020 16:40:32.990 INFO [main] org.apache.catalina.startup.VersionLoggerListener.log Command line argument: -Dcatalina.base=C:\Users\Work Account\Documents\GitHub\SENG2050-Assignment-3\apache-tomcat-9.0.34\apache-tomcat-9.0.34
19-May-2020 16:40:32.990 INFO [main] org.apache.catalina.startup.VersionLoggerListener.log Command line argument: -Dcatalina.home=C:\Users\Work Account\Documents\GitHub\SENG2050-Assignment-3\apache-tomcat-9.0.34\apache-tomcat-9.0.34
19-May-2020 16:40:32.990 INFO [main] org.apache.catalina.startup.VersionLoggerListener.log Command line argument: -Djava.io.tmpdir=C:\Users\Work Account\Documents\GitHub\SENG2050-Assignment-3\apache-tomcat-9.0.34\apache-tomcat-9.0.34\temp
19-May-2020 16:40:32.990 INFO [main] org.apache.catalina.core.AprLifecycleListener.lifecycleEvent The APR based Apache Tomcat Native library which allows optimal performance in production environments was not found on the java.library.path: [C:\Program Files\Java\jdk-11.0.6\bin;C:\Windows\Sun\Java\bin;C:\Windows\system32;C:\Windows;C:\Program Files (x86)\Razer Chroma SDK\bin;C:\Program Files\Razer Chroma SDK\bin;C:\Program Files (x86)\Razer\ChromaBroadcast\bin;C:\Program Files\Razer\ChromaBroadcast\bin;C:\Program Files (x86)\Common Files\Intel\Shared Libraries\redist\intel64\compiler;C:\Program Files (x86)\Common Files\Oracle\Java\javapath;C:\Windows\system32;C:\Windows;C:\Windows\System32\Wbem;C:\Windows\System32\WindowsPowerShell\v1.0\;C:\Windows\System32\OpenSSH\;C:\Program Files\NVIDIA Corporation\NVIDIA NvDLISR;C:\Program Files (x86)\NVIDIA Corporation\PhysX\Common;C:\Program Files\Microsoft SQL Server\Client SDK\ODBC\110\Tools\Binn\;C:\Program Files\WorldPainter;C:\Program Files\Git\cmd;C:\Windows\system32\config\systemprofile\AppData\Local\Microsoft\WindowsApps;C:\Users\seanc\AppData\Local\Programs\Python\Python37-32\Scripts\;C:\Users\seanc\AppData\Local\Programs\Python\Python37-32\;C:\RailsInstaller\Git\cmd;C:\RailsInstaller\Ruby2.3.3\bin;C:\Ruby26-x64\bin;C:\Users\seanc\AppData\Local\Microsoft\WindowsApps;C:\Users\seanc\AppData\Local\Programs\Microsoft VS Code\bin;C:\Users\seanc\AppData\Local\GitHubDesktop\bin;C:\Program Files\Microsoft SQL Server\130\Tools\Binn\;C:\Program Files\Microsoft SQL Server\Client SDK\ODBC\170\Tools\Binn\;C:\Program Files\Java\jdk-13.0.2\bin;C:\Program Files (x86)\Microsoft SQL Server\150\DTS\Binn\;C:\Program Files (x86)\Microsoft SQL Server\150\Tools\Binn\;C:\Program Files\Microsoft SQL Server\150\Tools\Binn\;C:\Program Files\Microsoft SQL Server\150\DTS\Binn\;C:\Program Files\Microsoft SQL Server\Client SDK\ODBC\130\Tools\Binn\;C:\Program Files (x86)\Microsoft SQL Server\130\Tools\Binn\;C:\Program Files\Microsoft SQL Server\130\DTS\Binn\;C:\Program Files\dotnet\;C:\Program Files\Java\jdk-11.0.6\bin;C:\Users\Work Account\AppData\Local\Microsoft\WindowsApps;C:\Users\Work Account\AppData\Local\Programs\Microsoft VS Code\bin;C:\Users\seanc\AppData\Local\GitHubDesktop\bin;C:\Program Files\Java\jdk-11.0.6\bin;;.]
19-May-2020 16:40:33.174 INFO [main] org.apache.coyote.AbstractProtocol.init Initializing ProtocolHandler ["http-nio-8080"]
19-May-2020 16:40:33.251 INFO [main] org.apache.catalina.startup.Catalina.load Server initialization in [418] milliseconds
19-May-2020 16:40:33.298 INFO [main] org.apache.catalina.core.StandardService.startInternal Starting service [Catalina]
19-May-2020 16:40:33.300 INFO [main] org.apache.catalina.core.StandardEngine.startInternal Starting Servlet engine: [Apache Tomcat/9.0.34]
19-May-2020 16:40:33.309 INFO [main] org.apache.catalina.startup.HostConfig.deployDirectory Deploying web application directory [C:\Users\Work Account\Documents\GitHub\SENG2050-Assignment-3\apache-tomcat-9.0.34\apache-tomcat-9.0.34\webapps\Assignment3]
19-May-2020 16:40:33.943 WARNING [main] org.apache.tomcat.dbcp.dbcp2.BasicDataSourceFactory.getObjectInstance Name = MyConnection Property maxActive is not used in DBCP2, use maxTotal instead. maxTotal default value is 8. You have set value of "10" for "maxActive" property, which is being ignored.
19-May-2020 16:40:34.011 INFO [main] org.apache.jasper.servlet.TldScanner.scanJars At least one JAR was scanned for TLDs yet contained no TLDs. Enable debug logging for this logger for a complete list of JARs that were scanned but no TLDs were found in them. Skipping unneeded JARs during scanning can improve startup time and JSP compilation time.
19-May-2020 16:40:34.108 INFO [main] org.apache.catalina.startup.HostConfig.deployDirectory Deployment of web application directory [C:\Users\Work Account\Documents\GitHub\SENG2050-Assignment-3\apache-tomcat-9.0.34\apache-tomcat-9.0.34\webapps\Assignment3] has finished in [799] ms
19-May-2020 16:40:34.108 INFO [main] org.apache.catalina.startup.HostConfig.deployDirectory Deploying web application directory [C:\Users\Work Account\Documents\GitHub\SENG2050-Assignment-3\apache-tomcat-9.0.34\apache-tomcat-9.0.34\webapps\docs]
19-May-2020 16:40:34.130 INFO [main] org.apache.catalina.startup.HostConfig.deployDirectory Deployment of web application directory [C:\Users\Work Account\Documents\GitHub\SENG2050-Assignment-3\apache-tomcat-9.0.34\apache-tomcat-9.0.34\webapps\docs] has finished in [22] ms
19-May-2020 16:40:34.131 INFO [main] org.apache.catalina.startup.HostConfig.deployDirectory Deploying web application directory [C:\Users\Work Account\Documents\GitHub\SENG2050-Assignment-3\apache-tomcat-9.0.34\apache-tomcat-9.0.34\webapps\examples]
19-May-2020 16:40:34.432 INFO [main] org.apache.catalina.startup.HostConfig.deployDirectory Deployment of web application directory [C:\Users\Work Account\Documents\GitHub\SENG2050-Assignment-3\apache-tomcat-9.0.34\apache-tomcat-9.0.34\webapps\examples] has finished in [302] ms
19-May-2020 16:40:34.432 INFO [main] org.apache.catalina.startup.HostConfig.deployDirectory Deploying web application directory [C:\Users\Work Account\Documents\GitHub\SENG2050-Assignment-3\apache-tomcat-9.0.34\apache-tomcat-9.0.34\webapps\host-manager]
19-May-2020 16:40:34.469 INFO [main] org.apache.catalina.startup.HostConfig.deployDirectory Deployment of web application directory [C:\Users\Work Account\Documents\GitHub\SENG2050-Assignment-3\apache-tomcat-9.0.34\apache-tomcat-9.0.34\webapps\host-manager] has finished in [37] ms
19-May-2020 16:40:34.475 INFO [main] org.apache.catalina.startup.HostConfig.deployDirectory Deploying web application directory [C:\Users\Work Account\Documents\GitHub\SENG2050-Assignment-3\apache-tomcat-9.0.34\apache-tomcat-9.0.34\webapps\manager]
19-May-2020 16:40:34.513 INFO [main] org.apache.catalina.startup.HostConfig.deployDirectory Deployment of web application directory [C:\Users\Work Account\Documents\GitHub\SENG2050-Assignment-3\apache-tomcat-9.0.34\apache-tomcat-9.0.34\webapps\manager] has finished in [38] ms
19-May-2020 16:40:34.515 INFO [main] org.apache.catalina.startup.HostConfig.deployDirectory Deploying web application directory [C:\Users\Work Account\Documents\GitHub\SENG2050-Assignment-3\apache-tomcat-9.0.34\apache-tomcat-9.0.34\webapps\ROOT]
19-May-2020 16:40:34.543 INFO [main] org.apache.catalina.startup.HostConfig.deployDirectory Deployment of web application directory [C:\Users\Work Account\Documents\GitHub\SENG2050-Assignment-3\apache-tomcat-9.0.34\apache-tomcat-9.0.34\webapps\ROOT] has finished in [28] ms
19-May-2020 16:40:34.549 INFO [main] org.apache.coyote.AbstractProtocol.start Starting ProtocolHandler ["http-nio-8080"]
19-May-2020 16:40:34.566 INFO [main] org.apache.catalina.startup.Catalina.start Server startup in [1,314] milliseconds
19-May-2020 16:40:47.602 INFO [Thread-3] org.apache.coyote.AbstractProtocol.pause Pausing ProtocolHandler ["http-nio-8080"]
19-May-2020 16:40:47.646 INFO [Thread-3] org.apache.catalina.core.StandardService.stopInternal Stopping service [Catalina]
19-May-2020 16:40:47.681 INFO [Thread-3] org.apache.coyote.AbstractProtocol.stop Stopping ProtocolHandler ["http-nio-8080"]
19-May-2020 16:40:47.685 INFO [Thread-3] org.apache.coyote.AbstractProtocol.destroy Destroying ProtocolHandler ["http-nio-8080"]
19-May-2020 16:40:48.971 INFO [main] org.apache.catalina.startup.VersionLoggerListener.log Server version name:   Apache Tomcat/9.0.34
19-May-2020 16:40:48.975 INFO [main] org.apache.catalina.startup.VersionLoggerListener.log Server built:          Apr 3 2020 12:02:52 UTC
19-May-2020 16:40:48.975 INFO [main] org.apache.catalina.startup.VersionLoggerListener.log Server version number: 9.0.34.0
19-May-2020 16:40:48.975 INFO [main] org.apache.catalina.startup.VersionLoggerListener.log OS Name:               Windows 10
19-May-2020 16:40:48.975 INFO [main] org.apache.catalina.startup.VersionLoggerListener.log OS Version:            10.0
19-May-2020 16:40:48.976 INFO [main] org.apache.catalina.startup.VersionLoggerListener.log Architecture:          amd64
19-May-2020 16:40:48.976 INFO [main] org.apache.catalina.startup.VersionLoggerListener.log Java Home:             C:\Program Files\Java\jdk-11.0.6
19-May-2020 16:40:48.976 INFO [main] org.apache.catalina.startup.VersionLoggerListener.log JVM Version:           11.0.6+8-LTS
19-May-2020 16:40:48.976 INFO [main] org.apache.catalina.startup.VersionLoggerListener.log JVM Vendor:            Oracle Corporation
19-May-2020 16:40:48.976 INFO [main] org.apache.catalina.startup.VersionLoggerListener.log CATALINA_BASE:         C:\Users\Work Account\Documents\GitHub\SENG2050-Assignment-3\apache-tomcat-9.0.34\apache-tomcat-9.0.34
19-May-2020 16:40:48.976 INFO [main] org.apache.catalina.startup.VersionLoggerListener.log CATALINA_HOME:         C:\Users\Work Account\Documents\GitHub\SENG2050-Assignment-3\apache-tomcat-9.0.34\apache-tomcat-9.0.34
19-May-2020 16:40:48.984 INFO [main] org.apache.catalina.startup.VersionLoggerListener.log Command line argument: --add-opens=java.base/java.lang=ALL-UNNAMED
19-May-2020 16:40:48.984 INFO [main] org.apache.catalina.startup.VersionLoggerListener.log Command line argument: --add-opens=java.base/java.io=ALL-UNNAMED
19-May-2020 16:40:48.985 INFO [main] org.apache.catalina.startup.VersionLoggerListener.log Command line argument: --add-opens=java.rmi/sun.rmi.transport=ALL-UNNAMED
19-May-2020 16:40:48.986 INFO [main] org.apache.catalina.startup.VersionLoggerListener.log Command line argument: -Djava.util.logging.config.file=C:\Users\Work Account\Documents\GitHub\SENG2050-Assignment-3\apache-tomcat-9.0.34\apache-tomcat-9.0.34\conf\logging.properties
19-May-2020 16:40:48.986 INFO [main] org.apache.catalina.startup.VersionLoggerListener.log Command line argument: -Djava.util.logging.manager=org.apache.juli.ClassLoaderLogManager
19-May-2020 16:40:48.986 INFO [main] org.apache.catalina.startup.VersionLoggerListener.log Command line argument: -Djdk.tls.ephemeralDHKeySize=2048
19-May-2020 16:40:48.986 INFO [main] org.apache.catalina.startup.VersionLoggerListener.log Command line argument: -Djava.protocol.handler.pkgs=org.apache.catalina.webresources
19-May-2020 16:40:48.987 INFO [main] org.apache.catalina.startup.VersionLoggerListener.log Command line argument: -Dignore.endorsed.dirs=
19-May-2020 16:40:48.987 INFO [main] org.apache.catalina.startup.VersionLoggerListener.log Command line argument: -Dcatalina.base=C:\Users\Work Account\Documents\GitHub\SENG2050-Assignment-3\apache-tomcat-9.0.34\apache-tomcat-9.0.34
19-May-2020 16:40:48.987 INFO [main] org.apache.catalina.startup.VersionLoggerListener.log Command line argument: -Dcatalina.home=C:\Users\Work Account\Documents\GitHub\SENG2050-Assignment-3\apache-tomcat-9.0.34\apache-tomcat-9.0.34
19-May-2020 16:40:48.987 INFO [main] org.apache.catalina.startup.VersionLoggerListener.log Command line argument: -Djava.io.tmpdir=C:\Users\Work Account\Documents\GitHub\SENG2050-Assignment-3\apache-tomcat-9.0.34\apache-tomcat-9.0.34\temp
19-May-2020 16:40:48.988 INFO [main] org.apache.catalina.core.AprLifecycleListener.lifecycleEvent The APR based Apache Tomcat Native library which allows optimal performance in production environments was not found on the java.library.path: [C:\Program Files\Java\jdk-11.0.6\bin;C:\Windows\Sun\Java\bin;C:\Windows\system32;C:\Windows;C:\Program Files (x86)\Razer Chroma SDK\bin;C:\Program Files\Razer Chroma SDK\bin;C:\Program Files (x86)\Razer\ChromaBroadcast\bin;C:\Program Files\Razer\ChromaBroadcast\bin;C:\Program Files (x86)\Common Files\Intel\Shared Libraries\redist\intel64\compiler;C:\Program Files (x86)\Common Files\Oracle\Java\javapath;C:\Windows\system32;C:\Windows;C:\Windows\System32\Wbem;C:\Windows\System32\WindowsPowerShell\v1.0\;C:\Windows\System32\OpenSSH\;C:\Program Files\NVIDIA Corporation\NVIDIA NvDLISR;C:\Program Files (x86)\NVIDIA Corporation\PhysX\Common;C:\Program Files\Microsoft SQL Server\Client SDK\ODBC\110\Tools\Binn\;C:\Program Files\WorldPainter;C:\Program Files\Git\cmd;C:\Windows\system32\config\systemprofile\AppData\Local\Microsoft\WindowsApps;C:\Users\seanc\AppData\Local\Programs\Python\Python37-32\Scripts\;C:\Users\seanc\AppData\Local\Programs\Python\Python37-32\;C:\RailsInstaller\Git\cmd;C:\RailsInstaller\Ruby2.3.3\bin;C:\Ruby26-x64\bin;C:\Users\seanc\AppData\Local\Microsoft\WindowsApps;C:\Users\seanc\AppData\Local\Programs\Microsoft VS Code\bin;C:\Users\seanc\AppData\Local\GitHubDesktop\bin;C:\Program Files\Microsoft SQL Server\130\Tools\Binn\;C:\Program Files\Microsoft SQL Server\Client SDK\ODBC\170\Tools\Binn\;C:\Program Files\Java\jdk-13.0.2\bin;C:\Program Files (x86)\Microsoft SQL Server\150\DTS\Binn\;C:\Program Files (x86)\Microsoft SQL Server\150\Tools\Binn\;C:\Program Files\Microsoft SQL Server\150\Tools\Binn\;C:\Program Files\Microsoft SQL Server\150\DTS\Binn\;C:\Program Files\Microsoft SQL Server\Client SDK\ODBC\130\Tools\Binn\;C:\Program Files (x86)\Microsoft SQL Server\130\Tools\Binn\;C:\Program Files\Microsoft SQL Server\130\DTS\Binn\;C:\Program Files\dotnet\;C:\Program Files\Java\jdk-11.0.6\bin;C:\Users\Work Account\AppData\Local\Microsoft\WindowsApps;C:\Users\Work Account\AppData\Local\Programs\Microsoft VS Code\bin;C:\Users\seanc\AppData\Local\GitHubDesktop\bin;C:\Program Files\Java\jdk-11.0.6\bin;;.]
19-May-2020 16:40:49.203 INFO [main] org.apache.coyote.AbstractProtocol.init Initializing ProtocolHandler ["http-nio-8080"]
19-May-2020 16:40:49.299 INFO [main] org.apache.catalina.startup.Catalina.load Server initialization in [505] milliseconds
19-May-2020 16:40:49.337 INFO [main] org.apache.catalina.core.StandardService.startInternal Starting service [Catalina]
19-May-2020 16:40:49.338 INFO [main] org.apache.catalina.core.StandardEngine.startInternal Starting Servlet engine: [Apache Tomcat/9.0.34]
19-May-2020 16:40:49.343 INFO [main] org.apache.catalina.startup.HostConfig.deployDirectory Deploying web application directory [C:\Users\Work Account\Documents\GitHub\SENG2050-Assignment-3\apache-tomcat-9.0.34\apache-tomcat-9.0.34\webapps\Assignment3]
19-May-2020 16:40:49.912 WARNING [main] org.apache.tomcat.dbcp.dbcp2.BasicDataSourceFactory.getObjectInstance Name = MyConnection Property maxActive is not used in DBCP2, use maxTotal instead. maxTotal default value is 8. You have set value of "10" for "maxActive" property, which is being ignored.
19-May-2020 16:40:49.980 INFO [main] org.apache.jasper.servlet.TldScanner.scanJars At least one JAR was scanned for TLDs yet contained no TLDs. Enable debug logging for this logger for a complete list of JARs that were scanned but no TLDs were found in them. Skipping unneeded JARs during scanning can improve startup time and JSP compilation time.
19-May-2020 16:40:50.073 INFO [main] org.apache.catalina.startup.HostConfig.deployDirectory Deployment of web application directory [C:\Users\Work Account\Documents\GitHub\SENG2050-Assignment-3\apache-tomcat-9.0.34\apache-tomcat-9.0.34\webapps\Assignment3] has finished in [730] ms
19-May-2020 16:40:50.073 INFO [main] org.apache.catalina.startup.HostConfig.deployDirectory Deploying web application directory [C:\Users\Work Account\Documents\GitHub\SENG2050-Assignment-3\apache-tomcat-9.0.34\apache-tomcat-9.0.34\webapps\docs]
19-May-2020 16:40:50.092 INFO [main] org.apache.catalina.startup.HostConfig.deployDirectory Deployment of web application directory [C:\Users\Work Account\Documents\GitHub\SENG2050-Assignment-3\apache-tomcat-9.0.34\apache-tomcat-9.0.34\webapps\docs] has finished in [19] ms
19-May-2020 16:40:50.093 INFO [main] org.apache.catalina.startup.HostConfig.deployDirectory Deploying web application directory [C:\Users\Work Account\Documents\GitHub\SENG2050-Assignment-3\apache-tomcat-9.0.34\apache-tomcat-9.0.34\webapps\examples]
19-May-2020 16:40:50.293 INFO [main] org.apache.catalina.startup.HostConfig.deployDirectory Deployment of web application directory [C:\Users\Work Account\Documents\GitHub\SENG2050-Assignment-3\apache-tomcat-9.0.34\apache-tomcat-9.0.34\webapps\examples] has finished in [200] ms
19-May-2020 16:40:50.294 INFO [main] org.apache.catalina.startup.HostConfig.deployDirectory Deploying web application directory [C:\Users\Work Account\Documents\GitHub\SENG2050-Assignment-3\apache-tomcat-9.0.34\apache-tomcat-9.0.34\webapps\host-manager]
19-May-2020 16:40:50.324 INFO [main] org.apache.catalina.startup.HostConfig.deployDirectory Deployment of web application directory [C:\Users\Work Account\Documents\GitHub\SENG2050-Assignment-3\apache-tomcat-9.0.34\apache-tomcat-9.0.34\webapps\host-manager] has finished in [29] ms
19-May-2020 16:40:50.324 INFO [main] org.apache.catalina.startup.HostConfig.deployDirectory Deploying web application directory [C:\Users\Work Account\Documents\GitHub\SENG2050-Assignment-3\apache-tomcat-9.0.34\apache-tomcat-9.0.34\webapps\manager]
19-May-2020 16:40:50.345 INFO [main] org.apache.catalina.startup.HostConfig.deployDirectory Deployment of web application directory [C:\Users\Work Account\Documents\GitHub\SENG2050-Assignment-3\apache-tomcat-9.0.34\apache-tomcat-9.0.34\webapps\manager] has finished in [21] ms
19-May-2020 16:40:50.345 INFO [main] org.apache.catalina.startup.HostConfig.deployDirectory Deploying web application directory [C:\Users\Work Account\Documents\GitHub\SENG2050-Assignment-3\apache-tomcat-9.0.34\apache-tomcat-9.0.34\webapps\ROOT]
19-May-2020 16:40:50.362 INFO [main] org.apache.catalina.startup.HostConfig.deployDirectory Deployment of web application directory [C:\Users\Work Account\Documents\GitHub\SENG2050-Assignment-3\apache-tomcat-9.0.34\apache-tomcat-9.0.34\webapps\ROOT] has finished in [17] ms
19-May-2020 16:40:50.365 INFO [main] org.apache.coyote.AbstractProtocol.start Starting ProtocolHandler ["http-nio-8080"]
19-May-2020 16:40:50.373 INFO [main] org.apache.catalina.startup.Catalina.start Server startup in [1,073] milliseconds
19-May-2020 16:41:01.702 INFO [Thread-3] org.apache.coyote.AbstractProtocol.pause Pausing ProtocolHandler ["http-nio-8080"]
19-May-2020 16:41:01.746 INFO [Thread-3] org.apache.catalina.core.StandardService.stopInternal Stopping service [Catalina]
19-May-2020 16:41:01.780 INFO [Thread-3] org.apache.coyote.AbstractProtocol.stop Stopping ProtocolHandler ["http-nio-8080"]
19-May-2020 16:41:01.785 INFO [Thread-3] org.apache.coyote.AbstractProtocol.destroy Destroying ProtocolHandler ["http-nio-8080"]
19-May-2020 16:41:06.344 INFO [main] org.apache.catalina.startup.VersionLoggerListener.log Server version name:   Apache Tomcat/9.0.34
19-May-2020 16:41:06.347 INFO [main] org.apache.catalina.startup.VersionLoggerListener.log Server built:          Apr 3 2020 12:02:52 UTC
19-May-2020 16:41:06.347 INFO [main] org.apache.catalina.startup.VersionLoggerListener.log Server version number: 9.0.34.0
19-May-2020 16:41:06.347 INFO [main] org.apache.catalina.startup.VersionLoggerListener.log OS Name:               Windows 10
19-May-2020 16:41:06.348 INFO [main] org.apache.catalina.startup.VersionLoggerListener.log OS Version:            10.0
19-May-2020 16:41:06.348 INFO [main] org.apache.catalina.startup.VersionLoggerListener.log Architecture:          amd64
19-May-2020 16:41:06.348 INFO [main] org.apache.catalina.startup.VersionLoggerListener.log Java Home:             C:\Program Files\Java\jdk-11.0.6
19-May-2020 16:41:06.348 INFO [main] org.apache.catalina.startup.VersionLoggerListener.log JVM Version:           11.0.6+8-LTS
19-May-2020 16:41:06.348 INFO [main] org.apache.catalina.startup.VersionLoggerListener.log JVM Vendor:            Oracle Corporation
19-May-2020 16:41:06.348 INFO [main] org.apache.catalina.startup.VersionLoggerListener.log CATALINA_BASE:         C:\Users\Work Account\Documents\GitHub\SENG2050-Assignment-3\apache-tomcat-9.0.34\apache-tomcat-9.0.34
19-May-2020 16:41:06.349 INFO [main] org.apache.catalina.startup.VersionLoggerListener.log CATALINA_HOME:         C:\Users\Work Account\Documents\GitHub\SENG2050-Assignment-3\apache-tomcat-9.0.34\apache-tomcat-9.0.34
19-May-2020 16:41:06.358 INFO [main] org.apache.catalina.startup.VersionLoggerListener.log Command line argument: --add-opens=java.base/java.lang=ALL-UNNAMED
19-May-2020 16:41:06.358 INFO [main] org.apache.catalina.startup.VersionLoggerListener.log Command line argument: --add-opens=java.base/java.io=ALL-UNNAMED
19-May-2020 16:41:06.358 INFO [main] org.apache.catalina.startup.VersionLoggerListener.log Command line argument: --add-opens=java.rmi/sun.rmi.transport=ALL-UNNAMED
19-May-2020 16:41:06.359 INFO [main] org.apache.catalina.startup.VersionLoggerListener.log Command line argument: -Djava.util.logging.config.file=C:\Users\Work Account\Documents\GitHub\SENG2050-Assignment-3\apache-tomcat-9.0.34\apache-tomcat-9.0.34\conf\logging.properties
19-May-2020 16:41:06.359 INFO [main] org.apache.catalina.startup.VersionLoggerListener.log Command line argument: -Djava.util.logging.manager=org.apache.juli.ClassLoaderLogManager
19-May-2020 16:41:06.359 INFO [main] org.apache.catalina.startup.VersionLoggerListener.log Command line argument: -Djdk.tls.ephemeralDHKeySize=2048
19-May-2020 16:41:06.359 INFO [main] org.apache.catalina.startup.VersionLoggerListener.log Command line argument: -Djava.protocol.handler.pkgs=org.apache.catalina.webresources
19-May-2020 16:41:06.359 INFO [main] org.apache.catalina.startup.VersionLoggerListener.log Command line argument: -Dignore.endorsed.dirs=
19-May-2020 16:41:06.360 INFO [main] org.apache.catalina.startup.VersionLoggerListener.log Command line argument: -Dcatalina.base=C:\Users\Work Account\Documents\GitHub\SENG2050-Assignment-3\apache-tomcat-9.0.34\apache-tomcat-9.0.34
19-May-2020 16:41:06.360 INFO [main] org.apache.catalina.startup.VersionLoggerListener.log Command line argument: -Dcatalina.home=C:\Users\Work Account\Documents\GitHub\SENG2050-Assignment-3\apache-tomcat-9.0.34\apache-tomcat-9.0.34
19-May-2020 16:41:06.360 INFO [main] org.apache.catalina.startup.VersionLoggerListener.log Command line argument: -Djava.io.tmpdir=C:\Users\Work Account\Documents\GitHub\SENG2050-Assignment-3\apache-tomcat-9.0.34\apache-tomcat-9.0.34\temp
19-May-2020 16:41:06.360 INFO [main] org.apache.catalina.core.AprLifecycleListener.lifecycleEvent The APR based Apache Tomcat Native library which allows optimal performance in production environments was not found on the java.library.path: [C:\Program Files\Java\jdk-11.0.6\bin;C:\Windows\Sun\Java\bin;C:\Windows\system32;C:\Windows;C:\Program Files (x86)\Razer Chroma SDK\bin;C:\Program Files\Razer Chroma SDK\bin;C:\Program Files (x86)\Razer\ChromaBroadcast\bin;C:\Program Files\Razer\ChromaBroadcast\bin;C:\Program Files (x86)\Common Files\Intel\Shared Libraries\redist\intel64\compiler;C:\Program Files (x86)\Common Files\Oracle\Java\javapath;C:\Windows\system32;C:\Windows;C:\Windows\System32\Wbem;C:\Windows\System32\WindowsPowerShell\v1.0\;C:\Windows\System32\OpenSSH\;C:\Program Files\NVIDIA Corporation\NVIDIA NvDLISR;C:\Program Files (x86)\NVIDIA Corporation\PhysX\Common;C:\Program Files\Microsoft SQL Server\Client SDK\ODBC\110\Tools\Binn\;C:\Program Files\WorldPainter;C:\Program Files\Git\cmd;C:\Windows\system32\config\systemprofile\AppData\Local\Microsoft\WindowsApps;C:\Users\seanc\AppData\Local\Programs\Python\Python37-32\Scripts\;C:\Users\seanc\AppData\Local\Programs\Python\Python37-32\;C:\RailsInstaller\Git\cmd;C:\RailsInstaller\Ruby2.3.3\bin;C:\Ruby26-x64\bin;C:\Users\seanc\AppData\Local\Microsoft\WindowsApps;C:\Users\seanc\AppData\Local\Programs\Microsoft VS Code\bin;C:\Users\seanc\AppData\Local\GitHubDesktop\bin;C:\Program Files\Microsoft SQL Server\130\Tools\Binn\;C:\Program Files\Microsoft SQL Server\Client SDK\ODBC\170\Tools\Binn\;C:\Program Files\Java\jdk-13.0.2\bin;C:\Program Files (x86)\Microsoft SQL Server\150\DTS\Binn\;C:\Program Files (x86)\Microsoft SQL Server\150\Tools\Binn\;C:\Program Files\Microsoft SQL Server\150\Tools\Binn\;C:\Program Files\Microsoft SQL Server\150\DTS\Binn\;C:\Program Files\Microsoft SQL Server\Client SDK\ODBC\130\Tools\Binn\;C:\Program Files (x86)\Microsoft SQL Server\130\Tools\Binn\;C:\Program Files\Microsoft SQL Server\130\DTS\Binn\;C:\Program Files\dotnet\;C:\Program Files\Java\jdk-11.0.6\bin;C:\Users\Work Account\AppData\Local\Microsoft\WindowsApps;C:\Users\Work Account\AppData\Local\Programs\Microsoft VS Code\bin;C:\Users\seanc\AppData\Local\GitHubDesktop\bin;C:\Program Files\Java\jdk-11.0.6\bin;;.]
19-May-2020 16:41:06.550 INFO [main] org.apache.coyote.AbstractProtocol.init Initializing ProtocolHandler ["http-nio-8080"]
19-May-2020 16:41:06.630 INFO [main] org.apache.catalina.startup.Catalina.load Server initialization in [425] milliseconds
19-May-2020 16:41:06.667 INFO [main] org.apache.catalina.core.StandardService.startInternal Starting service [Catalina]
19-May-2020 16:41:06.667 INFO [main] org.apache.catalina.core.StandardEngine.startInternal Starting Servlet engine: [Apache Tomcat/9.0.34]
19-May-2020 16:41:06.673 INFO [main] org.apache.catalina.startup.HostConfig.deployDirectory Deploying web application directory [C:\Users\Work Account\Documents\GitHub\SENG2050-Assignment-3\apache-tomcat-9.0.34\apache-tomcat-9.0.34\webapps\Assignment3]
19-May-2020 16:41:07.269 WARNING [main] org.apache.tomcat.dbcp.dbcp2.BasicDataSourceFactory.getObjectInstance Name = MyConnection Property maxActive is not used in DBCP2, use maxTotal instead. maxTotal default value is 8. You have set value of "10" for "maxActive" property, which is being ignored.
19-May-2020 16:41:07.333 INFO [main] org.apache.jasper.servlet.TldScanner.scanJars At least one JAR was scanned for TLDs yet contained no TLDs. Enable debug logging for this logger for a complete list of JARs that were scanned but no TLDs were found in them. Skipping unneeded JARs during scanning can improve startup time and JSP compilation time.
19-May-2020 16:41:07.422 INFO [main] org.apache.catalina.startup.HostConfig.deployDirectory Deployment of web application directory [C:\Users\Work Account\Documents\GitHub\SENG2050-Assignment-3\apache-tomcat-9.0.34\apache-tomcat-9.0.34\webapps\Assignment3] has finished in [748] ms
19-May-2020 16:41:07.422 INFO [main] org.apache.catalina.startup.HostConfig.deployDirectory Deploying web application directory [C:\Users\Work Account\Documents\GitHub\SENG2050-Assignment-3\apache-tomcat-9.0.34\apache-tomcat-9.0.34\webapps\docs]
19-May-2020 16:41:07.441 INFO [main] org.apache.catalina.startup.HostConfig.deployDirectory Deployment of web application directory [C:\Users\Work Account\Documents\GitHub\SENG2050-Assignment-3\apache-tomcat-9.0.34\apache-tomcat-9.0.34\webapps\docs] has finished in [19] ms
19-May-2020 16:41:07.442 INFO [main] org.apache.catalina.startup.HostConfig.deployDirectory Deploying web application directory [C:\Users\Work Account\Documents\GitHub\SENG2050-Assignment-3\apache-tomcat-9.0.34\apache-tomcat-9.0.34\webapps\examples]
19-May-2020 16:41:07.643 INFO [main] org.apache.catalina.startup.HostConfig.deployDirectory Deployment of web application directory [C:\Users\Work Account\Documents\GitHub\SENG2050-Assignment-3\apache-tomcat-9.0.34\apache-tomcat-9.0.34\webapps\examples] has finished in [200] ms
19-May-2020 16:41:07.643 INFO [main] org.apache.catalina.startup.HostConfig.deployDirectory Deploying web application directory [C:\Users\Work Account\Documents\GitHub\SENG2050-Assignment-3\apache-tomcat-9.0.34\apache-tomcat-9.0.34\webapps\host-manager]
19-May-2020 16:41:07.667 INFO [main] org.apache.catalina.startup.HostConfig.deployDirectory Deployment of web application directory [C:\Users\Work Account\Documents\GitHub\SENG2050-Assignment-3\apache-tomcat-9.0.34\apache-tomcat-9.0.34\webapps\host-manager] has finished in [24] ms
19-May-2020 16:41:07.668 INFO [main] org.apache.catalina.startup.HostConfig.deployDirectory Deploying web application directory [C:\Users\Work Account\Documents\GitHub\SENG2050-Assignment-3\apache-tomcat-9.0.34\apache-tomcat-9.0.34\webapps\manager]
19-May-2020 16:41:07.691 INFO [main] org.apache.catalina.startup.HostConfig.deployDirectory Deployment of web application directory [C:\Users\Work Account\Documents\GitHub\SENG2050-Assignment-3\apache-tomcat-9.0.34\apache-tomcat-9.0.34\webapps\manager] has finished in [23] ms
19-May-2020 16:41:07.692 INFO [main] org.apache.catalina.startup.HostConfig.deployDirectory Deploying web application directory [C:\Users\Work Account\Documents\GitHub\SENG2050-Assignment-3\apache-tomcat-9.0.34\apache-tomcat-9.0.34\webapps\ROOT]
19-May-2020 16:41:07.709 INFO [main] org.apache.catalina.startup.HostConfig.deployDirectory Deployment of web application directory [C:\Users\Work Account\Documents\GitHub\SENG2050-Assignment-3\apache-tomcat-9.0.34\apache-tomcat-9.0.34\webapps\ROOT] has finished in [17] ms
19-May-2020 16:41:07.713 INFO [main] org.apache.coyote.AbstractProtocol.start Starting ProtocolHandler ["http-nio-8080"]
19-May-2020 16:41:07.718 INFO [main] org.apache.catalina.startup.Catalina.start Server startup in [1,088] milliseconds
19-May-2020 16:43:54.758 INFO [Thread-3] org.apache.coyote.AbstractProtocol.pause Pausing ProtocolHandler ["http-nio-8080"]
19-May-2020 16:43:54.821 INFO [Thread-3] org.apache.catalina.core.StandardService.stopInternal Stopping service [Catalina]
19-May-2020 16:43:54.861 INFO [Thread-3] org.apache.coyote.AbstractProtocol.stop Stopping ProtocolHandler ["http-nio-8080"]
19-May-2020 16:43:54.865 INFO [Thread-3] org.apache.coyote.AbstractProtocol.destroy Destroying ProtocolHandler ["http-nio-8080"]
19-May-2020 16:43:59.350 INFO [main] org.apache.catalina.startup.VersionLoggerListener.log Server version name:   Apache Tomcat/9.0.34
19-May-2020 16:43:59.353 INFO [main] org.apache.catalina.startup.VersionLoggerListener.log Server built:          Apr 3 2020 12:02:52 UTC
19-May-2020 16:43:59.353 INFO [main] org.apache.catalina.startup.VersionLoggerListener.log Server version number: 9.0.34.0
19-May-2020 16:43:59.353 INFO [main] org.apache.catalina.startup.VersionLoggerListener.log OS Name:               Windows 10
19-May-2020 16:43:59.353 INFO [main] org.apache.catalina.startup.VersionLoggerListener.log OS Version:            10.0
19-May-2020 16:43:59.354 INFO [main] org.apache.catalina.startup.VersionLoggerListener.log Architecture:          amd64
19-May-2020 16:43:59.354 INFO [main] org.apache.catalina.startup.VersionLoggerListener.log Java Home:             C:\Program Files\Java\jdk-11.0.6
19-May-2020 16:43:59.354 INFO [main] org.apache.catalina.startup.VersionLoggerListener.log JVM Version:           11.0.6+8-LTS
19-May-2020 16:43:59.354 INFO [main] org.apache.catalina.startup.VersionLoggerListener.log JVM Vendor:            Oracle Corporation
19-May-2020 16:43:59.354 INFO [main] org.apache.catalina.startup.VersionLoggerListener.log CATALINA_BASE:         C:\Users\Work Account\Documents\GitHub\SENG2050-Assignment-3\apache-tomcat-9.0.34\apache-tomcat-9.0.34
19-May-2020 16:43:59.355 INFO [main] org.apache.catalina.startup.VersionLoggerListener.log CATALINA_HOME:         C:\Users\Work Account\Documents\GitHub\SENG2050-Assignment-3\apache-tomcat-9.0.34\apache-tomcat-9.0.34
19-May-2020 16:43:59.362 INFO [main] org.apache.catalina.startup.VersionLoggerListener.log Command line argument: --add-opens=java.base/java.lang=ALL-UNNAMED
19-May-2020 16:43:59.362 INFO [main] org.apache.catalina.startup.VersionLoggerListener.log Command line argument: --add-opens=java.base/java.io=ALL-UNNAMED
19-May-2020 16:43:59.362 INFO [main] org.apache.catalina.startup.VersionLoggerListener.log Command line argument: --add-opens=java.rmi/sun.rmi.transport=ALL-UNNAMED
19-May-2020 16:43:59.363 INFO [main] org.apache.catalina.startup.VersionLoggerListener.log Command line argument: -Djava.util.logging.config.file=C:\Users\Work Account\Documents\GitHub\SENG2050-Assignment-3\apache-tomcat-9.0.34\apache-tomcat-9.0.34\conf\logging.properties
19-May-2020 16:43:59.363 INFO [main] org.apache.catalina.startup.VersionLoggerListener.log Command line argument: -Djava.util.logging.manager=org.apache.juli.ClassLoaderLogManager
19-May-2020 16:43:59.363 INFO [main] org.apache.catalina.startup.VersionLoggerListener.log Command line argument: -Djdk.tls.ephemeralDHKeySize=2048
19-May-2020 16:43:59.363 INFO [main] org.apache.catalina.startup.VersionLoggerListener.log Command line argument: -Djava.protocol.handler.pkgs=org.apache.catalina.webresources
19-May-2020 16:43:59.363 INFO [main] org.apache.catalina.startup.VersionLoggerListener.log Command line argument: -Dignore.endorsed.dirs=
19-May-2020 16:43:59.364 INFO [main] org.apache.catalina.startup.VersionLoggerListener.log Command line argument: -Dcatalina.base=C:\Users\Work Account\Documents\GitHub\SENG2050-Assignment-3\apache-tomcat-9.0.34\apache-tomcat-9.0.34
19-May-2020 16:43:59.364 INFO [main] org.apache.catalina.startup.VersionLoggerListener.log Command line argument: -Dcatalina.home=C:\Users\Work Account\Documents\GitHub\SENG2050-Assignment-3\apache-tomcat-9.0.34\apache-tomcat-9.0.34
19-May-2020 16:43:59.364 INFO [main] org.apache.catalina.startup.VersionLoggerListener.log Command line argument: -Djava.io.tmpdir=C:\Users\Work Account\Documents\GitHub\SENG2050-Assignment-3\apache-tomcat-9.0.34\apache-tomcat-9.0.34\temp
19-May-2020 16:43:59.364 INFO [main] org.apache.catalina.core.AprLifecycleListener.lifecycleEvent The APR based Apache Tomcat Native library which allows optimal performance in production environments was not found on the java.library.path: [C:\Program Files\Java\jdk-11.0.6\bin;C:\Windows\Sun\Java\bin;C:\Windows\system32;C:\Windows;C:\Program Files (x86)\Razer Chroma SDK\bin;C:\Program Files\Razer Chroma SDK\bin;C:\Program Files (x86)\Razer\ChromaBroadcast\bin;C:\Program Files\Razer\ChromaBroadcast\bin;C:\Program Files (x86)\Common Files\Intel\Shared Libraries\redist\intel64\compiler;C:\Program Files (x86)\Common Files\Oracle\Java\javapath;C:\Windows\system32;C:\Windows;C:\Windows\System32\Wbem;C:\Windows\System32\WindowsPowerShell\v1.0\;C:\Windows\System32\OpenSSH\;C:\Program Files\NVIDIA Corporation\NVIDIA NvDLISR;C:\Program Files (x86)\NVIDIA Corporation\PhysX\Common;C:\Program Files\Microsoft SQL Server\Client SDK\ODBC\110\Tools\Binn\;C:\Program Files\WorldPainter;C:\Program Files\Git\cmd;C:\Windows\system32\config\systemprofile\AppData\Local\Microsoft\WindowsApps;C:\Users\seanc\AppData\Local\Programs\Python\Python37-32\Scripts\;C:\Users\seanc\AppData\Local\Programs\Python\Python37-32\;C:\RailsInstaller\Git\cmd;C:\RailsInstaller\Ruby2.3.3\bin;C:\Ruby26-x64\bin;C:\Users\seanc\AppData\Local\Microsoft\WindowsApps;C:\Users\seanc\AppData\Local\Programs\Microsoft VS Code\bin;C:\Users\seanc\AppData\Local\GitHubDesktop\bin;C:\Program Files\Microsoft SQL Server\130\Tools\Binn\;C:\Program Files\Microsoft SQL Server\Client SDK\ODBC\170\Tools\Binn\;C:\Program Files\Java\jdk-13.0.2\bin;C:\Program Files (x86)\Microsoft SQL Server\150\DTS\Binn\;C:\Program Files (x86)\Microsoft SQL Server\150\Tools\Binn\;C:\Program Files\Microsoft SQL Server\150\Tools\Binn\;C:\Program Files\Microsoft SQL Server\150\DTS\Binn\;C:\Program Files\Microsoft SQL Server\Client SDK\ODBC\130\Tools\Binn\;C:\Program Files (x86)\Microsoft SQL Server\130\Tools\Binn\;C:\Program Files\Microsoft SQL Server\130\DTS\Binn\;C:\Program Files\dotnet\;C:\Program Files\Java\jdk-11.0.6\bin;C:\Users\Work Account\AppData\Local\Microsoft\WindowsApps;C:\Users\Work Account\AppData\Local\Programs\Microsoft VS Code\bin;C:\Users\seanc\AppData\Local\GitHubDesktop\bin;C:\Program Files\Java\jdk-11.0.6\bin;;.]
19-May-2020 16:43:59.551 INFO [main] org.apache.coyote.AbstractProtocol.init Initializing ProtocolHandler ["http-nio-8080"]
19-May-2020 16:43:59.625 INFO [main] org.apache.catalina.startup.Catalina.load Server initialization in [410] milliseconds
19-May-2020 16:43:59.662 INFO [main] org.apache.catalina.core.StandardService.startInternal Starting service [Catalina]
19-May-2020 16:43:59.662 INFO [main] org.apache.catalina.core.StandardEngine.startInternal Starting Servlet engine: [Apache Tomcat/9.0.34]
19-May-2020 16:43:59.668 INFO [main] org.apache.catalina.startup.HostConfig.deployDirectory Deploying web application directory [C:\Users\Work Account\Documents\GitHub\SENG2050-Assignment-3\apache-tomcat-9.0.34\apache-tomcat-9.0.34\webapps\Assignment3]
19-May-2020 16:44:00.300 WARNING [main] org.apache.tomcat.dbcp.dbcp2.BasicDataSourceFactory.getObjectInstance Name = MyConnection Property maxActive is not used in DBCP2, use maxTotal instead. maxTotal default value is 8. You have set value of "10" for "maxActive" property, which is being ignored.
19-May-2020 16:44:00.364 INFO [main] org.apache.jasper.servlet.TldScanner.scanJars At least one JAR was scanned for TLDs yet contained no TLDs. Enable debug logging for this logger for a complete list of JARs that were scanned but no TLDs were found in them. Skipping unneeded JARs during scanning can improve startup time and JSP compilation time.
19-May-2020 16:44:00.456 INFO [main] org.apache.catalina.startup.HostConfig.deployDirectory Deployment of web application directory [C:\Users\Work Account\Documents\GitHub\SENG2050-Assignment-3\apache-tomcat-9.0.34\apache-tomcat-9.0.34\webapps\Assignment3] has finished in [788] ms
19-May-2020 16:44:00.457 INFO [main] org.apache.catalina.startup.HostConfig.deployDirectory Deploying web application directory [C:\Users\Work Account\Documents\GitHub\SENG2050-Assignment-3\apache-tomcat-9.0.34\apache-tomcat-9.0.34\webapps\docs]
19-May-2020 16:44:00.475 INFO [main] org.apache.catalina.startup.HostConfig.deployDirectory Deployment of web application directory [C:\Users\Work Account\Documents\GitHub\SENG2050-Assignment-3\apache-tomcat-9.0.34\apache-tomcat-9.0.34\webapps\docs] has finished in [18] ms
19-May-2020 16:44:00.475 INFO [main] org.apache.catalina.startup.HostConfig.deployDirectory Deploying web application directory [C:\Users\Work Account\Documents\GitHub\SENG2050-Assignment-3\apache-tomcat-9.0.34\apache-tomcat-9.0.34\webapps\examples]
19-May-2020 16:44:00.666 INFO [main] org.apache.catalina.startup.HostConfig.deployDirectory Deployment of web application directory [C:\Users\Work Account\Documents\GitHub\SENG2050-Assignment-3\apache-tomcat-9.0.34\apache-tomcat-9.0.34\webapps\examples] has finished in [191] ms
19-May-2020 16:44:00.666 INFO [main] org.apache.catalina.startup.HostConfig.deployDirectory Deploying web application directory [C:\Users\Work Account\Documents\GitHub\SENG2050-Assignment-3\apache-tomcat-9.0.34\apache-tomcat-9.0.34\webapps\host-manager]
19-May-2020 16:44:00.691 INFO [main] org.apache.catalina.startup.HostConfig.deployDirectory Deployment of web application directory [C:\Users\Work Account\Documents\GitHub\SENG2050-Assignment-3\apache-tomcat-9.0.34\apache-tomcat-9.0.34\webapps\host-manager] has finished in [25] ms
19-May-2020 16:44:00.691 INFO [main] org.apache.catalina.startup.HostConfig.deployDirectory Deploying web application directory [C:\Users\Work Account\Documents\GitHub\SENG2050-Assignment-3\apache-tomcat-9.0.34\apache-tomcat-9.0.34\webapps\manager]
19-May-2020 16:44:00.713 INFO [main] org.apache.catalina.startup.HostConfig.deployDirectory Deployment of web application directory [C:\Users\Work Account\Documents\GitHub\SENG2050-Assignment-3\apache-tomcat-9.0.34\apache-tomcat-9.0.34\webapps\manager] has finished in [22] ms
19-May-2020 16:44:00.713 INFO [main] org.apache.catalina.startup.HostConfig.deployDirectory Deploying web application directory [C:\Users\Work Account\Documents\GitHub\SENG2050-Assignment-3\apache-tomcat-9.0.34\apache-tomcat-9.0.34\webapps\ROOT]
19-May-2020 16:44:00.731 INFO [main] org.apache.catalina.startup.HostConfig.deployDirectory Deployment of web application directory [C:\Users\Work Account\Documents\GitHub\SENG2050-Assignment-3\apache-tomcat-9.0.34\apache-tomcat-9.0.34\webapps\ROOT] has finished in [18] ms
19-May-2020 16:44:00.735 INFO [main] org.apache.coyote.AbstractProtocol.start Starting ProtocolHandler ["http-nio-8080"]
19-May-2020 16:44:00.741 INFO [main] org.apache.catalina.startup.Catalina.start Server startup in [1,115] milliseconds
19-May-2020 16:44:28.290 INFO [Thread-3] org.apache.coyote.AbstractProtocol.pause Pausing ProtocolHandler ["http-nio-8080"]
19-May-2020 16:44:28.339 INFO [Thread-3] org.apache.catalina.core.StandardService.stopInternal Stopping service [Catalina]
19-May-2020 16:44:28.375 INFO [Thread-3] org.apache.coyote.AbstractProtocol.stop Stopping ProtocolHandler ["http-nio-8080"]
19-May-2020 16:44:28.380 INFO [Thread-3] org.apache.coyote.AbstractProtocol.destroy Destroying ProtocolHandler ["http-nio-8080"]
19-May-2020 16:44:31.648 INFO [main] org.apache.catalina.startup.VersionLoggerListener.log Server version name:   Apache Tomcat/9.0.34
19-May-2020 16:44:31.651 INFO [main] org.apache.catalina.startup.VersionLoggerListener.log Server built:          Apr 3 2020 12:02:52 UTC
19-May-2020 16:44:31.651 INFO [main] org.apache.catalina.startup.VersionLoggerListener.log Server version number: 9.0.34.0
19-May-2020 16:44:31.651 INFO [main] org.apache.catalina.startup.VersionLoggerListener.log OS Name:               Windows 10
19-May-2020 16:44:31.651 INFO [main] org.apache.catalina.startup.VersionLoggerListener.log OS Version:            10.0
19-May-2020 16:44:31.652 INFO [main] org.apache.catalina.startup.VersionLoggerListener.log Architecture:          amd64
19-May-2020 16:44:31.652 INFO [main] org.apache.catalina.startup.VersionLoggerListener.log Java Home:             C:\Program Files\Java\jdk-11.0.6
19-May-2020 16:44:31.652 INFO [main] org.apache.catalina.startup.VersionLoggerListener.log JVM Version:           11.0.6+8-LTS
19-May-2020 16:44:31.652 INFO [main] org.apache.catalina.startup.VersionLoggerListener.log JVM Vendor:            Oracle Corporation
19-May-2020 16:44:31.652 INFO [main] org.apache.catalina.startup.VersionLoggerListener.log CATALINA_BASE:         C:\Users\Work Account\Documents\GitHub\SENG2050-Assignment-3\apache-tomcat-9.0.34\apache-tomcat-9.0.34
19-May-2020 16:44:31.652 INFO [main] org.apache.catalina.startup.VersionLoggerListener.log CATALINA_HOME:         C:\Users\Work Account\Documents\GitHub\SENG2050-Assignment-3\apache-tomcat-9.0.34\apache-tomcat-9.0.34
19-May-2020 16:44:31.660 INFO [main] org.apache.catalina.startup.VersionLoggerListener.log Command line argument: --add-opens=java.base/java.lang=ALL-UNNAMED
19-May-2020 16:44:31.661 INFO [main] org.apache.catalina.startup.VersionLoggerListener.log Command line argument: --add-opens=java.base/java.io=ALL-UNNAMED
19-May-2020 16:44:31.661 INFO [main] org.apache.catalina.startup.VersionLoggerListener.log Command line argument: --add-opens=java.rmi/sun.rmi.transport=ALL-UNNAMED
19-May-2020 16:44:31.661 INFO [main] org.apache.catalina.startup.VersionLoggerListener.log Command line argument: -Djava.util.logging.config.file=C:\Users\Work Account\Documents\GitHub\SENG2050-Assignment-3\apache-tomcat-9.0.34\apache-tomcat-9.0.34\conf\logging.properties
19-May-2020 16:44:31.661 INFO [main] org.apache.catalina.startup.VersionLoggerListener.log Command line argument: -Djava.util.logging.manager=org.apache.juli.ClassLoaderLogManager
19-May-2020 16:44:31.661 INFO [main] org.apache.catalina.startup.VersionLoggerListener.log Command line argument: -Djdk.tls.ephemeralDHKeySize=2048
19-May-2020 16:44:31.661 INFO [main] org.apache.catalina.startup.VersionLoggerListener.log Command line argument: -Djava.protocol.handler.pkgs=org.apache.catalina.webresources
19-May-2020 16:44:31.662 INFO [main] org.apache.catalina.startup.VersionLoggerListener.log Command line argument: -Dignore.endorsed.dirs=
19-May-2020 16:44:31.662 INFO [main] org.apache.catalina.startup.VersionLoggerListener.log Command line argument: -Dcatalina.base=C:\Users\Work Account\Documents\GitHub\SENG2050-Assignment-3\apache-tomcat-9.0.34\apache-tomcat-9.0.34
19-May-2020 16:44:31.662 INFO [main] org.apache.catalina.startup.VersionLoggerListener.log Command line argument: -Dcatalina.home=C:\Users\Work Account\Documents\GitHub\SENG2050-Assignment-3\apache-tomcat-9.0.34\apache-tomcat-9.0.34
19-May-2020 16:44:31.662 INFO [main] org.apache.catalina.startup.VersionLoggerListener.log Command line argument: -Djava.io.tmpdir=C:\Users\Work Account\Documents\GitHub\SENG2050-Assignment-3\apache-tomcat-9.0.34\apache-tomcat-9.0.34\temp
19-May-2020 16:44:31.663 INFO [main] org.apache.catalina.core.AprLifecycleListener.lifecycleEvent The APR based Apache Tomcat Native library which allows optimal performance in production environments was not found on the java.library.path: [C:\Program Files\Java\jdk-11.0.6\bin;C:\Windows\Sun\Java\bin;C:\Windows\system32;C:\Windows;C:\Program Files (x86)\Razer Chroma SDK\bin;C:\Program Files\Razer Chroma SDK\bin;C:\Program Files (x86)\Razer\ChromaBroadcast\bin;C:\Program Files\Razer\ChromaBroadcast\bin;C:\Program Files (x86)\Common Files\Intel\Shared Libraries\redist\intel64\compiler;C:\Program Files (x86)\Common Files\Oracle\Java\javapath;C:\Windows\system32;C:\Windows;C:\Windows\System32\Wbem;C:\Windows\System32\WindowsPowerShell\v1.0\;C:\Windows\System32\OpenSSH\;C:\Program Files\NVIDIA Corporation\NVIDIA NvDLISR;C:\Program Files (x86)\NVIDIA Corporation\PhysX\Common;C:\Program Files\Microsoft SQL Server\Client SDK\ODBC\110\Tools\Binn\;C:\Program Files\WorldPainter;C:\Program Files\Git\cmd;C:\Windows\system32\config\systemprofile\AppData\Local\Microsoft\WindowsApps;C:\Users\seanc\AppData\Local\Programs\Python\Python37-32\Scripts\;C:\Users\seanc\AppData\Local\Programs\Python\Python37-32\;C:\RailsInstaller\Git\cmd;C:\RailsInstaller\Ruby2.3.3\bin;C:\Ruby26-x64\bin;C:\Users\seanc\AppData\Local\Microsoft\WindowsApps;C:\Users\seanc\AppData\Local\Programs\Microsoft VS Code\bin;C:\Users\seanc\AppData\Local\GitHubDesktop\bin;C:\Program Files\Microsoft SQL Server\130\Tools\Binn\;C:\Program Files\Microsoft SQL Server\Client SDK\ODBC\170\Tools\Binn\;C:\Program Files\Java\jdk-13.0.2\bin;C:\Program Files (x86)\Microsoft SQL Server\150\DTS\Binn\;C:\Program Files (x86)\Microsoft SQL Server\150\Tools\Binn\;C:\Program Files\Microsoft SQL Server\150\Tools\Binn\;C:\Program Files\Microsoft SQL Server\150\DTS\Binn\;C:\Program Files\Microsoft SQL Server\Client SDK\ODBC\130\Tools\Binn\;C:\Program Files (x86)\Microsoft SQL Server\130\Tools\Binn\;C:\Program Files\Microsoft SQL Server\130\DTS\Binn\;C:\Program Files\dotnet\;C:\Program Files\Java\jdk-11.0.6\bin;C:\Users\Work Account\AppData\Local\Microsoft\WindowsApps;C:\Users\Work Account\AppData\Local\Programs\Microsoft VS Code\bin;C:\Users\seanc\AppData\Local\GitHubDesktop\bin;C:\Program Files\Java\jdk-11.0.6\bin;;.]
19-May-2020 16:44:31.849 INFO [main] org.apache.coyote.AbstractProtocol.init Initializing ProtocolHandler ["http-nio-8080"]
19-May-2020 16:44:31.923 INFO [main] org.apache.catalina.startup.Catalina.load Server initialization in [413] milliseconds
19-May-2020 16:44:31.961 INFO [main] org.apache.catalina.core.StandardService.startInternal Starting service [Catalina]
19-May-2020 16:44:31.962 INFO [main] org.apache.catalina.core.StandardEngine.startInternal Starting Servlet engine: [Apache Tomcat/9.0.34]
19-May-2020 16:44:31.967 INFO [main] org.apache.catalina.startup.HostConfig.deployDirectory Deploying web application directory [C:\Users\Work Account\Documents\GitHub\SENG2050-Assignment-3\apache-tomcat-9.0.34\apache-tomcat-9.0.34\webapps\Assignment3]
19-May-2020 16:44:32.529 WARNING [main] org.apache.tomcat.dbcp.dbcp2.BasicDataSourceFactory.getObjectInstance Name = MyConnection Property maxActive is not used in DBCP2, use maxTotal instead. maxTotal default value is 8. You have set value of "10" for "maxActive" property, which is being ignored.
19-May-2020 16:44:32.598 INFO [main] org.apache.jasper.servlet.TldScanner.scanJars At least one JAR was scanned for TLDs yet contained no TLDs. Enable debug logging for this logger for a complete list of JARs that were scanned but no TLDs were found in them. Skipping unneeded JARs during scanning can improve startup time and JSP compilation time.
19-May-2020 16:44:32.704 INFO [main] org.apache.catalina.startup.HostConfig.deployDirectory Deployment of web application directory [C:\Users\Work Account\Documents\GitHub\SENG2050-Assignment-3\apache-tomcat-9.0.34\apache-tomcat-9.0.34\webapps\Assignment3] has finished in [736] ms
19-May-2020 16:44:32.704 INFO [main] org.apache.catalina.startup.HostConfig.deployDirectory Deploying web application directory [C:\Users\Work Account\Documents\GitHub\SENG2050-Assignment-3\apache-tomcat-9.0.34\apache-tomcat-9.0.34\webapps\docs]
19-May-2020 16:44:32.733 INFO [main] org.apache.catalina.startup.HostConfig.deployDirectory Deployment of web application directory [C:\Users\Work Account\Documents\GitHub\SENG2050-Assignment-3\apache-tomcat-9.0.34\apache-tomcat-9.0.34\webapps\docs] has finished in [29] ms
19-May-2020 16:44:32.736 INFO [main] org.apache.catalina.startup.HostConfig.deployDirectory Deploying web application directory [C:\Users\Work Account\Documents\GitHub\SENG2050-Assignment-3\apache-tomcat-9.0.34\apache-tomcat-9.0.34\webapps\examples]
19-May-2020 16:44:32.972 INFO [main] org.apache.catalina.startup.HostConfig.deployDirectory Deployment of web application directory [C:\Users\Work Account\Documents\GitHub\SENG2050-Assignment-3\apache-tomcat-9.0.34\apache-tomcat-9.0.34\webapps\examples] has finished in [236] ms
19-May-2020 16:44:32.972 INFO [main] org.apache.catalina.startup.HostConfig.deployDirectory Deploying web application directory [C:\Users\Work Account\Documents\GitHub\SENG2050-Assignment-3\apache-tomcat-9.0.34\apache-tomcat-9.0.34\webapps\host-manager]
19-May-2020 16:44:32.997 INFO [main] org.apache.catalina.startup.HostConfig.deployDirectory Deployment of web application directory [C:\Users\Work Account\Documents\GitHub\SENG2050-Assignment-3\apache-tomcat-9.0.34\apache-tomcat-9.0.34\webapps\host-manager] has finished in [25] ms
19-May-2020 16:44:32.997 INFO [main] org.apache.catalina.startup.HostConfig.deployDirectory Deploying web application directory [C:\Users\Work Account\Documents\GitHub\SENG2050-Assignment-3\apache-tomcat-9.0.34\apache-tomcat-9.0.34\webapps\manager]
19-May-2020 16:44:33.018 INFO [main] org.apache.catalina.startup.HostConfig.deployDirectory Deployment of web application directory [C:\Users\Work Account\Documents\GitHub\SENG2050-Assignment-3\apache-tomcat-9.0.34\apache-tomcat-9.0.34\webapps\manager] has finished in [21] ms
19-May-2020 16:44:33.018 INFO [main] org.apache.catalina.startup.HostConfig.deployDirectory Deploying web application directory [C:\Users\Work Account\Documents\GitHub\SENG2050-Assignment-3\apache-tomcat-9.0.34\apache-tomcat-9.0.34\webapps\ROOT]
19-May-2020 16:44:33.037 INFO [main] org.apache.catalina.startup.HostConfig.deployDirectory Deployment of web application directory [C:\Users\Work Account\Documents\GitHub\SENG2050-Assignment-3\apache-tomcat-9.0.34\apache-tomcat-9.0.34\webapps\ROOT] has finished in [18] ms
19-May-2020 16:44:33.040 INFO [main] org.apache.coyote.AbstractProtocol.start Starting ProtocolHandler ["http-nio-8080"]
19-May-2020 16:44:33.047 INFO [main] org.apache.catalina.startup.Catalina.start Server startup in [1,123] milliseconds
19-May-2020 20:54:07.605 INFO [Thread-3] org.apache.coyote.AbstractProtocol.pause Pausing ProtocolHandler ["http-nio-8080"]
19-May-2020 20:54:07.670 INFO [Thread-3] org.apache.catalina.core.StandardService.stopInternal Stopping service [Catalina]
19-May-2020 20:54:07.727 INFO [Thread-3] org.apache.coyote.AbstractProtocol.stop Stopping ProtocolHandler ["http-nio-8080"]
19-May-2020 20:54:07.732 INFO [Thread-3] org.apache.coyote.AbstractProtocol.destroy Destroying ProtocolHandler ["http-nio-8080"]
19-May-2020 20:54:11.654 INFO [main] org.apache.catalina.startup.VersionLoggerListener.log Server version name:   Apache Tomcat/9.0.34
19-May-2020 20:54:11.654 INFO [main] org.apache.catalina.startup.VersionLoggerListener.log Server built:          Apr 3 2020 12:02:52 UTC
19-May-2020 20:54:11.654 INFO [main] org.apache.catalina.startup.VersionLoggerListener.log Server version number: 9.0.34.0
19-May-2020 20:54:11.654 INFO [main] org.apache.catalina.startup.VersionLoggerListener.log OS Name:               Windows 10
19-May-2020 20:54:11.654 INFO [main] org.apache.catalina.startup.VersionLoggerListener.log OS Version:            10.0
19-May-2020 20:54:11.654 INFO [main] org.apache.catalina.startup.VersionLoggerListener.log Architecture:          amd64
19-May-2020 20:54:11.654 INFO [main] org.apache.catalina.startup.VersionLoggerListener.log Java Home:             C:\Program Files\Java\jdk-11.0.6
19-May-2020 20:54:11.654 INFO [main] org.apache.catalina.startup.VersionLoggerListener.log JVM Version:           11.0.6+8-LTS
19-May-2020 20:54:11.654 INFO [main] org.apache.catalina.startup.VersionLoggerListener.log JVM Vendor:            Oracle Corporation
19-May-2020 20:54:11.654 INFO [main] org.apache.catalina.startup.VersionLoggerListener.log CATALINA_BASE:         C:\Users\Work Account\Documents\GitHub\SENG2050-Assignment-3\apache-tomcat-9.0.34\apache-tomcat-9.0.34
19-May-2020 20:54:11.654 INFO [main] org.apache.catalina.startup.VersionLoggerListener.log CATALINA_HOME:         C:\Users\Work Account\Documents\GitHub\SENG2050-Assignment-3\apache-tomcat-9.0.34\apache-tomcat-9.0.34
19-May-2020 20:54:11.678 INFO [main] org.apache.catalina.startup.VersionLoggerListener.log Command line argument: --add-opens=java.base/java.lang=ALL-UNNAMED
19-May-2020 20:54:11.679 INFO [main] org.apache.catalina.startup.VersionLoggerListener.log Command line argument: --add-opens=java.base/java.io=ALL-UNNAMED
19-May-2020 20:54:11.679 INFO [main] org.apache.catalina.startup.VersionLoggerListener.log Command line argument: --add-opens=java.rmi/sun.rmi.transport=ALL-UNNAMED
19-May-2020 20:54:11.679 INFO [main] org.apache.catalina.startup.VersionLoggerListener.log Command line argument: -Djava.util.logging.config.file=C:\Users\Work Account\Documents\GitHub\SENG2050-Assignment-3\apache-tomcat-9.0.34\apache-tomcat-9.0.34\conf\logging.properties
19-May-2020 20:54:11.680 INFO [main] org.apache.catalina.startup.VersionLoggerListener.log Command line argument: -Djava.util.logging.manager=org.apache.juli.ClassLoaderLogManager
19-May-2020 20:54:11.680 INFO [main] org.apache.catalina.startup.VersionLoggerListener.log Command line argument: -Djdk.tls.ephemeralDHKeySize=2048
19-May-2020 20:54:11.680 INFO [main] org.apache.catalina.startup.VersionLoggerListener.log Command line argument: -Djava.protocol.handler.pkgs=org.apache.catalina.webresources
19-May-2020 20:54:11.680 INFO [main] org.apache.catalina.startup.VersionLoggerListener.log Command line argument: -Dignore.endorsed.dirs=
19-May-2020 20:54:11.681 INFO [main] org.apache.catalina.startup.VersionLoggerListener.log Command line argument: -Dcatalina.base=C:\Users\Work Account\Documents\GitHub\SENG2050-Assignment-3\apache-tomcat-9.0.34\apache-tomcat-9.0.34
19-May-2020 20:54:11.681 INFO [main] org.apache.catalina.startup.VersionLoggerListener.log Command line argument: -Dcatalina.home=C:\Users\Work Account\Documents\GitHub\SENG2050-Assignment-3\apache-tomcat-9.0.34\apache-tomcat-9.0.34
19-May-2020 20:54:11.681 INFO [main] org.apache.catalina.startup.VersionLoggerListener.log Command line argument: -Djava.io.tmpdir=C:\Users\Work Account\Documents\GitHub\SENG2050-Assignment-3\apache-tomcat-9.0.34\apache-tomcat-9.0.34\temp
19-May-2020 20:54:11.682 INFO [main] org.apache.catalina.core.AprLifecycleListener.lifecycleEvent The APR based Apache Tomcat Native library which allows optimal performance in production environments was not found on the java.library.path: [C:\Program Files\Java\jdk-11.0.6\bin;C:\Windows\Sun\Java\bin;C:\Windows\system32;C:\Windows;C:\Program Files (x86)\Razer Chroma SDK\bin;C:\Program Files\Razer Chroma SDK\bin;C:\Program Files (x86)\Razer\ChromaBroadcast\bin;C:\Program Files\Razer\ChromaBroadcast\bin;C:\Program Files (x86)\Common Files\Intel\Shared Libraries\redist\intel64\compiler;C:\Program Files (x86)\Common Files\Oracle\Java\javapath;C:\Windows\system32;C:\Windows;C:\Windows\System32\Wbem;C:\Windows\System32\WindowsPowerShell\v1.0\;C:\Windows\System32\OpenSSH\;C:\Program Files\NVIDIA Corporation\NVIDIA NvDLISR;C:\Program Files (x86)\NVIDIA Corporation\PhysX\Common;C:\Program Files\Microsoft SQL Server\Client SDK\ODBC\110\Tools\Binn\;C:\Program Files\WorldPainter;C:\Program Files\Git\cmd;C:\Windows\system32\config\systemprofile\AppData\Local\Microsoft\WindowsApps;C:\Users\seanc\AppData\Local\Programs\Python\Python37-32\Scripts\;C:\Users\seanc\AppData\Local\Programs\Python\Python37-32\;C:\RailsInstaller\Git\cmd;C:\RailsInstaller\Ruby2.3.3\bin;C:\Ruby26-x64\bin;C:\Users\seanc\AppData\Local\Microsoft\WindowsApps;C:\Users\seanc\AppData\Local\Programs\Microsoft VS Code\bin;C:\Users\seanc\AppData\Local\GitHubDesktop\bin;C:\Program Files\Microsoft SQL Server\130\Tools\Binn\;C:\Program Files\Microsoft SQL Server\Client SDK\ODBC\170\Tools\Binn\;C:\Program Files\Java\jdk-13.0.2\bin;C:\Program Files (x86)\Microsoft SQL Server\150\DTS\Binn\;C:\Program Files (x86)\Microsoft SQL Server\150\Tools\Binn\;C:\Program Files\Microsoft SQL Server\150\Tools\Binn\;C:\Program Files\Microsoft SQL Server\150\DTS\Binn\;C:\Program Files\Microsoft SQL Server\Client SDK\ODBC\130\Tools\Binn\;C:\Program Files (x86)\Microsoft SQL Server\130\Tools\Binn\;C:\Program Files\Microsoft SQL Server\130\DTS\Binn\;C:\Program Files\dotnet\;C:\Program Files\Java\jdk-11.0.6\bin;C:\Users\Work Account\AppData\Local\Microsoft\WindowsApps;C:\Users\Work Account\AppData\Local\Programs\Microsoft VS Code\bin;C:\Users\seanc\AppData\Local\GitHubDesktop\bin;C:\Program Files\Java\jdk-11.0.6\bin;;.]
19-May-2020 20:54:11.870 INFO [main] org.apache.coyote.AbstractProtocol.init Initializing ProtocolHandler ["http-nio-8080"]
19-May-2020 20:54:11.952 INFO [main] org.apache.catalina.startup.Catalina.load Server initialization in [482] milliseconds
19-May-2020 20:54:12.004 INFO [main] org.apache.catalina.core.StandardService.startInternal Starting service [Catalina]
19-May-2020 20:54:12.004 INFO [main] org.apache.catalina.core.StandardEngine.startInternal Starting Servlet engine: [Apache Tomcat/9.0.34]
19-May-2020 20:54:12.012 INFO [main] org.apache.catalina.startup.HostConfig.deployDirectory Deploying web application directory [C:\Users\Work Account\Documents\GitHub\SENG2050-Assignment-3\apache-tomcat-9.0.34\apache-tomcat-9.0.34\webapps\Assignment3]
19-May-2020 20:54:12.684 WARNING [main] org.apache.tomcat.dbcp.dbcp2.BasicDataSourceFactory.getObjectInstance Name = MyConnection Property maxActive is not used in DBCP2, use maxTotal instead. maxTotal default value is 8. You have set value of "10" for "maxActive" property, which is being ignored.
19-May-2020 20:54:12.769 INFO [main] org.apache.jasper.servlet.TldScanner.scanJars At least one JAR was scanned for TLDs yet contained no TLDs. Enable debug logging for this logger for a complete list of JARs that were scanned but no TLDs were found in them. Skipping unneeded JARs during scanning can improve startup time and JSP compilation time.
19-May-2020 20:54:12.891 INFO [main] org.apache.catalina.startup.HostConfig.deployDirectory Deployment of web application directory [C:\Users\Work Account\Documents\GitHub\SENG2050-Assignment-3\apache-tomcat-9.0.34\apache-tomcat-9.0.34\webapps\Assignment3] has finished in [879] ms
19-May-2020 20:54:12.892 INFO [main] org.apache.catalina.startup.HostConfig.deployDirectory Deploying web application directory [C:\Users\Work Account\Documents\GitHub\SENG2050-Assignment-3\apache-tomcat-9.0.34\apache-tomcat-9.0.34\webapps\docs]
19-May-2020 20:54:12.910 INFO [main] org.apache.catalina.startup.HostConfig.deployDirectory Deployment of web application directory [C:\Users\Work Account\Documents\GitHub\SENG2050-Assignment-3\apache-tomcat-9.0.34\apache-tomcat-9.0.34\webapps\docs] has finished in [18] ms
19-May-2020 20:54:12.911 INFO [main] org.apache.catalina.startup.HostConfig.deployDirectory Deploying web application directory [C:\Users\Work Account\Documents\GitHub\SENG2050-Assignment-3\apache-tomcat-9.0.34\apache-tomcat-9.0.34\webapps\examples]
19-May-2020 20:54:13.146 INFO [main] org.apache.catalina.startup.HostConfig.deployDirectory Deployment of web application directory [C:\Users\Work Account\Documents\GitHub\SENG2050-Assignment-3\apache-tomcat-9.0.34\apache-tomcat-9.0.34\webapps\examples] has finished in [235] ms
19-May-2020 20:54:13.147 INFO [main] org.apache.catalina.startup.HostConfig.deployDirectory Deploying web application directory [C:\Users\Work Account\Documents\GitHub\SENG2050-Assignment-3\apache-tomcat-9.0.34\apache-tomcat-9.0.34\webapps\host-manager]
19-May-2020 20:54:13.173 INFO [main] org.apache.catalina.startup.HostConfig.deployDirectory Deployment of web application directory [C:\Users\Work Account\Documents\GitHub\SENG2050-Assignment-3\apache-tomcat-9.0.34\apache-tomcat-9.0.34\webapps\host-manager] has finished in [26] ms
19-May-2020 20:54:13.174 INFO [main] org.apache.catalina.startup.HostConfig.deployDirectory Deploying web application directory [C:\Users\Work Account\Documents\GitHub\SENG2050-Assignment-3\apache-tomcat-9.0.34\apache-tomcat-9.0.34\webapps\manager]
19-May-2020 20:54:13.196 INFO [main] org.apache.catalina.startup.HostConfig.deployDirectory Deployment of web application directory [C:\Users\Work Account\Documents\GitHub\SENG2050-Assignment-3\apache-tomcat-9.0.34\apache-tomcat-9.0.34\webapps\manager] has finished in [22] ms
19-May-2020 20:54:13.197 INFO [main] org.apache.catalina.startup.HostConfig.deployDirectory Deploying web application directory [C:\Users\Work Account\Documents\GitHub\SENG2050-Assignment-3\apache-tomcat-9.0.34\apache-tomcat-9.0.34\webapps\ROOT]
19-May-2020 20:54:13.214 INFO [main] org.apache.catalina.startup.HostConfig.deployDirectory Deployment of web application directory [C:\Users\Work Account\Documents\GitHub\SENG2050-Assignment-3\apache-tomcat-9.0.34\apache-tomcat-9.0.34\webapps\ROOT] has finished in [17] ms
19-May-2020 20:54:13.218 INFO [main] org.apache.coyote.AbstractProtocol.start Starting ProtocolHandler ["http-nio-8080"]
19-May-2020 20:54:13.225 INFO [main] org.apache.catalina.startup.Catalina.start Server startup in [1,262] milliseconds
