28-May-2020 09:22:22.448 INFO [main] org.apache.catalina.core.ApplicationContext.log ContextListener: contextInitialized()
28-May-2020 09:22:22.448 INFO [main] org.apache.catalina.core.ApplicationContext.log SessionListener: contextInitialized()
28-May-2020 09:22:22.448 INFO [main] org.apache.catalina.core.ApplicationContext.log ContextListener: attributeAdded('StockTicker', 'async.Stockticker@2dd8ff1d')
28-May-2020 09:45:16.044 INFO [Thread-3] org.apache.catalina.core.ApplicationContext.log SessionListener: contextDestroyed()
28-May-2020 09:45:16.044 INFO [Thread-3] org.apache.catalina.core.ApplicationContext.log ContextListener: contextDestroyed()
28-May-2020 09:53:18.566 INFO [main] org.apache.catalina.core.ApplicationContext.log ContextListener: contextInitialized()
28-May-2020 09:53:18.566 INFO [main] org.apache.catalina.core.ApplicationContext.log SessionListener: contextInitialized()
28-May-2020 09:53:18.566 INFO [main] org.apache.catalina.core.ApplicationContext.log ContextListener: attributeAdded('StockTicker', 'async.Stockticker@1fbf088b')
28-May-2020 09:58:18.706 INFO [Thread-3] org.apache.catalina.core.ApplicationContext.log SessionListener: contextDestroyed()
28-May-2020 09:58:18.706 INFO [Thread-3] org.apache.catalina.core.ApplicationContext.log ContextListener: contextDestroyed()
28-May-2020 10:25:08.681 INFO [main] org.apache.catalina.core.ApplicationContext.log ContextListener: contextInitialized()
28-May-2020 10:25:08.681 INFO [main] org.apache.catalina.core.ApplicationContext.log SessionListener: contextInitialized()
28-May-2020 10:25:08.684 INFO [main] org.apache.catalina.core.ApplicationContext.log ContextListener: attributeAdded('StockTicker', 'async.Stockticker@17e9bc9e')
28-May-2020 10:34:10.067 INFO [Thread-3] org.apache.catalina.core.ApplicationContext.log SessionListener: contextDestroyed()
28-May-2020 10:34:10.068 INFO [Thread-3] org.apache.catalina.core.ApplicationContext.log ContextListener: contextDestroyed()
28-May-2020 12:03:04.046 INFO [main] org.apache.catalina.core.ApplicationContext.log ContextListener: contextInitialized()
28-May-2020 12:03:04.046 INFO [main] org.apache.catalina.core.ApplicationContext.log SessionListener: contextInitialized()
28-May-2020 12:03:04.046 INFO [main] org.apache.catalina.core.ApplicationContext.log ContextListener: attributeAdded('StockTicker', 'async.Stockticker@4130955c')
28-May-2020 12:05:18.384 INFO [Thread-3] org.apache.catalina.core.ApplicationContext.log SessionListener: contextDestroyed()
28-May-2020 12:05:18.384 INFO [Thread-3] org.apache.catalina.core.ApplicationContext.log ContextListener: contextDestroyed()
28-May-2020 12:05:35.786 INFO [main] org.apache.catalina.core.ApplicationContext.log ContextListener: contextInitialized()
28-May-2020 12:05:35.786 INFO [main] org.apache.catalina.core.ApplicationContext.log SessionListener: contextInitialized()
28-May-2020 12:05:35.786 INFO [main] org.apache.catalina.core.ApplicationContext.log ContextListener: attributeAdded('StockTicker', 'async.Stockticker@3d20e575')
28-May-2020 12:07:29.904 INFO [Thread-3] org.apache.catalina.core.ApplicationContext.log SessionListener: contextDestroyed()
28-May-2020 12:07:29.904 INFO [Thread-3] org.apache.catalina.core.ApplicationContext.log ContextListener: contextDestroyed()
28-May-2020 12:07:42.203 INFO [main] org.apache.catalina.core.ApplicationContext.log ContextListener: contextInitialized()
28-May-2020 12:07:42.203 INFO [main] org.apache.catalina.core.ApplicationContext.log SessionListener: contextInitialized()
28-May-2020 12:07:42.207 INFO [main] org.apache.catalina.core.ApplicationContext.log ContextListener: attributeAdded('StockTicker', 'async.Stockticker@3234474')
28-May-2020 13:40:45.825 INFO [Thread-3] org.apache.catalina.core.ApplicationContext.log SessionListener: contextDestroyed()
28-May-2020 13:40:45.825 INFO [Thread-3] org.apache.catalina.core.ApplicationContext.log ContextListener: contextDestroyed()
28-May-2020 13:40:56.695 INFO [main] org.apache.catalina.core.ApplicationContext.log ContextListener: contextInitialized()
28-May-2020 13:40:56.695 INFO [main] org.apache.catalina.core.ApplicationContext.log SessionListener: contextInitialized()
28-May-2020 13:40:56.699 INFO [main] org.apache.catalina.core.ApplicationContext.log ContextListener: attributeAdded('StockTicker', 'async.Stockticker@64deb58f')
28-May-2020 13:41:07.205 SEVERE [http-nio-8080-exec-1] org.apache.catalina.core.StandardWrapperValve.invoke Servlet.service() for servlet [/FilesController] in context with path [/Assignment3] threw exception
	java.lang.NullPointerException
		at FilesController.doGet(FilesController.java:21)
		at javax.servlet.http.HttpServlet.service(HttpServlet.java:634)
		at javax.servlet.http.HttpServlet.service(HttpServlet.java:741)
		at org.apache.catalina.core.ApplicationFilterChain.internalDoFilter(ApplicationFilterChain.java:231)
		at org.apache.catalina.core.ApplicationFilterChain.doFilter(ApplicationFilterChain.java:166)
		at org.apache.tomcat.websocket.server.WsFilter.doFilter(WsFilter.java:53)
		at org.apache.catalina.core.ApplicationFilterChain.internalDoFilter(ApplicationFilterChain.java:193)
		at org.apache.catalina.core.ApplicationFilterChain.doFilter(ApplicationFilterChain.java:166)
		at org.apache.catalina.core.StandardWrapperValve.invoke(StandardWrapperValve.java:202)
		at org.apache.catalina.core.StandardContextValve.invoke(StandardContextValve.java:96)
		at org.apache.catalina.authenticator.AuthenticatorBase.invoke(AuthenticatorBase.java:541)
		at org.apache.catalina.core.StandardHostValve.invoke(StandardHostValve.java:139)
		at org.apache.catalina.valves.ErrorReportValve.invoke(ErrorReportValve.java:92)
		at org.apache.catalina.valves.AbstractAccessLogValve.invoke(AbstractAccessLogValve.java:690)
		at org.apache.catalina.core.StandardEngineValve.invoke(StandardEngineValve.java:74)
		at org.apache.catalina.connector.CoyoteAdapter.service(CoyoteAdapter.java:343)
		at org.apache.coyote.http11.Http11Processor.service(Http11Processor.java:373)
		at org.apache.coyote.AbstractProcessorLight.process(AbstractProcessorLight.java:65)
		at org.apache.coyote.AbstractProtocol$ConnectionHandler.process(AbstractProtocol.java:868)
		at org.apache.tomcat.util.net.NioEndpoint$SocketProcessor.doRun(NioEndpoint.java:1590)
		at org.apache.tomcat.util.net.SocketProcessorBase.run(SocketProcessorBase.java:49)
		at java.base/java.util.concurrent.ThreadPoolExecutor.runWorker(ThreadPoolExecutor.java:1128)
		at java.base/java.util.concurrent.ThreadPoolExecutor$Worker.run(ThreadPoolExecutor.java:628)
		at org.apache.tomcat.util.threads.TaskThread$WrappingRunnable.run(TaskThread.java:61)
		at java.base/java.lang.Thread.run(Thread.java:834)
28-May-2020 13:41:08.485 SEVERE [http-nio-8080-exec-2] org.apache.catalina.core.StandardWrapperValve.invoke Servlet.service() for servlet [/FilesController] in context with path [/Assignment3] threw exception
	java.lang.NullPointerException
		at FilesController.doGet(FilesController.java:21)
		at javax.servlet.http.HttpServlet.service(HttpServlet.java:634)
		at javax.servlet.http.HttpServlet.service(HttpServlet.java:741)
		at org.apache.catalina.core.ApplicationFilterChain.internalDoFilter(ApplicationFilterChain.java:231)
		at org.apache.catalina.core.ApplicationFilterChain.doFilter(ApplicationFilterChain.java:166)
		at org.apache.tomcat.websocket.server.WsFilter.doFilter(WsFilter.java:53)
		at org.apache.catalina.core.ApplicationFilterChain.internalDoFilter(ApplicationFilterChain.java:193)
		at org.apache.catalina.core.ApplicationFilterChain.doFilter(ApplicationFilterChain.java:166)
		at org.apache.catalina.core.StandardWrapperValve.invoke(StandardWrapperValve.java:202)
		at org.apache.catalina.core.StandardContextValve.invoke(StandardContextValve.java:96)
		at org.apache.catalina.authenticator.AuthenticatorBase.invoke(AuthenticatorBase.java:541)
		at org.apache.catalina.core.StandardHostValve.invoke(StandardHostValve.java:139)
		at org.apache.catalina.valves.ErrorReportValve.invoke(ErrorReportValve.java:92)
		at org.apache.catalina.valves.AbstractAccessLogValve.invoke(AbstractAccessLogValve.java:690)
		at org.apache.catalina.core.StandardEngineValve.invoke(StandardEngineValve.java:74)
		at org.apache.catalina.connector.CoyoteAdapter.service(CoyoteAdapter.java:343)
		at org.apache.coyote.http11.Http11Processor.service(Http11Processor.java:373)
		at org.apache.coyote.AbstractProcessorLight.process(AbstractProcessorLight.java:65)
		at org.apache.coyote.AbstractProtocol$ConnectionHandler.process(AbstractProtocol.java:868)
		at org.apache.tomcat.util.net.NioEndpoint$SocketProcessor.doRun(NioEndpoint.java:1590)
		at org.apache.tomcat.util.net.SocketProcessorBase.run(SocketProcessorBase.java:49)
		at java.base/java.util.concurrent.ThreadPoolExecutor.runWorker(ThreadPoolExecutor.java:1128)
		at java.base/java.util.concurrent.ThreadPoolExecutor$Worker.run(ThreadPoolExecutor.java:628)
		at org.apache.tomcat.util.threads.TaskThread$WrappingRunnable.run(TaskThread.java:61)
		at java.base/java.lang.Thread.run(Thread.java:834)
28-May-2020 15:41:10.219 INFO [Thread-3] org.apache.catalina.core.ApplicationContext.log SessionListener: contextDestroyed()
28-May-2020 15:41:10.219 INFO [Thread-3] org.apache.catalina.core.ApplicationContext.log ContextListener: contextDestroyed()
28-May-2020 15:49:00.418 INFO [main] org.apache.catalina.core.ApplicationContext.log ContextListener: contextInitialized()
28-May-2020 15:49:00.418 INFO [main] org.apache.catalina.core.ApplicationContext.log SessionListener: contextInitialized()
28-May-2020 15:49:00.418 INFO [main] org.apache.catalina.core.ApplicationContext.log ContextListener: attributeAdded('StockTicker', 'async.Stockticker@44fdce3c')
28-May-2020 18:38:38.117 INFO [Thread-3] org.apache.catalina.core.ApplicationContext.log SessionListener: contextDestroyed()
28-May-2020 18:38:38.117 INFO [Thread-3] org.apache.catalina.core.ApplicationContext.log ContextListener: contextDestroyed()
28-May-2020 18:46:36.937 INFO [main] org.apache.catalina.core.ApplicationContext.log ContextListener: contextInitialized()
28-May-2020 18:46:36.937 INFO [main] org.apache.catalina.core.ApplicationContext.log SessionListener: contextInitialized()
28-May-2020 18:46:36.942 INFO [main] org.apache.catalina.core.ApplicationContext.log ContextListener: attributeAdded('StockTicker', 'async.Stockticker@3252747e')
28-May-2020 19:20:28.924 INFO [Thread-3] org.apache.catalina.core.ApplicationContext.log SessionListener: contextDestroyed()
28-May-2020 19:20:28.924 INFO [Thread-3] org.apache.catalina.core.ApplicationContext.log ContextListener: contextDestroyed()
