21-Apr-2020 07:59:46.815 INFO [main] org.apache.catalina.core.ApplicationContext.log ContextListener: contextInitialized()
21-Apr-2020 07:59:46.815 INFO [main] org.apache.catalina.core.ApplicationContext.log SessionListener: contextInitialized()
21-Apr-2020 07:59:46.816 INFO [main] org.apache.catalina.core.ApplicationContext.log ContextListener: attributeAdded('StockTicker', 'async.Stockticker@60325987')
21-Apr-2020 15:18:11.102 INFO [Thread-3] org.apache.catalina.core.ApplicationContext.log SessionListener: contextDestroyed()
21-Apr-2020 15:18:11.102 INFO [Thread-3] org.apache.catalina.core.ApplicationContext.log ContextListener: contextDestroyed()
21-Apr-2020 15:18:46.888 INFO [main] org.apache.catalina.core.ApplicationContext.log ContextListener: contextInitialized()
21-Apr-2020 15:18:46.888 INFO [main] org.apache.catalina.core.ApplicationContext.log SessionListener: contextInitialized()
21-Apr-2020 15:18:46.890 INFO [main] org.apache.catalina.core.ApplicationContext.log ContextListener: attributeAdded('StockTicker', 'async.Stockticker@60325987')
21-Apr-2020 15:19:07.657 INFO [Thread-3] org.apache.catalina.core.ApplicationContext.log SessionListener: contextDestroyed()
21-Apr-2020 15:19:07.657 INFO [Thread-3] org.apache.catalina.core.ApplicationContext.log ContextListener: contextDestroyed()
21-Apr-2020 15:19:26.657 INFO [main] org.apache.catalina.core.ApplicationContext.log ContextListener: contextInitialized()
21-Apr-2020 15:19:26.657 INFO [main] org.apache.catalina.core.ApplicationContext.log SessionListener: contextInitialized()
21-Apr-2020 15:19:26.659 INFO [main] org.apache.catalina.core.ApplicationContext.log ContextListener: attributeAdded('StockTicker', 'async.Stockticker@433348bc')
21-Apr-2020 15:26:28.903 INFO [Thread-3] org.apache.catalina.core.ApplicationContext.log SessionListener: contextDestroyed()
21-Apr-2020 15:26:28.903 INFO [Thread-3] org.apache.catalina.core.ApplicationContext.log ContextListener: contextDestroyed()
21-Apr-2020 15:32:10.295 INFO [main] org.apache.catalina.core.ApplicationContext.log ContextListener: contextInitialized()
21-Apr-2020 15:32:10.295 INFO [main] org.apache.catalina.core.ApplicationContext.log SessionListener: contextInitialized()
21-Apr-2020 15:32:10.297 INFO [main] org.apache.catalina.core.ApplicationContext.log ContextListener: attributeAdded('StockTicker', 'async.Stockticker@4eba373c')
21-Apr-2020 15:32:43.574 INFO [Thread-3] org.apache.catalina.core.ApplicationContext.log SessionListener: contextDestroyed()
21-Apr-2020 15:32:43.574 INFO [Thread-3] org.apache.catalina.core.ApplicationContext.log ContextListener: contextDestroyed()
21-Apr-2020 15:32:47.990 INFO [main] org.apache.catalina.core.ApplicationContext.log ContextListener: contextInitialized()
21-Apr-2020 15:32:47.990 INFO [main] org.apache.catalina.core.ApplicationContext.log SessionListener: contextInitialized()
21-Apr-2020 15:32:47.991 INFO [main] org.apache.catalina.core.ApplicationContext.log ContextListener: attributeAdded('StockTicker', 'async.Stockticker@558756be')
21-Apr-2020 15:34:41.640 INFO [Thread-3] org.apache.catalina.core.ApplicationContext.log SessionListener: contextDestroyed()
21-Apr-2020 15:34:41.640 INFO [Thread-3] org.apache.catalina.core.ApplicationContext.log ContextListener: contextDestroyed()
21-Apr-2020 15:34:51.582 INFO [main] org.apache.catalina.core.ApplicationContext.log ContextListener: contextInitialized()
21-Apr-2020 15:34:51.582 INFO [main] org.apache.catalina.core.ApplicationContext.log SessionListener: contextInitialized()
21-Apr-2020 15:34:51.584 INFO [main] org.apache.catalina.core.ApplicationContext.log ContextListener: attributeAdded('StockTicker', 'async.Stockticker@2643d762')
21-Apr-2020 15:37:02.187 INFO [Thread-3] org.apache.catalina.core.ApplicationContext.log SessionListener: contextDestroyed()
21-Apr-2020 15:37:02.187 INFO [Thread-3] org.apache.catalina.core.ApplicationContext.log ContextListener: contextDestroyed()
21-Apr-2020 15:37:06.833 INFO [main] org.apache.catalina.core.ApplicationContext.log ContextListener: contextInitialized()
21-Apr-2020 15:37:06.833 INFO [main] org.apache.catalina.core.ApplicationContext.log SessionListener: contextInitialized()
21-Apr-2020 15:37:06.835 INFO [main] org.apache.catalina.core.ApplicationContext.log ContextListener: attributeAdded('StockTicker', 'async.Stockticker@43045f9f')
21-Apr-2020 15:37:41.869 INFO [Thread-3] org.apache.catalina.core.ApplicationContext.log SessionListener: contextDestroyed()
21-Apr-2020 15:37:41.869 INFO [Thread-3] org.apache.catalina.core.ApplicationContext.log ContextListener: contextDestroyed()
21-Apr-2020 15:40:15.653 INFO [main] org.apache.catalina.core.ApplicationContext.log ContextListener: contextInitialized()
21-Apr-2020 15:40:15.653 INFO [main] org.apache.catalina.core.ApplicationContext.log SessionListener: contextInitialized()
21-Apr-2020 15:40:15.655 INFO [main] org.apache.catalina.core.ApplicationContext.log ContextListener: attributeAdded('StockTicker', 'async.Stockticker@d109c4f')
21-Apr-2020 15:44:11.077 INFO [Thread-3] org.apache.catalina.core.ApplicationContext.log SessionListener: contextDestroyed()
21-Apr-2020 15:44:11.077 INFO [Thread-3] org.apache.catalina.core.ApplicationContext.log ContextListener: contextDestroyed()
21-Apr-2020 15:46:31.769 INFO [main] org.apache.catalina.core.ApplicationContext.log ContextListener: contextInitialized()
21-Apr-2020 15:46:31.769 INFO [main] org.apache.catalina.core.ApplicationContext.log SessionListener: contextInitialized()
21-Apr-2020 15:46:31.771 INFO [main] org.apache.catalina.core.ApplicationContext.log ContextListener: attributeAdded('StockTicker', 'async.Stockticker@26dc9bd5')
21-Apr-2020 15:47:40.645 INFO [Thread-3] org.apache.catalina.core.ApplicationContext.log SessionListener: contextDestroyed()
21-Apr-2020 15:47:40.645 INFO [Thread-3] org.apache.catalina.core.ApplicationContext.log ContextListener: contextDestroyed()
21-Apr-2020 15:53:42.753 INFO [main] org.apache.catalina.core.ApplicationContext.log ContextListener: contextInitialized()
21-Apr-2020 15:53:42.754 INFO [main] org.apache.catalina.core.ApplicationContext.log SessionListener: contextInitialized()
21-Apr-2020 15:53:42.755 INFO [main] org.apache.catalina.core.ApplicationContext.log ContextListener: attributeAdded('StockTicker', 'async.Stockticker@2f236de0')
21-Apr-2020 15:55:04.973 INFO [Thread-3] org.apache.catalina.core.ApplicationContext.log SessionListener: contextDestroyed()
21-Apr-2020 15:55:04.973 INFO [Thread-3] org.apache.catalina.core.ApplicationContext.log ContextListener: contextDestroyed()
21-Apr-2020 15:55:11.788 INFO [main] org.apache.catalina.core.ApplicationContext.log ContextListener: contextInitialized()
21-Apr-2020 15:55:11.788 INFO [main] org.apache.catalina.core.ApplicationContext.log SessionListener: contextInitialized()
21-Apr-2020 15:55:11.789 INFO [main] org.apache.catalina.core.ApplicationContext.log ContextListener: attributeAdded('StockTicker', 'async.Stockticker@2f236de0')
21-Apr-2020 15:55:37.103 INFO [Thread-3] org.apache.catalina.core.ApplicationContext.log SessionListener: contextDestroyed()
21-Apr-2020 15:55:37.104 INFO [Thread-3] org.apache.catalina.core.ApplicationContext.log ContextListener: contextDestroyed()
21-Apr-2020 15:55:39.437 INFO [main] org.apache.catalina.core.ApplicationContext.log ContextListener: contextInitialized()
21-Apr-2020 15:55:39.437 INFO [main] org.apache.catalina.core.ApplicationContext.log SessionListener: contextInitialized()
21-Apr-2020 15:55:39.439 INFO [main] org.apache.catalina.core.ApplicationContext.log ContextListener: attributeAdded('StockTicker', 'async.Stockticker@6069dd38')
21-Apr-2020 15:56:15.071 INFO [Thread-3] org.apache.catalina.core.ApplicationContext.log SessionListener: contextDestroyed()
21-Apr-2020 15:56:15.071 INFO [Thread-3] org.apache.catalina.core.ApplicationContext.log ContextListener: contextDestroyed()
21-Apr-2020 15:57:06.052 INFO [main] org.apache.catalina.core.ApplicationContext.log ContextListener: contextInitialized()
21-Apr-2020 15:57:06.052 INFO [main] org.apache.catalina.core.ApplicationContext.log SessionListener: contextInitialized()
21-Apr-2020 15:57:06.053 INFO [main] org.apache.catalina.core.ApplicationContext.log ContextListener: attributeAdded('StockTicker', 'async.Stockticker@d109c4f')
21-Apr-2020 15:57:28.266 INFO [Thread-3] org.apache.catalina.core.ApplicationContext.log SessionListener: contextDestroyed()
21-Apr-2020 15:57:28.267 INFO [Thread-3] org.apache.catalina.core.ApplicationContext.log ContextListener: contextDestroyed()
21-Apr-2020 15:59:08.597 INFO [main] org.apache.catalina.core.ApplicationContext.log ContextListener: contextInitialized()
21-Apr-2020 15:59:08.597 INFO [main] org.apache.catalina.core.ApplicationContext.log SessionListener: contextInitialized()
21-Apr-2020 15:59:08.599 INFO [main] org.apache.catalina.core.ApplicationContext.log ContextListener: attributeAdded('StockTicker', 'async.Stockticker@252dc8c4')
21-Apr-2020 16:00:31.811 INFO [Thread-3] org.apache.catalina.core.ApplicationContext.log SessionListener: contextDestroyed()
21-Apr-2020 16:00:31.811 INFO [Thread-3] org.apache.catalina.core.ApplicationContext.log ContextListener: contextDestroyed()
21-Apr-2020 16:00:37.817 INFO [main] org.apache.catalina.core.ApplicationContext.log ContextListener: contextInitialized()
21-Apr-2020 16:00:37.817 INFO [main] org.apache.catalina.core.ApplicationContext.log SessionListener: contextInitialized()
21-Apr-2020 16:00:37.819 INFO [main] org.apache.catalina.core.ApplicationContext.log ContextListener: attributeAdded('StockTicker', 'async.Stockticker@2f236de0')
21-Apr-2020 16:04:43.446 INFO [Thread-3] org.apache.catalina.core.ApplicationContext.log SessionListener: contextDestroyed()
21-Apr-2020 16:04:43.446 INFO [Thread-3] org.apache.catalina.core.ApplicationContext.log ContextListener: contextDestroyed()
21-Apr-2020 16:07:47.008 INFO [main] org.apache.catalina.core.ApplicationContext.log ContextListener: contextInitialized()
21-Apr-2020 16:07:47.008 INFO [main] org.apache.catalina.core.ApplicationContext.log SessionListener: contextInitialized()
21-Apr-2020 16:07:47.010 INFO [main] org.apache.catalina.core.ApplicationContext.log ContextListener: attributeAdded('StockTicker', 'async.Stockticker@433348bc')
21-Apr-2020 16:12:23.212 INFO [Thread-3] org.apache.catalina.core.ApplicationContext.log SessionListener: contextDestroyed()
21-Apr-2020 16:12:23.212 INFO [Thread-3] org.apache.catalina.core.ApplicationContext.log ContextListener: contextDestroyed()
21-Apr-2020 16:12:47.948 INFO [main] org.apache.catalina.core.ApplicationContext.log ContextListener: contextInitialized()
21-Apr-2020 16:12:47.948 INFO [main] org.apache.catalina.core.ApplicationContext.log SessionListener: contextInitialized()
21-Apr-2020 16:12:47.949 INFO [main] org.apache.catalina.core.ApplicationContext.log ContextListener: attributeAdded('StockTicker', 'async.Stockticker@2f236de0')
21-Apr-2020 16:13:49.724 INFO [Thread-3] org.apache.catalina.core.ApplicationContext.log SessionListener: contextDestroyed()
21-Apr-2020 16:13:49.725 INFO [Thread-3] org.apache.catalina.core.ApplicationContext.log ContextListener: contextDestroyed()
21-Apr-2020 16:13:54.207 INFO [main] org.apache.catalina.core.ApplicationContext.log ContextListener: contextInitialized()
21-Apr-2020 16:13:54.207 INFO [main] org.apache.catalina.core.ApplicationContext.log SessionListener: contextInitialized()
21-Apr-2020 16:13:54.208 INFO [main] org.apache.catalina.core.ApplicationContext.log ContextListener: attributeAdded('StockTicker', 'async.Stockticker@6920614')
21-Apr-2020 16:14:45.544 INFO [Thread-3] org.apache.catalina.core.ApplicationContext.log SessionListener: contextDestroyed()
21-Apr-2020 16:14:45.544 INFO [Thread-3] org.apache.catalina.core.ApplicationContext.log ContextListener: contextDestroyed()
21-Apr-2020 16:14:50.158 INFO [main] org.apache.catalina.core.ApplicationContext.log ContextListener: contextInitialized()
21-Apr-2020 16:14:50.158 INFO [main] org.apache.catalina.core.ApplicationContext.log SessionListener: contextInitialized()
21-Apr-2020 16:14:50.160 INFO [main] org.apache.catalina.core.ApplicationContext.log ContextListener: attributeAdded('StockTicker', 'async.Stockticker@252dc8c4')
21-Apr-2020 16:16:11.571 INFO [Thread-3] org.apache.catalina.core.ApplicationContext.log SessionListener: contextDestroyed()
21-Apr-2020 16:16:11.571 INFO [Thread-3] org.apache.catalina.core.ApplicationContext.log ContextListener: contextDestroyed()
21-Apr-2020 16:16:17.591 INFO [main] org.apache.catalina.core.ApplicationContext.log ContextListener: contextInitialized()
21-Apr-2020 16:16:17.592 INFO [main] org.apache.catalina.core.ApplicationContext.log SessionListener: contextInitialized()
21-Apr-2020 16:16:17.593 INFO [main] org.apache.catalina.core.ApplicationContext.log ContextListener: attributeAdded('StockTicker', 'async.Stockticker@2f236de0')
21-Apr-2020 16:19:12.627 INFO [Thread-3] org.apache.catalina.core.ApplicationContext.log SessionListener: contextDestroyed()
21-Apr-2020 16:19:12.627 INFO [Thread-3] org.apache.catalina.core.ApplicationContext.log ContextListener: contextDestroyed()
21-Apr-2020 16:31:24.506 INFO [main] org.apache.catalina.core.ApplicationContext.log ContextListener: contextInitialized()
21-Apr-2020 16:31:24.506 INFO [main] org.apache.catalina.core.ApplicationContext.log SessionListener: contextInitialized()
21-Apr-2020 16:31:24.508 INFO [main] org.apache.catalina.core.ApplicationContext.log ContextListener: attributeAdded('StockTicker', 'async.Stockticker@252dc8c4')
21-Apr-2020 16:39:06.746 INFO [Thread-3] org.apache.catalina.core.ApplicationContext.log SessionListener: contextDestroyed()
21-Apr-2020 16:39:06.746 INFO [Thread-3] org.apache.catalina.core.ApplicationContext.log ContextListener: contextDestroyed()
21-Apr-2020 16:39:13.938 INFO [main] org.apache.catalina.core.ApplicationContext.log ContextListener: contextInitialized()
21-Apr-2020 16:39:13.938 INFO [main] org.apache.catalina.core.ApplicationContext.log SessionListener: contextInitialized()
21-Apr-2020 16:39:13.939 INFO [main] org.apache.catalina.core.ApplicationContext.log ContextListener: attributeAdded('StockTicker', 'async.Stockticker@2f236de0')
21-Apr-2020 16:40:55.902 INFO [Thread-3] org.apache.catalina.core.ApplicationContext.log SessionListener: contextDestroyed()
21-Apr-2020 16:40:55.902 INFO [Thread-3] org.apache.catalina.core.ApplicationContext.log ContextListener: contextDestroyed()
21-Apr-2020 16:41:03.039 INFO [main] org.apache.catalina.core.ApplicationContext.log ContextListener: contextInitialized()
21-Apr-2020 16:41:03.039 INFO [main] org.apache.catalina.core.ApplicationContext.log SessionListener: contextInitialized()
21-Apr-2020 16:41:03.040 INFO [main] org.apache.catalina.core.ApplicationContext.log ContextListener: attributeAdded('StockTicker', 'async.Stockticker@7ff35a3f')
21-Apr-2020 16:46:58.945 INFO [Thread-3] org.apache.catalina.core.ApplicationContext.log SessionListener: contextDestroyed()
21-Apr-2020 16:46:58.945 INFO [Thread-3] org.apache.catalina.core.ApplicationContext.log ContextListener: contextDestroyed()
21-Apr-2020 16:47:01.199 INFO [main] org.apache.catalina.core.ApplicationContext.log ContextListener: contextInitialized()
21-Apr-2020 16:47:01.199 INFO [main] org.apache.catalina.core.ApplicationContext.log SessionListener: contextInitialized()
21-Apr-2020 16:47:01.200 INFO [main] org.apache.catalina.core.ApplicationContext.log ContextListener: attributeAdded('StockTicker', 'async.Stockticker@102ecc22')
21-Apr-2020 16:55:44.873 INFO [Thread-3] org.apache.catalina.core.ApplicationContext.log SessionListener: contextDestroyed()
21-Apr-2020 16:55:44.873 INFO [Thread-3] org.apache.catalina.core.ApplicationContext.log ContextListener: contextDestroyed()
21-Apr-2020 16:55:51.444 INFO [main] org.apache.catalina.core.ApplicationContext.log ContextListener: contextInitialized()
21-Apr-2020 16:55:51.444 INFO [main] org.apache.catalina.core.ApplicationContext.log SessionListener: contextInitialized()
21-Apr-2020 16:55:51.445 INFO [main] org.apache.catalina.core.ApplicationContext.log ContextListener: attributeAdded('StockTicker', 'async.Stockticker@6403e24c')
21-Apr-2020 16:56:15.399 SEVERE [http-nio-8080-exec-7] org.apache.catalina.core.StandardWrapperValve.invoke Servlet.service() for servlet [/MinesweeperServlet] in context with path [/c3269995_assignment2] threw exception
	java.lang.IllegalStateException: Cannot call sendRedirect() after the response has been committed
		at org.apache.catalina.connector.ResponseFacade.sendRedirect(ResponseFacade.java:488)
		at MinesweeperServlet.doPost(MinesweeperServlet.java:300)
		at javax.servlet.http.HttpServlet.service(HttpServlet.java:660)
		at javax.servlet.http.HttpServlet.service(HttpServlet.java:741)
		at org.apache.catalina.core.ApplicationFilterChain.internalDoFilter(ApplicationFilterChain.java:231)
		at org.apache.catalina.core.ApplicationFilterChain.doFilter(ApplicationFilterChain.java:166)
		at org.apache.tomcat.websocket.server.WsFilter.doFilter(WsFilter.java:53)
		at org.apache.catalina.core.ApplicationFilterChain.internalDoFilter(ApplicationFilterChain.java:193)
		at org.apache.catalina.core.ApplicationFilterChain.doFilter(ApplicationFilterChain.java:166)
		at org.apache.catalina.core.StandardWrapperValve.invoke(StandardWrapperValve.java:202)
		at org.apache.catalina.core.StandardContextValve.invoke(StandardContextValve.java:96)
		at org.apache.catalina.authenticator.AuthenticatorBase.invoke(AuthenticatorBase.java:541)
		at org.apache.catalina.core.StandardHostValve.invoke(StandardHostValve.java:139)
		at org.apache.catalina.valves.ErrorReportValve.invoke(ErrorReportValve.java:92)
		at org.apache.catalina.valves.AbstractAccessLogValve.invoke(AbstractAccessLogValve.java:690)
		at org.apache.catalina.core.StandardEngineValve.invoke(StandardEngineValve.java:74)
		at org.apache.catalina.connector.CoyoteAdapter.service(CoyoteAdapter.java:343)
		at org.apache.coyote.http11.Http11Processor.service(Http11Processor.java:373)
		at org.apache.coyote.AbstractProcessorLight.process(AbstractProcessorLight.java:65)
		at org.apache.coyote.AbstractProtocol$ConnectionHandler.process(AbstractProtocol.java:868)
		at org.apache.tomcat.util.net.NioEndpoint$SocketProcessor.doRun(NioEndpoint.java:1590)
		at org.apache.tomcat.util.net.SocketProcessorBase.run(SocketProcessorBase.java:49)
		at java.base/java.util.concurrent.ThreadPoolExecutor.runWorker(ThreadPoolExecutor.java:1128)
		at java.base/java.util.concurrent.ThreadPoolExecutor$Worker.run(ThreadPoolExecutor.java:628)
		at org.apache.tomcat.util.threads.TaskThread$WrappingRunnable.run(TaskThread.java:61)
		at java.base/java.lang.Thread.run(Thread.java:834)
21-Apr-2020 16:56:41.238 INFO [Thread-3] org.apache.catalina.core.ApplicationContext.log SessionListener: contextDestroyed()
21-Apr-2020 16:56:41.238 INFO [Thread-3] org.apache.catalina.core.ApplicationContext.log ContextListener: contextDestroyed()
21-Apr-2020 16:56:45.873 INFO [main] org.apache.catalina.core.ApplicationContext.log ContextListener: contextInitialized()
21-Apr-2020 16:56:45.873 INFO [main] org.apache.catalina.core.ApplicationContext.log SessionListener: contextInitialized()
21-Apr-2020 16:56:45.874 INFO [main] org.apache.catalina.core.ApplicationContext.log ContextListener: attributeAdded('StockTicker', 'async.Stockticker@2f236de0')
21-Apr-2020 16:58:17.500 INFO [Thread-3] org.apache.catalina.core.ApplicationContext.log SessionListener: contextDestroyed()
21-Apr-2020 16:58:17.500 INFO [Thread-3] org.apache.catalina.core.ApplicationContext.log ContextListener: contextDestroyed()
21-Apr-2020 16:58:49.489 INFO [main] org.apache.catalina.core.ApplicationContext.log ContextListener: contextInitialized()
21-Apr-2020 16:58:49.489 INFO [main] org.apache.catalina.core.ApplicationContext.log SessionListener: contextInitialized()
21-Apr-2020 16:58:49.490 INFO [main] org.apache.catalina.core.ApplicationContext.log ContextListener: attributeAdded('StockTicker', 'async.Stockticker@26dc9bd5')
21-Apr-2020 16:59:48.385 INFO [Thread-3] org.apache.catalina.core.ApplicationContext.log SessionListener: contextDestroyed()
21-Apr-2020 16:59:48.386 INFO [Thread-3] org.apache.catalina.core.ApplicationContext.log ContextListener: contextDestroyed()
21-Apr-2020 17:01:46.330 INFO [main] org.apache.catalina.core.ApplicationContext.log ContextListener: contextInitialized()
21-Apr-2020 17:01:46.330 INFO [main] org.apache.catalina.core.ApplicationContext.log SessionListener: contextInitialized()
21-Apr-2020 17:01:46.332 INFO [main] org.apache.catalina.core.ApplicationContext.log ContextListener: attributeAdded('StockTicker', 'async.Stockticker@7ff35a3f')
21-Apr-2020 17:07:14.532 INFO [Thread-3] org.apache.catalina.core.ApplicationContext.log SessionListener: contextDestroyed()
21-Apr-2020 17:07:14.532 INFO [Thread-3] org.apache.catalina.core.ApplicationContext.log ContextListener: contextDestroyed()
21-Apr-2020 17:07:27.898 INFO [main] org.apache.catalina.core.ApplicationContext.log ContextListener: contextInitialized()
21-Apr-2020 17:07:27.898 INFO [main] org.apache.catalina.core.ApplicationContext.log SessionListener: contextInitialized()
21-Apr-2020 17:07:27.900 INFO [main] org.apache.catalina.core.ApplicationContext.log ContextListener: attributeAdded('StockTicker', 'async.Stockticker@43045f9f')
21-Apr-2020 17:08:10.408 INFO [Thread-3] org.apache.catalina.core.ApplicationContext.log SessionListener: contextDestroyed()
21-Apr-2020 17:08:10.408 INFO [Thread-3] org.apache.catalina.core.ApplicationContext.log ContextListener: contextDestroyed()
21-Apr-2020 17:08:15.257 INFO [main] org.apache.catalina.core.ApplicationContext.log ContextListener: contextInitialized()
21-Apr-2020 17:08:15.257 INFO [main] org.apache.catalina.core.ApplicationContext.log SessionListener: contextInitialized()
21-Apr-2020 17:08:15.258 INFO [main] org.apache.catalina.core.ApplicationContext.log ContextListener: attributeAdded('StockTicker', 'async.Stockticker@43045f9f')
21-Apr-2020 17:11:36.799 INFO [Thread-3] org.apache.catalina.core.ApplicationContext.log SessionListener: contextDestroyed()
21-Apr-2020 17:11:36.799 INFO [Thread-3] org.apache.catalina.core.ApplicationContext.log ContextListener: contextDestroyed()
21-Apr-2020 17:11:47.482 INFO [main] org.apache.catalina.core.ApplicationContext.log ContextListener: contextInitialized()
21-Apr-2020 17:11:47.482 INFO [main] org.apache.catalina.core.ApplicationContext.log SessionListener: contextInitialized()
21-Apr-2020 17:11:47.484 INFO [main] org.apache.catalina.core.ApplicationContext.log ContextListener: attributeAdded('StockTicker', 'async.Stockticker@26dc9bd5')
21-Apr-2020 17:11:58.131 SEVERE [http-nio-8080-exec-4] org.apache.catalina.core.StandardWrapperValve.invoke Servlet.service() for servlet [/MinesweeperServlet] in context with path [/c3269995_assignment2] threw exception
	java.lang.NullPointerException
		at MinesweeperServlet.doPost(MinesweeperServlet.java:66)
		at javax.servlet.http.HttpServlet.service(HttpServlet.java:660)
		at javax.servlet.http.HttpServlet.service(HttpServlet.java:741)
		at org.apache.catalina.core.ApplicationFilterChain.internalDoFilter(ApplicationFilterChain.java:231)
		at org.apache.catalina.core.ApplicationFilterChain.doFilter(ApplicationFilterChain.java:166)
		at org.apache.tomcat.websocket.server.WsFilter.doFilter(WsFilter.java:53)
		at org.apache.catalina.core.ApplicationFilterChain.internalDoFilter(ApplicationFilterChain.java:193)
		at org.apache.catalina.core.ApplicationFilterChain.doFilter(ApplicationFilterChain.java:166)
		at org.apache.catalina.core.StandardWrapperValve.invoke(StandardWrapperValve.java:202)
		at org.apache.catalina.core.StandardContextValve.invoke(StandardContextValve.java:96)
		at org.apache.catalina.authenticator.AuthenticatorBase.invoke(AuthenticatorBase.java:541)
		at org.apache.catalina.core.StandardHostValve.invoke(StandardHostValve.java:139)
		at org.apache.catalina.valves.ErrorReportValve.invoke(ErrorReportValve.java:92)
		at org.apache.catalina.valves.AbstractAccessLogValve.invoke(AbstractAccessLogValve.java:690)
		at org.apache.catalina.core.StandardEngineValve.invoke(StandardEngineValve.java:74)
		at org.apache.catalina.connector.CoyoteAdapter.service(CoyoteAdapter.java:343)
		at org.apache.coyote.http11.Http11Processor.service(Http11Processor.java:373)
		at org.apache.coyote.AbstractProcessorLight.process(AbstractProcessorLight.java:65)
		at org.apache.coyote.AbstractProtocol$ConnectionHandler.process(AbstractProtocol.java:868)
		at org.apache.tomcat.util.net.NioEndpoint$SocketProcessor.doRun(NioEndpoint.java:1590)
		at org.apache.tomcat.util.net.SocketProcessorBase.run(SocketProcessorBase.java:49)
		at java.base/java.util.concurrent.ThreadPoolExecutor.runWorker(ThreadPoolExecutor.java:1128)
		at java.base/java.util.concurrent.ThreadPoolExecutor$Worker.run(ThreadPoolExecutor.java:628)
		at org.apache.tomcat.util.threads.TaskThread$WrappingRunnable.run(TaskThread.java:61)
		at java.base/java.lang.Thread.run(Thread.java:834)
21-Apr-2020 17:12:36.301 INFO [Thread-3] org.apache.catalina.core.ApplicationContext.log SessionListener: contextDestroyed()
21-Apr-2020 17:12:36.301 INFO [Thread-3] org.apache.catalina.core.ApplicationContext.log ContextListener: contextDestroyed()
21-Apr-2020 17:13:02.929 INFO [main] org.apache.catalina.core.ApplicationContext.log ContextListener: contextInitialized()
21-Apr-2020 17:13:02.929 INFO [main] org.apache.catalina.core.ApplicationContext.log SessionListener: contextInitialized()
21-Apr-2020 17:13:02.931 INFO [main] org.apache.catalina.core.ApplicationContext.log ContextListener: attributeAdded('StockTicker', 'async.Stockticker@60325987')
21-Apr-2020 17:13:11.363 SEVERE [http-nio-8080-exec-4] org.apache.catalina.core.StandardWrapperValve.invoke Servlet.service() for servlet [/MinesweeperServlet] in context with path [/c3269995_assignment2] threw exception
	java.lang.NullPointerException
		at MinesweeperServlet.doPost(MinesweeperServlet.java:66)
		at javax.servlet.http.HttpServlet.service(HttpServlet.java:660)
		at javax.servlet.http.HttpServlet.service(HttpServlet.java:741)
		at org.apache.catalina.core.ApplicationFilterChain.internalDoFilter(ApplicationFilterChain.java:231)
		at org.apache.catalina.core.ApplicationFilterChain.doFilter(ApplicationFilterChain.java:166)
		at org.apache.tomcat.websocket.server.WsFilter.doFilter(WsFilter.java:53)
		at org.apache.catalina.core.ApplicationFilterChain.internalDoFilter(ApplicationFilterChain.java:193)
		at org.apache.catalina.core.ApplicationFilterChain.doFilter(ApplicationFilterChain.java:166)
		at org.apache.catalina.core.StandardWrapperValve.invoke(StandardWrapperValve.java:202)
		at org.apache.catalina.core.StandardContextValve.invoke(StandardContextValve.java:96)
		at org.apache.catalina.authenticator.AuthenticatorBase.invoke(AuthenticatorBase.java:541)
		at org.apache.catalina.core.StandardHostValve.invoke(StandardHostValve.java:139)
		at org.apache.catalina.valves.ErrorReportValve.invoke(ErrorReportValve.java:92)
		at org.apache.catalina.valves.AbstractAccessLogValve.invoke(AbstractAccessLogValve.java:690)
		at org.apache.catalina.core.StandardEngineValve.invoke(StandardEngineValve.java:74)
		at org.apache.catalina.connector.CoyoteAdapter.service(CoyoteAdapter.java:343)
		at org.apache.coyote.http11.Http11Processor.service(Http11Processor.java:373)
		at org.apache.coyote.AbstractProcessorLight.process(AbstractProcessorLight.java:65)
		at org.apache.coyote.AbstractProtocol$ConnectionHandler.process(AbstractProtocol.java:868)
		at org.apache.tomcat.util.net.NioEndpoint$SocketProcessor.doRun(NioEndpoint.java:1590)
		at org.apache.tomcat.util.net.SocketProcessorBase.run(SocketProcessorBase.java:49)
		at java.base/java.util.concurrent.ThreadPoolExecutor.runWorker(ThreadPoolExecutor.java:1128)
		at java.base/java.util.concurrent.ThreadPoolExecutor$Worker.run(ThreadPoolExecutor.java:628)
		at org.apache.tomcat.util.threads.TaskThread$WrappingRunnable.run(TaskThread.java:61)
		at java.base/java.lang.Thread.run(Thread.java:834)
21-Apr-2020 17:13:21.200 INFO [Thread-3] org.apache.catalina.core.ApplicationContext.log SessionListener: contextDestroyed()
21-Apr-2020 17:13:21.200 INFO [Thread-3] org.apache.catalina.core.ApplicationContext.log ContextListener: contextDestroyed()
21-Apr-2020 17:13:36.988 INFO [main] org.apache.catalina.core.ApplicationContext.log ContextListener: contextInitialized()
21-Apr-2020 17:13:36.988 INFO [main] org.apache.catalina.core.ApplicationContext.log SessionListener: contextInitialized()
21-Apr-2020 17:13:36.989 INFO [main] org.apache.catalina.core.ApplicationContext.log ContextListener: attributeAdded('StockTicker', 'async.Stockticker@3968bc60')
21-Apr-2020 17:13:44.183 SEVERE [http-nio-8080-exec-4] org.apache.catalina.core.StandardWrapperValve.invoke Servlet.service() for servlet [/MinesweeperServlet] in context with path [/c3269995_assignment2] threw exception
	java.lang.NullPointerException
		at MinesweeperServlet.doPost(MinesweeperServlet.java:66)
		at javax.servlet.http.HttpServlet.service(HttpServlet.java:660)
		at javax.servlet.http.HttpServlet.service(HttpServlet.java:741)
		at org.apache.catalina.core.ApplicationFilterChain.internalDoFilter(ApplicationFilterChain.java:231)
		at org.apache.catalina.core.ApplicationFilterChain.doFilter(ApplicationFilterChain.java:166)
		at org.apache.tomcat.websocket.server.WsFilter.doFilter(WsFilter.java:53)
		at org.apache.catalina.core.ApplicationFilterChain.internalDoFilter(ApplicationFilterChain.java:193)
		at org.apache.catalina.core.ApplicationFilterChain.doFilter(ApplicationFilterChain.java:166)
		at org.apache.catalina.core.StandardWrapperValve.invoke(StandardWrapperValve.java:202)
		at org.apache.catalina.core.StandardContextValve.invoke(StandardContextValve.java:96)
		at org.apache.catalina.authenticator.AuthenticatorBase.invoke(AuthenticatorBase.java:541)
		at org.apache.catalina.core.StandardHostValve.invoke(StandardHostValve.java:139)
		at org.apache.catalina.valves.ErrorReportValve.invoke(ErrorReportValve.java:92)
		at org.apache.catalina.valves.AbstractAccessLogValve.invoke(AbstractAccessLogValve.java:690)
		at org.apache.catalina.core.StandardEngineValve.invoke(StandardEngineValve.java:74)
		at org.apache.catalina.connector.CoyoteAdapter.service(CoyoteAdapter.java:343)
		at org.apache.coyote.http11.Http11Processor.service(Http11Processor.java:373)
		at org.apache.coyote.AbstractProcessorLight.process(AbstractProcessorLight.java:65)
		at org.apache.coyote.AbstractProtocol$ConnectionHandler.process(AbstractProtocol.java:868)
		at org.apache.tomcat.util.net.NioEndpoint$SocketProcessor.doRun(NioEndpoint.java:1590)
		at org.apache.tomcat.util.net.SocketProcessorBase.run(SocketProcessorBase.java:49)
		at java.base/java.util.concurrent.ThreadPoolExecutor.runWorker(ThreadPoolExecutor.java:1128)
		at java.base/java.util.concurrent.ThreadPoolExecutor$Worker.run(ThreadPoolExecutor.java:628)
		at org.apache.tomcat.util.threads.TaskThread$WrappingRunnable.run(TaskThread.java:61)
		at java.base/java.lang.Thread.run(Thread.java:834)
21-Apr-2020 23:28:40.070 INFO [Thread-3] org.apache.catalina.core.ApplicationContext.log SessionListener: contextDestroyed()
21-Apr-2020 23:28:40.071 INFO [Thread-3] org.apache.catalina.core.ApplicationContext.log ContextListener: contextDestroyed()
