<<<<<<< HEAD
26-May-2020 13:47:29.374 INFO [main] org.apache.catalina.core.ApplicationContext.log ContextListener: contextInitialized()
26-May-2020 13:47:29.374 INFO [main] org.apache.catalina.core.ApplicationContext.log SessionListener: contextInitialized()
26-May-2020 13:47:29.374 INFO [main] org.apache.catalina.core.ApplicationContext.log ContextListener: attributeAdded('StockTicker', 'async.Stockticker@4da39ca9')
26-May-2020 14:18:30.601 INFO [Thread-3] org.apache.catalina.core.ApplicationContext.log SessionListener: contextDestroyed()
26-May-2020 14:18:30.601 INFO [Thread-3] org.apache.catalina.core.ApplicationContext.log ContextListener: contextDestroyed()
26-May-2020 14:18:43.832 INFO [main] org.apache.catalina.core.ApplicationContext.log ContextListener: contextInitialized()
26-May-2020 14:18:43.832 INFO [main] org.apache.catalina.core.ApplicationContext.log SessionListener: contextInitialized()
26-May-2020 14:18:43.841 INFO [main] org.apache.catalina.core.ApplicationContext.log ContextListener: attributeAdded('StockTicker', 'async.Stockticker@4da39ca9')
=======
26-May-2020 03:06:19.782 INFO [main] org.apache.catalina.core.ApplicationContext.log ContextListener: contextInitialized()
26-May-2020 03:06:19.783 INFO [main] org.apache.catalina.core.ApplicationContext.log SessionListener: contextInitialized()
26-May-2020 03:06:19.784 INFO [main] org.apache.catalina.core.ApplicationContext.log ContextListener: attributeAdded('StockTicker', 'async.Stockticker@71adfedd')
26-May-2020 03:46:48.182 INFO [Thread-3] org.apache.catalina.core.ApplicationContext.log SessionListener: contextDestroyed()
26-May-2020 03:46:48.182 INFO [Thread-3] org.apache.catalina.core.ApplicationContext.log ContextListener: contextDestroyed()
26-May-2020 03:46:52.082 INFO [main] org.apache.catalina.core.ApplicationContext.log ContextListener: contextInitialized()
26-May-2020 03:46:52.082 INFO [main] org.apache.catalina.core.ApplicationContext.log SessionListener: contextInitialized()
26-May-2020 03:46:52.084 INFO [main] org.apache.catalina.core.ApplicationContext.log ContextListener: attributeAdded('StockTicker', 'async.Stockticker@4130955c')
26-May-2020 03:47:26.237 INFO [Thread-3] org.apache.catalina.core.ApplicationContext.log SessionListener: contextDestroyed()
26-May-2020 03:47:26.237 INFO [Thread-3] org.apache.catalina.core.ApplicationContext.log ContextListener: contextDestroyed()
>>>>>>> master
26-May-2020 14:40:38.606 INFO [main] org.apache.catalina.core.ApplicationContext.log ContextListener: contextInitialized()
26-May-2020 14:40:38.606 INFO [main] org.apache.catalina.core.ApplicationContext.log SessionListener: contextInitialized()
26-May-2020 14:40:38.606 INFO [main] org.apache.catalina.core.ApplicationContext.log ContextListener: attributeAdded('StockTicker', 'async.Stockticker@712c5463')
26-May-2020 15:52:35.026 INFO [Thread-3] org.apache.catalina.core.ApplicationContext.log SessionListener: contextDestroyed()
26-May-2020 15:52:35.026 INFO [Thread-3] org.apache.catalina.core.ApplicationContext.log ContextListener: contextDestroyed()
26-May-2020 16:07:41.505 INFO [main] org.apache.catalina.core.ApplicationContext.log ContextListener: contextInitialized()
26-May-2020 16:07:41.505 INFO [main] org.apache.catalina.core.ApplicationContext.log SessionListener: contextInitialized()
26-May-2020 16:07:41.514 INFO [main] org.apache.catalina.core.ApplicationContext.log ContextListener: attributeAdded('StockTicker', 'async.Stockticker@3234474')
26-May-2020 16:44:18.891 INFO [Thread-3] org.apache.catalina.core.ApplicationContext.log SessionListener: contextDestroyed()
26-May-2020 16:44:18.891 INFO [Thread-3] org.apache.catalina.core.ApplicationContext.log ContextListener: contextDestroyed()
26-May-2020 16:45:01.490 INFO [main] org.apache.catalina.core.ApplicationContext.log ContextListener: contextInitialized()
26-May-2020 16:45:01.490 INFO [main] org.apache.catalina.core.ApplicationContext.log SessionListener: contextInitialized()
26-May-2020 16:45:01.490 INFO [main] org.apache.catalina.core.ApplicationContext.log ContextListener: attributeAdded('StockTicker', 'async.Stockticker@4130955c')
26-May-2020 16:50:20.251 INFO [Thread-3] org.apache.catalina.core.ApplicationContext.log SessionListener: contextDestroyed()
26-May-2020 16:50:20.259 INFO [Thread-3] org.apache.catalina.core.ApplicationContext.log ContextListener: contextDestroyed()
26-May-2020 16:50:50.839 INFO [main] org.apache.catalina.core.ApplicationContext.log ContextListener: contextInitialized()
26-May-2020 16:50:50.839 INFO [main] org.apache.catalina.core.ApplicationContext.log SessionListener: contextInitialized()
26-May-2020 16:50:50.842 INFO [main] org.apache.catalina.core.ApplicationContext.log ContextListener: attributeAdded('StockTicker', 'async.Stockticker@3c9c6245')
26-May-2020 17:02:37.736 INFO [Thread-3] org.apache.catalina.core.ApplicationContext.log SessionListener: contextDestroyed()
26-May-2020 17:02:37.736 INFO [Thread-3] org.apache.catalina.core.ApplicationContext.log ContextListener: contextDestroyed()
26-May-2020 17:02:51.326 INFO [main] org.apache.catalina.core.ApplicationContext.log ContextListener: contextInitialized()
26-May-2020 17:02:51.326 INFO [main] org.apache.catalina.core.ApplicationContext.log SessionListener: contextInitialized()
26-May-2020 17:02:51.326 INFO [main] org.apache.catalina.core.ApplicationContext.log ContextListener: attributeAdded('StockTicker', 'async.Stockticker@4130955c')
26-May-2020 17:23:26.112 INFO [Thread-3] org.apache.catalina.core.ApplicationContext.log SessionListener: contextDestroyed()
26-May-2020 17:23:26.112 INFO [Thread-3] org.apache.catalina.core.ApplicationContext.log ContextListener: contextDestroyed()
26-May-2020 17:23:38.752 INFO [main] org.apache.catalina.core.ApplicationContext.log ContextListener: contextInitialized()
26-May-2020 17:23:38.752 INFO [main] org.apache.catalina.core.ApplicationContext.log SessionListener: contextInitialized()
26-May-2020 17:23:38.762 INFO [main] org.apache.catalina.core.ApplicationContext.log ContextListener: attributeAdded('StockTicker', 'async.Stockticker@3d20e575')
26-May-2020 17:55:44.009 INFO [Thread-3] org.apache.catalina.core.ApplicationContext.log SessionListener: contextDestroyed()
26-May-2020 17:55:44.009 INFO [Thread-3] org.apache.catalina.core.ApplicationContext.log ContextListener: contextDestroyed()
