02-Jun-2020 09:56:36.905 INFO [main] org.apache.catalina.core.ApplicationContext.log ContextListener: contextInitialized()
02-Jun-2020 09:56:36.905 INFO [main] org.apache.catalina.core.ApplicationContext.log SessionListener: contextInitialized()
02-Jun-2020 09:56:36.912 INFO [main] org.apache.catalina.core.ApplicationContext.log ContextListener: attributeAdded('StockTicker', 'async.Stockticker@6d33a66e')
02-Jun-2020 10:34:19.256 INFO [Thread-3] org.apache.catalina.core.ApplicationContext.log SessionListener: contextDestroyed()
02-Jun-2020 10:34:19.256 INFO [Thread-3] org.apache.catalina.core.ApplicationContext.log ContextListener: contextDestroyed()
02-Jun-2020 13:13:19.378 INFO [main] org.apache.catalina.core.ApplicationContext.log ContextListener: contextInitialized()
02-Jun-2020 13:13:19.378 INFO [main] org.apache.catalina.core.ApplicationContext.log SessionListener: contextInitialized()
02-Jun-2020 13:13:19.388 INFO [main] org.apache.catalina.core.ApplicationContext.log ContextListener: attributeAdded('StockTicker', 'async.Stockticker@3127cb44')
02-Jun-2020 15:07:44.170 INFO [Thread-3] org.apache.catalina.core.ApplicationContext.log SessionListener: contextDestroyed()
02-Jun-2020 15:07:44.170 INFO [Thread-3] org.apache.catalina.core.ApplicationContext.log ContextListener: contextDestroyed()
02-Jun-2020 15:27:25.765 INFO [main] org.apache.catalina.core.ApplicationContext.log ContextListener: contextInitialized()
02-Jun-2020 15:27:25.765 INFO [main] org.apache.catalina.core.ApplicationContext.log SessionListener: contextInitialized()
02-Jun-2020 15:27:25.765 INFO [main] org.apache.catalina.core.ApplicationContext.log ContextListener: attributeAdded('StockTicker', 'async.Stockticker@2dd8ff1d')
02-Jun-2020 15:30:39.744 INFO [Thread-3] org.apache.catalina.core.ApplicationContext.log SessionListener: contextDestroyed()
02-Jun-2020 15:30:39.744 INFO [Thread-3] org.apache.catalina.core.ApplicationContext.log ContextListener: contextDestroyed()
02-Jun-2020 15:30:50.964 INFO [main] org.apache.catalina.core.ApplicationContext.log ContextListener: contextInitialized()
02-Jun-2020 15:30:50.964 INFO [main] org.apache.catalina.core.ApplicationContext.log SessionListener: contextInitialized()
02-Jun-2020 15:30:50.964 INFO [main] org.apache.catalina.core.ApplicationContext.log ContextListener: attributeAdded('StockTicker', 'async.Stockticker@3252747e')
02-Jun-2020 15:32:09.184 INFO [Thread-3] org.apache.catalina.core.ApplicationContext.log SessionListener: contextDestroyed()
02-Jun-2020 15:32:09.184 INFO [Thread-3] org.apache.catalina.core.ApplicationContext.log ContextListener: contextDestroyed()
02-Jun-2020 15:42:13.392 INFO [main] org.apache.catalina.core.ApplicationContext.log ContextListener: contextInitialized()
02-Jun-2020 15:42:13.392 INFO [main] org.apache.catalina.core.ApplicationContext.log SessionListener: contextInitialized()
02-Jun-2020 15:42:13.392 INFO [main] org.apache.catalina.core.ApplicationContext.log ContextListener: attributeAdded('StockTicker', 'async.Stockticker@3252747e')
02-Jun-2020 15:49:15.250 INFO [Thread-3] org.apache.catalina.core.ApplicationContext.log SessionListener: contextDestroyed()
02-Jun-2020 15:49:15.250 INFO [Thread-3] org.apache.catalina.core.ApplicationContext.log ContextListener: contextDestroyed()
02-Jun-2020 15:49:26.740 INFO [main] org.apache.catalina.core.ApplicationContext.log ContextListener: contextInitialized()
02-Jun-2020 15:49:26.740 INFO [main] org.apache.catalina.core.ApplicationContext.log SessionListener: contextInitialized()
02-Jun-2020 15:49:26.740 INFO [main] org.apache.catalina.core.ApplicationContext.log ContextListener: attributeAdded('StockTicker', 'async.Stockticker@6d0be7ab')
02-Jun-2020 15:50:57.630 INFO [Thread-3] org.apache.catalina.core.ApplicationContext.log SessionListener: contextDestroyed()
02-Jun-2020 15:50:57.630 INFO [Thread-3] org.apache.catalina.core.ApplicationContext.log ContextListener: contextDestroyed()
02-Jun-2020 15:51:11.220 INFO [main] org.apache.catalina.core.ApplicationContext.log ContextListener: contextInitialized()
02-Jun-2020 15:51:11.220 INFO [main] org.apache.catalina.core.ApplicationContext.log SessionListener: contextInitialized()
02-Jun-2020 15:51:11.220 INFO [main] org.apache.catalina.core.ApplicationContext.log ContextListener: attributeAdded('StockTicker', 'async.Stockticker@3127cb44')
02-Jun-2020 15:51:13.780 INFO [Thread-3] org.apache.catalina.core.ApplicationContext.log SessionListener: contextDestroyed()
02-Jun-2020 15:51:13.780 INFO [Thread-3] org.apache.catalina.core.ApplicationContext.log ContextListener: contextDestroyed()
02-Jun-2020 15:51:19.280 INFO [main] org.apache.catalina.core.ApplicationContext.log ContextListener: contextInitialized()
02-Jun-2020 15:51:19.280 INFO [main] org.apache.catalina.core.ApplicationContext.log SessionListener: contextInitialized()
02-Jun-2020 15:51:19.280 INFO [main] org.apache.catalina.core.ApplicationContext.log ContextListener: attributeAdded('StockTicker', 'async.Stockticker@2dd8ff1d')
02-Jun-2020 15:52:46.690 INFO [Thread-3] org.apache.catalina.core.ApplicationContext.log SessionListener: contextDestroyed()
02-Jun-2020 15:52:46.690 INFO [Thread-3] org.apache.catalina.core.ApplicationContext.log ContextListener: contextDestroyed()
02-Jun-2020 15:52:58.709 INFO [main] org.apache.catalina.core.ApplicationContext.log ContextListener: contextInitialized()
02-Jun-2020 15:52:58.709 INFO [main] org.apache.catalina.core.ApplicationContext.log SessionListener: contextInitialized()
02-Jun-2020 15:52:58.719 INFO [main] org.apache.catalina.core.ApplicationContext.log ContextListener: attributeAdded('StockTicker', 'async.Stockticker@4da39ca9')
02-Jun-2020 15:54:09.709 INFO [Thread-3] org.apache.catalina.core.ApplicationContext.log SessionListener: contextDestroyed()
02-Jun-2020 15:54:09.709 INFO [Thread-3] org.apache.catalina.core.ApplicationContext.log ContextListener: contextDestroyed()
02-Jun-2020 15:54:14.904 INFO [main] org.apache.catalina.core.ApplicationContext.log ContextListener: contextInitialized()
02-Jun-2020 15:54:14.904 INFO [main] org.apache.catalina.core.ApplicationContext.log SessionListener: contextInitialized()
02-Jun-2020 15:54:14.909 INFO [main] org.apache.catalina.core.ApplicationContext.log ContextListener: attributeAdded('StockTicker', 'async.Stockticker@3252747e')
02-Jun-2020 15:56:43.928 INFO [Thread-3] org.apache.catalina.core.ApplicationContext.log SessionListener: contextDestroyed()
02-Jun-2020 15:56:43.928 INFO [Thread-3] org.apache.catalina.core.ApplicationContext.log ContextListener: contextDestroyed()
02-Jun-2020 15:57:03.487 INFO [main] org.apache.catalina.core.ApplicationContext.log ContextListener: contextInitialized()
02-Jun-2020 15:57:03.487 INFO [main] org.apache.catalina.core.ApplicationContext.log SessionListener: contextInitialized()
02-Jun-2020 15:57:03.488 INFO [main] org.apache.catalina.core.ApplicationContext.log ContextListener: attributeAdded('StockTicker', 'async.Stockticker@71adfedd')
02-Jun-2020 16:19:34.491 INFO [Thread-3] org.apache.catalina.core.ApplicationContext.log SessionListener: contextDestroyed()
02-Jun-2020 16:19:34.491 INFO [Thread-3] org.apache.catalina.core.ApplicationContext.log ContextListener: contextDestroyed()
02-Jun-2020 16:20:03.522 INFO [main] org.apache.catalina.core.ApplicationContext.log ContextListener: contextInitialized()
02-Jun-2020 16:20:03.522 INFO [main] org.apache.catalina.core.ApplicationContext.log SessionListener: contextInitialized()
02-Jun-2020 16:20:03.533 INFO [main] org.apache.catalina.core.ApplicationContext.log ContextListener: attributeAdded('StockTicker', 'async.Stockticker@9301672')
