11-Apr-2020 10:14:59.924 INFO [main] org.apache.catalina.core.ApplicationContext.log ContextListener: contextInitialized()
11-Apr-2020 10:14:59.924 INFO [main] org.apache.catalina.core.ApplicationContext.log SessionListener: contextInitialized()
11-Apr-2020 10:14:59.925 INFO [main] org.apache.catalina.core.ApplicationContext.log ContextListener: attributeAdded('StockTicker', 'async.Stockticker@5af9926a')
11-Apr-2020 10:15:42.775 INFO [Thread-3] org.apache.catalina.core.ApplicationContext.log SessionListener: contextDestroyed()
11-Apr-2020 10:15:42.775 INFO [Thread-3] org.apache.catalina.core.ApplicationContext.log ContextListener: contextDestroyed()
11-Apr-2020 10:20:59.193 INFO [main] org.apache.catalina.core.ApplicationContext.log ContextListener: contextInitialized()
11-Apr-2020 10:20:59.193 INFO [main] org.apache.catalina.core.ApplicationContext.log SessionListener: contextInitialized()
11-Apr-2020 10:20:59.194 INFO [main] org.apache.catalina.core.ApplicationContext.log ContextListener: attributeAdded('StockTicker', 'async.Stockticker@6079cf5')
11-Apr-2020 10:21:55.381 INFO [Thread-3] org.apache.catalina.core.ApplicationContext.log SessionListener: contextDestroyed()
11-Apr-2020 10:21:55.381 INFO [Thread-3] org.apache.catalina.core.ApplicationContext.log ContextListener: contextDestroyed()
11-Apr-2020 10:24:07.100 INFO [main] org.apache.catalina.core.ApplicationContext.log ContextListener: contextInitialized()
11-Apr-2020 10:24:07.100 INFO [main] org.apache.catalina.core.ApplicationContext.log SessionListener: contextInitialized()
11-Apr-2020 10:24:07.101 INFO [main] org.apache.catalina.core.ApplicationContext.log ContextListener: attributeAdded('StockTicker', 'async.Stockticker@4fcc0416')
11-Apr-2020 11:06:32.431 INFO [Thread-3] org.apache.catalina.core.ApplicationContext.log SessionListener: contextDestroyed()
11-Apr-2020 11:06:32.431 INFO [Thread-3] org.apache.catalina.core.ApplicationContext.log ContextListener: contextDestroyed()
11-Apr-2020 11:12:22.835 INFO [main] org.apache.catalina.core.ApplicationContext.log ContextListener: contextInitialized()
11-Apr-2020 11:12:22.835 INFO [main] org.apache.catalina.core.ApplicationContext.log SessionListener: contextInitialized()
11-Apr-2020 11:12:22.837 INFO [main] org.apache.catalina.core.ApplicationContext.log ContextListener: attributeAdded('StockTicker', 'async.Stockticker@6edc4161')
11-Apr-2020 11:12:40.589 INFO [Thread-3] org.apache.catalina.core.ApplicationContext.log SessionListener: contextDestroyed()
11-Apr-2020 11:12:40.590 INFO [Thread-3] org.apache.catalina.core.ApplicationContext.log ContextListener: contextDestroyed()
11-Apr-2020 11:12:44.622 INFO [main] org.apache.catalina.core.ApplicationContext.log ContextListener: contextInitialized()
11-Apr-2020 11:12:44.622 INFO [main] org.apache.catalina.core.ApplicationContext.log SessionListener: contextInitialized()
11-Apr-2020 11:12:44.623 INFO [main] org.apache.catalina.core.ApplicationContext.log ContextListener: attributeAdded('StockTicker', 'async.Stockticker@6079cf5')
11-Apr-2020 11:13:02.151 INFO [Thread-3] org.apache.catalina.core.ApplicationContext.log SessionListener: contextDestroyed()
11-Apr-2020 11:13:02.151 INFO [Thread-3] org.apache.catalina.core.ApplicationContext.log ContextListener: contextDestroyed()
11-Apr-2020 11:13:16.499 INFO [main] org.apache.catalina.core.ApplicationContext.log ContextListener: contextInitialized()
11-Apr-2020 11:13:16.500 INFO [main] org.apache.catalina.core.ApplicationContext.log SessionListener: contextInitialized()
11-Apr-2020 11:13:16.501 INFO [main] org.apache.catalina.core.ApplicationContext.log ContextListener: attributeAdded('StockTicker', 'async.Stockticker@56de6d6b')
11-Apr-2020 11:13:30.195 INFO [Thread-3] org.apache.catalina.core.ApplicationContext.log SessionListener: contextDestroyed()
11-Apr-2020 11:13:30.195 INFO [Thread-3] org.apache.catalina.core.ApplicationContext.log ContextListener: contextDestroyed()
11-Apr-2020 11:13:40.346 INFO [main] org.apache.catalina.core.ApplicationContext.log ContextListener: contextInitialized()
11-Apr-2020 11:13:40.347 INFO [main] org.apache.catalina.core.ApplicationContext.log SessionListener: contextInitialized()
11-Apr-2020 11:13:40.348 INFO [main] org.apache.catalina.core.ApplicationContext.log ContextListener: attributeAdded('StockTicker', 'async.Stockticker@5972d253')
11-Apr-2020 11:18:12.475 INFO [Thread-3] org.apache.catalina.core.ApplicationContext.log SessionListener: contextDestroyed()
11-Apr-2020 11:18:12.475 INFO [Thread-3] org.apache.catalina.core.ApplicationContext.log ContextListener: contextDestroyed()
11-Apr-2020 11:18:15.223 INFO [main] org.apache.catalina.core.ApplicationContext.log ContextListener: contextInitialized()
11-Apr-2020 11:18:15.223 INFO [main] org.apache.catalina.core.ApplicationContext.log SessionListener: contextInitialized()
11-Apr-2020 11:18:15.225 INFO [main] org.apache.catalina.core.ApplicationContext.log ContextListener: attributeAdded('StockTicker', 'async.Stockticker@5e840abf')
11-Apr-2020 11:20:04.552 INFO [Thread-3] org.apache.catalina.core.ApplicationContext.log SessionListener: contextDestroyed()
11-Apr-2020 11:20:04.552 INFO [Thread-3] org.apache.catalina.core.ApplicationContext.log ContextListener: contextDestroyed()
11-Apr-2020 11:20:16.037 INFO [main] org.apache.catalina.core.ApplicationContext.log ContextListener: contextInitialized()
11-Apr-2020 11:20:16.037 INFO [main] org.apache.catalina.core.ApplicationContext.log SessionListener: contextInitialized()
11-Apr-2020 11:20:16.039 INFO [main] org.apache.catalina.core.ApplicationContext.log ContextListener: attributeAdded('StockTicker', 'async.Stockticker@5972d253')
11-Apr-2020 11:20:46.710 INFO [Thread-3] org.apache.catalina.core.ApplicationContext.log SessionListener: contextDestroyed()
11-Apr-2020 11:20:46.710 INFO [Thread-3] org.apache.catalina.core.ApplicationContext.log ContextListener: contextDestroyed()
11-Apr-2020 11:33:16.393 INFO [main] org.apache.catalina.core.ApplicationContext.log ContextListener: contextInitialized()
11-Apr-2020 11:33:16.394 INFO [main] org.apache.catalina.core.ApplicationContext.log SessionListener: contextInitialized()
11-Apr-2020 11:33:16.395 INFO [main] org.apache.catalina.core.ApplicationContext.log ContextListener: attributeAdded('StockTicker', 'async.Stockticker@56de6d6b')
11-Apr-2020 11:35:03.595 INFO [Thread-3] org.apache.catalina.core.ApplicationContext.log SessionListener: contextDestroyed()
11-Apr-2020 11:35:03.595 INFO [Thread-3] org.apache.catalina.core.ApplicationContext.log ContextListener: contextDestroyed()
11-Apr-2020 11:35:09.925 INFO [main] org.apache.catalina.core.ApplicationContext.log ContextListener: contextInitialized()
11-Apr-2020 11:35:09.926 INFO [main] org.apache.catalina.core.ApplicationContext.log SessionListener: contextInitialized()
11-Apr-2020 11:35:09.927 INFO [main] org.apache.catalina.core.ApplicationContext.log ContextListener: attributeAdded('StockTicker', 'async.Stockticker@31e32ea2')
11-Apr-2020 11:40:45.337 INFO [Thread-3] org.apache.catalina.core.ApplicationContext.log SessionListener: contextDestroyed()
11-Apr-2020 11:40:45.337 INFO [Thread-3] org.apache.catalina.core.ApplicationContext.log ContextListener: contextDestroyed()
11-Apr-2020 11:40:47.621 INFO [main] org.apache.catalina.core.ApplicationContext.log ContextListener: contextInitialized()
11-Apr-2020 11:40:47.621 INFO [main] org.apache.catalina.core.ApplicationContext.log SessionListener: contextInitialized()
11-Apr-2020 11:40:47.622 INFO [main] org.apache.catalina.core.ApplicationContext.log ContextListener: attributeAdded('StockTicker', 'async.Stockticker@5b5c0057')
11-Apr-2020 11:43:30.098 INFO [Thread-3] org.apache.catalina.core.ApplicationContext.log SessionListener: contextDestroyed()
11-Apr-2020 11:43:30.099 INFO [Thread-3] org.apache.catalina.core.ApplicationContext.log ContextListener: contextDestroyed()
11-Apr-2020 11:43:36.859 INFO [main] org.apache.catalina.core.ApplicationContext.log ContextListener: contextInitialized()
11-Apr-2020 11:43:36.859 INFO [main] org.apache.catalina.core.ApplicationContext.log SessionListener: contextInitialized()
11-Apr-2020 11:43:36.861 INFO [main] org.apache.catalina.core.ApplicationContext.log ContextListener: attributeAdded('StockTicker', 'async.Stockticker@56de6d6b')
11-Apr-2020 11:44:44.962 INFO [Thread-3] org.apache.catalina.core.ApplicationContext.log SessionListener: contextDestroyed()
11-Apr-2020 11:44:44.962 INFO [Thread-3] org.apache.catalina.core.ApplicationContext.log ContextListener: contextDestroyed()
11-Apr-2020 11:46:30.538 INFO [main] org.apache.catalina.core.ApplicationContext.log ContextListener: contextInitialized()
11-Apr-2020 11:46:30.538 INFO [main] org.apache.catalina.core.ApplicationContext.log SessionListener: contextInitialized()
11-Apr-2020 11:46:30.540 INFO [main] org.apache.catalina.core.ApplicationContext.log ContextListener: attributeAdded('StockTicker', 'async.Stockticker@189b5fb1')
11-Apr-2020 11:47:33.679 INFO [Thread-3] org.apache.catalina.core.ApplicationContext.log SessionListener: contextDestroyed()
11-Apr-2020 11:47:33.679 INFO [Thread-3] org.apache.catalina.core.ApplicationContext.log ContextListener: contextDestroyed()
11-Apr-2020 11:47:35.836 INFO [main] org.apache.catalina.core.ApplicationContext.log ContextListener: contextInitialized()
11-Apr-2020 11:47:35.836 INFO [main] org.apache.catalina.core.ApplicationContext.log SessionListener: contextInitialized()
11-Apr-2020 11:47:35.837 INFO [main] org.apache.catalina.core.ApplicationContext.log ContextListener: attributeAdded('StockTicker', 'async.Stockticker@31e32ea2')
11-Apr-2020 11:50:28.697 INFO [Thread-3] org.apache.catalina.core.ApplicationContext.log SessionListener: contextDestroyed()
11-Apr-2020 11:50:28.697 INFO [Thread-3] org.apache.catalina.core.ApplicationContext.log ContextListener: contextDestroyed()
11-Apr-2020 11:50:33.121 INFO [main] org.apache.catalina.core.ApplicationContext.log ContextListener: contextInitialized()
11-Apr-2020 11:50:33.121 INFO [main] org.apache.catalina.core.ApplicationContext.log SessionListener: contextInitialized()
11-Apr-2020 11:50:33.123 INFO [main] org.apache.catalina.core.ApplicationContext.log ContextListener: attributeAdded('StockTicker', 'async.Stockticker@1ddd3478')
11-Apr-2020 11:51:02.357 INFO [Thread-3] org.apache.catalina.core.ApplicationContext.log SessionListener: contextDestroyed()
11-Apr-2020 11:51:02.357 INFO [Thread-3] org.apache.catalina.core.ApplicationContext.log ContextListener: contextDestroyed()
11-Apr-2020 11:51:04.419 INFO [main] org.apache.catalina.core.ApplicationContext.log ContextListener: contextInitialized()
11-Apr-2020 11:51:04.419 INFO [main] org.apache.catalina.core.ApplicationContext.log SessionListener: contextInitialized()
11-Apr-2020 11:51:04.421 INFO [main] org.apache.catalina.core.ApplicationContext.log ContextListener: attributeAdded('StockTicker', 'async.Stockticker@13a37e2a')
11-Apr-2020 11:52:10.068 INFO [main] org.apache.catalina.core.ApplicationContext.log ContextListener: contextInitialized()
11-Apr-2020 11:52:10.068 INFO [main] org.apache.catalina.core.ApplicationContext.log SessionListener: contextInitialized()
11-Apr-2020 11:52:10.069 INFO [main] org.apache.catalina.core.ApplicationContext.log ContextListener: attributeAdded('StockTicker', 'async.Stockticker@1dab9dd6')
11-Apr-2020 11:52:10.167 INFO [main] org.apache.catalina.core.ApplicationContext.log SessionListener: contextDestroyed()
11-Apr-2020 11:52:10.167 INFO [main] org.apache.catalina.core.ApplicationContext.log ContextListener: contextDestroyed()
11-Apr-2020 11:52:43.955 INFO [main] org.apache.catalina.core.ApplicationContext.log ContextListener: contextInitialized()
11-Apr-2020 11:52:43.955 INFO [main] org.apache.catalina.core.ApplicationContext.log SessionListener: contextInitialized()
11-Apr-2020 11:52:43.957 INFO [main] org.apache.catalina.core.ApplicationContext.log ContextListener: attributeAdded('StockTicker', 'async.Stockticker@6f099cef')
11-Apr-2020 11:52:44.040 INFO [main] org.apache.catalina.core.ApplicationContext.log SessionListener: contextDestroyed()
11-Apr-2020 11:52:44.040 INFO [main] org.apache.catalina.core.ApplicationContext.log ContextListener: contextDestroyed()
11-Apr-2020 11:52:53.380 INFO [main] org.apache.catalina.core.ApplicationContext.log SessionListener: contextDestroyed()
11-Apr-2020 11:52:53.380 INFO [main] org.apache.catalina.core.ApplicationContext.log ContextListener: contextDestroyed()
11-Apr-2020 11:52:58.175 INFO [main] org.apache.catalina.core.ApplicationContext.log ContextListener: contextInitialized()
11-Apr-2020 11:52:58.175 INFO [main] org.apache.catalina.core.ApplicationContext.log SessionListener: contextInitialized()
11-Apr-2020 11:52:58.176 INFO [main] org.apache.catalina.core.ApplicationContext.log ContextListener: attributeAdded('StockTicker', 'async.Stockticker@31e32ea2')
11-Apr-2020 11:53:32.250 INFO [Thread-3] org.apache.catalina.core.ApplicationContext.log SessionListener: contextDestroyed()
11-Apr-2020 11:53:32.250 INFO [Thread-3] org.apache.catalina.core.ApplicationContext.log ContextListener: contextDestroyed()
11-Apr-2020 11:53:51.612 INFO [main] org.apache.catalina.core.ApplicationContext.log ContextListener: contextInitialized()
11-Apr-2020 11:53:51.612 INFO [main] org.apache.catalina.core.ApplicationContext.log SessionListener: contextInitialized()
11-Apr-2020 11:53:51.614 INFO [main] org.apache.catalina.core.ApplicationContext.log ContextListener: attributeAdded('StockTicker', 'async.Stockticker@6edc4161')
11-Apr-2020 11:54:12.615 INFO [Thread-3] org.apache.catalina.core.ApplicationContext.log SessionListener: contextDestroyed()
11-Apr-2020 11:54:12.615 INFO [Thread-3] org.apache.catalina.core.ApplicationContext.log ContextListener: contextDestroyed()
11-Apr-2020 11:54:14.899 INFO [main] org.apache.catalina.core.ApplicationContext.log ContextListener: contextInitialized()
11-Apr-2020 11:54:14.899 INFO [main] org.apache.catalina.core.ApplicationContext.log SessionListener: contextInitialized()
11-Apr-2020 11:54:14.900 INFO [main] org.apache.catalina.core.ApplicationContext.log ContextListener: attributeAdded('StockTicker', 'async.Stockticker@783ec989')
11-Apr-2020 11:54:34.305 INFO [Thread-3] org.apache.catalina.core.ApplicationContext.log SessionListener: contextDestroyed()
11-Apr-2020 11:54:34.305 INFO [Thread-3] org.apache.catalina.core.ApplicationContext.log ContextListener: contextDestroyed()
11-Apr-2020 11:54:43.435 INFO [main] org.apache.catalina.core.ApplicationContext.log ContextListener: contextInitialized()
11-Apr-2020 11:54:43.435 INFO [main] org.apache.catalina.core.ApplicationContext.log SessionListener: contextInitialized()
11-Apr-2020 11:54:43.437 INFO [main] org.apache.catalina.core.ApplicationContext.log ContextListener: attributeAdded('StockTicker', 'async.Stockticker@13a37e2a')
11-Apr-2020 11:56:11.990 INFO [Thread-3] org.apache.catalina.core.ApplicationContext.log SessionListener: contextDestroyed()
11-Apr-2020 11:56:11.990 INFO [Thread-3] org.apache.catalina.core.ApplicationContext.log ContextListener: contextDestroyed()
11-Apr-2020 11:56:59.633 INFO [main] org.apache.catalina.core.ApplicationContext.log ContextListener: contextInitialized()
11-Apr-2020 11:56:59.633 INFO [main] org.apache.catalina.core.ApplicationContext.log SessionListener: contextInitialized()
11-Apr-2020 11:56:59.634 INFO [main] org.apache.catalina.core.ApplicationContext.log ContextListener: attributeAdded('StockTicker', 'async.Stockticker@1280851e')
11-Apr-2020 12:01:59.221 INFO [Thread-3] org.apache.catalina.core.ApplicationContext.log SessionListener: contextDestroyed()
11-Apr-2020 12:01:59.221 INFO [Thread-3] org.apache.catalina.core.ApplicationContext.log ContextListener: contextDestroyed()
11-Apr-2020 12:02:01.730 INFO [main] org.apache.catalina.core.ApplicationContext.log ContextListener: contextInitialized()
11-Apr-2020 12:02:01.730 INFO [main] org.apache.catalina.core.ApplicationContext.log SessionListener: contextInitialized()
11-Apr-2020 12:02:01.732 INFO [main] org.apache.catalina.core.ApplicationContext.log ContextListener: attributeAdded('StockTicker', 'async.Stockticker@21fff664')
11-Apr-2020 12:05:05.940 INFO [Thread-3] org.apache.catalina.core.ApplicationContext.log SessionListener: contextDestroyed()
11-Apr-2020 12:05:05.940 INFO [Thread-3] org.apache.catalina.core.ApplicationContext.log ContextListener: contextDestroyed()
11-Apr-2020 12:05:30.115 INFO [main] org.apache.catalina.core.ApplicationContext.log ContextListener: contextInitialized()
11-Apr-2020 12:05:30.115 INFO [main] org.apache.catalina.core.ApplicationContext.log SessionListener: contextInitialized()
11-Apr-2020 12:05:30.116 INFO [main] org.apache.catalina.core.ApplicationContext.log ContextListener: attributeAdded('StockTicker', 'async.Stockticker@56de6d6b')
11-Apr-2020 12:10:44.107 INFO [Thread-3] org.apache.catalina.core.ApplicationContext.log SessionListener: contextDestroyed()
11-Apr-2020 12:10:44.107 INFO [Thread-3] org.apache.catalina.core.ApplicationContext.log ContextListener: contextDestroyed()
11-Apr-2020 13:02:37.360 INFO [main] org.apache.catalina.core.ApplicationContext.log ContextListener: contextInitialized()
11-Apr-2020 13:02:37.360 INFO [main] org.apache.catalina.core.ApplicationContext.log SessionListener: contextInitialized()
11-Apr-2020 13:02:37.361 INFO [main] org.apache.catalina.core.ApplicationContext.log ContextListener: attributeAdded('StockTicker', 'async.Stockticker@1d4664d7')
11-Apr-2020 13:02:37.693 INFO [Thread-3] org.apache.catalina.core.ApplicationContext.log SessionListener: contextDestroyed()
11-Apr-2020 13:02:37.693 INFO [Thread-3] org.apache.catalina.core.ApplicationContext.log ContextListener: contextDestroyed()
11-Apr-2020 13:13:02.904 INFO [main] org.apache.catalina.core.ApplicationContext.log ContextListener: contextInitialized()
11-Apr-2020 13:13:02.904 INFO [main] org.apache.catalina.core.ApplicationContext.log SessionListener: contextInitialized()
11-Apr-2020 13:13:02.906 INFO [main] org.apache.catalina.core.ApplicationContext.log ContextListener: attributeAdded('StockTicker', 'async.Stockticker@783ec989')
11-Apr-2020 13:13:29.187 INFO [Thread-3] org.apache.catalina.core.ApplicationContext.log SessionListener: contextDestroyed()
11-Apr-2020 13:13:29.187 INFO [Thread-3] org.apache.catalina.core.ApplicationContext.log ContextListener: contextDestroyed()
11-Apr-2020 13:13:32.365 INFO [main] org.apache.catalina.core.ApplicationContext.log ContextListener: contextInitialized()
11-Apr-2020 13:13:32.365 INFO [main] org.apache.catalina.core.ApplicationContext.log SessionListener: contextInitialized()
11-Apr-2020 13:13:32.366 INFO [main] org.apache.catalina.core.ApplicationContext.log ContextListener: attributeAdded('StockTicker', 'async.Stockticker@5972d253')
11-Apr-2020 13:14:19.511 INFO [Thread-3] org.apache.catalina.core.ApplicationContext.log SessionListener: contextDestroyed()
11-Apr-2020 13:14:19.511 INFO [Thread-3] org.apache.catalina.core.ApplicationContext.log ContextListener: contextDestroyed()
11-Apr-2020 13:14:21.627 INFO [main] org.apache.catalina.core.ApplicationContext.log ContextListener: contextInitialized()
11-Apr-2020 13:14:21.627 INFO [main] org.apache.catalina.core.ApplicationContext.log SessionListener: contextInitialized()
11-Apr-2020 13:14:21.629 INFO [main] org.apache.catalina.core.ApplicationContext.log ContextListener: attributeAdded('StockTicker', 'async.Stockticker@5e840abf')
11-Apr-2020 13:15:23.782 INFO [Thread-3] org.apache.catalina.core.ApplicationContext.log SessionListener: contextDestroyed()
11-Apr-2020 13:15:23.782 INFO [Thread-3] org.apache.catalina.core.ApplicationContext.log ContextListener: contextDestroyed()
11-Apr-2020 13:15:26.999 INFO [main] org.apache.catalina.core.ApplicationContext.log ContextListener: contextInitialized()
11-Apr-2020 13:15:26.999 INFO [main] org.apache.catalina.core.ApplicationContext.log SessionListener: contextInitialized()
11-Apr-2020 13:15:27.001 INFO [main] org.apache.catalina.core.ApplicationContext.log ContextListener: attributeAdded('StockTicker', 'async.Stockticker@5972d253')
11-Apr-2020 13:15:52.770 INFO [Thread-3] org.apache.catalina.core.ApplicationContext.log SessionListener: contextDestroyed()
11-Apr-2020 13:15:52.770 INFO [Thread-3] org.apache.catalina.core.ApplicationContext.log ContextListener: contextDestroyed()
11-Apr-2020 13:16:04.831 INFO [main] org.apache.catalina.core.ApplicationContext.log ContextListener: contextInitialized()
11-Apr-2020 13:16:04.831 INFO [main] org.apache.catalina.core.ApplicationContext.log SessionListener: contextInitialized()
11-Apr-2020 13:16:04.832 INFO [main] org.apache.catalina.core.ApplicationContext.log ContextListener: attributeAdded('StockTicker', 'async.Stockticker@6b1e7ad3')
11-Apr-2020 13:16:58.780 INFO [Thread-3] org.apache.catalina.core.ApplicationContext.log SessionListener: contextDestroyed()
11-Apr-2020 13:16:58.780 INFO [Thread-3] org.apache.catalina.core.ApplicationContext.log ContextListener: contextDestroyed()
11-Apr-2020 13:17:03.377 INFO [main] org.apache.catalina.core.ApplicationContext.log ContextListener: contextInitialized()
11-Apr-2020 13:17:03.377 INFO [main] org.apache.catalina.core.ApplicationContext.log SessionListener: contextInitialized()
11-Apr-2020 13:17:03.378 INFO [main] org.apache.catalina.core.ApplicationContext.log ContextListener: attributeAdded('StockTicker', 'async.Stockticker@5b5c0057')
11-Apr-2020 13:19:12.797 INFO [Thread-3] org.apache.catalina.core.ApplicationContext.log SessionListener: contextDestroyed()
11-Apr-2020 13:19:12.798 INFO [Thread-3] org.apache.catalina.core.ApplicationContext.log ContextListener: contextDestroyed()
11-Apr-2020 13:26:24.061 INFO [main] org.apache.catalina.core.ApplicationContext.log ContextListener: contextInitialized()
11-Apr-2020 13:26:24.061 INFO [main] org.apache.catalina.core.ApplicationContext.log SessionListener: contextInitialized()
11-Apr-2020 13:26:24.062 INFO [main] org.apache.catalina.core.ApplicationContext.log ContextListener: attributeAdded('StockTicker', 'async.Stockticker@6075b2d3')
11-Apr-2020 13:26:58.240 INFO [Thread-3] org.apache.catalina.core.ApplicationContext.log SessionListener: contextDestroyed()
11-Apr-2020 13:26:58.240 INFO [Thread-3] org.apache.catalina.core.ApplicationContext.log ContextListener: contextDestroyed()
11-Apr-2020 13:27:02.282 INFO [main] org.apache.catalina.core.ApplicationContext.log ContextListener: contextInitialized()
11-Apr-2020 13:27:02.282 INFO [main] org.apache.catalina.core.ApplicationContext.log SessionListener: contextInitialized()
11-Apr-2020 13:27:02.283 INFO [main] org.apache.catalina.core.ApplicationContext.log ContextListener: attributeAdded('StockTicker', 'async.Stockticker@5972d253')
11-Apr-2020 13:32:47.594 INFO [Thread-3] org.apache.catalina.core.ApplicationContext.log SessionListener: contextDestroyed()
11-Apr-2020 13:32:47.594 INFO [Thread-3] org.apache.catalina.core.ApplicationContext.log ContextListener: contextDestroyed()
11-Apr-2020 13:32:53.050 INFO [main] org.apache.catalina.core.ApplicationContext.log ContextListener: contextInitialized()
11-Apr-2020 13:32:53.051 INFO [main] org.apache.catalina.core.ApplicationContext.log SessionListener: contextInitialized()
11-Apr-2020 13:32:53.052 INFO [main] org.apache.catalina.core.ApplicationContext.log ContextListener: attributeAdded('StockTicker', 'async.Stockticker@73d3e555')
11-Apr-2020 13:38:19.346 INFO [Thread-3] org.apache.catalina.core.ApplicationContext.log SessionListener: contextDestroyed()
11-Apr-2020 13:38:19.346 INFO [Thread-3] org.apache.catalina.core.ApplicationContext.log ContextListener: contextDestroyed()
11-Apr-2020 13:38:40.586 INFO [main] org.apache.catalina.core.ApplicationContext.log ContextListener: contextInitialized()
11-Apr-2020 13:38:40.586 INFO [main] org.apache.catalina.core.ApplicationContext.log SessionListener: contextInitialized()
11-Apr-2020 13:38:40.587 INFO [main] org.apache.catalina.core.ApplicationContext.log ContextListener: attributeAdded('StockTicker', 'async.Stockticker@18460128')
11-Apr-2020 13:43:02.636 INFO [Thread-3] org.apache.catalina.core.ApplicationContext.log SessionListener: contextDestroyed()
11-Apr-2020 13:43:02.636 INFO [Thread-3] org.apache.catalina.core.ApplicationContext.log ContextListener: contextDestroyed()
11-Apr-2020 13:44:07.394 INFO [main] org.apache.catalina.core.ApplicationContext.log ContextListener: contextInitialized()
11-Apr-2020 13:44:07.394 INFO [main] org.apache.catalina.core.ApplicationContext.log SessionListener: contextInitialized()
11-Apr-2020 13:44:07.395 INFO [main] org.apache.catalina.core.ApplicationContext.log ContextListener: attributeAdded('StockTicker', 'async.Stockticker@39c385d6')
11-Apr-2020 13:44:39.436 INFO [Thread-3] org.apache.catalina.core.ApplicationContext.log SessionListener: contextDestroyed()
11-Apr-2020 13:44:39.436 INFO [Thread-3] org.apache.catalina.core.ApplicationContext.log ContextListener: contextDestroyed()
11-Apr-2020 13:44:45.914 INFO [main] org.apache.catalina.core.ApplicationContext.log ContextListener: contextInitialized()
11-Apr-2020 13:44:45.914 INFO [main] org.apache.catalina.core.ApplicationContext.log SessionListener: contextInitialized()
11-Apr-2020 13:44:45.915 INFO [main] org.apache.catalina.core.ApplicationContext.log ContextListener: attributeAdded('StockTicker', 'async.Stockticker@18460128')
11-Apr-2020 13:47:33.864 INFO [Thread-3] org.apache.catalina.core.ApplicationContext.log SessionListener: contextDestroyed()
11-Apr-2020 13:47:33.864 INFO [Thread-3] org.apache.catalina.core.ApplicationContext.log ContextListener: contextDestroyed()
11-Apr-2020 13:54:40.485 INFO [main] org.apache.catalina.core.ApplicationContext.log ContextListener: contextInitialized()
11-Apr-2020 13:54:40.485 INFO [main] org.apache.catalina.core.ApplicationContext.log SessionListener: contextInitialized()
11-Apr-2020 13:54:40.486 INFO [main] org.apache.catalina.core.ApplicationContext.log ContextListener: attributeAdded('StockTicker', 'async.Stockticker@44924587')
11-Apr-2020 13:55:18.902 INFO [Thread-3] org.apache.catalina.core.ApplicationContext.log SessionListener: contextDestroyed()
11-Apr-2020 13:55:18.902 INFO [Thread-3] org.apache.catalina.core.ApplicationContext.log ContextListener: contextDestroyed()
11-Apr-2020 13:55:24.348 INFO [main] org.apache.catalina.core.ApplicationContext.log ContextListener: contextInitialized()
11-Apr-2020 13:55:24.348 INFO [main] org.apache.catalina.core.ApplicationContext.log SessionListener: contextInitialized()
11-Apr-2020 13:55:24.349 INFO [main] org.apache.catalina.core.ApplicationContext.log ContextListener: attributeAdded('StockTicker', 'async.Stockticker@74d3b638')
11-Apr-2020 13:55:50.397 INFO [Thread-3] org.apache.catalina.core.ApplicationContext.log SessionListener: contextDestroyed()
11-Apr-2020 13:55:50.397 INFO [Thread-3] org.apache.catalina.core.ApplicationContext.log ContextListener: contextDestroyed()
