18-Apr-2020 07:45:34.175 INFO [main] org.apache.catalina.core.ApplicationContext.log ContextListener: contextInitialized()
18-Apr-2020 07:45:34.176 INFO [main] org.apache.catalina.core.ApplicationContext.log SessionListener: contextInitialized()
18-Apr-2020 07:45:34.177 INFO [main] org.apache.catalina.core.ApplicationContext.log ContextListener: attributeAdded('StockTicker', 'async.Stockticker@102ecc22')
18-Apr-2020 07:49:29.270 INFO [Thread-3] org.apache.catalina.core.ApplicationContext.log SessionListener: contextDestroyed()
18-Apr-2020 07:49:29.270 INFO [Thread-3] org.apache.catalina.core.ApplicationContext.log ContextListener: contextDestroyed()
18-Apr-2020 07:50:04.911 INFO [main] org.apache.catalina.core.ApplicationContext.log ContextListener: contextInitialized()
18-Apr-2020 07:50:04.911 INFO [main] org.apache.catalina.core.ApplicationContext.log SessionListener: contextInitialized()
18-Apr-2020 07:50:04.912 INFO [main] org.apache.catalina.core.ApplicationContext.log ContextListener: attributeAdded('StockTicker', 'async.Stockticker@433348bc')
18-Apr-2020 07:52:12.599 INFO [Thread-3] org.apache.catalina.core.ApplicationContext.log SessionListener: contextDestroyed()
18-Apr-2020 07:52:12.599 INFO [Thread-3] org.apache.catalina.core.ApplicationContext.log ContextListener: contextDestroyed()
18-Apr-2020 09:22:13.414 INFO [main] org.apache.catalina.core.ApplicationContext.log ContextListener: contextInitialized()
18-Apr-2020 09:22:13.414 INFO [main] org.apache.catalina.core.ApplicationContext.log SessionListener: contextInitialized()
18-Apr-2020 09:22:13.415 INFO [main] org.apache.catalina.core.ApplicationContext.log ContextListener: attributeAdded('StockTicker', 'async.Stockticker@102ecc22')
18-Apr-2020 09:26:00.184 INFO [Thread-3] org.apache.catalina.core.ApplicationContext.log SessionListener: contextDestroyed()
18-Apr-2020 09:26:00.184 INFO [Thread-3] org.apache.catalina.core.ApplicationContext.log ContextListener: contextDestroyed()
18-Apr-2020 09:33:01.210 INFO [main] org.apache.catalina.core.ApplicationContext.log ContextListener: contextInitialized()
18-Apr-2020 09:33:01.210 INFO [main] org.apache.catalina.core.ApplicationContext.log SessionListener: contextInitialized()
18-Apr-2020 09:33:01.212 INFO [main] org.apache.catalina.core.ApplicationContext.log ContextListener: attributeAdded('StockTicker', 'async.Stockticker@5fa23c')
18-Apr-2020 09:45:54.243 INFO [Thread-3] org.apache.catalina.core.ApplicationContext.log SessionListener: contextDestroyed()
18-Apr-2020 09:45:54.243 INFO [Thread-3] org.apache.catalina.core.ApplicationContext.log ContextListener: contextDestroyed()
18-Apr-2020 10:18:50.904 INFO [main] org.apache.catalina.core.ApplicationContext.log ContextListener: contextInitialized()
18-Apr-2020 10:18:50.904 INFO [main] org.apache.catalina.core.ApplicationContext.log SessionListener: contextInitialized()
18-Apr-2020 10:18:50.906 INFO [main] org.apache.catalina.core.ApplicationContext.log ContextListener: attributeAdded('StockTicker', 'async.Stockticker@43045f9f')
18-Apr-2020 10:22:36.885 INFO [Thread-3] org.apache.catalina.core.ApplicationContext.log SessionListener: contextDestroyed()
18-Apr-2020 10:22:36.885 INFO [Thread-3] org.apache.catalina.core.ApplicationContext.log ContextListener: contextDestroyed()
18-Apr-2020 10:22:42.757 INFO [main] org.apache.catalina.core.ApplicationContext.log ContextListener: contextInitialized()
18-Apr-2020 10:22:42.757 INFO [main] org.apache.catalina.core.ApplicationContext.log SessionListener: contextInitialized()
18-Apr-2020 10:22:42.758 INFO [main] org.apache.catalina.core.ApplicationContext.log ContextListener: attributeAdded('StockTicker', 'async.Stockticker@2643d762')
18-Apr-2020 10:24:55.025 INFO [Thread-3] org.apache.catalina.core.ApplicationContext.log SessionListener: contextDestroyed()
18-Apr-2020 10:24:55.026 INFO [Thread-3] org.apache.catalina.core.ApplicationContext.log ContextListener: contextDestroyed()
