23-May-2020 12:18:27.808 INFO [Thread-3] org.apache.catalina.core.ApplicationContext.log SessionListener: contextDestroyed()
23-May-2020 12:18:27.808 INFO [Thread-3] org.apache.catalina.core.ApplicationContext.log ContextListener: contextDestroyed()
23-May-2020 12:18:56.506 INFO [main] org.apache.catalina.core.ApplicationContext.log ContextListener: contextInitialized()
23-May-2020 12:18:56.506 INFO [main] org.apache.catalina.core.ApplicationContext.log SessionListener: contextInitialized()
23-May-2020 12:18:56.508 INFO [main] org.apache.catalina.core.ApplicationContext.log ContextListener: attributeAdded('StockTicker', 'async.Stockticker@4ceff87d')
23-May-2020 12:19:28.699 INFO [Thread-3] org.apache.catalina.core.ApplicationContext.log SessionListener: contextDestroyed()
23-May-2020 12:19:28.699 INFO [Thread-3] org.apache.catalina.core.ApplicationContext.log ContextListener: contextDestroyed()
23-May-2020 12:19:33.358 INFO [main] org.apache.catalina.core.ApplicationContext.log ContextListener: contextInitialized()
23-May-2020 12:19:33.358 INFO [main] org.apache.catalina.core.ApplicationContext.log SessionListener: contextInitialized()
23-May-2020 12:19:33.360 INFO [main] org.apache.catalina.core.ApplicationContext.log ContextListener: attributeAdded('StockTicker', 'async.Stockticker@2bfaba70')
23-May-2020 12:21:30.789 INFO [Thread-3] org.apache.catalina.core.ApplicationContext.log SessionListener: contextDestroyed()
23-May-2020 12:21:30.789 INFO [Thread-3] org.apache.catalina.core.ApplicationContext.log ContextListener: contextDestroyed()
23-May-2020 12:21:49.933 INFO [main] org.apache.catalina.core.ApplicationContext.log ContextListener: contextInitialized()
23-May-2020 12:21:49.933 INFO [main] org.apache.catalina.core.ApplicationContext.log SessionListener: contextInitialized()
23-May-2020 12:21:49.934 INFO [main] org.apache.catalina.core.ApplicationContext.log ContextListener: attributeAdded('StockTicker', 'async.Stockticker@2bfaba70')
23-May-2020 12:23:06.852 INFO [Thread-3] org.apache.catalina.core.ApplicationContext.log SessionListener: contextDestroyed()
23-May-2020 12:23:06.852 INFO [Thread-3] org.apache.catalina.core.ApplicationContext.log ContextListener: contextDestroyed()
23-May-2020 12:23:11.734 INFO [main] org.apache.catalina.core.ApplicationContext.log ContextListener: contextInitialized()
23-May-2020 12:23:11.734 INFO [main] org.apache.catalina.core.ApplicationContext.log SessionListener: contextInitialized()
23-May-2020 12:23:11.736 INFO [main] org.apache.catalina.core.ApplicationContext.log ContextListener: attributeAdded('StockTicker', 'async.Stockticker@71adfedd')
23-May-2020 12:28:29.755 INFO [Thread-3] org.apache.catalina.core.ApplicationContext.log SessionListener: contextDestroyed()
23-May-2020 12:28:29.755 INFO [Thread-3] org.apache.catalina.core.ApplicationContext.log ContextListener: contextDestroyed()
