19-May-2020 16:05:41.524 INFO [main] org.apache.catalina.core.ApplicationContext.log ContextListener: contextInitialized()
19-May-2020 16:05:41.524 INFO [main] org.apache.catalina.core.ApplicationContext.log SessionListener: contextInitialized()
19-May-2020 16:05:41.525 INFO [main] org.apache.catalina.core.ApplicationContext.log ContextListener: attributeAdded('StockTicker', 'async.Stockticker@6a9344f5')
19-May-2020 16:30:17.240 INFO [Thread-3] org.apache.catalina.core.ApplicationContext.log SessionListener: contextDestroyed()
19-May-2020 16:30:17.241 INFO [Thread-3] org.apache.catalina.core.ApplicationContext.log ContextListener: contextDestroyed()
19-May-2020 16:34:42.941 INFO [main] org.apache.catalina.core.ApplicationContext.log ContextListener: contextInitialized()
19-May-2020 16:34:42.941 INFO [main] org.apache.catalina.core.ApplicationContext.log SessionListener: contextInitialized()
19-May-2020 16:34:42.946 INFO [main] org.apache.catalina.core.ApplicationContext.log ContextListener: attributeAdded('StockTicker', 'async.Stockticker@2b4b96a4')
19-May-2020 16:39:44.083 INFO [Thread-3] org.apache.catalina.core.ApplicationContext.log SessionListener: contextDestroyed()
19-May-2020 16:39:44.083 INFO [Thread-3] org.apache.catalina.core.ApplicationContext.log ContextListener: contextDestroyed()
19-May-2020 16:40:34.417 INFO [main] org.apache.catalina.core.ApplicationContext.log ContextListener: contextInitialized()
19-May-2020 16:40:34.419 INFO [main] org.apache.catalina.core.ApplicationContext.log SessionListener: contextInitialized()
19-May-2020 16:40:34.427 INFO [main] org.apache.catalina.core.ApplicationContext.log ContextListener: attributeAdded('StockTicker', 'async.Stockticker@6a9344f5')
19-May-2020 16:40:47.662 INFO [Thread-3] org.apache.catalina.core.ApplicationContext.log SessionListener: contextDestroyed()
19-May-2020 16:40:47.662 INFO [Thread-3] org.apache.catalina.core.ApplicationContext.log ContextListener: contextDestroyed()
19-May-2020 16:40:50.287 INFO [main] org.apache.catalina.core.ApplicationContext.log ContextListener: contextInitialized()
19-May-2020 16:40:50.287 INFO [main] org.apache.catalina.core.ApplicationContext.log SessionListener: contextInitialized()
19-May-2020 16:40:50.288 INFO [main] org.apache.catalina.core.ApplicationContext.log ContextListener: attributeAdded('StockTicker', 'async.Stockticker@3252747e')
19-May-2020 16:41:01.761 INFO [Thread-3] org.apache.catalina.core.ApplicationContext.log SessionListener: contextDestroyed()
19-May-2020 16:41:01.761 INFO [Thread-3] org.apache.catalina.core.ApplicationContext.log ContextListener: contextDestroyed()
19-May-2020 16:41:07.636 INFO [main] org.apache.catalina.core.ApplicationContext.log ContextListener: contextInitialized()
19-May-2020 16:41:07.636 INFO [main] org.apache.catalina.core.ApplicationContext.log SessionListener: contextInitialized()
19-May-2020 16:41:07.638 INFO [main] org.apache.catalina.core.ApplicationContext.log ContextListener: attributeAdded('StockTicker', 'async.Stockticker@3c9c6245')
19-May-2020 16:43:54.840 INFO [Thread-3] org.apache.catalina.core.ApplicationContext.log SessionListener: contextDestroyed()
19-May-2020 16:43:54.841 INFO [Thread-3] org.apache.catalina.core.ApplicationContext.log ContextListener: contextDestroyed()
19-May-2020 16:44:00.661 INFO [main] org.apache.catalina.core.ApplicationContext.log ContextListener: contextInitialized()
19-May-2020 16:44:00.661 INFO [main] org.apache.catalina.core.ApplicationContext.log SessionListener: contextInitialized()
19-May-2020 16:44:00.662 INFO [main] org.apache.catalina.core.ApplicationContext.log ContextListener: attributeAdded('StockTicker', 'async.Stockticker@3127cb44')
19-May-2020 16:44:28.355 INFO [Thread-3] org.apache.catalina.core.ApplicationContext.log SessionListener: contextDestroyed()
19-May-2020 16:44:28.355 INFO [Thread-3] org.apache.catalina.core.ApplicationContext.log ContextListener: contextDestroyed()
19-May-2020 16:44:32.966 INFO [main] org.apache.catalina.core.ApplicationContext.log ContextListener: contextInitialized()
19-May-2020 16:44:32.966 INFO [main] org.apache.catalina.core.ApplicationContext.log SessionListener: contextInitialized()
19-May-2020 16:44:32.967 INFO [main] org.apache.catalina.core.ApplicationContext.log ContextListener: attributeAdded('StockTicker', 'async.Stockticker@3234474')
19-May-2020 20:54:07.710 INFO [Thread-3] org.apache.catalina.core.ApplicationContext.log SessionListener: contextDestroyed()
19-May-2020 20:54:07.710 INFO [Thread-3] org.apache.catalina.core.ApplicationContext.log ContextListener: contextDestroyed()
19-May-2020 20:54:13.141 INFO [main] org.apache.catalina.core.ApplicationContext.log ContextListener: contextInitialized()
19-May-2020 20:54:13.141 INFO [main] org.apache.catalina.core.ApplicationContext.log SessionListener: contextInitialized()
19-May-2020 20:54:13.142 INFO [main] org.apache.catalina.core.ApplicationContext.log ContextListener: attributeAdded('StockTicker', 'async.Stockticker@2c9a6717')
